{"/home/somto/1Projects/mentorship project/StackOverflow-lite/server/test/answers-spec.js":{"path":"/home/somto/1Projects/mentorship project/StackOverflow-lite/server/test/answers-spec.js","statementMap":{"0":{"start":{"line":3,"column":12},"end":{"line":3,"column":27}},"1":{"start":{"line":5,"column":13},"end":{"line":5,"column":42}},"2":{"start":{"line":7,"column":17},"end":{"line":7,"column":37}},"3":{"start":{"line":9,"column":18},"end":{"line":9,"column":52}},"4":{"start":{"line":11,"column":12},"end":{"line":11,"column":27}},"5":{"start":{"line":13,"column":13},"end":{"line":13,"column":42}},"6":{"start":{"line":15,"column":16},"end":{"line":15,"column":36}},"7":{"start":{"line":17,"column":17},"end":{"line":17,"column":50}},"8":{"start":{"line":19,"column":11},"end":{"line":19,"column":28}},"9":{"start":{"line":21,"column":12},"end":{"line":21,"column":40}},"10":{"start":{"line":23,"column":14},"end":{"line":23,"column":41}},"11":{"start":{"line":25,"column":15},"end":{"line":25,"column":46}},"12":{"start":{"line":27,"column":18},"end":{"line":27,"column":52}},"13":{"start":{"line":29,"column":19},"end":{"line":29,"column":54}},"14":{"start":{"line":31,"column":39},"end":{"line":31,"column":93}},"15":{"start":{"line":33,"column":0},"end":{"line":33,"column":30}},"16":{"start":{"line":35,"column":0},"end":{"line":35,"column":24}},"17":{"start":{"line":36,"column":0},"end":{"line":36,"column":39}},"18":{"start":{"line":37,"column":14},"end":{"line":37,"column":53}},"19":{"start":{"line":38,"column":11},"end":{"line":38,"column":34}},"20":{"start":{"line":39,"column":11},"end":{"line":39,"column":18}},"21":{"start":{"line":40,"column":12},"end":{"line":40,"column":39}},"22":{"start":{"line":41,"column":15},"end":{"line":41,"column":23}},"23":{"start":{"line":42,"column":12},"end":{"line":42,"column":37}},"24":{"start":{"line":43,"column":13},"end":{"line":43,"column":21}},"25":{"start":{"line":47,"column":12},"end":{"line":47,"column":45}},"26":{"start":{"line":48,"column":17},"end":{"line":48,"column":25}},"27":{"start":{"line":51,"column":0},"end":{"line":388,"column":3}},"28":{"start":{"line":52,"column":2},"end":{"line":59,"column":5}},"29":{"start":{"line":54,"column":4},"end":{"line":54,"column":45}},"30":{"start":{"line":55,"column":4},"end":{"line":55,"column":49}},"31":{"start":{"line":56,"column":4},"end":{"line":58,"column":7}},"32":{"start":{"line":57,"column":6},"end":{"line":57,"column":20}},"33":{"start":{"line":61,"column":2},"end":{"line":183,"column":5}},"34":{"start":{"line":62,"column":4},"end":{"line":74,"column":7}},"35":{"start":{"line":63,"column":6},"end":{"line":73,"column":9}},"36":{"start":{"line":64,"column":8},"end":{"line":72,"column":11}},"37":{"start":{"line":65,"column":10},"end":{"line":71,"column":13}},"38":{"start":{"line":66,"column":12},"end":{"line":66,"column":40}},"39":{"start":{"line":67,"column":12},"end":{"line":67,"column":43}},"40":{"start":{"line":68,"column":12},"end":{"line":68,"column":77}},"41":{"start":{"line":70,"column":12},"end":{"line":70,"column":19}},"42":{"start":{"line":75,"column":4},"end":{"line":95,"column":7}},"43":{"start":{"line":76,"column":6},"end":{"line":94,"column":9}},"44":{"start":{"line":77,"column":8},"end":{"line":93,"column":11}},"45":{"start":{"line":78,"column":10},"end":{"line":92,"column":13}},"46":{"start":{"line":79,"column":12},"end":{"line":79,"column":40}},"47":{"start":{"line":80,"column":12},"end":{"line":80,"column":43}},"48":{"start":{"line":81,"column":12},"end":{"line":81,"column":71}},"49":{"start":{"line":82,"column":12},"end":{"line":82,"column":75}},"50":{"start":{"line":83,"column":12},"end":{"line":83,"column":65}},"51":{"start":{"line":84,"column":12},"end":{"line":84,"column":57}},"52":{"start":{"line":85,"column":12},"end":{"line":85,"column":83}},"53":{"start":{"line":88,"column":12},"end":{"line":90,"column":13}},"54":{"start":{"line":89,"column":14},"end":{"line":89,"column":54}},"55":{"start":{"line":91,"column":12},"end":{"line":91,"column":19}},"56":{"start":{"line":96,"column":4},"end":{"line":112,"column":7}},"57":{"start":{"line":97,"column":6},"end":{"line":111,"column":9}},"58":{"start":{"line":98,"column":8},"end":{"line":110,"column":11}},"59":{"start":{"line":99,"column":10},"end":{"line":109,"column":13}},"60":{"start":{"line":100,"column":12},"end":{"line":100,"column":40}},"61":{"start":{"line":101,"column":12},"end":{"line":101,"column":43}},"62":{"start":{"line":102,"column":12},"end":{"line":102,"column":71}},"63":{"start":{"line":103,"column":12},"end":{"line":103,"column":75}},"64":{"start":{"line":104,"column":12},"end":{"line":104,"column":65}},"65":{"start":{"line":105,"column":12},"end":{"line":105,"column":57}},"66":{"start":{"line":106,"column":12},"end":{"line":106,"column":65}},"67":{"start":{"line":108,"column":12},"end":{"line":108,"column":19}},"68":{"start":{"line":113,"column":4},"end":{"line":126,"column":7}},"69":{"start":{"line":114,"column":6},"end":{"line":125,"column":9}},"70":{"start":{"line":115,"column":8},"end":{"line":124,"column":11}},"71":{"start":{"line":116,"column":10},"end":{"line":123,"column":13}},"72":{"start":{"line":117,"column":12},"end":{"line":117,"column":40}},"73":{"start":{"line":118,"column":12},"end":{"line":118,"column":43}},"74":{"start":{"line":119,"column":12},"end":{"line":119,"column":98}},"75":{"start":{"line":120,"column":12},"end":{"line":120,"column":61}},"76":{"start":{"line":122,"column":12},"end":{"line":122,"column":19}},"77":{"start":{"line":127,"column":4},"end":{"line":140,"column":7}},"78":{"start":{"line":128,"column":6},"end":{"line":139,"column":9}},"79":{"start":{"line":129,"column":8},"end":{"line":138,"column":11}},"80":{"start":{"line":130,"column":10},"end":{"line":137,"column":13}},"81":{"start":{"line":131,"column":12},"end":{"line":131,"column":40}},"82":{"start":{"line":132,"column":12},"end":{"line":132,"column":43}},"83":{"start":{"line":133,"column":12},"end":{"line":133,"column":94}},"84":{"start":{"line":134,"column":12},"end":{"line":134,"column":61}},"85":{"start":{"line":136,"column":12},"end":{"line":136,"column":19}},"86":{"start":{"line":141,"column":4},"end":{"line":154,"column":7}},"87":{"start":{"line":142,"column":6},"end":{"line":153,"column":9}},"88":{"start":{"line":143,"column":8},"end":{"line":152,"column":11}},"89":{"start":{"line":144,"column":10},"end":{"line":151,"column":13}},"90":{"start":{"line":145,"column":12},"end":{"line":145,"column":40}},"91":{"start":{"line":146,"column":12},"end":{"line":146,"column":43}},"92":{"start":{"line":147,"column":12},"end":{"line":147,"column":61}},"93":{"start":{"line":148,"column":12},"end":{"line":148,"column":79}},"94":{"start":{"line":150,"column":12},"end":{"line":150,"column":19}},"95":{"start":{"line":155,"column":4},"end":{"line":168,"column":7}},"96":{"start":{"line":156,"column":6},"end":{"line":167,"column":9}},"97":{"start":{"line":157,"column":8},"end":{"line":166,"column":11}},"98":{"start":{"line":158,"column":10},"end":{"line":165,"column":13}},"99":{"start":{"line":159,"column":12},"end":{"line":159,"column":40}},"100":{"start":{"line":160,"column":12},"end":{"line":160,"column":43}},"101":{"start":{"line":161,"column":12},"end":{"line":161,"column":61}},"102":{"start":{"line":162,"column":12},"end":{"line":162,"column":90}},"103":{"start":{"line":164,"column":12},"end":{"line":164,"column":19}},"104":{"start":{"line":169,"column":4},"end":{"line":182,"column":7}},"105":{"start":{"line":170,"column":6},"end":{"line":181,"column":9}},"106":{"start":{"line":171,"column":8},"end":{"line":180,"column":11}},"107":{"start":{"line":172,"column":10},"end":{"line":179,"column":13}},"108":{"start":{"line":173,"column":12},"end":{"line":178,"column":15}},"109":{"start":{"line":174,"column":14},"end":{"line":174,"column":42}},"110":{"start":{"line":175,"column":14},"end":{"line":175,"column":45}},"111":{"start":{"line":176,"column":14},"end":{"line":176,"column":102}},"112":{"start":{"line":177,"column":14},"end":{"line":177,"column":21}},"113":{"start":{"line":188,"column":2},"end":{"line":387,"column":5}},"114":{"start":{"line":189,"column":4},"end":{"line":206,"column":7}},"115":{"start":{"line":190,"column":6},"end":{"line":205,"column":9}},"116":{"start":{"line":191,"column":8},"end":{"line":204,"column":11}},"117":{"start":{"line":192,"column":10},"end":{"line":203,"column":13}},"118":{"start":{"line":193,"column":12},"end":{"line":202,"column":15}},"119":{"start":{"line":194,"column":14},"end":{"line":194,"column":42}},"120":{"start":{"line":195,"column":14},"end":{"line":195,"column":45}},"121":{"start":{"line":196,"column":14},"end":{"line":196,"column":73}},"122":{"start":{"line":197,"column":14},"end":{"line":197,"column":77}},"123":{"start":{"line":198,"column":14},"end":{"line":198,"column":66}},"124":{"start":{"line":199,"column":14},"end":{"line":199,"column":59}},"125":{"start":{"line":200,"column":14},"end":{"line":200,"column":67}},"126":{"start":{"line":201,"column":14},"end":{"line":201,"column":21}},"127":{"start":{"line":208,"column":4},"end":{"line":230,"column":7}},"128":{"start":{"line":209,"column":6},"end":{"line":229,"column":9}},"129":{"start":{"line":210,"column":8},"end":{"line":228,"column":11}},"130":{"start":{"line":211,"column":10},"end":{"line":227,"column":13}},"131":{"start":{"line":212,"column":12},"end":{"line":226,"column":15}},"132":{"start":{"line":213,"column":14},"end":{"line":213,"column":42}},"133":{"start":{"line":214,"column":14},"end":{"line":214,"column":45}},"134":{"start":{"line":215,"column":14},"end":{"line":215,"column":71}},"135":{"start":{"line":216,"column":14},"end":{"line":216,"column":77}},"136":{"start":{"line":217,"column":14},"end":{"line":217,"column":67}},"137":{"start":{"line":218,"column":14},"end":{"line":218,"column":59}},"138":{"start":{"line":219,"column":14},"end":{"line":219,"column":85}},"139":{"start":{"line":222,"column":14},"end":{"line":224,"column":15}},"140":{"start":{"line":223,"column":16},"end":{"line":223,"column":56}},"141":{"start":{"line":225,"column":14},"end":{"line":225,"column":21}},"142":{"start":{"line":231,"column":4},"end":{"line":245,"column":7}},"143":{"start":{"line":232,"column":6},"end":{"line":244,"column":9}},"144":{"start":{"line":233,"column":8},"end":{"line":243,"column":11}},"145":{"start":{"line":234,"column":10},"end":{"line":242,"column":13}},"146":{"start":{"line":235,"column":12},"end":{"line":241,"column":15}},"147":{"start":{"line":236,"column":14},"end":{"line":236,"column":42}},"148":{"start":{"line":237,"column":14},"end":{"line":237,"column":45}},"149":{"start":{"line":238,"column":14},"end":{"line":238,"column":79}},"150":{"start":{"line":240,"column":14},"end":{"line":240,"column":21}},"151":{"start":{"line":246,"column":4},"end":{"line":260,"column":7}},"152":{"start":{"line":247,"column":6},"end":{"line":259,"column":9}},"153":{"start":{"line":248,"column":8},"end":{"line":258,"column":11}},"154":{"start":{"line":249,"column":10},"end":{"line":257,"column":13}},"155":{"start":{"line":250,"column":12},"end":{"line":256,"column":15}},"156":{"start":{"line":251,"column":14},"end":{"line":251,"column":42}},"157":{"start":{"line":252,"column":14},"end":{"line":252,"column":45}},"158":{"start":{"line":253,"column":14},"end":{"line":253,"column":81}},"159":{"start":{"line":255,"column":14},"end":{"line":255,"column":21}},"160":{"start":{"line":261,"column":4},"end":{"line":283,"column":7}},"161":{"start":{"line":262,"column":6},"end":{"line":282,"column":9}},"162":{"start":{"line":263,"column":8},"end":{"line":281,"column":11}},"163":{"start":{"line":264,"column":10},"end":{"line":280,"column":13}},"164":{"start":{"line":265,"column":12},"end":{"line":279,"column":15}},"165":{"start":{"line":266,"column":14},"end":{"line":266,"column":42}},"166":{"start":{"line":267,"column":14},"end":{"line":267,"column":45}},"167":{"start":{"line":268,"column":14},"end":{"line":268,"column":73}},"168":{"start":{"line":269,"column":14},"end":{"line":269,"column":77}},"169":{"start":{"line":270,"column":14},"end":{"line":270,"column":67}},"170":{"start":{"line":271,"column":14},"end":{"line":271,"column":59}},"171":{"start":{"line":272,"column":14},"end":{"line":272,"column":85}},"172":{"start":{"line":275,"column":14},"end":{"line":277,"column":15}},"173":{"start":{"line":276,"column":16},"end":{"line":276,"column":56}},"174":{"start":{"line":278,"column":14},"end":{"line":278,"column":21}},"175":{"start":{"line":284,"column":4},"end":{"line":306,"column":7}},"176":{"start":{"line":285,"column":6},"end":{"line":305,"column":9}},"177":{"start":{"line":286,"column":8},"end":{"line":304,"column":11}},"178":{"start":{"line":287,"column":10},"end":{"line":303,"column":13}},"179":{"start":{"line":288,"column":12},"end":{"line":302,"column":15}},"180":{"start":{"line":289,"column":14},"end":{"line":289,"column":42}},"181":{"start":{"line":290,"column":14},"end":{"line":290,"column":45}},"182":{"start":{"line":291,"column":14},"end":{"line":291,"column":73}},"183":{"start":{"line":292,"column":14},"end":{"line":292,"column":77}},"184":{"start":{"line":293,"column":14},"end":{"line":293,"column":67}},"185":{"start":{"line":294,"column":14},"end":{"line":294,"column":59}},"186":{"start":{"line":295,"column":14},"end":{"line":295,"column":85}},"187":{"start":{"line":298,"column":14},"end":{"line":300,"column":15}},"188":{"start":{"line":299,"column":16},"end":{"line":299,"column":56}},"189":{"start":{"line":301,"column":14},"end":{"line":301,"column":21}},"190":{"start":{"line":307,"column":4},"end":{"line":322,"column":7}},"191":{"start":{"line":308,"column":6},"end":{"line":321,"column":9}},"192":{"start":{"line":309,"column":8},"end":{"line":320,"column":11}},"193":{"start":{"line":310,"column":10},"end":{"line":319,"column":13}},"194":{"start":{"line":311,"column":12},"end":{"line":318,"column":15}},"195":{"start":{"line":312,"column":14},"end":{"line":312,"column":42}},"196":{"start":{"line":313,"column":14},"end":{"line":313,"column":45}},"197":{"start":{"line":314,"column":14},"end":{"line":314,"column":100}},"198":{"start":{"line":315,"column":14},"end":{"line":315,"column":63}},"199":{"start":{"line":317,"column":14},"end":{"line":317,"column":21}},"200":{"start":{"line":323,"column":4},"end":{"line":338,"column":7}},"201":{"start":{"line":324,"column":6},"end":{"line":337,"column":9}},"202":{"start":{"line":325,"column":8},"end":{"line":336,"column":11}},"203":{"start":{"line":326,"column":10},"end":{"line":335,"column":13}},"204":{"start":{"line":327,"column":12},"end":{"line":334,"column":15}},"205":{"start":{"line":328,"column":14},"end":{"line":328,"column":42}},"206":{"start":{"line":329,"column":14},"end":{"line":329,"column":45}},"207":{"start":{"line":330,"column":14},"end":{"line":330,"column":96}},"208":{"start":{"line":331,"column":14},"end":{"line":331,"column":63}},"209":{"start":{"line":333,"column":14},"end":{"line":333,"column":21}},"210":{"start":{"line":339,"column":4},"end":{"line":354,"column":7}},"211":{"start":{"line":340,"column":6},"end":{"line":353,"column":9}},"212":{"start":{"line":341,"column":8},"end":{"line":352,"column":11}},"213":{"start":{"line":342,"column":10},"end":{"line":351,"column":13}},"214":{"start":{"line":343,"column":12},"end":{"line":350,"column":15}},"215":{"start":{"line":344,"column":14},"end":{"line":344,"column":42}},"216":{"start":{"line":345,"column":14},"end":{"line":345,"column":45}},"217":{"start":{"line":346,"column":14},"end":{"line":346,"column":63}},"218":{"start":{"line":347,"column":14},"end":{"line":347,"column":81}},"219":{"start":{"line":349,"column":14},"end":{"line":349,"column":21}},"220":{"start":{"line":355,"column":4},"end":{"line":370,"column":7}},"221":{"start":{"line":356,"column":6},"end":{"line":369,"column":9}},"222":{"start":{"line":357,"column":8},"end":{"line":368,"column":11}},"223":{"start":{"line":358,"column":10},"end":{"line":367,"column":13}},"224":{"start":{"line":359,"column":12},"end":{"line":366,"column":15}},"225":{"start":{"line":360,"column":14},"end":{"line":360,"column":42}},"226":{"start":{"line":361,"column":14},"end":{"line":361,"column":45}},"227":{"start":{"line":362,"column":14},"end":{"line":362,"column":63}},"228":{"start":{"line":363,"column":14},"end":{"line":363,"column":92}},"229":{"start":{"line":365,"column":14},"end":{"line":365,"column":21}},"230":{"start":{"line":371,"column":4},"end":{"line":386,"column":7}},"231":{"start":{"line":372,"column":6},"end":{"line":385,"column":9}},"232":{"start":{"line":373,"column":8},"end":{"line":384,"column":11}},"233":{"start":{"line":374,"column":10},"end":{"line":383,"column":13}},"234":{"start":{"line":375,"column":12},"end":{"line":382,"column":15}},"235":{"start":{"line":376,"column":14},"end":{"line":376,"column":42}},"236":{"start":{"line":377,"column":14},"end":{"line":377,"column":45}},"237":{"start":{"line":378,"column":14},"end":{"line":378,"column":63}},"238":{"start":{"line":379,"column":14},"end":{"line":379,"column":79}},"239":{"start":{"line":381,"column":14},"end":{"line":381,"column":21}}},"fnMap":{"0":{"name":"_interopRequireDefault","decl":{"start":{"line":31,"column":9},"end":{"line":31,"column":31}},"loc":{"start":{"line":31,"column":37},"end":{"line":31,"column":95}},"line":31},"1":{"name":"(anonymous_1)","decl":{"start":{"line":51,"column":20},"end":{"line":51,"column":21}},"loc":{"start":{"line":51,"column":32},"end":{"line":388,"column":1}},"line":51},"2":{"name":"(anonymous_2)","decl":{"start":{"line":52,"column":13},"end":{"line":52,"column":14}},"loc":{"start":{"line":52,"column":29},"end":{"line":59,"column":3}},"line":52},"3":{"name":"(anonymous_3)","decl":{"start":{"line":56,"column":52},"end":{"line":56,"column":53}},"loc":{"start":{"line":56,"column":64},"end":{"line":58,"column":5}},"line":56},"4":{"name":"(anonymous_4)","decl":{"start":{"line":61,"column":27},"end":{"line":61,"column":28}},"loc":{"start":{"line":61,"column":39},"end":{"line":183,"column":3}},"line":61},"5":{"name":"(anonymous_5)","decl":{"start":{"line":62,"column":58},"end":{"line":62,"column":59}},"loc":{"start":{"line":62,"column":74},"end":{"line":74,"column":5}},"line":62},"6":{"name":"(anonymous_6)","decl":{"start":{"line":63,"column":313},"end":{"line":63,"column":314}},"loc":{"start":{"line":63,"column":335},"end":{"line":73,"column":7}},"line":63},"7":{"name":"(anonymous_7)","decl":{"start":{"line":64,"column":216},"end":{"line":64,"column":217}},"loc":{"start":{"line":64,"column":238},"end":{"line":72,"column":9}},"line":64},"8":{"name":"(anonymous_8)","decl":{"start":{"line":65,"column":160},"end":{"line":65,"column":161}},"loc":{"start":{"line":65,"column":180},"end":{"line":71,"column":11}},"line":65},"9":{"name":"(anonymous_9)","decl":{"start":{"line":75,"column":37},"end":{"line":75,"column":38}},"loc":{"start":{"line":75,"column":53},"end":{"line":95,"column":5}},"line":75},"10":{"name":"(anonymous_10)","decl":{"start":{"line":76,"column":313},"end":{"line":76,"column":314}},"loc":{"start":{"line":76,"column":335},"end":{"line":94,"column":7}},"line":76},"11":{"name":"(anonymous_11)","decl":{"start":{"line":77,"column":216},"end":{"line":77,"column":217}},"loc":{"start":{"line":77,"column":238},"end":{"line":93,"column":9}},"line":77},"12":{"name":"(anonymous_12)","decl":{"start":{"line":78,"column":183},"end":{"line":78,"column":184}},"loc":{"start":{"line":78,"column":203},"end":{"line":92,"column":11}},"line":78},"13":{"name":"(anonymous_13)","decl":{"start":{"line":96,"column":51},"end":{"line":96,"column":52}},"loc":{"start":{"line":96,"column":67},"end":{"line":112,"column":5}},"line":96},"14":{"name":"(anonymous_14)","decl":{"start":{"line":97,"column":313},"end":{"line":97,"column":314}},"loc":{"start":{"line":97,"column":335},"end":{"line":111,"column":7}},"line":97},"15":{"name":"(anonymous_15)","decl":{"start":{"line":98,"column":216},"end":{"line":98,"column":217}},"loc":{"start":{"line":98,"column":238},"end":{"line":110,"column":9}},"line":98},"16":{"name":"(anonymous_16)","decl":{"start":{"line":99,"column":169},"end":{"line":99,"column":170}},"loc":{"start":{"line":99,"column":189},"end":{"line":109,"column":11}},"line":99},"17":{"name":"(anonymous_17)","decl":{"start":{"line":113,"column":74},"end":{"line":113,"column":75}},"loc":{"start":{"line":113,"column":90},"end":{"line":126,"column":5}},"line":113},"18":{"name":"(anonymous_18)","decl":{"start":{"line":114,"column":313},"end":{"line":114,"column":314}},"loc":{"start":{"line":114,"column":335},"end":{"line":125,"column":7}},"line":114},"19":{"name":"(anonymous_19)","decl":{"start":{"line":115,"column":216},"end":{"line":115,"column":217}},"loc":{"start":{"line":115,"column":238},"end":{"line":124,"column":9}},"line":115},"20":{"name":"(anonymous_20)","decl":{"start":{"line":116,"column":187},"end":{"line":116,"column":188}},"loc":{"start":{"line":116,"column":207},"end":{"line":123,"column":11}},"line":116},"21":{"name":"(anonymous_21)","decl":{"start":{"line":127,"column":81},"end":{"line":127,"column":82}},"loc":{"start":{"line":127,"column":97},"end":{"line":140,"column":5}},"line":127},"22":{"name":"(anonymous_22)","decl":{"start":{"line":128,"column":313},"end":{"line":128,"column":314}},"loc":{"start":{"line":128,"column":335},"end":{"line":139,"column":7}},"line":128},"23":{"name":"(anonymous_23)","decl":{"start":{"line":129,"column":216},"end":{"line":129,"column":217}},"loc":{"start":{"line":129,"column":238},"end":{"line":138,"column":9}},"line":129},"24":{"name":"(anonymous_24)","decl":{"start":{"line":130,"column":187},"end":{"line":130,"column":188}},"loc":{"start":{"line":130,"column":207},"end":{"line":137,"column":11}},"line":130},"25":{"name":"(anonymous_25)","decl":{"start":{"line":141,"column":70},"end":{"line":141,"column":71}},"loc":{"start":{"line":141,"column":86},"end":{"line":154,"column":5}},"line":141},"26":{"name":"(anonymous_26)","decl":{"start":{"line":142,"column":313},"end":{"line":142,"column":314}},"loc":{"start":{"line":142,"column":335},"end":{"line":153,"column":7}},"line":142},"27":{"name":"(anonymous_27)","decl":{"start":{"line":143,"column":216},"end":{"line":143,"column":217}},"loc":{"start":{"line":143,"column":238},"end":{"line":152,"column":9}},"line":143},"28":{"name":"(anonymous_28)","decl":{"start":{"line":144,"column":144},"end":{"line":144,"column":145}},"loc":{"start":{"line":144,"column":164},"end":{"line":151,"column":11}},"line":144},"29":{"name":"(anonymous_29)","decl":{"start":{"line":155,"column":77},"end":{"line":155,"column":78}},"loc":{"start":{"line":155,"column":93},"end":{"line":168,"column":5}},"line":155},"30":{"name":"(anonymous_30)","decl":{"start":{"line":156,"column":313},"end":{"line":156,"column":314}},"loc":{"start":{"line":156,"column":335},"end":{"line":167,"column":7}},"line":156},"31":{"name":"(anonymous_31)","decl":{"start":{"line":157,"column":216},"end":{"line":157,"column":217}},"loc":{"start":{"line":157,"column":238},"end":{"line":166,"column":9}},"line":157},"32":{"name":"(anonymous_32)","decl":{"start":{"line":158,"column":211},"end":{"line":158,"column":212}},"loc":{"start":{"line":158,"column":231},"end":{"line":165,"column":11}},"line":158},"33":{"name":"(anonymous_33)","decl":{"start":{"line":169,"column":77},"end":{"line":169,"column":78}},"loc":{"start":{"line":169,"column":93},"end":{"line":182,"column":5}},"line":169},"34":{"name":"(anonymous_34)","decl":{"start":{"line":170,"column":313},"end":{"line":170,"column":314}},"loc":{"start":{"line":170,"column":335},"end":{"line":181,"column":7}},"line":170},"35":{"name":"(anonymous_35)","decl":{"start":{"line":171,"column":216},"end":{"line":171,"column":217}},"loc":{"start":{"line":171,"column":238},"end":{"line":180,"column":9}},"line":171},"36":{"name":"(anonymous_36)","decl":{"start":{"line":172,"column":66},"end":{"line":172,"column":67}},"loc":{"start":{"line":172,"column":78},"end":{"line":179,"column":11}},"line":172},"37":{"name":"(anonymous_37)","decl":{"start":{"line":173,"column":185},"end":{"line":173,"column":186}},"loc":{"start":{"line":173,"column":205},"end":{"line":178,"column":13}},"line":173},"38":{"name":"(anonymous_38)","decl":{"start":{"line":188,"column":30},"end":{"line":188,"column":31}},"loc":{"start":{"line":188,"column":42},"end":{"line":387,"column":3}},"line":188},"39":{"name":"(anonymous_39)","decl":{"start":{"line":189,"column":80},"end":{"line":189,"column":81}},"loc":{"start":{"line":189,"column":96},"end":{"line":206,"column":5}},"line":189},"40":{"name":"(anonymous_40)","decl":{"start":{"line":190,"column":313},"end":{"line":190,"column":314}},"loc":{"start":{"line":190,"column":335},"end":{"line":205,"column":7}},"line":190},"41":{"name":"(anonymous_41)","decl":{"start":{"line":191,"column":216},"end":{"line":191,"column":217}},"loc":{"start":{"line":191,"column":238},"end":{"line":204,"column":9}},"line":191},"42":{"name":"(anonymous_42)","decl":{"start":{"line":192,"column":169},"end":{"line":192,"column":170}},"loc":{"start":{"line":192,"column":189},"end":{"line":203,"column":11}},"line":192},"43":{"name":"(anonymous_43)","decl":{"start":{"line":193,"column":152},"end":{"line":193,"column":153}},"loc":{"start":{"line":193,"column":172},"end":{"line":202,"column":13}},"line":193},"44":{"name":"(anonymous_44)","decl":{"start":{"line":208,"column":78},"end":{"line":208,"column":79}},"loc":{"start":{"line":208,"column":94},"end":{"line":230,"column":5}},"line":208},"45":{"name":"(anonymous_45)","decl":{"start":{"line":209,"column":313},"end":{"line":209,"column":314}},"loc":{"start":{"line":209,"column":335},"end":{"line":229,"column":7}},"line":209},"46":{"name":"(anonymous_46)","decl":{"start":{"line":210,"column":216},"end":{"line":210,"column":217}},"loc":{"start":{"line":210,"column":238},"end":{"line":228,"column":9}},"line":210},"47":{"name":"(anonymous_47)","decl":{"start":{"line":211,"column":169},"end":{"line":211,"column":170}},"loc":{"start":{"line":211,"column":189},"end":{"line":227,"column":11}},"line":211},"48":{"name":"(anonymous_48)","decl":{"start":{"line":212,"column":197},"end":{"line":212,"column":198}},"loc":{"start":{"line":212,"column":217},"end":{"line":226,"column":13}},"line":212},"49":{"name":"(anonymous_49)","decl":{"start":{"line":231,"column":67},"end":{"line":231,"column":68}},"loc":{"start":{"line":231,"column":83},"end":{"line":245,"column":5}},"line":231},"50":{"name":"(anonymous_50)","decl":{"start":{"line":232,"column":313},"end":{"line":232,"column":314}},"loc":{"start":{"line":232,"column":335},"end":{"line":244,"column":7}},"line":232},"51":{"name":"(anonymous_51)","decl":{"start":{"line":233,"column":216},"end":{"line":233,"column":217}},"loc":{"start":{"line":233,"column":238},"end":{"line":243,"column":9}},"line":233},"52":{"name":"(anonymous_52)","decl":{"start":{"line":234,"column":169},"end":{"line":234,"column":170}},"loc":{"start":{"line":234,"column":181},"end":{"line":242,"column":11}},"line":234},"53":{"name":"(anonymous_53)","decl":{"start":{"line":235,"column":185},"end":{"line":235,"column":186}},"loc":{"start":{"line":235,"column":205},"end":{"line":241,"column":13}},"line":235},"54":{"name":"(anonymous_54)","decl":{"start":{"line":246,"column":69},"end":{"line":246,"column":70}},"loc":{"start":{"line":246,"column":85},"end":{"line":260,"column":5}},"line":246},"55":{"name":"(anonymous_55)","decl":{"start":{"line":247,"column":313},"end":{"line":247,"column":314}},"loc":{"start":{"line":247,"column":335},"end":{"line":259,"column":7}},"line":247},"56":{"name":"(anonymous_56)","decl":{"start":{"line":248,"column":216},"end":{"line":248,"column":217}},"loc":{"start":{"line":248,"column":238},"end":{"line":258,"column":9}},"line":248},"57":{"name":"(anonymous_57)","decl":{"start":{"line":249,"column":169},"end":{"line":249,"column":170}},"loc":{"start":{"line":249,"column":189},"end":{"line":257,"column":11}},"line":249},"58":{"name":"(anonymous_58)","decl":{"start":{"line":250,"column":179},"end":{"line":250,"column":180}},"loc":{"start":{"line":250,"column":199},"end":{"line":256,"column":13}},"line":250},"59":{"name":"(anonymous_59)","decl":{"start":{"line":261,"column":120},"end":{"line":261,"column":121}},"loc":{"start":{"line":261,"column":136},"end":{"line":283,"column":5}},"line":261},"60":{"name":"(anonymous_60)","decl":{"start":{"line":262,"column":313},"end":{"line":262,"column":314}},"loc":{"start":{"line":262,"column":335},"end":{"line":282,"column":7}},"line":262},"61":{"name":"(anonymous_61)","decl":{"start":{"line":263,"column":216},"end":{"line":263,"column":217}},"loc":{"start":{"line":263,"column":238},"end":{"line":281,"column":9}},"line":263},"62":{"name":"(anonymous_62)","decl":{"start":{"line":264,"column":183},"end":{"line":264,"column":184}},"loc":{"start":{"line":264,"column":203},"end":{"line":280,"column":11}},"line":264},"63":{"name":"(anonymous_63)","decl":{"start":{"line":265,"column":176},"end":{"line":265,"column":177}},"loc":{"start":{"line":265,"column":196},"end":{"line":279,"column":13}},"line":265},"64":{"name":"(anonymous_64)","decl":{"start":{"line":284,"column":83},"end":{"line":284,"column":84}},"loc":{"start":{"line":284,"column":99},"end":{"line":306,"column":5}},"line":284},"65":{"name":"(anonymous_65)","decl":{"start":{"line":285,"column":313},"end":{"line":285,"column":314}},"loc":{"start":{"line":285,"column":335},"end":{"line":305,"column":7}},"line":285},"66":{"name":"(anonymous_66)","decl":{"start":{"line":286,"column":216},"end":{"line":286,"column":217}},"loc":{"start":{"line":286,"column":238},"end":{"line":304,"column":9}},"line":286},"67":{"name":"(anonymous_67)","decl":{"start":{"line":287,"column":183},"end":{"line":287,"column":184}},"loc":{"start":{"line":287,"column":203},"end":{"line":303,"column":11}},"line":287},"68":{"name":"(anonymous_68)","decl":{"start":{"line":288,"column":190},"end":{"line":288,"column":191}},"loc":{"start":{"line":288,"column":210},"end":{"line":302,"column":13}},"line":288},"69":{"name":"(anonymous_69)","decl":{"start":{"line":307,"column":74},"end":{"line":307,"column":75}},"loc":{"start":{"line":307,"column":90},"end":{"line":322,"column":5}},"line":307},"70":{"name":"(anonymous_70)","decl":{"start":{"line":308,"column":313},"end":{"line":308,"column":314}},"loc":{"start":{"line":308,"column":335},"end":{"line":321,"column":7}},"line":308},"71":{"name":"(anonymous_71)","decl":{"start":{"line":309,"column":216},"end":{"line":309,"column":217}},"loc":{"start":{"line":309,"column":238},"end":{"line":320,"column":9}},"line":309},"72":{"name":"(anonymous_72)","decl":{"start":{"line":310,"column":169},"end":{"line":310,"column":170}},"loc":{"start":{"line":310,"column":189},"end":{"line":319,"column":11}},"line":310},"73":{"name":"(anonymous_73)","decl":{"start":{"line":311,"column":194},"end":{"line":311,"column":195}},"loc":{"start":{"line":311,"column":214},"end":{"line":318,"column":13}},"line":311},"74":{"name":"(anonymous_74)","decl":{"start":{"line":323,"column":85},"end":{"line":323,"column":86}},"loc":{"start":{"line":323,"column":101},"end":{"line":338,"column":5}},"line":323},"75":{"name":"(anonymous_75)","decl":{"start":{"line":324,"column":313},"end":{"line":324,"column":314}},"loc":{"start":{"line":324,"column":335},"end":{"line":337,"column":7}},"line":324},"76":{"name":"(anonymous_76)","decl":{"start":{"line":325,"column":216},"end":{"line":325,"column":217}},"loc":{"start":{"line":325,"column":238},"end":{"line":336,"column":9}},"line":325},"77":{"name":"(anonymous_77)","decl":{"start":{"line":326,"column":169},"end":{"line":326,"column":170}},"loc":{"start":{"line":326,"column":189},"end":{"line":335,"column":11}},"line":326},"78":{"name":"(anonymous_78)","decl":{"start":{"line":327,"column":194},"end":{"line":327,"column":195}},"loc":{"start":{"line":327,"column":214},"end":{"line":334,"column":13}},"line":327},"79":{"name":"(anonymous_79)","decl":{"start":{"line":339,"column":70},"end":{"line":339,"column":71}},"loc":{"start":{"line":339,"column":86},"end":{"line":354,"column":5}},"line":339},"80":{"name":"(anonymous_80)","decl":{"start":{"line":340,"column":313},"end":{"line":340,"column":314}},"loc":{"start":{"line":340,"column":335},"end":{"line":353,"column":7}},"line":340},"81":{"name":"(anonymous_81)","decl":{"start":{"line":341,"column":216},"end":{"line":341,"column":217}},"loc":{"start":{"line":341,"column":238},"end":{"line":352,"column":9}},"line":341},"82":{"name":"(anonymous_82)","decl":{"start":{"line":342,"column":169},"end":{"line":342,"column":170}},"loc":{"start":{"line":342,"column":189},"end":{"line":351,"column":11}},"line":342},"83":{"name":"(anonymous_83)","decl":{"start":{"line":343,"column":137},"end":{"line":343,"column":138}},"loc":{"start":{"line":343,"column":157},"end":{"line":350,"column":13}},"line":343},"84":{"name":"(anonymous_84)","decl":{"start":{"line":355,"column":77},"end":{"line":355,"column":78}},"loc":{"start":{"line":355,"column":93},"end":{"line":370,"column":5}},"line":355},"85":{"name":"(anonymous_85)","decl":{"start":{"line":356,"column":313},"end":{"line":356,"column":314}},"loc":{"start":{"line":356,"column":335},"end":{"line":369,"column":7}},"line":356},"86":{"name":"(anonymous_86)","decl":{"start":{"line":357,"column":216},"end":{"line":357,"column":217}},"loc":{"start":{"line":357,"column":238},"end":{"line":368,"column":9}},"line":357},"87":{"name":"(anonymous_87)","decl":{"start":{"line":358,"column":169},"end":{"line":358,"column":170}},"loc":{"start":{"line":358,"column":189},"end":{"line":367,"column":11}},"line":358},"88":{"name":"(anonymous_88)","decl":{"start":{"line":359,"column":184},"end":{"line":359,"column":185}},"loc":{"start":{"line":359,"column":204},"end":{"line":366,"column":13}},"line":359},"89":{"name":"(anonymous_89)","decl":{"start":{"line":371,"column":66},"end":{"line":371,"column":67}},"loc":{"start":{"line":371,"column":82},"end":{"line":386,"column":5}},"line":371},"90":{"name":"(anonymous_90)","decl":{"start":{"line":372,"column":313},"end":{"line":372,"column":314}},"loc":{"start":{"line":372,"column":335},"end":{"line":385,"column":7}},"line":372},"91":{"name":"(anonymous_91)","decl":{"start":{"line":373,"column":216},"end":{"line":373,"column":217}},"loc":{"start":{"line":373,"column":238},"end":{"line":384,"column":9}},"line":373},"92":{"name":"(anonymous_92)","decl":{"start":{"line":374,"column":73},"end":{"line":374,"column":74}},"loc":{"start":{"line":374,"column":91},"end":{"line":383,"column":11}},"line":374},"93":{"name":"(anonymous_93)","decl":{"start":{"line":375,"column":182},"end":{"line":375,"column":183}},"loc":{"start":{"line":375,"column":202},"end":{"line":382,"column":13}},"line":375}},"branchMap":{"0":{"loc":{"start":{"line":31,"column":46},"end":{"line":31,"column":92}},"type":"cond-expr","locations":[{"start":{"line":31,"column":70},"end":{"line":31,"column":73}},{"start":{"line":31,"column":76},"end":{"line":31,"column":92}}],"line":31},"1":{"loc":{"start":{"line":31,"column":46},"end":{"line":31,"column":67}},"type":"binary-expr","locations":[{"start":{"line":31,"column":46},"end":{"line":31,"column":49}},{"start":{"line":31,"column":53},"end":{"line":31,"column":67}}],"line":31},"2":{"loc":{"start":{"line":88,"column":12},"end":{"line":90,"column":13}},"type":"if","locations":[{"start":{"line":88,"column":12},"end":{"line":90,"column":13}},{"start":{"line":88,"column":12},"end":{"line":90,"column":13}}],"line":88},"3":{"loc":{"start":{"line":222,"column":14},"end":{"line":224,"column":15}},"type":"if","locations":[{"start":{"line":222,"column":14},"end":{"line":224,"column":15}},{"start":{"line":222,"column":14},"end":{"line":224,"column":15}}],"line":222},"4":{"loc":{"start":{"line":275,"column":14},"end":{"line":277,"column":15}},"type":"if","locations":[{"start":{"line":275,"column":14},"end":{"line":277,"column":15}},{"start":{"line":275,"column":14},"end":{"line":277,"column":15}}],"line":275},"5":{"loc":{"start":{"line":298,"column":14},"end":{"line":300,"column":15}},"type":"if","locations":[{"start":{"line":298,"column":14},"end":{"line":300,"column":15}},{"start":{"line":298,"column":14},"end":{"line":300,"column":15}}],"line":298}},"s":{"0":1,"1":1,"2":1,"3":1,"4":1,"5":1,"6":1,"7":1,"8":1,"9":1,"10":1,"11":1,"12":1,"13":1,"14":7,"15":1,"16":1,"17":1,"18":1,"19":1,"20":1,"21":1,"22":1,"23":1,"24":1,"25":1,"26":1,"27":1,"28":1,"29":19,"30":19,"31":19,"32":19,"33":1,"34":1,"35":1,"36":1,"37":1,"38":1,"39":1,"40":1,"41":1,"42":1,"43":1,"44":1,"45":1,"46":1,"47":1,"48":1,"49":1,"50":1,"51":1,"52":1,"53":1,"54":1,"55":1,"56":1,"57":1,"58":1,"59":1,"60":1,"61":1,"62":1,"63":1,"64":1,"65":1,"66":1,"67":1,"68":1,"69":1,"70":1,"71":1,"72":1,"73":1,"74":1,"75":1,"76":1,"77":1,"78":1,"79":1,"80":1,"81":1,"82":1,"83":1,"84":1,"85":1,"86":1,"87":1,"88":1,"89":1,"90":1,"91":1,"92":1,"93":1,"94":1,"95":1,"96":1,"97":1,"98":1,"99":1,"100":1,"101":1,"102":1,"103":1,"104":1,"105":1,"106":1,"107":1,"108":1,"109":1,"110":1,"111":1,"112":1,"113":1,"114":1,"115":1,"116":1,"117":1,"118":1,"119":1,"120":1,"121":1,"122":1,"123":1,"124":1,"125":1,"126":1,"127":1,"128":1,"129":1,"130":1,"131":1,"132":1,"133":1,"134":1,"135":1,"136":1,"137":1,"138":1,"139":1,"140":1,"141":1,"142":1,"143":1,"144":1,"145":1,"146":1,"147":1,"148":1,"149":1,"150":1,"151":1,"152":1,"153":1,"154":1,"155":1,"156":1,"157":1,"158":1,"159":1,"160":1,"161":1,"162":1,"163":1,"164":1,"165":1,"166":1,"167":1,"168":1,"169":1,"170":1,"171":1,"172":1,"173":1,"174":1,"175":1,"176":1,"177":1,"178":1,"179":1,"180":1,"181":1,"182":1,"183":1,"184":1,"185":1,"186":1,"187":1,"188":1,"189":1,"190":1,"191":1,"192":1,"193":1,"194":1,"195":1,"196":1,"197":1,"198":1,"199":1,"200":1,"201":1,"202":1,"203":1,"204":1,"205":1,"206":1,"207":1,"208":1,"209":1,"210":1,"211":1,"212":1,"213":1,"214":1,"215":1,"216":1,"217":1,"218":1,"219":1,"220":1,"221":1,"222":1,"223":1,"224":1,"225":1,"226":1,"227":1,"228":1,"229":1,"230":1,"231":1,"232":1,"233":1,"234":1,"235":1,"236":1,"237":1,"238":1,"239":1},"f":{"0":7,"1":1,"2":19,"3":19,"4":1,"5":1,"6":1,"7":1,"8":1,"9":1,"10":1,"11":1,"12":1,"13":1,"14":1,"15":1,"16":1,"17":1,"18":1,"19":1,"20":1,"21":1,"22":1,"23":1,"24":1,"25":1,"26":1,"27":1,"28":1,"29":1,"30":1,"31":1,"32":1,"33":1,"34":1,"35":1,"36":1,"37":1,"38":1,"39":1,"40":1,"41":1,"42":1,"43":1,"44":1,"45":1,"46":1,"47":1,"48":1,"49":1,"50":1,"51":1,"52":1,"53":1,"54":1,"55":1,"56":1,"57":1,"58":1,"59":1,"60":1,"61":1,"62":1,"63":1,"64":1,"65":1,"66":1,"67":1,"68":1,"69":1,"70":1,"71":1,"72":1,"73":1,"74":1,"75":1,"76":1,"77":1,"78":1,"79":1,"80":1,"81":1,"82":1,"83":1,"84":1,"85":1,"86":1,"87":1,"88":1,"89":1,"90":1,"91":1,"92":1,"93":1},"b":{"0":[3,4],"1":[7,7],"2":[1,0],"3":[1,0],"4":[1,0],"5":[1,0]},"_coverageSchema":"d34fc3e6b8297bcde183f5492bcb8fcb36775295","hash":"f623c348e0bfe84f68286d80a229118d7a6142aa","contentHash":"b2abbbd3d917a692b60fb30d75ff9f33"},"/home/somto/1Projects/mentorship project/StackOverflow-lite/server/app.js":{"path":"/home/somto/1Projects/mentorship project/StackOverflow-lite/server/app.js","statementMap":{"0":{"start":{"line":3,"column":0},"end":{"line":5,"column":3}},"1":{"start":{"line":7,"column":15},"end":{"line":7,"column":33}},"2":{"start":{"line":9,"column":16},"end":{"line":9,"column":48}},"3":{"start":{"line":11,"column":14},"end":{"line":11,"column":31}},"4":{"start":{"line":13,"column":15},"end":{"line":13,"column":46}},"5":{"start":{"line":15,"column":18},"end":{"line":15,"column":40}},"6":{"start":{"line":17,"column":19},"end":{"line":17,"column":54}},"7":{"start":{"line":19,"column":14},"end":{"line":19,"column":40}},"8":{"start":{"line":21,"column":15},"end":{"line":21,"column":46}},"9":{"start":{"line":23,"column":39},"end":{"line":23,"column":93}},"10":{"start":{"line":27,"column":10},"end":{"line":27,"column":34}},"11":{"start":{"line":30,"column":0},"end":{"line":30,"column":38}},"12":{"start":{"line":32,"column":0},"end":{"line":32,"column":49}},"13":{"start":{"line":35,"column":0},"end":{"line":35,"column":67}},"14":{"start":{"line":36,"column":0},"end":{"line":36,"column":75}},"15":{"start":{"line":37,"column":0},"end":{"line":37,"column":71}},"16":{"start":{"line":39,"column":0},"end":{"line":39,"column":58}},"17":{"start":{"line":41,"column":0},"end":{"line":41,"column":53}},"18":{"start":{"line":44,"column":0},"end":{"line":44,"column":37}},"19":{"start":{"line":45,"column":0},"end":{"line":45,"column":62}},"20":{"start":{"line":48,"column":0},"end":{"line":48,"column":27}},"21":{"start":{"line":51,"column":0},"end":{"line":55,"column":3}},"22":{"start":{"line":52,"column":2},"end":{"line":54,"column":5}},"23":{"start":{"line":57,"column":0},"end":{"line":57,"column":22}}},"fnMap":{"0":{"name":"_interopRequireDefault","decl":{"start":{"line":23,"column":9},"end":{"line":23,"column":31}},"loc":{"start":{"line":23,"column":37},"end":{"line":23,"column":95}},"line":23},"1":{"name":"(anonymous_1)","decl":{"start":{"line":51,"column":13},"end":{"line":51,"column":14}},"loc":{"start":{"line":51,"column":33},"end":{"line":55,"column":1}},"line":51}},"branchMap":{"0":{"loc":{"start":{"line":23,"column":46},"end":{"line":23,"column":92}},"type":"cond-expr","locations":[{"start":{"line":23,"column":70},"end":{"line":23,"column":73}},{"start":{"line":23,"column":76},"end":{"line":23,"column":92}}],"line":23},"1":{"loc":{"start":{"line":23,"column":46},"end":{"line":23,"column":67}},"type":"binary-expr","locations":[{"start":{"line":23,"column":46},"end":{"line":23,"column":49}},{"start":{"line":23,"column":53},"end":{"line":23,"column":67}}],"line":23}},"s":{"0":1,"1":1,"2":1,"3":1,"4":1,"5":1,"6":1,"7":1,"8":1,"9":4,"10":1,"11":1,"12":1,"13":1,"14":1,"15":1,"16":1,"17":1,"18":1,"19":1,"20":1,"21":1,"22":1,"23":1},"f":{"0":4,"1":1},"b":{"0":[1,3],"1":[4,4]},"_coverageSchema":"d34fc3e6b8297bcde183f5492bcb8fcb36775295","hash":"df05f7920ff24cc993404b9c1c807a24fe20ceba","contentHash":"883aeebe3454795f5f6a68aaf5481fc8"},"/home/somto/1Projects/mentorship project/StackOverflow-lite/server/server/routes/index.js":{"path":"/home/somto/1Projects/mentorship project/StackOverflow-lite/server/server/routes/index.js","statementMap":{"0":{"start":{"line":3,"column":0},"end":{"line":5,"column":3}},"1":{"start":{"line":7,"column":19},"end":{"line":7,"column":44}},"2":{"start":{"line":9,"column":20},"end":{"line":9,"column":56}},"3":{"start":{"line":11,"column":39},"end":{"line":11,"column":93}},"4":{"start":{"line":13,"column":11},"end":{"line":13,"column":50}},"5":{"start":{"line":14,"column":22},"end":{"line":14,"column":29}},"6":{"start":{"line":16,"column":12},"end":{"line":16,"column":55}},"7":{"start":{"line":17,"column":26},"end":{"line":17,"column":34}},"8":{"start":{"line":18,"column":12},"end":{"line":18,"column":53}},"9":{"start":{"line":19,"column":24},"end":{"line":19,"column":32}},"10":{"start":{"line":22,"column":13},"end":{"line":48,"column":1}},"11":{"start":{"line":23,"column":2},"end":{"line":30,"column":5}},"12":{"start":{"line":24,"column":4},"end":{"line":24,"column":51}},"13":{"start":{"line":25,"column":4},"end":{"line":25,"column":82}},"14":{"start":{"line":26,"column":4},"end":{"line":26,"column":128}},"15":{"start":{"line":29,"column":4},"end":{"line":29,"column":11}},"16":{"start":{"line":32,"column":2},"end":{"line":36,"column":5}},"17":{"start":{"line":33,"column":4},"end":{"line":35,"column":7}},"18":{"start":{"line":38,"column":2},"end":{"line":38,"column":78}},"19":{"start":{"line":39,"column":2},"end":{"line":39,"column":52}},"20":{"start":{"line":41,"column":2},"end":{"line":41,"column":84}},"21":{"start":{"line":42,"column":2},"end":{"line":42,"column":53}},"22":{"start":{"line":43,"column":2},"end":{"line":43,"column":69}},"23":{"start":{"line":44,"column":2},"end":{"line":44,"column":71}},"24":{"start":{"line":46,"column":2},"end":{"line":46,"column":100}},"25":{"start":{"line":47,"column":2},"end":{"line":47,"column":109}},"26":{"start":{"line":50,"column":0},"end":{"line":50,"column":25}}},"fnMap":{"0":{"name":"_interopRequireDefault","decl":{"start":{"line":11,"column":9},"end":{"line":11,"column":31}},"loc":{"start":{"line":11,"column":37},"end":{"line":11,"column":95}},"line":11},"1":{"name":"routes","decl":{"start":{"line":22,"column":22},"end":{"line":22,"column":28}},"loc":{"start":{"line":22,"column":34},"end":{"line":48,"column":1}},"line":22},"2":{"name":"(anonymous_2)","decl":{"start":{"line":23,"column":16},"end":{"line":23,"column":17}},"loc":{"start":{"line":23,"column":42},"end":{"line":30,"column":3}},"line":23},"3":{"name":"(anonymous_3)","decl":{"start":{"line":32,"column":18},"end":{"line":32,"column":19}},"loc":{"start":{"line":32,"column":38},"end":{"line":36,"column":3}},"line":32}},"branchMap":{"0":{"loc":{"start":{"line":11,"column":46},"end":{"line":11,"column":92}},"type":"cond-expr","locations":[{"start":{"line":11,"column":70},"end":{"line":11,"column":73}},{"start":{"line":11,"column":76},"end":{"line":11,"column":92}}],"line":11},"1":{"loc":{"start":{"line":11,"column":46},"end":{"line":11,"column":67}},"type":"binary-expr","locations":[{"start":{"line":11,"column":46},"end":{"line":11,"column":49}},{"start":{"line":11,"column":53},"end":{"line":11,"column":67}}],"line":11}},"s":{"0":1,"1":1,"2":1,"3":1,"4":1,"5":1,"6":1,"7":1,"8":1,"9":1,"10":1,"11":1,"12":119,"13":119,"14":119,"15":119,"16":1,"17":1,"18":1,"19":1,"20":1,"21":1,"22":1,"23":1,"24":1,"25":1,"26":1},"f":{"0":1,"1":1,"2":119,"3":1},"b":{"0":[1,0],"1":[1,1]},"_coverageSchema":"d34fc3e6b8297bcde183f5492bcb8fcb36775295","hash":"507960d6de5619d766656b5172dd78471a0fd171","contentHash":"737ef9a459a91f3956e455cf1b303ae2"},"/home/somto/1Projects/mentorship project/StackOverflow-lite/server/server/controllers/index.js":{"path":"/home/somto/1Projects/mentorship project/StackOverflow-lite/server/server/controllers/index.js","statementMap":{"0":{"start":{"line":3,"column":0},"end":{"line":5,"column":3}},"1":{"start":{"line":7,"column":13},"end":{"line":7,"column":31}},"2":{"start":{"line":9,"column":14},"end":{"line":9,"column":44}},"3":{"start":{"line":11,"column":17},"end":{"line":11,"column":39}},"4":{"start":{"line":13,"column":18},"end":{"line":13,"column":52}},"5":{"start":{"line":15,"column":15},"end":{"line":15,"column":35}},"6":{"start":{"line":17,"column":16},"end":{"line":17,"column":48}},"7":{"start":{"line":19,"column":39},"end":{"line":19,"column":93}},"8":{"start":{"line":21,"column":18},"end":{"line":21,"column":134}},"9":{"start":{"line":22,"column":0},"end":{"line":22,"column":30}}},"fnMap":{"0":{"name":"_interopRequireDefault","decl":{"start":{"line":19,"column":9},"end":{"line":19,"column":31}},"loc":{"start":{"line":19,"column":37},"end":{"line":19,"column":95}},"line":19}},"branchMap":{"0":{"loc":{"start":{"line":19,"column":46},"end":{"line":19,"column":92}},"type":"cond-expr","locations":[{"start":{"line":19,"column":70},"end":{"line":19,"column":73}},{"start":{"line":19,"column":76},"end":{"line":19,"column":92}}],"line":19},"1":{"loc":{"start":{"line":19,"column":46},"end":{"line":19,"column":67}},"type":"binary-expr","locations":[{"start":{"line":19,"column":46},"end":{"line":19,"column":49}},{"start":{"line":19,"column":53},"end":{"line":19,"column":67}}],"line":19}},"s":{"0":1,"1":1,"2":1,"3":1,"4":1,"5":1,"6":1,"7":3,"8":1,"9":1},"f":{"0":3},"b":{"0":[3,0],"1":[3,3]},"_coverageSchema":"d34fc3e6b8297bcde183f5492bcb8fcb36775295","hash":"eeb6d245f5404e728cd84ca545e2c3e5241bf9bd","contentHash":"80d8199d99467509dea65af3f1db8e0e"},"/home/somto/1Projects/mentorship project/StackOverflow-lite/server/server/controllers/users.js":{"path":"/home/somto/1Projects/mentorship project/StackOverflow-lite/server/server/controllers/users.js","statementMap":{"0":{"start":{"line":3,"column":0},"end":{"line":5,"column":3}},"1":{"start":{"line":7,"column":21},"end":{"line":7,"column":663}},"2":{"start":{"line":7,"column":79},"end":{"line":7,"column":81}},"3":{"start":{"line":7,"column":92},"end":{"line":7,"column":96}},"4":{"start":{"line":7,"column":107},"end":{"line":7,"column":112}},"5":{"start":{"line":7,"column":123},"end":{"line":7,"column":132}},"6":{"start":{"line":7,"column":134},"end":{"line":7,"column":413}},"7":{"start":{"line":7,"column":140},"end":{"line":7,"column":283}},"8":{"start":{"line":7,"column":226},"end":{"line":7,"column":246}},"9":{"start":{"line":7,"column":247},"end":{"line":7,"column":281}},"10":{"start":{"line":7,"column":275},"end":{"line":7,"column":281}},"11":{"start":{"line":7,"column":300},"end":{"line":7,"column":310}},"12":{"start":{"line":7,"column":311},"end":{"line":7,"column":320}},"13":{"start":{"line":7,"column":333},"end":{"line":7,"column":411}},"14":{"start":{"line":7,"column":339},"end":{"line":7,"column":379}},"15":{"start":{"line":7,"column":364},"end":{"line":7,"column":379}},"16":{"start":{"line":7,"column":392},"end":{"line":7,"column":409}},"17":{"start":{"line":7,"column":400},"end":{"line":7,"column":409}},"18":{"start":{"line":7,"column":414},"end":{"line":7,"column":426}},"19":{"start":{"line":7,"column":429},"end":{"line":7,"column":659}},"20":{"start":{"line":7,"column":456},"end":{"line":7,"column":656}},"21":{"start":{"line":7,"column":482},"end":{"line":7,"column":493}},"22":{"start":{"line":7,"column":501},"end":{"line":7,"column":656}},"23":{"start":{"line":7,"column":539},"end":{"line":7,"column":568}},"24":{"start":{"line":7,"column":578},"end":{"line":7,"column":654}},"25":{"start":{"line":11,"column":14},"end":{"line":11,"column":31}},"26":{"start":{"line":13,"column":15},"end":{"line":13,"column":46}},"27":{"start":{"line":15,"column":20},"end":{"line":15,"column":43}},"28":{"start":{"line":17,"column":21},"end":{"line":17,"column":58}},"29":{"start":{"line":19,"column":16},"end":{"line":19,"column":35}},"30":{"start":{"line":21,"column":17},"end":{"line":21,"column":50}},"31":{"start":{"line":23,"column":14},"end":{"line":23,"column":34}},"32":{"start":{"line":25,"column":15},"end":{"line":25,"column":46}},"33":{"start":{"line":27,"column":11},"end":{"line":27,"column":31}},"34":{"start":{"line":29,"column":12},"end":{"line":29,"column":40}},"35":{"start":{"line":31,"column":20},"end":{"line":31,"column":55}},"36":{"start":{"line":33,"column":21},"end":{"line":33,"column":58}},"37":{"start":{"line":35,"column":18},"end":{"line":35,"column":51}},"38":{"start":{"line":37,"column":19},"end":{"line":37,"column":54}},"39":{"start":{"line":39,"column":39},"end":{"line":39,"column":93}},"40":{"start":{"line":41,"column":11},"end":{"line":41,"column":34}},"41":{"start":{"line":42,"column":11},"end":{"line":42,"column":18}},"42":{"start":{"line":43,"column":12},"end":{"line":43,"column":55}},"43":{"start":{"line":44,"column":25},"end":{"line":44,"column":33}},"44":{"start":{"line":47,"column":12},"end":{"line":47,"column":64}},"45":{"start":{"line":48,"column":34},"end":{"line":48,"column":42}},"46":{"start":{"line":49,"column":12},"end":{"line":49,"column":56}},"47":{"start":{"line":50,"column":26},"end":{"line":50,"column":34}},"48":{"start":{"line":52,"column":12},"end":{"line":52,"column":56}},"49":{"start":{"line":53,"column":26},"end":{"line":53,"column":34}},"50":{"start":{"line":55,"column":12},"end":{"line":55,"column":57}},"51":{"start":{"line":56,"column":27},"end":{"line":56,"column":35}},"52":{"start":{"line":58,"column":12},"end":{"line":58,"column":54}},"53":{"start":{"line":59,"column":24},"end":{"line":59,"column":32}},"54":{"start":{"line":61,"column":12},"end":{"line":61,"column":54}},"55":{"start":{"line":62,"column":24},"end":{"line":62,"column":32}},"56":{"start":{"line":64,"column":13},"end":{"line":66,"column":2}},"57":{"start":{"line":68,"column":20},"end":{"line":68,"column":35}},"58":{"start":{"line":71,"column":18},"end":{"line":75,"column":1}},"59":{"start":{"line":72,"column":14},"end":{"line":73,"column":4}},"60":{"start":{"line":74,"column":2},"end":{"line":74,"column":15}},"61":{"start":{"line":77,"column":22},"end":{"line":174,"column":1}},"62":{"start":{"line":82,"column":28},"end":{"line":82,"column":89}},"63":{"start":{"line":83,"column":29},"end":{"line":83,"column":65}},"64":{"start":{"line":84,"column":24},"end":{"line":84,"column":45}},"65":{"start":{"line":85,"column":24},"end":{"line":85,"column":45}},"66":{"start":{"line":86,"column":19},"end":{"line":86,"column":40}},"67":{"start":{"line":88,"column":4},"end":{"line":88,"column":55}},"68":{"start":{"line":88,"column":23},"end":{"line":88,"column":55}},"69":{"start":{"line":89,"column":4},"end":{"line":89,"column":55}},"70":{"start":{"line":89,"column":23},"end":{"line":89,"column":55}},"71":{"start":{"line":91,"column":4},"end":{"line":93,"column":5}},"72":{"start":{"line":92,"column":6},"end":{"line":92,"column":56}},"73":{"start":{"line":95,"column":25},"end":{"line":95,"column":74}},"74":{"start":{"line":97,"column":15},"end":{"line":108,"column":5}},"75":{"start":{"line":111,"column":4},"end":{"line":155,"column":7}},"76":{"start":{"line":112,"column":18},"end":{"line":112,"column":30}},"77":{"start":{"line":113,"column":22},"end":{"line":113,"column":23}},"78":{"start":{"line":114,"column":38},"end":{"line":114,"column":42}},"79":{"start":{"line":115,"column":30},"end":{"line":115,"column":35}},"80":{"start":{"line":116,"column":27},"end":{"line":116,"column":36}},"81":{"start":{"line":118,"column":6},"end":{"line":140,"column":7}},"82":{"start":{"line":119,"column":8},"end":{"line":126,"column":9}},"83":{"start":{"line":120,"column":21},"end":{"line":120,"column":32}},"84":{"start":{"line":122,"column":10},"end":{"line":122,"column":90}},"85":{"start":{"line":122,"column":47},"end":{"line":122,"column":90}},"86":{"start":{"line":123,"column":10},"end":{"line":123,"column":81}},"87":{"start":{"line":123,"column":41},"end":{"line":123,"column":81}},"88":{"start":{"line":124,"column":10},"end":{"line":124,"column":81}},"89":{"start":{"line":124,"column":41},"end":{"line":124,"column":81}},"90":{"start":{"line":125,"column":10},"end":{"line":125,"column":25}},"91":{"start":{"line":128,"column":8},"end":{"line":128,"column":33}},"92":{"start":{"line":129,"column":8},"end":{"line":129,"column":29}},"93":{"start":{"line":131,"column":8},"end":{"line":139,"column":9}},"94":{"start":{"line":132,"column":10},"end":{"line":134,"column":11}},"95":{"start":{"line":133,"column":12},"end":{"line":133,"column":31}},"96":{"start":{"line":136,"column":10},"end":{"line":138,"column":11}},"97":{"start":{"line":137,"column":12},"end":{"line":137,"column":33}},"98":{"start":{"line":142,"column":6},"end":{"line":152,"column":7}},"99":{"start":{"line":144,"column":8},"end":{"line":151,"column":11}},"100":{"start":{"line":146,"column":21},"end":{"line":146,"column":35}},"101":{"start":{"line":147,"column":22},"end":{"line":147,"column":42}},"102":{"start":{"line":148,"column":10},"end":{"line":148,"column":91}},"103":{"start":{"line":148,"column":21},"end":{"line":148,"column":91}},"104":{"start":{"line":150,"column":10},"end":{"line":150,"column":58}},"105":{"start":{"line":154,"column":6},"end":{"line":154,"column":54}},"106":{"start":{"line":160,"column":4},"end":{"line":172,"column":7}},"107":{"start":{"line":161,"column":17},"end":{"line":161,"column":31}},"108":{"start":{"line":163,"column":6},"end":{"line":163,"column":87}},"109":{"start":{"line":163,"column":17},"end":{"line":163,"column":87}},"110":{"start":{"line":165,"column":24},"end":{"line":165,"column":88}},"111":{"start":{"line":166,"column":6},"end":{"line":166,"column":94}},"112":{"start":{"line":166,"column":24},"end":{"line":166,"column":94}},"113":{"start":{"line":167,"column":18},"end":{"line":167,"column":38}},"114":{"start":{"line":169,"column":6},"end":{"line":169,"column":87}},"115":{"start":{"line":169,"column":17},"end":{"line":169,"column":87}},"116":{"start":{"line":171,"column":6},"end":{"line":171,"column":37}},"117":{"start":{"line":176,"column":0},"end":{"line":176,"column":34}}},"fnMap":{"0":{"name":"(anonymous_0)","decl":{"start":{"line":7,"column":21},"end":{"line":7,"column":22}},"loc":{"start":{"line":7,"column":33},"end":{"line":7,"column":661}},"line":7},"1":{"name":"sliceIterator","decl":{"start":{"line":7,"column":44},"end":{"line":7,"column":57}},"loc":{"start":{"line":7,"column":66},"end":{"line":7,"column":428}},"line":7},"2":{"name":"(anonymous_2)","decl":{"start":{"line":7,"column":436},"end":{"line":7,"column":437}},"loc":{"start":{"line":7,"column":454},"end":{"line":7,"column":658}},"line":7},"3":{"name":"_interopRequireDefault","decl":{"start":{"line":39,"column":9},"end":{"line":39,"column":31}},"loc":{"start":{"line":39,"column":37},"end":{"line":39,"column":95}},"line":39},"4":{"name":"tokenMethod","decl":{"start":{"line":71,"column":27},"end":{"line":71,"column":38}},"loc":{"start":{"line":71,"column":47},"end":{"line":75,"column":1}},"line":71},"5":{"name":"create","decl":{"start":{"line":79,"column":19},"end":{"line":79,"column":25}},"loc":{"start":{"line":79,"column":36},"end":{"line":156,"column":3}},"line":79},"6":{"name":"(anonymous_6)","decl":{"start":{"line":111,"column":24},"end":{"line":111,"column":25}},"loc":{"start":{"line":111,"column":43},"end":{"line":153,"column":5}},"line":111},"7":{"name":"(anonymous_7)","decl":{"start":{"line":145,"column":14},"end":{"line":145,"column":15}},"loc":{"start":{"line":145,"column":32},"end":{"line":149,"column":9}},"line":145},"8":{"name":"(anonymous_8)","decl":{"start":{"line":149,"column":17},"end":{"line":149,"column":18}},"loc":{"start":{"line":149,"column":34},"end":{"line":151,"column":9}},"line":149},"9":{"name":"(anonymous_9)","decl":{"start":{"line":153,"column":13},"end":{"line":153,"column":14}},"loc":{"start":{"line":153,"column":30},"end":{"line":155,"column":5}},"line":153},"10":{"name":"check","decl":{"start":{"line":157,"column":18},"end":{"line":157,"column":23}},"loc":{"start":{"line":157,"column":34},"end":{"line":173,"column":3}},"line":157},"11":{"name":"(anonymous_11)","decl":{"start":{"line":160,"column":66},"end":{"line":160,"column":67}},"loc":{"start":{"line":160,"column":84},"end":{"line":170,"column":5}},"line":160},"12":{"name":"(anonymous_12)","decl":{"start":{"line":170,"column":13},"end":{"line":170,"column":14}},"loc":{"start":{"line":170,"column":26},"end":{"line":172,"column":5}},"line":170}},"branchMap":{"0":{"loc":{"start":{"line":7,"column":247},"end":{"line":7,"column":281}},"type":"if","locations":[{"start":{"line":7,"column":247},"end":{"line":7,"column":281}},{"start":{"line":7,"column":247},"end":{"line":7,"column":281}}],"line":7},"1":{"loc":{"start":{"line":7,"column":251},"end":{"line":7,"column":273}},"type":"binary-expr","locations":[{"start":{"line":7,"column":251},"end":{"line":7,"column":252}},{"start":{"line":7,"column":256},"end":{"line":7,"column":273}}],"line":7},"2":{"loc":{"start":{"line":7,"column":339},"end":{"line":7,"column":379}},"type":"if","locations":[{"start":{"line":7,"column":339},"end":{"line":7,"column":379}},{"start":{"line":7,"column":339},"end":{"line":7,"column":379}}],"line":7},"3":{"loc":{"start":{"line":7,"column":343},"end":{"line":7,"column":362}},"type":"binary-expr","locations":[{"start":{"line":7,"column":343},"end":{"line":7,"column":346}},{"start":{"line":7,"column":350},"end":{"line":7,"column":362}}],"line":7},"4":{"loc":{"start":{"line":7,"column":392},"end":{"line":7,"column":409}},"type":"if","locations":[{"start":{"line":7,"column":392},"end":{"line":7,"column":409}},{"start":{"line":7,"column":392},"end":{"line":7,"column":409}}],"line":7},"5":{"loc":{"start":{"line":7,"column":456},"end":{"line":7,"column":656}},"type":"if","locations":[{"start":{"line":7,"column":456},"end":{"line":7,"column":656}},{"start":{"line":7,"column":456},"end":{"line":7,"column":656}}],"line":7},"6":{"loc":{"start":{"line":7,"column":501},"end":{"line":7,"column":656}},"type":"if","locations":[{"start":{"line":7,"column":501},"end":{"line":7,"column":656}},{"start":{"line":7,"column":501},"end":{"line":7,"column":656}}],"line":7},"7":{"loc":{"start":{"line":39,"column":46},"end":{"line":39,"column":92}},"type":"cond-expr","locations":[{"start":{"line":39,"column":70},"end":{"line":39,"column":73}},{"start":{"line":39,"column":76},"end":{"line":39,"column":92}}],"line":39},"8":{"loc":{"start":{"line":39,"column":46},"end":{"line":39,"column":67}},"type":"binary-expr","locations":[{"start":{"line":39,"column":46},"end":{"line":39,"column":49}},{"start":{"line":39,"column":53},"end":{"line":39,"column":67}}],"line":39},"9":{"loc":{"start":{"line":88,"column":4},"end":{"line":88,"column":55}},"type":"if","locations":[{"start":{"line":88,"column":4},"end":{"line":88,"column":55}},{"start":{"line":88,"column":4},"end":{"line":88,"column":55}}],"line":88},"10":{"loc":{"start":{"line":89,"column":4},"end":{"line":89,"column":55}},"type":"if","locations":[{"start":{"line":89,"column":4},"end":{"line":89,"column":55}},{"start":{"line":89,"column":4},"end":{"line":89,"column":55}}],"line":89},"11":{"loc":{"start":{"line":91,"column":4},"end":{"line":93,"column":5}},"type":"if","locations":[{"start":{"line":91,"column":4},"end":{"line":93,"column":5}},{"start":{"line":91,"column":4},"end":{"line":93,"column":5}}],"line":91},"12":{"loc":{"start":{"line":91,"column":8},"end":{"line":91,"column":87}},"type":"binary-expr","locations":[{"start":{"line":91,"column":8},"end":{"line":91,"column":26}},{"start":{"line":91,"column":30},"end":{"line":91,"column":48}},{"start":{"line":91,"column":52},"end":{"line":91,"column":67}},{"start":{"line":91,"column":71},"end":{"line":91,"column":87}}],"line":91},"13":{"loc":{"start":{"line":122,"column":10},"end":{"line":122,"column":90}},"type":"if","locations":[{"start":{"line":122,"column":10},"end":{"line":122,"column":90}},{"start":{"line":122,"column":10},"end":{"line":122,"column":90}}],"line":122},"14":{"loc":{"start":{"line":123,"column":10},"end":{"line":123,"column":81}},"type":"if","locations":[{"start":{"line":123,"column":10},"end":{"line":123,"column":81}},{"start":{"line":123,"column":10},"end":{"line":123,"column":81}}],"line":123},"15":{"loc":{"start":{"line":124,"column":10},"end":{"line":124,"column":81}},"type":"if","locations":[{"start":{"line":124,"column":10},"end":{"line":124,"column":81}},{"start":{"line":124,"column":10},"end":{"line":124,"column":81}}],"line":124},"16":{"loc":{"start":{"line":132,"column":10},"end":{"line":134,"column":11}},"type":"if","locations":[{"start":{"line":132,"column":10},"end":{"line":134,"column":11}},{"start":{"line":132,"column":10},"end":{"line":134,"column":11}}],"line":132},"17":{"loc":{"start":{"line":132,"column":14},"end":{"line":132,"column":60}},"type":"binary-expr","locations":[{"start":{"line":132,"column":14},"end":{"line":132,"column":40}},{"start":{"line":132,"column":44},"end":{"line":132,"column":60}}],"line":132},"18":{"loc":{"start":{"line":136,"column":10},"end":{"line":138,"column":11}},"type":"if","locations":[{"start":{"line":136,"column":10},"end":{"line":138,"column":11}},{"start":{"line":136,"column":10},"end":{"line":138,"column":11}}],"line":136},"19":{"loc":{"start":{"line":142,"column":6},"end":{"line":152,"column":7}},"type":"if","locations":[{"start":{"line":142,"column":6},"end":{"line":152,"column":7}},{"start":{"line":142,"column":6},"end":{"line":152,"column":7}}],"line":142},"20":{"loc":{"start":{"line":148,"column":10},"end":{"line":148,"column":91}},"type":"if","locations":[{"start":{"line":148,"column":10},"end":{"line":148,"column":91}},{"start":{"line":148,"column":10},"end":{"line":148,"column":91}}],"line":148},"21":{"loc":{"start":{"line":163,"column":6},"end":{"line":163,"column":87}},"type":"if","locations":[{"start":{"line":163,"column":6},"end":{"line":163,"column":87}},{"start":{"line":163,"column":6},"end":{"line":163,"column":87}}],"line":163},"22":{"loc":{"start":{"line":166,"column":6},"end":{"line":166,"column":94}},"type":"if","locations":[{"start":{"line":166,"column":6},"end":{"line":166,"column":94}},{"start":{"line":166,"column":6},"end":{"line":166,"column":94}}],"line":166},"23":{"loc":{"start":{"line":169,"column":6},"end":{"line":169,"column":87}},"type":"if","locations":[{"start":{"line":169,"column":6},"end":{"line":169,"column":87}},{"start":{"line":169,"column":6},"end":{"line":169,"column":87}}],"line":169}},"s":{"0":1,"1":1,"2":0,"3":0,"4":0,"5":0,"6":0,"7":0,"8":0,"9":0,"10":0,"11":0,"12":0,"13":0,"14":0,"15":0,"16":0,"17":0,"18":0,"19":1,"20":43,"21":43,"22":0,"23":0,"24":0,"25":1,"26":1,"27":1,"28":1,"29":1,"30":1,"31":1,"32":1,"33":1,"34":1,"35":1,"36":1,"37":1,"38":1,"39":7,"40":1,"41":1,"42":1,"43":1,"44":1,"45":1,"46":1,"47":1,"48":1,"49":1,"50":1,"51":1,"52":1,"53":1,"54":1,"55":1,"56":1,"57":1,"58":1,"59":38,"60":38,"61":1,"62":43,"63":43,"64":43,"65":43,"66":43,"67":43,"68":1,"69":42,"70":1,"71":41,"72":1,"73":40,"74":40,"75":40,"76":40,"77":40,"78":40,"79":40,"80":40,"81":40,"82":40,"83":3,"84":3,"85":3,"86":0,"87":0,"88":0,"89":0,"90":0,"91":0,"92":0,"93":40,"94":40,"95":0,"96":40,"97":0,"98":37,"99":37,"100":37,"101":37,"102":37,"103":37,"104":0,"105":0,"106":3,"107":3,"108":3,"109":2,"110":1,"111":1,"112":0,"113":1,"114":1,"115":1,"116":0,"117":1},"f":{"0":1,"1":0,"2":43,"3":7,"4":38,"5":43,"6":40,"7":37,"8":0,"9":0,"10":3,"11":3,"12":0},"b":{"0":[0,0],"1":[0,0],"2":[0,0],"3":[0,0],"4":[0,0],"5":[43,0],"6":[0,0],"7":[4,3],"8":[7,7],"9":[1,42],"10":[1,41],"11":[1,40],"12":[41,40,40,40],"13":[3,0],"14":[0,0],"15":[0,0],"16":[0,40],"17":[40,3],"18":[0,40],"19":[37,0],"20":[37,0],"21":[2,1],"22":[0,1],"23":[1,0]},"_coverageSchema":"d34fc3e6b8297bcde183f5492bcb8fcb36775295","hash":"0b56d4464b3b6046ed0c33cca44a7ca0e1083116","contentHash":"79dd31e1e23103592eb13de76eda5fd9"},"/home/somto/1Projects/mentorship project/StackOverflow-lite/server/server/models/index.js":{"path":"/home/somto/1Projects/mentorship project/StackOverflow-lite/server/server/models/index.js","statementMap":{"0":{"start":{"line":3,"column":0},"end":{"line":5,"column":3}},"1":{"start":{"line":7,"column":12},"end":{"line":7,"column":29}},"2":{"start":{"line":9,"column":13},"end":{"line":9,"column":42}},"3":{"start":{"line":11,"column":16},"end":{"line":11,"column":37}},"4":{"start":{"line":13,"column":17},"end":{"line":13,"column":50}},"5":{"start":{"line":15,"column":14},"end":{"line":15,"column":33}},"6":{"start":{"line":17,"column":15},"end":{"line":17,"column":46}},"7":{"start":{"line":19,"column":39},"end":{"line":19,"column":93}},"8":{"start":{"line":21,"column":13},"end":{"line":21,"column":93}},"9":{"start":{"line":23,"column":0},"end":{"line":23,"column":25}}},"fnMap":{"0":{"name":"_interopRequireDefault","decl":{"start":{"line":19,"column":9},"end":{"line":19,"column":31}},"loc":{"start":{"line":19,"column":37},"end":{"line":19,"column":95}},"line":19}},"branchMap":{"0":{"loc":{"start":{"line":19,"column":46},"end":{"line":19,"column":92}},"type":"cond-expr","locations":[{"start":{"line":19,"column":70},"end":{"line":19,"column":73}},{"start":{"line":19,"column":76},"end":{"line":19,"column":92}}],"line":19},"1":{"loc":{"start":{"line":19,"column":46},"end":{"line":19,"column":67}},"type":"binary-expr","locations":[{"start":{"line":19,"column":46},"end":{"line":19,"column":49}},{"start":{"line":19,"column":53},"end":{"line":19,"column":67}}],"line":19}},"s":{"0":1,"1":1,"2":1,"3":1,"4":1,"5":1,"6":1,"7":3,"8":1,"9":1},"f":{"0":3},"b":{"0":[3,0],"1":[3,3]},"_coverageSchema":"d34fc3e6b8297bcde183f5492bcb8fcb36775295","hash":"4720601ac315c490fb4bc1d93aba26cc3935ca4c","contentHash":"9452ba4a7eed051b1e432923dd23c45b"},"/home/somto/1Projects/mentorship project/StackOverflow-lite/server/server/models/user.js":{"path":"/home/somto/1Projects/mentorship project/StackOverflow-lite/server/server/models/user.js","statementMap":{"0":{"start":{"line":3,"column":0},"end":{"line":5,"column":3}},"1":{"start":{"line":7,"column":13},"end":{"line":7,"column":40}},"2":{"start":{"line":9,"column":14},"end":{"line":9,"column":44}},"3":{"start":{"line":11,"column":39},"end":{"line":11,"column":93}},"4":{"start":{"line":13,"column":11},"end":{"line":62,"column":1}},"5":{"start":{"line":16,"column":25},"end":{"line":19,"column":5}},"6":{"start":{"line":22,"column":4},"end":{"line":22,"column":48}},"7":{"start":{"line":26,"column":25},"end":{"line":29,"column":5}},"8":{"start":{"line":32,"column":4},"end":{"line":32,"column":48}},"9":{"start":{"line":35,"column":14},"end":{"line":35,"column":40}},"10":{"start":{"line":36,"column":25},"end":{"line":41,"column":5}},"11":{"start":{"line":44,"column":4},"end":{"line":44,"column":48}},"12":{"start":{"line":47,"column":25},"end":{"line":47,"column":31}},"13":{"start":{"line":48,"column":4},"end":{"line":57,"column":5}},"14":{"start":{"line":49,"column":6},"end":{"line":51,"column":8}},"15":{"start":{"line":53,"column":6},"end":{"line":56,"column":8}},"16":{"start":{"line":60,"column":4},"end":{"line":60,"column":48}},"17":{"start":{"line":64,"column":0},"end":{"line":64,"column":23}}},"fnMap":{"0":{"name":"_interopRequireDefault","decl":{"start":{"line":11,"column":9},"end":{"line":11,"column":31}},"loc":{"start":{"line":11,"column":37},"end":{"line":11,"column":95}},"line":11},"1":{"name":"create","decl":{"start":{"line":14,"column":19},"end":{"line":14,"column":25}},"loc":{"start":{"line":14,"column":32},"end":{"line":23,"column":3}},"line":14},"2":{"name":"findAll","decl":{"start":{"line":24,"column":20},"end":{"line":24,"column":27}},"loc":{"start":{"line":24,"column":30},"end":{"line":33,"column":3}},"line":24},"3":{"name":"findOne","decl":{"start":{"line":34,"column":20},"end":{"line":34,"column":27}},"loc":{"start":{"line":34,"column":34},"end":{"line":45,"column":3}},"line":34},"4":{"name":"destroy","decl":{"start":{"line":46,"column":20},"end":{"line":46,"column":27}},"loc":{"start":{"line":46,"column":34},"end":{"line":61,"column":3}},"line":46}},"branchMap":{"0":{"loc":{"start":{"line":11,"column":46},"end":{"line":11,"column":92}},"type":"cond-expr","locations":[{"start":{"line":11,"column":70},"end":{"line":11,"column":73}},{"start":{"line":11,"column":76},"end":{"line":11,"column":92}}],"line":11},"1":{"loc":{"start":{"line":11,"column":46},"end":{"line":11,"column":67}},"type":"binary-expr","locations":[{"start":{"line":11,"column":46},"end":{"line":11,"column":49}},{"start":{"line":11,"column":53},"end":{"line":11,"column":67}}],"line":11},"2":{"loc":{"start":{"line":48,"column":4},"end":{"line":57,"column":5}},"type":"if","locations":[{"start":{"line":48,"column":4},"end":{"line":57,"column":5}},{"start":{"line":48,"column":4},"end":{"line":57,"column":5}}],"line":48},"3":{"loc":{"start":{"line":48,"column":8},"end":{"line":48,"column":36}},"type":"binary-expr","locations":[{"start":{"line":48,"column":8},"end":{"line":48,"column":22}},{"start":{"line":48,"column":26},"end":{"line":48,"column":36}}],"line":48}},"s":{"0":1,"1":1,"2":1,"3":1,"4":1,"5":45,"6":45,"7":40,"8":40,"9":3,"10":3,"11":3,"12":50,"13":50,"14":48,"15":2,"16":50,"17":1},"f":{"0":1,"1":45,"2":40,"3":3,"4":50},"b":{"0":[1,0],"1":[1,1],"2":[48,2],"3":[50,48]},"_coverageSchema":"d34fc3e6b8297bcde183f5492bcb8fcb36775295","hash":"ec2234f5ab63e5357fa01efb20ec8f49226e5912","contentHash":"464b35d8fa0ba22708962dd1a06800bb"},"/home/somto/1Projects/mentorship project/StackOverflow-lite/server/server/models/database/query.js":{"path":"/home/somto/1Projects/mentorship project/StackOverflow-lite/server/server/models/database/query.js","statementMap":{"0":{"start":{"line":3,"column":0},"end":{"line":5,"column":3}},"1":{"start":{"line":7,"column":20},"end":{"line":7,"column":45}},"2":{"start":{"line":9,"column":21},"end":{"line":9,"column":58}},"3":{"start":{"line":11,"column":39},"end":{"line":11,"column":93}},"4":{"start":{"line":13,"column":11},"end":{"line":13,"column":40}},"5":{"start":{"line":14,"column":11},"end":{"line":14,"column":18}},"6":{"start":{"line":17,"column":12},"end":{"line":19,"column":1}},"7":{"start":{"line":18,"column":2},"end":{"line":18,"column":36}},"8":{"start":{"line":21,"column":0},"end":{"line":21,"column":24}}},"fnMap":{"0":{"name":"_interopRequireDefault","decl":{"start":{"line":11,"column":9},"end":{"line":11,"column":31}},"loc":{"start":{"line":11,"column":37},"end":{"line":11,"column":95}},"line":11},"1":{"name":"query","decl":{"start":{"line":17,"column":21},"end":{"line":17,"column":26}},"loc":{"start":{"line":17,"column":43},"end":{"line":19,"column":1}},"line":17}},"branchMap":{"0":{"loc":{"start":{"line":11,"column":46},"end":{"line":11,"column":92}},"type":"cond-expr","locations":[{"start":{"line":11,"column":70},"end":{"line":11,"column":73}},{"start":{"line":11,"column":76},"end":{"line":11,"column":92}}],"line":11},"1":{"loc":{"start":{"line":11,"column":46},"end":{"line":11,"column":67}},"type":"binary-expr","locations":[{"start":{"line":11,"column":46},"end":{"line":11,"column":49}},{"start":{"line":11,"column":53},"end":{"line":11,"column":67}}],"line":11}},"s":{"0":1,"1":1,"2":1,"3":1,"4":1,"5":1,"6":1,"7":291,"8":1},"f":{"0":1,"1":291},"b":{"0":[1,0],"1":[1,1]},"_coverageSchema":"d34fc3e6b8297bcde183f5492bcb8fcb36775295","hash":"370028b8fe21ef3ec5ae231384ae2204eb13023e","contentHash":"4471fd497af97959955c615e15667327"},"/home/somto/1Projects/mentorship project/StackOverflow-lite/server/server/models/database/dbConnection.js":{"path":"/home/somto/1Projects/mentorship project/StackOverflow-lite/server/server/models/database/dbConnection.js","statementMap":{"0":{"start":{"line":3,"column":0},"end":{"line":5,"column":3}},"1":{"start":{"line":7,"column":10},"end":{"line":7,"column":23}},"2":{"start":{"line":9,"column":11},"end":{"line":9,"column":38}},"3":{"start":{"line":11,"column":14},"end":{"line":11,"column":49}},"4":{"start":{"line":13,"column":15},"end":{"line":13,"column":46}},"5":{"start":{"line":15,"column":39},"end":{"line":15,"column":93}},"6":{"start":{"line":17,"column":10},"end":{"line":17,"column":30}},"7":{"start":{"line":18,"column":11},"end":{"line":18,"column":28}},"8":{"start":{"line":19,"column":13},"end":{"line":19,"column":32}},"9":{"start":{"line":22,"column":23},"end":{"line":22,"column":29}},"10":{"start":{"line":24,"column":0},"end":{"line":30,"column":1}},"11":{"start":{"line":25,"column":2},"end":{"line":25,"column":73}},"12":{"start":{"line":26,"column":7},"end":{"line":30,"column":1}},"13":{"start":{"line":27,"column":2},"end":{"line":27,"column":79}},"14":{"start":{"line":29,"column":2},"end":{"line":29,"column":80}},"15":{"start":{"line":35,"column":11},"end":{"line":35,"column":59}},"16":{"start":{"line":41,"column":13},"end":{"line":41,"column":63}},"17":{"start":{"line":43,"column":18},"end":{"line":43,"column":48}},"18":{"start":{"line":45,"column":0},"end":{"line":45,"column":30}}},"fnMap":{"0":{"name":"_interopRequireDefault","decl":{"start":{"line":15,"column":9},"end":{"line":15,"column":31}},"loc":{"start":{"line":15,"column":37},"end":{"line":15,"column":95}},"line":15}},"branchMap":{"0":{"loc":{"start":{"line":15,"column":46},"end":{"line":15,"column":92}},"type":"cond-expr","locations":[{"start":{"line":15,"column":70},"end":{"line":15,"column":73}},{"start":{"line":15,"column":76},"end":{"line":15,"column":92}}],"line":15},"1":{"loc":{"start":{"line":15,"column":46},"end":{"line":15,"column":67}},"type":"binary-expr","locations":[{"start":{"line":15,"column":46},"end":{"line":15,"column":49}},{"start":{"line":15,"column":53},"end":{"line":15,"column":67}}],"line":15},"2":{"loc":{"start":{"line":24,"column":0},"end":{"line":30,"column":1}},"type":"if","locations":[{"start":{"line":24,"column":0},"end":{"line":30,"column":1}},{"start":{"line":24,"column":0},"end":{"line":30,"column":1}}],"line":24},"3":{"loc":{"start":{"line":26,"column":7},"end":{"line":30,"column":1}},"type":"if","locations":[{"start":{"line":26,"column":7},"end":{"line":30,"column":1}},{"start":{"line":26,"column":7},"end":{"line":30,"column":1}}],"line":26}},"s":{"0":1,"1":1,"2":1,"3":1,"4":1,"5":2,"6":1,"7":1,"8":1,"9":1,"10":1,"11":1,"12":0,"13":0,"14":0,"15":1,"16":1,"17":1,"18":1},"f":{"0":2},"b":{"0":[0,2],"1":[2,2],"2":[1,0],"3":[0,0]},"_coverageSchema":"d34fc3e6b8297bcde183f5492bcb8fcb36775295","hash":"4ec52daa1c5f632737b8e4df8e859863674e3ba8","contentHash":"89b8a59d4f6b6be1fbdd81a26b1be94b"},"/home/somto/1Projects/mentorship project/StackOverflow-lite/server/server/models/question.js":{"path":"/home/somto/1Projects/mentorship project/StackOverflow-lite/server/server/models/question.js","statementMap":{"0":{"start":{"line":3,"column":0},"end":{"line":5,"column":3}},"1":{"start":{"line":7,"column":13},"end":{"line":7,"column":40}},"2":{"start":{"line":9,"column":14},"end":{"line":9,"column":44}},"3":{"start":{"line":11,"column":39},"end":{"line":11,"column":93}},"4":{"start":{"line":13,"column":15},"end":{"line":82,"column":1}},"5":{"start":{"line":16,"column":25},"end":{"line":19,"column":5}},"6":{"start":{"line":22,"column":4},"end":{"line":22,"column":48}},"7":{"start":{"line":25,"column":25},"end":{"line":25,"column":31}},"8":{"start":{"line":26,"column":4},"end":{"line":51,"column":5}},"9":{"start":{"line":27,"column":6},"end":{"line":30,"column":8}},"10":{"start":{"line":31,"column":11},"end":{"line":51,"column":5}},"11":{"start":{"line":32,"column":16},"end":{"line":32,"column":42}},"12":{"start":{"line":34,"column":6},"end":{"line":38,"column":8}},"13":{"start":{"line":39,"column":11},"end":{"line":51,"column":5}},"14":{"start":{"line":40,"column":6},"end":{"line":43,"column":8}},"15":{"start":{"line":44,"column":11},"end":{"line":51,"column":5}},"16":{"start":{"line":45,"column":17},"end":{"line":45,"column":43}},"17":{"start":{"line":46,"column":6},"end":{"line":50,"column":8}},"18":{"start":{"line":53,"column":4},"end":{"line":53,"column":48}},"19":{"start":{"line":57,"column":25},"end":{"line":61,"column":5}},"20":{"start":{"line":64,"column":4},"end":{"line":64,"column":48}},"21":{"start":{"line":67,"column":25},"end":{"line":67,"column":31}},"22":{"start":{"line":68,"column":4},"end":{"line":77,"column":5}},"23":{"start":{"line":69,"column":6},"end":{"line":71,"column":8}},"24":{"start":{"line":73,"column":6},"end":{"line":76,"column":8}},"25":{"start":{"line":80,"column":4},"end":{"line":80,"column":48}},"26":{"start":{"line":84,"column":0},"end":{"line":84,"column":27}}},"fnMap":{"0":{"name":"_interopRequireDefault","decl":{"start":{"line":11,"column":9},"end":{"line":11,"column":31}},"loc":{"start":{"line":11,"column":37},"end":{"line":11,"column":95}},"line":11},"1":{"name":"create","decl":{"start":{"line":14,"column":19},"end":{"line":14,"column":25}},"loc":{"start":{"line":14,"column":32},"end":{"line":23,"column":3}},"line":14},"2":{"name":"findAll","decl":{"start":{"line":24,"column":20},"end":{"line":24,"column":27}},"loc":{"start":{"line":24,"column":34},"end":{"line":54,"column":3}},"line":24},"3":{"name":"findById","decl":{"start":{"line":55,"column":21},"end":{"line":55,"column":29}},"loc":{"start":{"line":55,"column":34},"end":{"line":65,"column":3}},"line":55},"4":{"name":"destroy","decl":{"start":{"line":66,"column":20},"end":{"line":66,"column":27}},"loc":{"start":{"line":66,"column":34},"end":{"line":81,"column":3}},"line":66}},"branchMap":{"0":{"loc":{"start":{"line":11,"column":46},"end":{"line":11,"column":92}},"type":"cond-expr","locations":[{"start":{"line":11,"column":70},"end":{"line":11,"column":73}},{"start":{"line":11,"column":76},"end":{"line":11,"column":92}}],"line":11},"1":{"loc":{"start":{"line":11,"column":46},"end":{"line":11,"column":67}},"type":"binary-expr","locations":[{"start":{"line":11,"column":46},"end":{"line":11,"column":49}},{"start":{"line":11,"column":53},"end":{"line":11,"column":67}}],"line":11},"2":{"loc":{"start":{"line":26,"column":4},"end":{"line":51,"column":5}},"type":"if","locations":[{"start":{"line":26,"column":4},"end":{"line":51,"column":5}},{"start":{"line":26,"column":4},"end":{"line":51,"column":5}}],"line":26},"3":
[...]
212,"column":11}},"type":"if","locations":[{"start":{"line":210,"column":10},"end":{"line":212,"column":11}},{"start":{"line":210,"column":10},"end":{"line":212,"column":11}}],"line":210}},"s":{"0":1,"1":1,"2":1,"3":1,"4":1,"5":1,"6":1,"7":1,"8":1,"9":1,"10":1,"11":1,"12":1,"13":1,"14":7,"15":1,"16":1,"17":1,"18":1,"19":1,"20":1,"21":1,"22":1,"23":1,"24":1,"25":1,"26":1,"27":18,"28":18,"29":18,"30":1,"31":1,"32":1,"33":1,"34":1,"35":1,"36":1,"37":1,"38":1,"39":1,"40":1,"41":1,"42":1,"43":1,"44":1,"45":1,"46":1,"47":1,"48":1,"49":1,"50":1,"51":1,"52":1,"53":1,"54":1,"55":1,"56":1,"57":1,"58":1,"59":1,"60":1,"61":1,"62":1,"63":1,"64":1,"65":1,"66":1,"67":1,"68":1,"69":1,"70":1,"71":1,"72":1,"73":1,"74":1,"75":1,"76":1,"77":1,"78":1,"79":1,"80":1,"81":1,"82":1,"83":1,"84":1,"85":1,"86":1,"87":1,"88":1,"89":1,"90":1,"91":1,"92":1,"93":1,"94":1,"95":1,"96":1,"97":1,"98":1,"99":1,"100":1,"101":1,"102":1,"103":1,"104":1,"105":1,"106":1,"107":1,"108":1,"109":1,"110":1,"111":1,"112":1,"113":1,"114":1,"115":1,"116":1,"117":1,"118":1,"119":1,"120":1,"121":1,"122":1,"123":1,"124":1,"125":1,"126":1,"127":1,"128":1,"129":1,"130":1,"131":1,"132":1,"133":1,"134":1,"135":1,"136":1,"137":1,"138":1,"139":1,"140":1,"141":1,"142":1,"143":1,"144":1,"145":1,"146":1,"147":1,"148":1,"149":1,"150":1,"151":1,"152":1,"153":1,"154":1,"155":1,"156":1,"157":1,"158":1,"159":1,"160":1,"161":1,"162":1,"163":1,"164":1,"165":1,"166":1,"167":1,"168":1,"169":1,"170":1,"171":1,"172":1,"173":1,"174":1,"175":1,"176":1,"177":1,"178":1,"179":1,"180":1,"181":1,"182":1,"183":1,"184":1,"185":1,"186":1,"187":1,"188":1,"189":1,"190":1,"191":1,"192":1,"193":1,"194":1,"195":1,"196":1,"197":1,"198":1,"199":1,"200":1,"201":1},"f":{"0":7,"1":1,"2":18,"3":18,"4":1,"5":1,"6":1,"7":1,"8":1,"9":1,"10":1,"11":1,"12":1,"13":1,"14":1,"15":1,"16":1,"17":1,"18":1,"19":1,"20":1,"21":1,"22":1,"23":1,"24":1,"25":1,"26":1,"27":1,"28":1,"29":1,"30":1,"31":1,"32":1,"33":1,"34":1,"35":1,"36":1,"37":1,"38":1,"39":1,"40":1,"41":1,"42":1,"43":1,"44":1,"45":1,"46":1,"47":1,"48":1,"49":1,"50":1,"51":1,"52":1,"53":1,"54":1,"55":1,"56":1,"57":1,"58":1,"59":1,"60":1,"61":1,"62":1,"63":1,"64":1,"65":1,"66":1,"67":1,"68":1,"69":1,"70":1},"b":{"0":[3,4],"1":[7,7],"2":[1,0]},"_coverageSchema":"d34fc3e6b8297bcde183f5492bcb8fcb36775295","hash":"18d9a157ed7ef279f8c0c148dcf9007eec664804","contentHash":"1fb569dcd4b6c54b736966124cd57943"},"/home/somto/1Projects/mentorship project/StackOverflow-lite/server/test/users-spec.js":{"path":"/home/somto/1Projects/mentorship project/StackOverflow-lite/server/test/users-spec.js","statementMap":{"0":{"start":{"line":3,"column":12},"end":{"line":3,"column":27}},"1":{"start":{"line":5,"column":13},"end":{"line":5,"column":42}},"2":{"start":{"line":7,"column":17},"end":{"line":7,"column":37}},"3":{"start":{"line":9,"column":18},"end":{"line":9,"column":52}},"4":{"start":{"line":11,"column":12},"end":{"line":11,"column":27}},"5":{"start":{"line":13,"column":13},"end":{"line":13,"column":42}},"6":{"start":{"line":15,"column":16},"end":{"line":15,"column":36}},"7":{"start":{"line":17,"column":17},"end":{"line":17,"column":50}},"8":{"start":{"line":19,"column":11},"end":{"line":19,"column":28}},"9":{"start":{"line":21,"column":12},"end":{"line":21,"column":40}},"10":{"start":{"line":23,"column":14},"end":{"line":23,"column":41}},"11":{"start":{"line":25,"column":15},"end":{"line":25,"column":46}},"12":{"start":{"line":27,"column":18},"end":{"line":27,"column":52}},"13":{"start":{"line":29,"column":19},"end":{"line":29,"column":54}},"14":{"start":{"line":31,"column":39},"end":{"line":31,"column":93}},"15":{"start":{"line":33,"column":0},"end":{"line":33,"column":30}},"16":{"start":{"line":35,"column":0},"end":{"line":35,"column":24}},"17":{"start":{"line":36,"column":0},"end":{"line":36,"column":39}},"18":{"start":{"line":37,"column":14},"end":{"line":37,"column":53}},"19":{"start":{"line":38,"column":11},"end":{"line":38,"column":34}},"20":{"start":{"line":39,"column":11},"end":{"line":39,"column":18}},"21":{"start":{"line":43,"column":12},"end":{"line":43,"column":45}},"22":{"start":{"line":44,"column":17},"end":{"line":44,"column":25}},"23":{"start":{"line":47,"column":0},"end":{"line":247,"column":3}},"24":{"start":{"line":48,"column":2},"end":{"line":53,"column":5}},"25":{"start":{"line":50,"column":4},"end":{"line":52,"column":7}},"26":{"start":{"line":51,"column":6},"end":{"line":51,"column":20}},"27":{"start":{"line":55,"column":2},"end":{"line":246,"column":5}},"28":{"start":{"line":56,"column":4},"end":{"line":63,"column":7}},"29":{"start":{"line":57,"column":6},"end":{"line":62,"column":9}},"30":{"start":{"line":58,"column":8},"end":{"line":58,"column":36}},"31":{"start":{"line":59,"column":8},"end":{"line":59,"column":39}},"32":{"start":{"line":60,"column":8},"end":{"line":60,"column":73}},"33":{"start":{"line":61,"column":8},"end":{"line":61,"column":15}},"34":{"start":{"line":65,"column":4},"end":{"line":87,"column":7}},"35":{"start":{"line":66,"column":6},"end":{"line":86,"column":9}},"36":{"start":{"line":67,"column":8},"end":{"line":67,"column":36}},"37":{"start":{"line":68,"column":8},"end":{"line":68,"column":39}},"38":{"start":{"line":69,"column":8},"end":{"line":69,"column":71}},"39":{"start":{"line":70,"column":8},"end":{"line":70,"column":70}},"40":{"start":{"line":71,"column":8},"end":{"line":71,"column":70}},"41":{"start":{"line":72,"column":8},"end":{"line":72,"column":70}},"42":{"start":{"line":73,"column":8},"end":{"line":73,"column":76}},"43":{"start":{"line":74,"column":8},"end":{"line":74,"column":83}},"44":{"start":{"line":75,"column":8},"end":{"line":75,"column":65}},"45":{"start":{"line":76,"column":8},"end":{"line":76,"column":69}},"46":{"start":{"line":77,"column":8},"end":{"line":77,"column":85}},"47":{"start":{"line":78,"column":8},"end":{"line":78,"column":56}},"48":{"start":{"line":79,"column":8},"end":{"line":79,"column":67}},"49":{"start":{"line":82,"column":8},"end":{"line":84,"column":9}},"50":{"start":{"line":83,"column":10},"end":{"line":83,"column":53}},"51":{"start":{"line":85,"column":8},"end":{"line":85,"column":15}},"52":{"start":{"line":89,"column":4},"end":{"line":107,"column":7}},"53":{"start":{"line":90,"column":6},"end":{"line":106,"column":9}},"54":{"start":{"line":91,"column":8},"end":{"line":91,"column":36}},"55":{"start":{"line":92,"column":8},"end":{"line":92,"column":39}},"56":{"start":{"line":93,"column":8},"end":{"line":93,"column":71}},"57":{"start":{"line":94,"column":8},"end":{"line":94,"column":70}},"58":{"start":{"line":95,"column":8},"end":{"line":95,"column":70}},"59":{"start":{"line":96,"column":8},"end":{"line":96,"column":71}},"60":{"start":{"line":97,"column":8},"end":{"line":97,"column":77}},"61":{"start":{"line":98,"column":8},"end":{"line":98,"column":83}},"62":{"start":{"line":99,"column":8},"end":{"line":99,"column":65}},"63":{"start":{"line":100,"column":8},"end":{"line":100,"column":69}},"64":{"start":{"line":101,"column":8},"end":{"line":101,"column":64}},"65":{"start":{"line":102,"column":8},"end":{"line":102,"column":56}},"66":{"start":{"line":103,"column":8},"end":{"line":103,"column":67}},"67":{"start":{"line":105,"column":8},"end":{"line":105,"column":15}},"68":{"start":{"line":109,"column":4},"end":{"line":117,"column":7}},"69":{"start":{"line":110,"column":6},"end":{"line":116,"column":9}},"70":{"start":{"line":111,"column":8},"end":{"line":111,"column":36}},"71":{"start":{"line":112,"column":8},"end":{"line":112,"column":39}},"72":{"start":{"line":113,"column":8},"end":{"line":113,"column":94}},"73":{"start":{"line":114,"column":8},"end":{"line":114,"column":57}},"74":{"start":{"line":115,"column":8},"end":{"line":115,"column":15}},"75":{"start":{"line":119,"column":4},"end":{"line":127,"column":7}},"76":{"start":{"line":120,"column":6},"end":{"line":126,"column":9}},"77":{"start":{"line":121,"column":8},"end":{"line":121,"column":36}},"78":{"start":{"line":122,"column":8},"end":{"line":122,"column":39}},"79":{"start":{"line":123,"column":8},"end":{"line":123,"column":90}},"80":{"start":{"line":124,"column":8},"end":{"line":124,"column":57}},"81":{"start":{"line":125,"column":8},"end":{"line":125,"column":15}},"82":{"start":{"line":129,"column":4},"end":{"line":149,"column":7}},"83":{"start":{"line":130,"column":6},"end":{"line":148,"column":9}},"84":{"start":{"line":142,"column":8},"end":{"line":147,"column":11}},"85":{"start":{"line":143,"column":10},"end":{"line":143,"column":38}},"86":{"start":{"line":144,"column":10},"end":{"line":144,"column":41}},"87":{"start":{"line":145,"column":10},"end":{"line":145,"column":82}},"88":{"start":{"line":146,"column":10},"end":{"line":146,"column":17}},"89":{"start":{"line":151,"column":4},"end":{"line":171,"column":7}},"90":{"start":{"line":152,"column":6},"end":{"line":170,"column":9}},"91":{"start":{"line":164,"column":8},"end":{"line":169,"column":11}},"92":{"start":{"line":165,"column":10},"end":{"line":165,"column":38}},"93":{"start":{"line":166,"column":10},"end":{"line":166,"column":41}},"94":{"start":{"line":167,"column":10},"end":{"line":167,"column":82}},"95":{"start":{"line":168,"column":10},"end":{"line":168,"column":17}},"96":{"start":{"line":173,"column":4},"end":{"line":193,"column":7}},"97":{"start":{"line":174,"column":6},"end":{"line":192,"column":9}},"98":{"start":{"line":186,"column":8},"end":{"line":191,"column":11}},"99":{"start":{"line":187,"column":10},"end":{"line":187,"column":38}},"100":{"start":{"line":188,"column":10},"end":{"line":188,"column":41}},"101":{"start":{"line":189,"column":10},"end":{"line":189,"column":82}},"102":{"start":{"line":190,"column":10},"end":{"line":190,"column":17}},"103":{"start":{"line":195,"column":4},"end":{"line":215,"column":7}},"104":{"start":{"line":196,"column":6},"end":{"line":214,"column":9}},"105":{"start":{"line":208,"column":8},"end":{"line":213,"column":11}},"106":{"start":{"line":209,"column":10},"end":{"line":209,"column":38}},"107":{"start":{"line":210,"column":10},"end":{"line":210,"column":41}},"108":{"start":{"line":211,"column":10},"end":{"line":211,"column":70}},"109":{"start":{"line":212,"column":10},"end":{"line":212,"column":17}},"110":{"start":{"line":217,"column":4},"end":{"line":226,"column":7}},"111":{"start":{"line":218,"column":6},"end":{"line":225,"column":9}},"112":{"start":{"line":219,"column":8},"end":{"line":224,"column":11}},"113":{"start":{"line":220,"column":10},"end":{"line":220,"column":38}},"114":{"start":{"line":221,"column":10},"end":{"line":221,"column":41}},"115":{"start":{"line":222,"column":10},"end":{"line":222,"column":70}},"116":{"start":{"line":223,"column":10},"end":{"line":223,"column":17}},"117":{"start":{"line":228,"column":4},"end":{"line":245,"column":7}},"118":{"start":{"line":229,"column":6},"end":{"line":244,"column":9}},"119":{"start":{"line":230,"column":8},"end":{"line":243,"column":11}},"120":{"start":{"line":231,"column":10},"end":{"line":231,"column":38}},"121":{"start":{"line":232,"column":10},"end":{"line":232,"column":41}},"122":{"start":{"line":233,"column":10},"end":{"line":233,"column":51}},"123":{"start":{"line":234,"column":10},"end":{"line":234,"column":72}},"124":{"start":{"line":235,"column":10},"end":{"line":235,"column":72}},"125":{"start":{"line":236,"column":10},"end":{"line":236,"column":73}},"126":{"start":{"line":237,"column":10},"end":{"line":237,"column":78}},"127":{"start":{"line":238,"column":10},"end":{"line":238,"column":85}},"128":{"start":{"line":239,"column":10},"end":{"line":239,"column":66}},"129":{"start":{"line":240,"column":10},"end":{"line":240,"column":58}},"130":{"start":{"line":241,"column":10},"end":{"line":241,"column":69}},"131":{"start":{"line":242,"column":10},"end":{"line":242,"column":17}}},"fnMap":{"0":{"name":"_interopRequireDefault","decl":{"start":{"line":31,"column":9},"end":{"line":31,"column":31}},"loc":{"start":{"line":31,"column":37},"end":{"line":31,"column":95}},"line":31},"1":{"name":"(anonymous_1)","decl":{"start":{"line":47,"column":18},"end":{"line":47,"column":19}},"loc":{"start":{"line":47,"column":30},"end":{"line":247,"column":1}},"line":47},"2":{"name":"(anonymous_2)","decl":{"start":{"line":48,"column":13},"end":{"line":48,"column":14}},"loc":{"start":{"line":48,"column":29},"end":{"line":53,"column":3}},"line":48},"3":{"name":"(anonymous_3)","decl":{"start":{"line":50,"column":50},"end":{"line":50,"column":51}},"loc":{"start":{"line":50,"column":62},"end":{"line":52,"column":5}},"line":50},"4":{"name":"(anonymous_4)","decl":{"start":{"line":55,"column":25},"end":{"line":55,"column":26}},"loc":{"start":{"line":55,"column":37},"end":{"line":246,"column":3}},"line":55},"5":{"name":"(anonymous_5)","decl":{"start":{"line":56,"column":86},"end":{"line":56,"column":87}},"loc":{"start":{"line":56,"column":102},"end":{"line":63,"column":5}},"line":56},"6":{"name":"(anonymous_6)","decl":{"start":{"line":57,"column":269},"end":{"line":57,"column":270}},"loc":{"start":{"line":57,"column":289},"end":{"line":62,"column":7}},"line":57},"7":{"name":"(anonymous_7)","decl":{"start":{"line":65,"column":34},"end":{"line":65,"column":35}},"loc":{"start":{"line":65,"column":50},"end":{"line":87,"column":5}},"line":65},"8":{"name":"(anonymous_8)","decl":{"start":{"line":66,"column":327},"end":{"line":66,"column":328}},"loc":{"start":{"line":66,"column":347},"end":{"line":86,"column":7}},"line":66},"9":{"name":"(anonymous_9)","decl":{"start":{"line":89,"column":48},"end":{"line":89,"column":49}},"loc":{"start":{"line":89,"column":64},"end":{"line":107,"column":5}},"line":89},"10":{"name":"(anonymous_10)","decl":{"start":{"line":90,"column":316},"end":{"line":90,"column":317}},"loc":{"start":{"line":90,"column":336},"end":{"line":106,"column":7}},"line":90},"11":{"name":"(anonymous_11)","decl":{"start":{"line":109,"column":71},"end":{"line":109,"column":72}},"loc":{"start":{"line":109,"column":87},"end":{"line":117,"column":5}},"line":109},"12":{"name":"(anonymous_12)","decl":{"start":{"line":110,"column":333},"end":{"line":110,"column":334}},"loc":{"start":{"line":110,"column":353},"end":{"line":116,"column":7}},"line":110},"13":{"name":"(anonymous_13)","decl":{"start":{"line":119,"column":85},"end":{"line":119,"column":86}},"loc":{"start":{"line":119,"column":101},"end":{"line":127,"column":5}},"line":119},"14":{"name":"(anonymous_14)","decl":{"start":{"line":120,"column":334},"end":{"line":120,"column":335}},"loc":{"start":{"line":120,"column":354},"end":{"line":126,"column":7}},"line":120},"15":{"name":"(anonymous_15)","decl":{"start":{"line":129,"column":64},"end":{"line":129,"column":65}},"loc":{"start":{"line":129,"column":80},"end":{"line":149,"column":5}},"line":129},"16":{"name":"(anonymous_16)","decl":{"start":{"line":141,"column":14},"end":{"line":141,"column":15}},"loc":{"start":{"line":141,"column":26},"end":{"line":148,"column":7}},"line":141},"17":{"name":"(anonymous_17)","decl":{"start":{"line":142,"column":318},"end":{"line":142,"column":319}},"loc":{"start":{"line":142,"column":338},"end":{"line":147,"column":9}},"line":142},"18":{"name":"(anonymous_18)","decl":{"start":{"line":151,"column":61},"end":{"line":151,"column":62}},"loc":{"start":{"line":151,"column":77},"end":{"line":171,"column":5}},"line":151},"19":{"name":"(anonymous_19)","decl":{"start":{"line":163,"column":14},"end":{"line":163,"column":15}},"loc":{"start":{"line":163,"column":26},"end":{"line":170,"column":7}},"line":163},"20":{"name":"(anonymous_20)","decl":{"start":{"line":164,"column":319},"end":{"line":164,"column":320}},"loc":{"start":{"line":164,"column":339},"end":{"line":169,"column":9}},"line":164},"21":{"name":"(anonymous_21)","decl":{"start":{"line":173,"column":61},"end":{"line":173,"column":62}},"loc":{"start":{"line":173,"column":77},"end":{"line":193,"column":5}},"line":173},"22":{"name":"(anonymous_22)","decl":{"start":{"line":185,"column":14},"end":{"line":185,"column":15}},"loc":{"start":{"line":185,"column":26},"end":{"line":192,"column":7}},"line":185},"23":{"name":"(anonymous_23)","decl":{"start":{"line":186,"column":318},"end":{"line":186,"column":319}},"loc":{"start":{"line":186,"column":338},"end":{"line":191,"column":9}},"line":186},"24":{"name":"(anonymous_24)","decl":{"start":{"line":195,"column":71},"end":{"line":195,"column":72}},"loc":{"start":{"line":195,"column":87},"end":{"line":215,"column":5}},"line":195},"25":{"name":"(anonymous_25)","decl":{"start":{"line":207,"column":14},"end":{"line":207,"column":15}},"loc":{"start":{"line":207,"column":26},"end":{"line":214,"column":7}},"line":207},"26":{"name":"(anonymous_26)","decl":{"start":{"line":208,"column":87},"end":{"line":208,"column":88}},"loc":{"start":{"line":208,"column":107},"end":{"line":213,"column":9}},"line":208},"27":{"name":"(anonymous_27)","decl":{"start":{"line":217,"column":71},"end":{"line":217,"column":72}},"loc":{"start":{"line":217,"column":87},"end":{"line":226,"column":5}},"line":217},"28":{"name":"(anonymous_28)","decl":{"start":{"line":218,"column":315},"end":{"line":218,"column":316}},"loc":{"start":{"line":218,"column":327},"end":{"line":225,"column":7}},"line":218},"29":{"name":"(anonymous_29)","decl":{"start":{"line":219,"column":87},"end":{"line":219,"column":88}},"loc":{"start":{"line":219,"column":107},"end":{"line":224,"column":9}},"line":219},"30":{"name":"(anonymous_30)","decl":{"start":{"line":228,"column":74},"end":{"line":228,"column":75}},"loc":{"start":{"line":228,"column":90},"end":{"line":245,"column":5}},"line":228},"31":{"name":"(anonymous_31)","decl":{"start":{"line":229,"column":315},"end":{"line":229,"column":316}},"loc":{"start":{"line":229,"column":327},"end":{"line":244,"column":7}},"line":229},"32":{"name":"(anonymous_32)","decl":{"start":{"line":230,"column":91},"end":{"line":230,"column":92}},"loc":{"start":{"line":230,"column":111},"end":{"line":243,"column":9}},"line":230}},"branchMap":{"0":{"loc":{"start":{"line":31,"column":46},"end":{"line":31,"column":92}},"type":"cond-expr","locations":[{"start":{"line":31,"column":70},"end":{"line":31,"column":73}},{"start":{"line":31,"column":76},"end":{"line":31,"column":92}}],"line":31},"1":{"loc":{"start":{"line":31,"column":46},"end":{"line":31,"column":67}},"type":"binary-expr","locations":[{"start":{"line":31,"column":46},"end":{"line":31,"column":49}},{"start":{"line":31,"column":53},"end":{"line":31,"column":67}}],"line":31},"2":{"loc":{"start":{"line":82,"column":8},"end":{"line":84,"column":9}},"type":"if","locations":[{"start":{"line":82,"column":8},"end":{"line":84,"column":9}},{"start":{"line":82,"column":8},"end":{"line":84,"column":9}}],"line":82}},"s":{"0":1,"1":1,"2":1,"3":1,"4":1,"5":1,"6":1,"7":1,"8":1,"9":1,"10":1,"11":1,"12":1,"13":1,"14":7,"15":1,"16":1,"17":1,"18":1,"19":1,"20":1,"21":1,"22":1,"23":1,"24":1,"25":11,"26":11,"27":1,"28":1,"29":1,"30":1,"31":1,"32":1,"33":1,"34":1,"35":1,"36":1,"37":1,"38":1,"39":1,"40":1,"41":1,"42":1,"43":1,"44":1,"45":1,"46":1,"47":1,"48":1,"49":1,"50":1,"51":1,"52":1,"53":1,"54":1,"55":1,"56":1,"57":1,"58":1,"59":1,"60":1,"61":1,"62":1,"63":1,"64":1,"65":1,"66":1,"67":1,"68":1,"69":1,"70":1,"71":1,"72":1,"73":1,"74":1,"75":1,"76":1,"77":1,"78":1,"79":1,"80":1,"81":1,"82":1,"83":1,"84":1,"85":1,"86":1,"87":1,"88":1,"89":1,"90":1,"91":1,"92":1,"93":1,"94":1,"95":1,"96":1,"97":1,"98":1,"99":1,"100":1,"101":1,"102":1,"103":1,"104":1,"105":1,"106":1,"107":1,"108":1,"109":1,"110":1,"111":1,"112":1,"113":1,"114":1,"115":1,"116":1,"117":1,"118":1,"119":1,"120":1,"121":1,"122":1,"123":1,"124":1,"125":1,"126":1,"127":1,"128":1,"129":1,"130":1,"131":1},"f":{"0":7,"1":1,"2":11,"3":11,"4":1,"5":1,"6":1,"7":1,"8":1,"9":1,"10":1,"11":1,"12":1,"13":1,"14":1,"15":1,"16":1,"17":1,"18":1,"19":1,"20":1,"21":1,"22":1,"23":1,"24":1,"25":1,"26":1,"27":1,"28":1,"29":1,"30":1,"31":1,"32":1},"b":{"0":[3,4],"1":[7,7],"2":[1,0]},"_coverageSchema":"d34fc3e6b8297bcde183f5492bcb8fcb36775295","hash":"2c9dfc6b755cfdf2e4227a5f7100f0184e8d2630","contentHash":"a2d291f3bebcc08e9151208a1b9cd9a9"}}