{"/home/somto/1Projects/mentorship project/StackOverflow-lite/server/test/answers-spec.js":{"path":"/home/somto/1Projects/mentorship project/StackOverflow-lite/server/test/answers-spec.js","statementMap":{"0":{"start":{"line":3,"column":12},"end":{"line":3,"column":27}},"1":{"start":{"line":5,"column":13},"end":{"line":5,"column":42}},"2":{"start":{"line":7,"column":17},"end":{"line":7,"column":37}},"3":{"start":{"line":9,"column":18},"end":{"line":9,"column":52}},"4":{"start":{"line":11,"column":16},"end":{"line":11,"column":36}},"5":{"start":{"line":13,"column":17},"end":{"line":13,"column":50}},"6":{"start":{"line":15,"column":11},"end":{"line":15,"column":28}},"7":{"start":{"line":17,"column":12},"end":{"line":17,"column":40}},"8":{"start":{"line":19,"column":14},"end":{"line":19,"column":41}},"9":{"start":{"line":21,"column":15},"end":{"line":21,"column":46}},"10":{"start":{"line":23,"column":23},"end":{"line":23,"column":81}},"11":{"start":{"line":25,"column":24},"end":{"line":25,"column":64}},"12":{"start":{"line":27,"column":39},"end":{"line":27,"column":93}},"13":{"start":{"line":29,"column":33},"end":{"line":29,"column":456}},"14":{"start":{"line":29,"column":64},"end":{"line":29,"column":89}},"15":{"start":{"line":29,"column":91},"end":{"line":29,"column":453}},"16":{"start":{"line":29,"column":165},"end":{"line":29,"column":263}},"17":{"start":{"line":29,"column":182},"end":{"line":29,"column":195}},"18":{"start":{"line":29,"column":209},"end":{"line":29,"column":219}},"19":{"start":{"line":29,"column":239},"end":{"line":29,"column":253}},"20":{"start":{"line":29,"column":254},"end":{"line":29,"column":261}},"21":{"start":{"line":29,"column":264},"end":{"line":29,"column":426}},"22":{"start":{"line":29,"column":281},"end":{"line":29,"column":296}},"23":{"start":{"line":29,"column":306},"end":{"line":29,"column":424}},"24":{"start":{"line":29,"column":360},"end":{"line":29,"column":380}},"25":{"start":{"line":29,"column":401},"end":{"line":29,"column":420}},"26":{"start":{"line":29,"column":429},"end":{"line":29,"column":449}},"27":{"start":{"line":32,"column":0},"end":{"line":32,"column":30}},"28":{"start":{"line":34,"column":0},"end":{"line":34,"column":24}},"29":{"start":{"line":35,"column":0},"end":{"line":35,"column":39}},"30":{"start":{"line":36,"column":14},"end":{"line":36,"column":53}},"31":{"start":{"line":37,"column":11},"end":{"line":37,"column":34}},"32":{"start":{"line":38,"column":11},"end":{"line":38,"column":18}},"33":{"start":{"line":39,"column":12},"end":{"line":39,"column":39}},"34":{"start":{"line":40,"column":15},"end":{"line":40,"column":23}},"35":{"start":{"line":41,"column":12},"end":{"line":41,"column":37}},"36":{"start":{"line":42,"column":13},"end":{"line":42,"column":21}},"37":{"start":{"line":45,"column":12},"end":{"line":45,"column":62}},"38":{"start":{"line":46,"column":29},"end":{"line":46,"column":37}},"39":{"start":{"line":49,"column":0},"end":{"line":527,"column":3}},"40":{"start":{"line":50,"column":2},"end":{"line":57,"column":5}},"41":{"start":{"line":52,"column":4},"end":{"line":52,"column":45}},"42":{"start":{"line":53,"column":4},"end":{"line":53,"column":49}},"43":{"start":{"line":54,"column":4},"end":{"line":56,"column":7}},"44":{"start":{"line":55,"column":6},"end":{"line":55,"column":20}},"45":{"start":{"line":59,"column":2},"end":{"line":216,"column":5}},"46":{"start":{"line":60,"column":4},"end":{"line":72,"column":7}},"47":{"start":{"line":61,"column":6},"end":{"line":71,"column":9}},"48":{"start":{"line":62,"column":8},"end":{"line":70,"column":11}},"49":{"start":{"line":63,"column":10},"end":{"line":69,"column":13}},"50":{"start":{"line":64,"column":12},"end":{"line":64,"column":40}},"51":{"start":{"line":65,"column":12},"end":{"line":65,"column":43}},"52":{"start":{"line":66,"column":12},"end":{"line":66,"column":77}},"53":{"start":{"line":68,"column":12},"end":{"line":68,"column":19}},"54":{"start":{"line":73,"column":4},"end":{"line":128,"column":7}},"55":{"start":{"line":74,"column":6},"end":{"line":127,"column":9}},"56":{"start":{"line":75,"column":8},"end":{"line":126,"column":11}},"57":{"start":{"line":76,"column":10},"end":{"line":125,"column":15}},"58":{"start":{"line":77,"column":24},"end":{"line":120,"column":15}},"59":{"start":{"line":78,"column":14},"end":{"line":119,"column":48}},"60":{"start":{"line":79,"column":16},"end":{"line":118,"column":17}},"61":{"start":{"line":80,"column":18},"end":{"line":117,"column":19}},"62":{"start":{"line":82,"column":22},"end":{"line":82,"column":50}},"63":{"start":{"line":83,"column":22},"end":{"line":83,"column":53}},"64":{"start":{"line":84,"column":22},"end":{"line":84,"column":81}},"65":{"start":{"line":85,"column":22},"end":{"line":85,"column":85}},"66":{"start":{"line":86,"column":22},"end":{"line":86,"column":75}},"67":{"start":{"line":87,"column":22},"end":{"line":87,"column":67}},"68":{"start":{"line":88,"column":22},"end":{"line":88,"column":93}},"69":{"start":{"line":92,"column":22},"end":{"line":95,"column":23}},"70":{"start":{"line":93,"column":24},"end":{"line":93,"column":43}},"71":{"start":{"line":94,"column":24},"end":{"line":94,"column":30}},"72":{"start":{"line":97,"column":22},"end":{"line":97,"column":40}},"73":{"start":{"line":98,"column":22},"end":{"line":98,"column":41}},"74":{"start":{"line":99,"column":22},"end":{"line":99,"column":74}},"75":{"start":{"line":102,"column":22},"end":{"line":102,"column":41}},"76":{"start":{"line":103,"column":22},"end":{"line":103,"column":28}},"77":{"start":{"line":106,"column":22},"end":{"line":106,"column":41}},"78":{"start":{"line":107,"column":22},"end":{"line":107,"column":57}},"79":{"start":{"line":109,"column":22},"end":{"line":109,"column":49}},"80":{"start":{"line":112,"column":22},"end":{"line":112,"column":29}},"81":{"start":{"line":116,"column":22},"end":{"line":116,"column":45}},"82":{"start":{"line":122,"column":12},"end":{"line":124,"column":14}},"83":{"start":{"line":123,"column":14},"end":{"line":123,"column":50}},"84":{"start":{"line":129,"column":4},"end":{"line":145,"column":7}},"85":{"start":{"line":130,"column":6},"end":{"line":144,"column":9}},"86":{"start":{"line":131,"column":8},"end":{"line":143,"column":11}},"87":{"start":{"line":132,"column":10},"end":{"line":142,"column":13}},"88":{"start":{"line":133,"column":12},"end":{"line":133,"column":40}},"89":{"start":{"line":134,"column":12},"end":{"line":134,"column":43}},"90":{"start":{"line":135,"column":12},"end":{"line":135,"column":71}},"91":{"start":{"line":136,"column":12},"end":{"line":136,"column":75}},"92":{"start":{"line":137,"column":12},"end":{"line":137,"column":65}},"93":{"start":{"line":138,"column":12},"end":{"line":138,"column":57}},"94":{"start":{"line":139,"column":12},"end":{"line":139,"column":65}},"95":{"start":{"line":141,"column":12},"end":{"line":141,"column":19}},"96":{"start":{"line":146,"column":4},"end":{"line":159,"column":7}},"97":{"start":{"line":147,"column":6},"end":{"line":158,"column":9}},"98":{"start":{"line":148,"column":8},"end":{"line":157,"column":11}},"99":{"start":{"line":149,"column":10},"end":{"line":156,"column":13}},"100":{"start":{"line":150,"column":12},"end":{"line":150,"column":40}},"101":{"start":{"line":151,"column":12},"end":{"line":151,"column":43}},"102":{"start":{"line":152,"column":12},"end":{"line":152,"column":98}},"103":{"start":{"line":153,"column":12},"end":{"line":153,"column":61}},"104":{"start":{"line":155,"column":12},"end":{"line":155,"column":19}},"105":{"start":{"line":160,"column":4},"end":{"line":173,"column":7}},"106":{"start":{"line":161,"column":6},"end":{"line":172,"column":9}},"107":{"start":{"line":162,"column":8},"end":{"line":171,"column":11}},"108":{"start":{"line":163,"column":10},"end":{"line":170,"column":13}},"109":{"start":{"line":164,"column":12},"end":{"line":164,"column":40}},"110":{"start":{"line":165,"column":12},"end":{"line":165,"column":43}},"111":{"start":{"line":166,"column":12},"end":{"line":166,"column":94}},"112":{"start":{"line":167,"column":12},"end":{"line":167,"column":61}},"113":{"start":{"line":169,"column":12},"end":{"line":169,"column":19}},"114":{"start":{"line":174,"column":4},"end":{"line":187,"column":7}},"115":{"start":{"line":175,"column":6},"end":{"line":186,"column":9}},"116":{"start":{"line":176,"column":8},"end":{"line":185,"column":11}},"117":{"start":{"line":177,"column":10},"end":{"line":184,"column":13}},"118":{"start":{"line":178,"column":12},"end":{"line":178,"column":40}},"119":{"start":{"line":179,"column":12},"end":{"line":179,"column":43}},"120":{"start":{"line":180,"column":12},"end":{"line":180,"column":61}},"121":{"start":{"line":181,"column":12},"end":{"line":181,"column":79}},"122":{"start":{"line":183,"column":12},"end":{"line":183,"column":19}},"123":{"start":{"line":188,"column":4},"end":{"line":201,"column":7}},"124":{"start":{"line":189,"column":6},"end":{"line":200,"column":9}},"125":{"start":{"line":190,"column":8},"end":{"line":199,"column":11}},"126":{"start":{"line":191,"column":10},"end":{"line":198,"column":13}},"127":{"start":{"line":192,"column":12},"end":{"line":192,"column":40}},"128":{"start":{"line":193,"column":12},"end":{"line":193,"column":43}},"129":{"start":{"line":194,"column":12},"end":{"line":194,"column":61}},"130":{"start":{"line":195,"column":12},"end":{"line":195,"column":90}},"131":{"start":{"line":197,"column":12},"end":{"line":197,"column":19}},"132":{"start":{"line":202,"column":4},"end":{"line":215,"column":7}},"133":{"start":{"line":203,"column":6},"end":{"line":214,"column":9}},"134":{"start":{"line":204,"column":8},"end":{"line":213,"column":11}},"135":{"start":{"line":205,"column":10},"end":{"line":212,"column":13}},"136":{"start":{"line":206,"column":12},"end":{"line":211,"column":15}},"137":{"start":{"line":207,"column":14},"end":{"line":207,"column":42}},"138":{"start":{"line":208,"column":14},"end":{"line":208,"column":45}},"139":{"start":{"line":209,"column":14},"end":{"line":209,"column":102}},"140":{"start":{"line":210,"column":14},"end":{"line":210,"column":21}},"141":{"start":{"line":221,"column":2},"end":{"line":526,"column":5}},"142":{"start":{"line":222,"column":4},"end":{"line":239,"column":7}},"143":{"start":{"line":223,"column":6},"end":{"line":238,"column":9}},"144":{"start":{"line":224,"column":8},"end":{"line":237,"column":11}},"145":{"start":{"line":225,"column":10},"end":{"line":236,"column":13}},"146":{"start":{"line":226,"column":12},"end":{"line":235,"column":15}},"147":{"start":{"line":227,"column":14},"end":{"line":227,"column":42}},"148":{"start":{"line":228,"column":14},"end":{"line":228,"column":45}},"149":{"start":{"line":229,"column":14},"end":{"line":229,"column":73}},"150":{"start":{"line":230,"column":14},"end":{"line":230,"column":77}},"151":{"start":{"line":231,"column":14},"end":{"line":231,"column":66}},"152":{"start":{"line":232,"column":14},"end":{"line":232,"column":59}},"153":{"start":{"line":233,"column":14},"end":{"line":233,"column":67}},"154":{"start":{"line":234,"column":14},"end":{"line":234,"column":21}},"155":{"start":{"line":241,"column":4},"end":{"line":299,"column":7}},"156":{"start":{"line":242,"column":6},"end":{"line":298,"column":9}},"157":{"start":{"line":243,"column":8},"end":{"line":297,"column":11}},"158":{"start":{"line":244,"column":10},"end":{"line":296,"column":13}},"159":{"start":{"line":245,"column":12},"end":{"line":295,"column":17}},"160":{"start":{"line":246,"column":26},"end":{"line":290,"column":17}},"161":{"start":{"line":247,"column":16},"end":{"line":289,"column":51}},"162":{"start":{"line":248,"column":18},"end":{"line":288,"column":19}},"163":{"start":{"line":249,"column":20},"end":{"line":287,"column":21}},"164":{"start":{"line":251,"column":24},"end":{"line":251,"column":52}},"165":{"start":{"line":252,"column":24},"end":{"line":252,"column":55}},"166":{"start":{"line":253,"column":24},"end":{"line":253,"column":81}},"167":{"start":{"line":254,"column":24},"end":{"line":254,"column":87}},"168":{"start":{"line":255,"column":24},"end":{"line":255,"column":77}},"169":{"start":{"line":256,"column":24},"end":{"line":256,"column":69}},"170":{"start":{"line":257,"column":24},"end":{"line":257,"column":95}},"171":{"start":{"line":261,"column":24},"end":{"line":264,"column":25}},"172":{"start":{"line":262,"column":26},"end":{"line":262,"column":46}},"173":{"start":{"line":263,"column":26},"end":{"line":263,"column":32}},"174":{"start":{"line":266,"column":24},"end":{"line":266,"column":43}},"175":{"start":{"line":267,"column":24},"end":{"line":267,"column":44}},"176":{"start":{"line":268,"column":24},"end":{"line":268,"column":76}},"177":{"start":{"line":271,"column":24},"end":{"line":271,"column":44}},"178":{"start":{"line":272,"column":24},"end":{"line":272,"column":30}},"179":{"start":{"line":275,"column":24},"end":{"line":275,"column":44}},"180":{"start":{"line":276,"column":24},"end":{"line":276,"column":61}},"181":{"start":{"line":278,"column":24},"end":{"line":278,"column":52}},"182":{"start":{"line":282,"column":24},"end":{"line":282,"column":31}},"183":{"start":{"line":286,"column":24},"end":{"line":286,"column":48}},"184":{"start":{"line":292,"column":14},"end":{"line":294,"column":16}},"185":{"start":{"line":293,"column":16},"end":{"line":293,"column":52}},"186":{"start":{"line":300,"column":4},"end":{"line":314,"column":7}},"187":{"start":{"line":301,"column":6},"end":{"line":313,"column":9}},"188":{"start":{"line":302,"column":8},"end":{"line":312,"column":11}},"189":{"start":{"line":303,"column":10},"end":{"line":311,"column":13}},"190":{"start":{"line":304,"column":12},"end":{"line":310,"column":15}},"191":{"start":{"line":305,"column":14},"end":{"line":305,"column":42}},"192":{"start":{"line":306,"column":14},"end":{"line":306,"column":45}},"193":{"start":{"line":307,"column":14},"end":{"line":307,"column":79}},"194":{"start":{"line":309,"column":14},"end":{"line":309,"column":21}},"195":{"start":{"line":315,"column":4},"end":{"line":329,"column":7}},"196":{"start":{"line":316,"column":6},"end":{"line":328,"column":9}},"197":{"start":{"line":317,"column":8},"end":{"line":327,"column":11}},"198":{"start":{"line":318,"column":10},"end":{"line":326,"column":13}},"199":{"start":{"line":319,"column":12},"end":{"line":325,"column":15}},"200":{"start":{"line":320,"column":14},"end":{"line":320,"column":42}},"201":{"start":{"line":321,"column":14},"end":{"line":321,"column":45}},"202":{"start":{"line":322,"column":14},"end":{"line":322,"column":81}},"203":{"start":{"line":324,"column":14},"end":{"line":324,"column":21}},"204":{"start":{"line":330,"column":4},"end":{"line":387,"column":7}},"205":{"start":{"line":331,"column":6},"end":{"line":386,"column":9}},"206":{"start":{"line":332,"column":8},"end":{"line":385,"column":11}},"207":{"start":{"line":333,"column":10},"end":{"line":384,"column":13}},"208":{"start":{"line":334,"column":12},"end":{"line":383,"column":17}},"209":{"start":{"line":335,"column":26},"end":{"line":378,"column":17}},"210":{"start":{"line":336,"column":16},"end":{"line":377,"column":51}},"211":{"start":{"line":337,"column":18},"end":{"line":376,"column":19}},"212":{"start":{"line":338,"column":20},"end":{"line":375,"column":21}},"213":{"start":{"line":340,"column":24},"end":{"line":340,"column":52}},"214":{"start":{"line":341,"column":24},"end":{"line":341,"column":55}},"215":{"start":{"line":342,"column":24},"end":{"line":342,"column":83}},"216":{"start":{"line":343,"column":24},"end":{"line":343,"column":87}},"217":{"start":{"line":344,"column":24},"end":{"line":344,"column":77}},"218":{"start":{"line":345,"column":24},"end":{"line":345,"column":69}},"219":{"start":{"line":346,"column":24},"end":{"line":346,"column":95}},"220":{"start":{"line":350,"column":24},"end":{"line":353,"column":25}},"221":{"start":{"line":351,"column":26},"end":{"line":351,"column":46}},"222":{"start":{"line":352,"column":26},"end":{"line":352,"column":32}},"223":{"start":{"line":355,"column":24},"end":{"line":355,"column":43}},"224":{"start":{"line":356,"column":24},"end":{"line":356,"column":44}},"225":{"start":{"line":357,"column":24},"end":{"line":357,"column":76}},"226":{"start":{"line":360,"column":24},"end":{"line":360,"column":44}},"227":{"start":{"line":361,"column":24},"end":{"line":361,"column":30}},"228":{"start":{"line":364,"column":24},"end":{"line":364,"column":44}},"229":{"start":{"line":365,"column":24},"end":{"line":365,"column":61}},"230":{"start":{"line":367,"column":24},"end":{"line":367,"column":52}},"231":{"start":{"line":370,"column":24},"end":{"line":370,"column":31}},"232":{"start":{"line":374,"column":24},"end":{"line":374,"column":48}},"233":{"start":{"line":380,"column":14},"end":{"line":382,"column":16}},"234":{"start":{"line":381,"column":16},"end":{"line":381,"column":52}},"235":{"start":{"line":388,"column":4},"end":{"line":445,"column":7}},"236":{"start":{"line":389,"column":6},"end":{"line":444,"column":9}},"237":{"start":{"line":390,"column":8},"end":{"line":443,"column":11}},"238":{"start":{"line":391,"column":10},"end":{"line":442,"column":13}},"239":{"start":{"line":392,"column":12},"end":{"line":441,"column":17}},"240":{"start":{"line":393,"column":26},"end":{"line":436,"column":17}},"241":{"start":{"line":394,"column":16},"end":{"line":435,"column":51}},"242":{"start":{"line":395,"column":18},"end":{"line":434,"column":19}},"243":{"start":{"line":396,"column":20},"end":{"line":433,"column":21}},"244":{"start":{"line":398,"column":24},"end":{"line":398,"column":52}},"245":{"start":{"line":399,"column":24},"end":{"line":399,"column":55}},"246":{"start":{"line":400,"column":24},"end":{"line":400,"column":83}},"247":{"start":{"line":401,"column":24},"end":{"line":401,"column":87}},"248":{"start":{"line":402,"column":24},"end":{"line":402,"column":77}},"249":{"start":{"line":403,"column":24},"end":{"line":403,"column":69}},"250":{"start":{"line":404,"column":24},"end":{"line":404,"column":95}},"251":{"start":{"line":408,"column":24},"end":{"line":411,"column":25}},"252":{"start":{"line":409,"column":26},"end":{"line":409,"column":46}},"253":{"start":{"line":410,"column":26},"end":{"line":410,"column":32}},"254":{"start":{"line":413,"column":24},"end":{"line":413,"column":43}},"255":{"start":{"line":414,"column":24},"end":{"line":414,"column":44}},"256":{"start":{"line":415,"column":24},"end":{"line":415,"column":76}},"257":{"start":{"line":418,"column":24},"end":{"line":418,"column":44}},"258":{"start":{"line":419,"column":24},"end":{"line":419,"column":30}},"259":{"start":{"line":422,"column":24},"end":{"line":422,"column":44}},"260":{"start":{"line":423,"column":24},"end":{"line":423,"column":61}},"261":{"start":{"line":425,"column":24},"end":{"line":425,"column":52}},"262":{"start":{"line":428,"column":24},"end":{"line":428,"column":31}},"263":{"start":{"line":432,"column":24},"end":{"line":432,"column":48}},"264":{"start":{"line":438,"column":14},"end":{"line":440,"column":16}},"265":{"start":{"line":439,"column":16},"end":{"line":439,"column":52}},"266":{"start":{"line":446,"column":4},"end":{"line":461,"column":7}},"267":{"start":{"line":447,"column":6},"end":{"line":460,"column":9}},"268":{"start":{"line":448,"column":8},"end":{"line":459,"column":11}},"269":{"start":{"line":449,"column":10},"end":{"line":458,"column":13}},"270":{"start":{"line":450,"column":12},"end":{"line":457,"column":15}},"271":{"start":{"line":451,"column":14},"end":{"line":451,"column":42}},"272":{"start":{"line":452,"column":14},"end":{"line":452,"column":45}},"273":{"start":{"line":453,"column":14},"end":{"line":453,"column":100}},"274":{"start":{"line":454,"column":14},"end":{"line":454,"column":63}},"275":{"start":{"line":456,"column":14},"end":{"line":456,"column":21}},"276":{"start":{"line":462,"column":4},"end":{"line":477,"column":7}},"277":{"start":{"line":463,"column":6},"end":{"line":476,"column":9}},"278":{"start":{"line":464,"column":8},"end":{"line":475,"column":11}},"279":{"start":{"line":465,"column":10},"end":{"line":474,"column":13}},"280":{"start":{"line":466,"column":12},"end":{"line":473,"column":15}},"281":{"start":{"line":467,"column":14},"end":{"line":467,"column":42}},"282":{"start":{"line":468,"column":14},"end":{"line":468,"column":45}},"283":{"start":{"line":469,"column":14},"end":{"line":469,"column":96}},"284":{"start":{"line":470,"column":14},"end":{"line":470,"column":63}},"285":{"start":{"line":472,"column":14},"end":{"line":472,"column":21}},"286":{"start":{"line":478,"column":4},"end":{"line":493,"column":7}},"287":{"start":{"line":479,"column":6},"end":{"line":492,"column":9}},"288":{"start":{"line":480,"column":8},"end":{"line":491,"column":11}},"289":{"start":{"line":481,"column":10},"end":{"line":490,"column":13}},"290":{"start":{"line":482,"column":12},"end":{"line":489,"column":15}},"291":{"start":{"line":483,"column":14},"end":{"line":483,"column":42}},"292":{"start":{"line":484,"column":14},"end":{"line":484,"column":45}},"293":{"start":{"line":485,"column":14},"end":{"line":485,"column":63}},"294":{"start":{"line":486,"column":14},"end":{"line":486,"column":81}},"295":{"start":{"line":488,"column":14},"end":{"line":488,"column":21}},"296":{"start":{"line":494,"column":4},"end":{"line":509,"column":7}},"297":{"start":{"line":495,"column":6},"end":{"line":508,"column":9}},"298":{"start":{"line":496,"column":8},"end":{"line":507,"column":11}},"299":{"start":{"line":497,"column":10},"end":{"line":506,"column":13}},"300":{"start":{"line":498,"column":12},"end":{"line":505,"column":15}},"301":{"start":{"line":499,"column":14},"end":{"line":499,"column":42}},"302":{"start":{"line":500,"column":14},"end":{"line":500,"column":45}},"303":{"start":{"line":501,"column":14},"end":{"line":501,"column":63}},"304":{"start":{"line":502,"column":14},"end":{"line":502,"column":92}},"305":{"start":{"line":504,"column":14},"end":{"line":504,"column":21}},"306":{"start":{"line":510,"column":4},"end":{"line":525,"column":7}},"307":{"start":{"line":511,"column":6},"end":{"line":524,"column":9}},"308":{"start":{"line":512,"column":8},"end":{"line":523,"column":11}},"309":{"start":{"line":513,"column":10},"end":{"line":522,"column":13}},"310":{"start":{"line":514,"column":12},"end":{"line":521,"column":15}},"311":{"start":{"line":515,"column":14},"end":{"line":515,"column":42}},"312":{"start":{"line":516,"column":14},"end":{"line":516,"column":45}},"313":{"start":{"line":517,"column":14},"end":{"line":517,"column":63}},"314":{"start":{"line":518,"column":14},"end":{"line":518,"column":79}},"315":{"start":{"line":520,"column":14},"end":{"line":520,"column":21}}},"fnMap":{"0":{"name":"_interopRequireDefault","decl":{"start":{"line":27,"column":9},"end":{"line":27,"column":31}},"loc":{"start":{"line":27,"column":37},"end":{"line":27,"column":95}},"line":27},"1":{"name":"_asyncToGenerator","decl":{"start":{"line":29,"column":9},"end":{"line":29,"column":26}},"loc":{"start":{"line":29,"column":31},"end":{"line":29,"column":458}},"line":29},"2":{"name":"(anonymous_2)","decl":{"start":{"line":29,"column":40},"end":{"line":29,"column":41}},"loc":{"start":{"line":29,"column":52},"end":{"line":29,"column":455}},"line":29},"3":{"name":"(anonymous_3)","decl":{"start":{"line":29,"column":110},"end":{"line":29,"column":111}},"loc":{"start":{"line":29,"column":137},"end":{"line":29,"column":451}},"line":29},"4":{"name":"step","decl":{"start":{"line":29,"column":148},"end":{"line":29,"column":152}},"loc":{"start":{"line":29,"column":163},"end":{"line":29,"column":428}},"line":29},"5":{"name":"(anonymous_5)","decl":{"start":{"line":29,"column":341},"end":{"line":29,"column":342}},"loc":{"start":{"line":29,"column":358},"end":{"line":29,"column":382}},"line":29},"6":{"name":"(anonymous_6)","decl":{"start":{"line":29,"column":384},"end":{"line":29,"column":385}},"loc":{"start":{"line":29,"column":399},"end":{"line":29,"column":422}},"line":29},"7":{"name":"(anonymous_7)","decl":{"start":{"line":49,"column":20},"end":{"line":49,"column":21}},"loc":{"start":{"line":49,"column":32},"end":{"line":527,"column":1}},"line":49},"8":{"name":"(anonymous_8)","decl":{"start":{"line":50,"column":13},"end":{"line":50,"column":14}},"loc":{"start":{"line":50,"column":29},"end":{"line":57,"column":3}},"line":50},"9":{"name":"(anonymous_9)","decl":{"start":{"line":54,"column":52},"end":{"line":54,"column":53}},"loc":{"start":{"line":54,"column":64},"end":{"line":56,"column":5}},"line":54},"10":{"name":"(anonymous_10)","decl":{"start":{"line":59,"column":27},"end":{"line":59,"column":28}},"loc":{"start":{"line":59,"column":39},"end":{"line":216,"column":3}},"line":59},"11":{"name":"(anonymous_11)","decl":{"start":{"line":60,"column":58},"end":{"line":60,"column":59}},"loc":{"start":{"line":60,"column":74},"end":{"line":72,"column":5}},"line":60},"12":{"name":"(anonymous_12)","decl":{"start":{"line":61,"column":313},"end":{"line":61,"column":314}},"loc":{"start":{"line":61,"column":335},"end":{"line":71,"column":7}},"line":61},"13":{"name":"(anonymous_13)","decl":{"start":{"line":62,"column":216},"end":{"line":62,"column":217}},"loc":{"start":{"line":62,"column":238},"end":{"line":70,"column":9}},"line":62},"14":{"name":"(anonymous_14)","decl":{"start":{"line":63,"column":160},"end":{"line":63,"column":161}},"loc":{"start":{"line":63,"column":180},"end":{"line":69,"column":11}},"line":63},"15":{"name":"(anonymous_15)","decl":{"start":{"line":73,"column":37},"end":{"line":73,"column":38}},"loc":{"start":{"line":73,"column":53},"end":{"line":128,"column":5}},"line":73},"16":{"name":"(anonymous_16)","decl":{"start":{"line":74,"column":313},"end":{"line":74,"column":314}},"loc":{"start":{"line":74,"column":335},"end":{"line":127,"column":7}},"line":74},"17":{"name":"(anonymous_17)","decl":{"start":{"line":75,"column":216},"end":{"line":75,"column":217}},"loc":{"start":{"line":75,"column":238},"end":{"line":126,"column":9}},"line":75},"18":{"name":"(anonymous_18)","decl":{"start":{"line":76,"column":183},"end":{"line":76,"column":184}},"loc":{"start":{"line":76,"column":195},"end":{"line":125,"column":11}},"line":76},"19":{"name":"_callee","decl":{"start":{"line":77,"column":89},"end":{"line":77,"column":96}},"loc":{"start":{"line":77,"column":107},"end":{"line":120,"column":13}},"line":77},"20":{"name":"_callee$","decl":{"start":{"line":78,"column":54},"end":{"line":78,"column":62}},"loc":{"start":{"line":78,"column":73},"end":{"line":119,"column":15}},"line":78},"21":{"name":"(anonymous_21)","decl":{"start":{"line":122,"column":19},"end":{"line":122,"column":20}},"loc":{"start":{"line":122,"column":38},"end":{"line":124,"column":13}},"line":122},"22":{"name":"(anonymous_22)","decl":{"start":{"line":129,"column":51},"end":{"line":129,"column":52}},"loc":{"start":{"line":129,"column":67},"end":{"line":145,"column":5}},"line":129},"23":{"name":"(anonymous_23)","decl":{"start":{"line":130,"column":313},"end":{"line":130,"column":314}},"loc":{"start":{"line":130,"column":335},"end":{"line":144,"column":7}},"line":130},"24":{"name":"(anonymous_24)","decl":{"start":{"line":131,"column":216},"end":{"line":131,"column":217}},"loc":{"start":{"line":131,"column":238},"end":{"line":143,"column":9}},"line":131},"25":{"name":"(anonymous_25)","decl":{"start":{"line":132,"column":169},"end":{"line":132,"column":170}},"loc":{"start":{"line":132,"column":189},"end":{"line":142,"column":11}},"line":132},"26":{"name":"(anonymous_26)","decl":{"start":{"line":146,"column":74},"end":{"line":146,"column":75}},"loc":{"start":{"line":146,"column":90},"end":{"line":159,"column":5}},"line":146},"27":{"name":"(anonymous_27)","decl":{"start":{"line":147,"column":313},"end":{"line":147,"column":314}},"loc":{"start":{"line":147,"column":335},"end":{"line":158,"column":7}},"line":147},"28":{"name":"(anonymous_28)","decl":{"start":{"line":148,"column":216},"end":{"line":148,"column":217}},"loc":{"start":{"line":148,"column":238},"end":{"line":157,"column":9}},"line":148},"29":{"name":"(anonymous_29)","decl":{"start":{"line":149,"column":187},"end":{"line":149,"column":188}},"loc":{"start":{"line":149,"column":207},"end":{"line":156,"column":11}},"line":149},"30":{"name":"(anonymous_30)","decl":{"start":{"line":160,"column":81},"end":{"line":160,"column":82}},"loc":{"start":{"line":160,"column":97},"end":{"line":173,"column":5}},"line":160},"31":{"name":"(anonymous_31)","decl":{"start":{"line":161,"column":313},"end":{"line":161,"column":314}},"loc":{"start":{"line":161,"column":335},"end":{"line":172,"column":7}},"line":161},"32":{"name":"(anonymous_32)","decl":{"start":{"line":162,"column":216},"end":{"line":162,"column":217}},"loc":{"start":{"line":162,"column":238},"end":{"line":171,"column":9}},"line":162},"33":{"name":"(anonymous_33)","decl":{"start":{"line":163,"column":187},"end":{"line":163,"column":188}},"loc":{"start":{"line":163,"column":207},"end":{"line":170,"column":11}},"line":163},"34":{"name":"(anonymous_34)","decl":{"start":{"line":174,"column":70},"end":{"line":174,"column":71}},"loc":{"start":{"line":174,"column":86},"end":{"line":187,"column":5}},"line":174},"35":{"name":"(anonymous_35)","decl":{"start":{"line":175,"column":313},"end":{"line":175,"column":314}},"loc":{"start":{"line":175,"column":335},"end":{"line":186,"column":7}},"line":175},"36":{"name":"(anonymous_36)","decl":{"start":{"line":176,"column":216},"end":{"line":176,"column":217}},"loc":{"start":{"line":176,"column":238},"end":{"line":185,"column":9}},"line":176},"37":{"name":"(anonymous_37)","decl":{"start":{"line":177,"column":144},"end":{"line":177,"column":145}},"loc":{"start":{"line":177,"column":164},"end":{"line":184,"column":11}},"line":177},"38":{"name":"(anonymous_38)","decl":{"start":{"line":188,"column":77},"end":{"line":188,"column":78}},"loc":{"start":{"line":188,"column":93},"end":{"line":201,"column":5}},"line":188},"39":{"name":"(anonymous_39)","decl":{"start":{"line":189,"column":313},"end":{"line":189,"column":314}},"loc":{"start":{"line":189,"column":335},"end":{"line":200,"column":7}},"line":189},"40":{"name":"(anonymous_40)","decl":{"start":{"line":190,"column":216},"end":{"line":190,"column":217}},"loc":{"start":{"line":190,"column":238},"end":{"line":199,"column":9}},"line":190},"41":{"name":"(anonymous_41)","decl":{"start":{"line":191,"column":211},"end":{"line":191,"column":212}},"loc":{"start":{"line":191,"column":231},"end":{"line":198,"column":11}},"line":191},"42":{"name":"(anonymous_42)","decl":{"start":{"line":202,"column":77},"end":{"line":202,"column":78}},"loc":{"start":{"line":202,"column":93},"end":{"line":215,"column":5}},"line":202},"43":{"name":"(anonymous_43)","decl":{"start":{"line":203,"column":313},"end":{"line":203,"column":314}},"loc":{"start":{"line":203,"column":335},"end":{"line":214,"column":7}},"line":203},"44":{"name":"(anonymous_44)","decl":{"start":{"line":204,"column":216},"end":{"line":204,"column":217}},"loc":{"start":{"line":204,"column":238},"end":{"line":213,"column":9}},"line":204},"45":{"name":"(anonymous_45)","decl":{"start":{"line":205,"column":66},"end":{"line":205,"column":67}},"loc":{"start":{"line":205,"column":78},"end":{"line":212,"column":11}},"line":205},"46":{"name":"(anonymous_46)","decl":{"start":{"line":206,"column":185},"end":{"line":206,"column":186}},"loc":{"start":{"line":206,"column":205},"end":{"line":211,"column":13}},"line":206},"47":{"name":"(anonymous_47)","decl":{"start":{"line":221,"column":30},"end":{"line":221,"column":31}},"loc":{"start":{"line":221,"column":42},"end":{"line":526,"column":3}},"line":221},"48":{"name":"(anonymous_48)","decl":{"start":{"line":222,"column":80},"end":{"line":222,"column":81}},"loc":{"start":{"line":222,"column":96},"end":{"line":239,"column":5}},"line":222},"49":{"name":"(anonymous_49)","decl":{"start":{"line":223,"column":313},"end":{"line":223,"column":314}},"loc":{"start":{"line":223,"column":335},"end":{"line":238,"column":7}},"line":223},"50":{"name":"(anonymous_50)","decl":{"start":{"line":224,"column":216},"end":{"line":224,"column":217}},"loc":{"start":{"line":224,"column":238},"end":{"line":237,"column":9}},"line":224},"51":{"name":"(anonymous_51)","decl":{"start":{"line":225,"column":169},"end":{"line":225,"column":170}},"loc":{"start":{"line":225,"column":189},"end":{"line":236,"column":11}},"line":225},"52":{"name":"(anonymous_52)","decl":{"start":{"line":226,"column":152},"end":{"line":226,"column":153}},"loc":{"start":{"line":226,"column":172},"end":{"line":235,"column":13}},"line":226},"53":{"name":"(anonymous_53)","decl":{"start":{"line":241,"column":78},"end":{"line":241,"column":79}},"loc":{"start":{"line":241,"column":94},"end":{"line":299,"column":5}},"line":241},"54":{"name":"(anonymous_54)","decl":{"start":{"line":242,"column":313},"end":{"line":242,"column":314}},"loc":{"start":{"line":242,"column":335},"end":{"line":298,"column":7}},"line":242},"55":{"name":"(anonymous_55)","decl":{"start":{"line":243,"column":216},"end":{"line":243,"column":217}},"loc":{"start":{"line":243,"column":238},"end":{"line":297,"column":9}},"line":243},"56":{"name":"(anonymous_56)","decl":{"start":{"line":244,"column":169},"end":{"line":244,"column":170}},"loc":{"start":{"line":244,"column":189},"end":{"line":296,"column":11}},"line":244},"57":{"name":"(anonymous_57)","decl":{"start":{"line":245,"column":197},"end":{"line":245,"column":198}},"loc":{"start":{"line":245,"column":209},"end":{"line":295,"column":13}},"line":245},"58":{"name":"_callee2","decl":{"start":{"line":246,"column":91},"end":{"line":246,"column":99}},"loc":{"start":{"line":246,"column":110},"end":{"line":290,"column":15}},"line":246},"59":{"name":"_callee2$","decl":{"start":{"line":247,"column":56},"end":{"line":247,"column":65}},"loc":{"start":{"line":247,"column":77},"end":{"line":289,"column":17}},"line":247},"60":{"name":"(anonymous_60)","decl":{"start":{"line":292,"column":21},"end":{"line":292,"column":22}},"loc":{"start":{"line":292,"column":41},"end":{"line":294,"column":15}},"line":292},"61":{"name":"(anonymous_61)","decl":{"start":{"line":300,"column":67},"end":{"line":300,"column":68}},"loc":{"start":{"line":300,"column":83},"end":{"line":314,"column":5}},"line":300},"62":{"name":"(anonymous_62)","decl":{"start":{"line":301,"column":313},"end":{"line":301,"column":314}},"loc":{"start":{"line":301,"column":335},"end":{"line":313,"column":7}},"line":301},"63":{"name":"(anonymous_63)","decl":{"start":{"line":302,"column":216},"end":{"line":302,"column":217}},"loc":{"start":{"line":302,"column":238},"end":{"line":312,"column":9}},"line":302},"64":{"name":"(anonymous_64)","decl":{"start":{"line":303,"column":169},"end":{"line":303,"column":170}},"loc":{"start":{"line":303,"column":181},"end":{"line":311,"column":11}},"line":303},"65":{"name":"(anonymous_65)","decl":{"start":{"line":304,"column":185},"end":{"line":304,"column":186}},"loc":{"start":{"line":304,"column":205},"end":{"line":310,"column":13}},"line":304},"66":{"name":"(anonymous_66)","decl":{"start":{"line":315,"column":69},"end":{"line":315,"column":70}},"loc":{"start":{"line":315,"column":85},"end":{"line":329,"column":5}},"line":315},"67":{"name":"(anonymous_67)","decl":{"start":{"line":316,"column":313},"end":{"line":316,"column":314}},"loc":{"start":{"line":316,"column":335},"end":{"line":328,"column":7}},"line":316},"68":{"name":"(anonymous_68)","decl":{"start":{"line":317,"column":216},"end":{"line":317,"column":217}},"loc":{"start":{"line":317,"column":238},"end":{"line":327,"column":9}},"line":317},"69":{"name":"(anonymous_69)","decl":{"start":{"line":318,"column":169},"end":{"line":318,"column":170}},"loc":{"start":{"line":318,"column":189},"end":{"line":326,"column":11}},"line":318},"70":{"name":"(anonymous_70)","decl":{"start":{"line":319,"column":179},"end":{"line":319,"column":180}},"loc":{"start":{"line":319,"column":199},"end":{"line":325,"column":13}},"line":319},"71":{"name":"(anonymous_71)","decl":{"start":{"line":330,"column":120},"end":{"line":330,"column":121}},"loc":{"start":{"line":330,"column":136},"end":{"line":387,"column":5}},"line":330},"72":{"name":"(anonymous_72)","decl":{"start":{"line":331,"column":313},"end":{"line":331,"column":314}},"loc":{"start":{"line":331,"column":335},"end":{"line":386,"column":7}},"line":331},"73":{"name":"(anonymous_73)","decl":{"start":{"line":332,"column":216},"end":{"line":332,"column":217}},"loc":{"start":{"line":332,"column":238},"end":{"line":385,"column":9}},"line":332},"74":{"name":"(anonymous_74)","decl":{"start":{"line":333,"column":183},"end":{"line":333,"column":184}},"loc":{"start":{"line":333,"column":203},"end":{"line":384,"column":11}},"line":333},"75":{"name":"(anonymous_75)","decl":{"start":{"line":334,"column":176},"end":{"line":334,"column":177}},"loc":{"start":{"line":334,"column":188},"end":{"line":383,"column":13}},"line":334},"76":{"name":"_callee3","decl":{"start":{"line":335,"column":91},"end":{"line":335,"column":99}},"loc":{"start":{"line":335,"column":110},"end":{"line":378,"column":15}},"line":335},"77":{"name":"_callee3$","decl":{"start":{"line":336,"column":56},"end":{"line":336,"column":65}},"loc":{"start":{"line":336,"column":77},"end":{"line":377,"column":17}},"line":336},"78":{"name":"(anonymous_78)","decl":{"start":{"line":380,"column":21},"end":{"line":380,"column":22}},"loc":{"start":{"line":380,"column":41},"end":{"line":382,"column":15}},"line":380},"79":{"name":"(anonymous_79)","decl":{"start":{"line":388,"column":83},"end":{"line":388,"column":84}},"loc":{"start":{"line":388,"column":99},"end":{"line":445,"column":5}},"line":388},"80":{"name":"(anonymous_80)","decl":{"start":{"line":389,"column":313},"end":{"line":389,"column":314}},"loc":{"start":{"line":389,"column":335},"end":{"line":444,"column":7}},"line":389},"81":{"name":"(anonymous_81)","decl":{"start":{"line":390,"column":216},"end":{"line":390,"column":217}},"loc":{"start":{"line":390,"column":238},"end":{"line":443,"column":9}},"line":390},"82":{"name":"(anonymous_82)","decl":{"start":{"line":391,"column":183},"end":{"line":391,"column":184}},"loc":{"start":{"line":391,"column":203},"end":{"line":442,"column":11}},"line":391},"83":{"name":"(anonymous_83)","decl":{"start":{"line":392,"column":190},"end":{"line":392,"column":191}},"loc":{"start":{"line":392,"column":202},"end":{"line":441,"column":13}},"line":392},"84":{"name":"_callee4","decl":{"start":{"line":393,"column":91},"end":{"line":393,"column":99}},"loc":{"start":{"line":393,"column":110},"end":{"line":436,"column":15}},"line":393},"85":{"name":"_callee4$","decl":{"start":{"line":394,"column":56},"end":{"line":394,"column":65}},"loc":{"start":{"line":394,"column":77},"end":{"line":435,"column":17}},"line":394},"86":{"name":"(anonymous_86)","decl":{"start":{"line":438,"column":21},"end":{"line":438,"column":22}},"loc":{"start":{"line":438,"column":41},"end":{"line":440,"column":15}},"line":438},"87":{"name":"(anonymous_87)","decl":{"start":{"line":446,"column":74},"end":{"line":446,"column":75}},"loc":{"start":{"line":446,"column":90},"end":{"line":461,"column":5}},"line":446},"88":{"name":"(anonymous_88)","decl":{"start":{"line":447,"column":313},"end":{"line":447,"column":314}},"loc":{"start":{"line":447,"column":335},"end":{"line":460,"column":7}},"line":447},"89":{"name":"(anonymous_89)","decl":{"start":{"line":448,"column":216},"end":{"line":448,"column":217}},"loc":{"start":{"line":448,"column":238},"end":{"line":459,"column":9}},"line":448},"90":{"name":"(anonymous_90)","decl":{"start":{"line":449,"column":169},"end":{"line":449,"column":170}},"loc":{"start":{"line":449,"column":189},"end":{"line":458,"column":11}},"line":449},"91":{"name":"(anonymous_91)","decl":{"start":{"line":450,"column":194},"end":{"line":450,"column":195}},"loc":{"start":{"line":450,"column":214},"end":{"line":457,"column":13}},"line":450},"92":{"name":"(anonymous_92)","decl":{"start":{"line":462,"column":85},"end":{"line":462,"column":86}},"loc":{"start":{"line":462,"column":101},"end":{"line":477,"column":5}},"line":462},"93":{"name":"(anonymous_93)","decl":{"start":{"line":463,"column":313},"end":{"line":463,"column":314}},"loc":{"start":{"line":463,"column":335},"end":{"line":476,"column":7}},"line":463},"94":{"name":"(anonymous_94)","decl":{"start":{"line":464,"column":216},"end":{"line":464,"column":217}},"loc":{"start":{"line":464,"column":238},"end":{"line":475,"column":9}},"line":464},"95":{"name":"(anonymous_95)","decl":{"start":{"line":465,"column":169},"end":{"line":465,"column":170}},"loc":{"start":{"line":465,"column":189},"end":{"line":474,"column":11}},"line":465},"96":{"name":"(anonymous_96)","decl":{"start":{"line":466,"column":194},"end":{"line":466,"column":195}},"loc":{"start":{"line":466,"column":214},"end":{"line":473,"column":13}},"line":466},"97":{"name":"(anonymous_97)","decl":{"start":{"line":478,"column":70},"end":{"line":478,"column":71}},"loc":{"start":{"line":478,"column":86},"end":{"line":493,"column":5}},"line":478},"98":{"name":"(anonymous_98)","decl":{"start":{"line":479,"column":313},"end":{"line":479,"column":314}},"loc":{"start":{"line":479,"column":335},"end":{"line":492,"column":7}},"line":479},"99":{"name":"(anonymous_99)","decl":{"start":{"line":480,"column":216},"end":{"line":480,"column":217}},"loc":{"start":{"line":480,"column":238},"end":{"line":491,"column":9}},"line":480},"100":{"name":"(anonymous_100)","decl":{"start":{"line":481,"column":169},"end":{"line":481,"column":170}},"loc":{"start":{"line":481,"column":189},"end":{"line":490,"column":11}},"line":481},"101":{"name":"(anonymous_101)","decl":{"start":{"line":482,"column":137},"end":{"line":482,"column":138}},"loc":{"start":{"line":482,"column":157},"end":{"line":489,"column":13}},"line":482},"102":{"name":"(anonymous_102)","decl":{"start":{"line":494,"column":77},"end":{"line":494,"column":78}},"loc":{"start":{"line":494,"column":93},"end":{"line":509,"column":5}},"line":494},"103":{"name":"(anonymous_103)","decl":{"start":{"line":495,"column":313},"end":{"line":495,"column":314}},"loc":{"start":{"line":495,"column":335},"end":{"line":508,"column":7}},"line":495},"104":{"name":"(anonymous_104)","decl":{"start":{"line":496,"column":216},"end":{"line":496,"column":217}},"loc":{"start":{"line":496,"column":238},"end":{"line":507,"column":9}},"line":496},"105":{"name":"(anonymous_105)","decl":{"start":{"line":497,"column":169},"end":{"line":497,"column":170}},"loc":{"start":{"line":497,"column":189},"end":{"line":506,"column":11}},"line":497},"106":{"name":"(anonymous_106)","decl":{"start":{"line":498,"column":184},"end":{"line":498,"column":185}},"loc":{"start":{"line":498,"column":204},"end":{"line":505,"column":13}},"line":498},"107":{"name":"(anonymous_107)","decl":{"start":{"line":510,"column":66},"end":{"line":510,"column":67}},"loc":{"start":{"line":510,"column":82},"end":{"line":525,"column":5}},"line":510},"108":{"name":"(anonymous_108)","decl":{"start":{"line":511,"column":313},"end":{"line":511,"column":314}},"loc":{"start":{"line":511,"column":335},"end":{"line":524,"column":7}},"line":511},"109":{"name":"(anonymous_109)","decl":{"start":{"line":512,"column":216},"end":{"line":512,"column":217}},"loc":{"start":{"line":512,"column":238},"end":{"line":523,"column":9}},"line":512},"110":{"name":"(anonymous_110)","decl":{"start":{"line":513,"column":73},"end":{"line":513,"column":74}},"loc":{"start":{"line":513,"column":91},"end":{"line":522,"column":11}},"line":513},"111":{"name":"(anonymous_111)","decl":{"start":{"line":514,"column":182},"end":{"line":514,"column":183}},"loc":{"start":{"line":514,"column":202},"end":{"line":521,"column":13}},"line":514}},"branchMap":{"0":{"loc":{"start":{"line":27,"column":46},"end":{"line":27,"column":92}},"type":"cond-expr","locations":[{"start":{"line":27,"column":70},"end":{"line":27,"column":73}},{"start":{"line":27,"column":76},"end":{"line":27,"column":92}}],"line":27},"1":{"loc":{"start":{"line":27,"column":46},"end":{"line":27,"column":67}},"type":"binary-expr","locations":[{"start":{"line":27,"column":46},"end":{"line":27,"column":49}},{"start":{"line":27,"column":53},"end":{"line":27,"column":67}}],"line":27},"2":{"loc":{"start":{"line":29,"column":264},"end":{"line":29,"column":426}},"type":"if","locations":[{"start":{"line":29,"column":264},"end":{"line":29,"column":426}},{"start":{"line":29,"column":264},"end":{"line":29,"column":426}}],"line":29},"3":{"loc":{"start":{"line":80,"column":18},"end":{"line":117,"column":19}},"type":"switch","locations":[{"start":{"line":81,"column":20},"end":{"line":99,"column":74}},{"start":{"line":101,"column":20},"end":{"line":103,"column":28}},{"start":{"line":105,"column":20},"end":{"line":109,"column":49}},{"start":{"line":111,"column":20},"end":{"line":112,"column":29}},{"start":{"line":114,"column":20},"end":{"line":114,"column":28}},{"start":{"line":115,"column":20},"end":{"line":116,"column":45}}],"line":80},"4":{"loc":{"start":{"line":92,"column":22},"end":{"line":95,"column":23}},"type":"if","locations":[{"start":{"line":92,"column":22},"end":{"line":95,"column":23}},{"start":{"line":92,"column":22},"end":{"line":95,"column":23}}],"line":92},"5":{"loc":{"start":{"line":249,"column":20},"end":{"line":287,"column":21}},"type":"switch","locations":[{"start":{"line":250,"column":22},"end":{"line":268,"column":76}},{"start":{"line":270,"column":22},"end":{"line":272,"column":30}},{"start":{"line":274,"column":22},"end":{"line":278,"column":52}},{"start":{"line":280,"column":22},"end":{"line":282,"column":31}},{"start":{"line":284,"column":22},"end":{"line":284,"column":30}},{"start":{"line":285,"column":22},"end":{"line":286,"column":48}}],"line":249},"6":{"loc":{"start":{"line":261,"column":24},"end":{"line":264,"column":25}},"type":"if","locations":[{"start":{"line":261,"column":24},"end":{"line":264,"column":25}},{"start":{"line":261,"column":24},"end":{"line":264,"column":25}}],"line":261},"7":{"loc":{"start":{"line":338,"column":20},"end":{"line":375,"column":21}},"type":"switch","locations":[{"start":{"line":339,"column":22},"end":{"line":357,"column":76}},{"start":{"line":359,"column":22},"end":{"line":361,"column":30}},{"start":{"line":363,"column":22},"end":{"line":367,"column":52}},{"start":{"line":369,"column":22},"end":{"line":370,"column":31}},{"start":{"line":372,"column":22},"end":{"line":372,"column":30}},{"start":{"line":373,"column":22},"end":{"line":374,"column":48}}],"line":338},"8":{"loc":{"start":{"line":350,"column":24},"end":{"line":353,"column":25}},"type":"if","locations":[{"start":{"line":350,"column":24},"end":{"line":353,"column":25}},{"start":{"line":350,"column":24},"end":{"line":353,"column":25}}],"line":350},"9":{"loc":{"start":{"line":396,"column":20},"end":{"line":433,"column":21}},"type":"switch","locations":[{"start":{"line":397,"column":22},"end":{"line":415,"column":76}},{"start":{"line":417,"column":22},"end":{"line":419,"column":30}},{"start":{"line":421,"column":22},"end":{"line":425,"column":52}},{"start":{"line":427,"column":22},"end":{"line":428,"column":31}},{"start":{"line":430,"column":22},"end":{"line":430,"column":30}},{"start":{"line":431,"column":22},"end":{"line":432,"column":48}}],"line":396},"10":{"loc":{"start":{"line":408,"column":24},"end":{"line":411,"column":25}},"type":"if","locations":[{"start":{"line":408,"column":24},"end":{"line":411,"column":25}},{"start":{"line":408,"column":24},"end":{"line":411,"column":25}}],"line":408}},"s":{"0":1,"1":1,"2":1,"3":1,"4":1,"5":1,"6":1,"7":0,"8":0,"9":0,"10":0,"11":0,"12":3,"13":0,"14":0,"15":0,"16":0,"17":0,"18":0,"19":0,"20":0,"21":0,"22":0,"23":0,"24":0,"25":0,"26":0,"27":0,"28":0,"29":0,"30":0,"31":0,"32":0,"33":0,"34":0,"35":0,"36":0,"37":0,"38":0,"39":0,"40":0,"41":0,"42":0,"43":0,"44":0,"45":0,"46":0,"47":0,"48":0,"49":0,"50":0,"51":0,"52":0,"53":0,"54":0,"55":0,"56":0,"57":0,"58":0,"59":0,"60":0,"61":0,"62":0,"63":0,"64":0,"65":0,"66":0,"67":0,"68":0,"69":0,"70":0,"71":0,"72":0,"73":0,"74":0,"75":0,"76":0,"77":0,"78":0,"79":0,"80":0,"81":0,"82":0,"83":0,"84":0,"85":0,"86":0,"87":0,"88":0,"89":0,"90":0,"91":0,"92":0,"93":0,"94":0,"95":0,"96":0,"97":0,"98":0,"99":0,"100":0,"101":0,"102":0,"103":0,"104":0,"105":0,"106":0,"107":0,"108":0,"109":0,"110":0,"111":0,"112":0,"113":0,"114":0,"115":0,"116":0,"117":0,"118":0,"119":0,"120":0,"121":0,"122":0,"123":0,"124":0,"125":0,"126":0,"127":0,"128":0,"129":0,"130":0,"131":0,"132":0,"133":0,"134":0,"135":0,"136":0,"137":0,"138":0,"139":0,"140":0,"141":0,"142":0,"143":0,"144":0,"145":0,"146":0,"147":0,"148":0,"149":0,"150":0,"151":0,"152":0,"153":0,"154":0,"155":0,"156":0,"157":0,"158":0,"159":0,"160":0,"161":0,"162":0,"163":0,"164":0,"165":0,"166":0,"167":0,"168":0,"169":0,"170":0,"171":0,"172":0,"173":0,"174":0,"175":0,"176":0,"177":0,"178":0,"179":0,"180":0,"181":0,"182":0,"183":0,"184":0,"185":0,"186":0,"187":0,"188":0,"189":0,"190":0,"191":0,"192":0,"193":0,"194":0,"195":0,"196":0,"197":0,"198":0,"199":0,"200":0,"201":0,"202":0,"203":0,"204":0,"205":0,"206":0,"207":0,"208":0,"209":0,"210":0,"211":0,"212":0,"213":0,"214":0,"215":0,"216":0,"217":0,"218":0,"219":0,"220":0,"221":0,"222":0,"223":0,"224":0,"225":0,"226":0,"227":0,"228":0,"229":0,"230":0,"231":0,"232":0,"233":0,"234":0,"235":0,"236":0,"237":0,"238":0,"239":0,"240":0,"241":0,"242":0,"243":0,"244":0,"245":0,"246":0,"247":0,"248":0,"249":0,"250":0,"251":0,"252":0,"253":0,"254":0,"255":0,"256":0,"257":0,"258":0,"259":0,"260":0,"261":0,"262":0,"263":0,"264":0,"265":0,"266":0,"267":0,"268":0,"269":0,"270":0,"271":0,"272":0,"273":0,"274":0,"275":0,"276":0,"277":0,"278":0,"279":0,"280":0,"281":0,"282":0,"283":0,"284":0,"285":0,"286":0,"287":0,"288":0,"289":0,"290":0,"291":0,"292":0,"293":0,"294":0,"295":0,"296":0,"297":0,"298":0,"299":0,"300":0,"301":0,"302":0,"303":0,"304":0,"305":0,"306":0,"307":0,"308":0,"309":0,"310":0,"311":0,"312":0,"313":0,"314":0,"315":0},"f":{"0":3,"1":0,"2":0,"3":0,"4":0,"5":0,"6":0,"7":0,"8":0,"9":0,"10":0,"11":0,"12":0,"13":0,"14":0,"15":0,"16":0,"17":0,"18":0,"19":0,"20":0,"21":0,"22":0,"23":0,"24":0,"25":0,"26":0,"27":0,"28":0,"29":0,"30":0,"31":0,"32":0,"33":0,"34":0,"35":0,"36":0,"37":0,"38":0,"39":0,"40":0,"41":0,"42":0,"43":0,"44":0,"45":0,"46":0,"47":0,"48":0,"49":0,"50":0,"51":0,"52":0,"53":0,"54":0,"55":0,"56":0,"57":0,"58":0,"59":0,"60":0,"61":0,"62":0,"63":0,"64":0,"65":0,"66":0,"67":0,"68":0,"69":0,"70":0,"71":0,"72":0,"73":0,"74":0,"75":0,"76":0,"77":0,"78":0,"79":0,"80":0,"81":0,"82":0,"83":0,"84":0,"85":0,"86":0,"87":0,"88":0,"89":0,"90":0,"91":0,"92":0,"93":0,"94":0,"95":0,"96":0,"97":0,"98":0,"99":0,"100":0,"101":0,"102":0,"103":0,"104":0,"105":0,"106":0,"107":0,"108":0,"109":0,"110":0,"111":0},"b":{"0":[0,3],"1":[3,3],"2":[0,0],"3":[0,0,0,0,0,0],"4":[0,0],"5":[0,0,0,0,0,0],"6":[0,0],"7":[0,0,0,0,0,0],"8":[0,0],"9":[0,0,0,0,0,0],"10":[0,0]},"_coverageSchema":"d34fc3e6b8297bcde183f5492bcb8fcb36775295","hash":"0c5cc4187bd3035e58d03467e533545b0e74d8c8","contentHash":"936c5b19a6791c9f1d759ca7d535ab60"},"/home/somto/1Projects/mentorship project/StackOverflow-lite/server/app.js":{"path":"/home/somto/1Projects/mentorship project/StackOverflow-lite/server/app.js","statementMap":{"0":{"start":{"line":3,"column":0},"end":{"line":5,"column":3}},"1":{"start":{"line":7,"column":15},"end":{"line":7,"column":33}},"2":{"start":{"line":9,"column":16},"end":{"line":9,"column":48}},"3":{"start":{"line":11,"column":14},"end":{"line":11,"column":31}},"4":{"start":{"line":13,"column":15},"end":{"line":13,"column":46}},"5":{"start":{"line":15,"column":18},"end":{"line":15,"column":40}},"6":{"start":{"line":17,"column":19},"end":{"line":17,"column":54}},"7":{"start":{"line":19,"column":14},"end":{"line":19,"column":40}},"8":{"start":{"line":21,"column":15},"end":{"line":21,"column":46}},"9":{"start":{"line":23,"column":39},"end":{"line":23,"column":93}},"10":{"start":{"line":27,"column":10},"end":{"line":27,"column":34}},"11":{"start":{"line":30,"column":0},"end":{"line":30,"column":38}},"12":{"start":{"line":32,"column":0},"end":{"line":32,"column":49}},"13":{"start":{"line":35,"column":0},"end":{"line":35,"column":67}},"14":{"start":{"line":36,"column":0},"end":{"line":36,"column":75}},"15":{"start":{"line":37,"column":0},"end":{"line":37,"column":71}},"16":{"start":{"line":39,"column":0},"end":{"line":39,"column":58}},"17":{"start":{"line":41,"column":0},"end":{"line":41,"column":53}},"18":{"start":{"line":44,"column":0},"end":{"line":44,"column":37}},"19":{"start":{"line":45,"column":0},"end":{"line":45,"column":62}},"20":{"start":{"line":48,"column":0},"end":{"line":48,"column":27}},"21":{"start":{"line":51,"column":0},"end":{"line":55,"column":3}},"22":{"start":{"line":52,"column":2},"end":{"line":54,"column":5}},"23":{"start":{"line":57,"column":0},"end":{"line":57,"column":22}}},"fnMap":{"0":{"name":"_interopRequireDefault","decl":{"start":{"line":23,"column":9},"end":{"line":23,"column":31}},"loc":{"start":{"line":23,"column":37},"end":{"line":23,"column":95}},"line":23},"1":{"name":"(anonymous_1)","decl":{"start":{"line":51,"column":13},"end":{"line":51,"column":14}},"loc":{"start":{"line":51,"column":33},"end":{"line":55,"column":1}},"line":51}},"branchMap":{"0":{"loc":{"start":{"line":23,"column":46},"end":{"line":23,"column":92}},"type":"cond-expr","locations":[{"start":{"line":23,"column":70},"end":{"line":23,"column":73}},{"start":{"line":23,"column":76},"end":{"line":23,"column":92}}],"line":23},"1":{"loc":{"start":{"line":23,"column":46},"end":{"line":23,"column":67}},"type":"binary-expr","locations":[{"start":{"line":23,"column":46},"end":{"line":23,"column":49}},{"start":{"line":23,"column":53},"end":{"line":23,"column":67}}],"line":23}},"s":{"0":1,"1":1,"2":1,"3":1,"4":1,"5":1,"6":1,"7":1,"8":0,"9":3,"10":0,"11":0,"12":0,"13":0,"14":0,"15":0,"16":0,"17":0,"18":0,"19":0,"20":0,"21":0,"22":0,"23":0},"f":{"0":3,"1":0},"b":{"0":[0,3],"1":[3,3]},"_coverageSchema":"d34fc3e6b8297bcde183f5492bcb8fcb36775295","hash":"df05f7920ff24cc993404b9c1c807a24fe20ceba","contentHash":"883aeebe3454795f5f6a68aaf5481fc8"},"/home/somto/1Projects/mentorship project/StackOverflow-lite/server/server/routes/index.js":{"path":"/home/somto/1Projects/mentorship project/StackOverflow-lite/server/server/routes/index.js","statementMap":{"0":{"start":{"line":3,"column":0},"end":{"line":5,"column":3}},"1":{"start":{"line":7,"column":19},"end":{"line":7,"column":44}},"2":{"start":{"line":9,"column":20},"end":{"line":9,"column":56}},"3":{"start":{"line":11,"column":39},"end":{"line":11,"column":93}},"4":{"start":{"line":13,"column":11},"end":{"line":13,"column":50}},"5":{"start":{"line":14,"column":22},"end":{"line":14,"column":29}},"6":{"start":{"line":16,"column":12},"end":{"line":16,"column":55}},"7":{"start":{"line":17,"column":26},"end":{"line":17,"column":34}},"8":{"start":{"line":18,"column":12},"end":{"line":18,"column":53}},"9":{"start":{"line":19,"column":24},"end":{"line":19,"column":32}},"10":{"start":{"line":22,"column":13},"end":{"line":48,"column":1}},"11":{"start":{"line":23,"column":2},"end":{"line":30,"column":5}},"12":{"start":{"line":24,"column":4},"end":{"line":24,"column":51}},"13":{"start":{"line":25,"column":4},"end":{"line":25,"column":82}},"14":{"start":{"line":26,"column":4},"end":{"line":26,"column":128}},"15":{"start":{"line":29,"column":4},"end":{"line":29,"column":11}},"16":{"start":{"line":32,"column":2},"end":{"line":36,"column":5}},"17":{"start":{"line":33,"column":4},"end":{"line":35,"column":7}},"18":{"start":{"line":38,"column":2},"end":{"line":38,"column":78}},"19":{"start":{"line":39,"column":2},"end":{"line":39,"column":52}},"20":{"start":{"line":41,"column":2},"end":{"line":41,"column":84}},"21":{"start":{"line":42,"column":2},"end":{"line":42,"column":53}},"22":{"start":{"line":43,"column":2},"end":{"line":43,"column":69}},"23":{"start":{"line":44,"column":2},"end":{"line":44,"column":71}},"24":{"start":{"line":46,"column":2},"end":{"line":46,"column":100}},"25":{"start":{"line":47,"column":2},"end":{"line":47,"column":109}},"26":{"start":{"line":50,"column":0},"end":{"line":50,"column":25}}},"fnMap":{"0":{"name":"_interopRequireDefault","decl":{"start":{"line":11,"column":9},"end":{"line":11,"column":31}},"loc":{"start":{"line":11,"column":37},"end":{"line":11,"column":95}},"line":11},"1":{"name":"routes","decl":{"start":{"line":22,"column":22},"end":{"line":22,"column":28}},"loc":{"start":{"line":22,"column":34},"end":{"line":48,"column":1}},"line":22},"2":{"name":"(anonymous_2)","decl":{"start":{"line":23,"column":16},"end":{"line":23,"column":17}},"loc":{"start":{"line":23,"column":42},"end":{"line":30,"column":3}},"line":23},"3":{"name":"(anonymous_3)","decl":{"start":{"line":32,"column":18},"end":{"line":32,"column":19}},"loc":{"start":{"line":32,"column":38},"end":{"line":36,"column":3}},"line":32}},"branchMap":{"0":{"loc":{"start":{"line":11,"column":46},"end":{"line":11,"column":92}},"type":"cond-expr","locations":[{"start":{"line":11,"column":70},"end":{"line":11,"column":73}},{"start":{"line":11,"column":76},"end":{"line":11,"column":92}}],"line":11},"1":{"loc":{"start":{"line":11,"column":46},"end":{"line":11,"column":67}},"type":"binary-expr","locations":[{"start":{"line":11,"column":46},"end":{"line":11,"column":49}},{"start":{"line":11,"column":53},"end":{"line":11,"column":67}}],"line":11}},"s":{"0":1,"1":1,"2":0,"3":0,"4":0,"5":0,"6":0,"7":0,"8":0,"9":0,"10":0,"11":0,"12":0,"13":0,"14":0,"15":0,"16":0,"17":0,"18":0,"19":0,"20":0,"21":0,"22":0,"23":0,"24":0,"25":0,"26":0},"f":{"0":0,"1":0,"2":0,"3":0},"b":{"0":[0,0],"1":[0,0]},"_coverageSchema":"d34fc3e6b8297bcde183f5492bcb8fcb36775295","hash":"507960d6de5619d766656b5172dd78471a0fd171","contentHash":"737ef9a459a91f3956e455cf1b303ae2"},"/home/somto/1Projects/mentorship project/StackOverflow-lite/server/server/controllers/index.js":{"path":"/home/somto/1Projects/mentorship project/StackOverflow-lite/server/server/controllers/index.js","statementMap":{"0":{"start":{"line":3,"column":0},"end":{"line":5,"column":3}},"1":{"start":{"line":7,"column":13},"end":{"line":7,"column":31}},"2":{"start":{"line":9,"column":14},"end":{"line":9,"column":44}},"3":{"start":{"line":11,"column":17},"end":{"line":11,"column":39}},"4":{"start":{"line":13,"column":18},"end":{"line":13,"column":52}},"5":{"start":{"line":15,"column":15},"end":{"line":15,"column":35}},"6":{"start":{"line":17,"column":16},"end":{"line":17,"column":48}},"7":{"start":{"line":19,"column":39},"end":{"line":19,"column":93}},"8":{"start":{"line":21,"column":18},"end":{"line":21,"column":134}},"9":{"start":{"line":22,"column":0},"end":{"line":22,"column":30}}},"fnMap":{"0":{"name":"_interopRequireDefault","decl":{"start":{"line":19,"column":9},"end":{"line":19,"column":31}},"loc":{"start":{"line":19,"column":37},"end":{"line":19,"column":95}},"line":19}},"branchMap":{"0":{"loc":{"start":{"line":19,"column":46},"end":{"line":19,"column":92}},"type":"cond-expr","locations":[{"start":{"line":19,"column":70},"end":{"line":19,"column":73}},{"start":{"line":19,"column":76},"end":{"line":19,"column":92}}],"line":19},"1":{"loc":{"start":{"line":19,"column":46},"end":{"line":19,"column":67}},"type":"binary-expr","locations":[{"start":{"line":19,"column":46},"end":{"line":19,"column":49}},{"start":{"line":19,"column":53},"end":{"line":19,"column":67}}],"line":19}},"s":{"0":1,"1":1,"2":0,"3":0,"4":0,"5":0,"6":0,"7":0,"8":0,"9":0},"f":{"0":0},"b":{"0":[0,0],"1":[0,0]},"_coverageSchema":"d34fc3e6b8297bcde183f5492bcb8fcb36775295","hash":"eeb6d245f5404e728cd84ca545e2c3e5241bf9bd","contentHash":"80d8199d99467509dea65af3f1db8e0e"},"/home/somto/1Projects/mentorship project/StackOverflow-lite/server/server/controllers/users.js":{"path":"/home/somto/1Projects/mentorship project/StackOverflow-lite/server/server/controllers/users.js","statementMap":{"0":{"start":{"line":3,"column":0},"end":{"line":5,"column":3}},"1":{"start":{"line":7,"column":14},"end":{"line":7,"column":31}},"2":{"start":{"line":9,"column":15},"end":{"line":9,"column":46}},"3":{"start":{"line":11,"column":20},"end":{"line":11,"column":43}},"4":{"start":{"line":13,"column":21},"end":{"line":13,"column":58}},"5":{"start":{"line":15,"column":16},"end":{"line":15,"column":35}},"6":{"start":{"line":17,"column":17},"end":{"line":17,"column":50}},"7":{"start":{"line":19,"column":14},"end":{"line":19,"column":34}},"8":{"start":{"line":21,"column":15},"end":{"line":21,"column":46}},"9":{"start":{"line":23,"column":11},"end":{"line":23,"column":31}},"10":{"start":{"line":25,"column":12},"end":{"line":25,"column":40}},"11":{"start":{"line":27,"column":20},"end":{"line":27,"column":55}},"12":{"start":{"line":29,"column":21},"end":{"line":29,"column":58}},"13":{"start":{"line":31,"column":18},"end":{"line":31,"column":51}},"14":{"start":{"line":33,"column":19},"end":{"line":33,"column":54}},"15":{"start":{"line":35,"column":23},"end":{"line":35,"column":61}},"16":{"start":{"line":37,"column":24},"end":{"line":37,"column":64}},"17":{"start":{"line":39,"column":39},"end":{"line":39,"column":93}},"18":{"start":{"line":41,"column":33},"end":{"line":41,"column":456}},"19":{"start":{"line":41,"column":64},"end":{"line":41,"column":89}},"20":{"start":{"line":41,"column":91},"end":{"line":41,"column":453}},"21":{"start":{"line":41,"column":165},"end":{"line":41,"column":263}},"22":{"start":{"line":41,"column":182},"end":{"line":41,"column":195}},"23":{"start":{"line":41,"column":209},"end":{"line":41,"column":219}},"24":{"start":{"line":41,"column":239},"end":{"line":41,"column":253}},"25":{"start":{"line":41,"column":254},"end":{"line":41,"column":261}},"26":{"start":{"line":41,"column":264},"end":{"line":41,"column":426}},"27":{"start":{"line":41,"column":281},"end":{"line":41,"column":296}},"28":{"start":{"line":41,"column":306},"end":{"line":41,"column":424}},"29":{"start":{"line":41,"column":360},"end":{"line":41,"column":380}},"30":{"start":{"line":41,"column":401},"end":{"line":41,"column":420}},"31":{"start":{"line":41,"column":429},"end":{"line":41,"column":449}},"32":{"start":{"line":45,"column":11},"end":{"line":45,"column":34}},"33":{"start":{"line":46,"column":11},"end":{"line":46,"column":18}},"34":{"start":{"line":47,"column":12},"end":{"line":47,"column":60}},"35":{"start":{"line":48,"column":27},"end":{"line":48,"column":35}},"36":{"start":{"line":49,"column":12},"end":{"line":49,"column":55}},"37":{"start":{"line":50,"column":25},"end":{"line":50,"column":33}},"38":{"start":{"line":53,"column":12},"end":{"line":53,"column":64}},"39":{"start":{"line":54,"column":34},"end":{"line":54,"column":42}},"40":{"start":{"line":55,"column":12},"end":{"line":55,"column":52}},"41":{"start":{"line":56,"column":22},"end":{"line":56,"column":30}},"42":{"start":{"line":58,"column":12},"end":{"line":58,"column":57}},"43":{"start":{"line":59,"column":27},"end":{"line":59,"column":35}},"44":{"start":{"line":61,"column":12},"end":{"line":61,"column":54}},"45":{"start":{"line":62,"column":24},"end":{"line":62,"column":32}},"46":{"start":{"line":64,"column":12},"end":{"line":64,"column":54}},"47":{"start":{"line":65,"column":24},"end":{"line":65,"column":32}},"48":{"start":{"line":67,"column":13},"end":{"line":69,"column":2}},"49":{"start":{"line":71,"column":20},"end":{"line":71,"column":35}},"50":{"start":{"line":74,"column":18},"end":{"line":78,"column":1}},"51":{"start":{"line":75,"column":14},"end":{"line":76,"column":4}},"52":{"start":{"line":77,"column":2},"end":{"line":77,"column":15}},"53":{"start":{"line":80,"column":22},"end":{"line":283,"column":1}},"54":{"start":{"line":83,"column":16},"end":{"line":83,"column":20}},"55":{"start":{"line":87,"column":4},"end":{"line":89,"column":5}},"56":{"start":{"line":88,"column":6},"end":{"line":88,"column":46}},"57":{"start":{"line":91,"column":25},"end":{"line":91,"column":74}},"58":{"start":{"line":93,"column":16},"end":{"line":93,"column":26}},"59":{"start":{"line":94,"column":15},"end":{"line":94,"column":23}},"60":{"start":{"line":96,"column":19},"end":{"line":96,"column":21}},"61":{"start":{"line":100,"column":4},"end":{"line":264,"column":7}},"62":{"start":{"line":101,"column":19},"end":{"line":257,"column":9}},"63":{"start":{"line":104,"column":8},"end":{"line":256,"column":71}},"64":{"start":{"line":105,"column":10},"end":{"line":255,"column":11}},"65":{"start":{"line":106,"column":12},"end":{"line":254,"column":13}},"66":{"start":{"line":108,"column":16},"end":{"line":108,"column":37}},"67":{"start":{"line":109,"column":16},"end":{"line":109,"column":30}},"68":{"start":{"line":110,"column":16},"end":{"line":110,"column":49}},"69":{"start":{"line":111,"column":16},"end":{"line":111,"column":42}},"70":{"start":{"line":112,"column":16},"end":{"line":112,"column":43}},"71":{"start":{"line":113,"column":16},"end":{"line":113,"column":34}},"72":{"start":{"line":114,"column":16},"end":{"line":114,"column":53}},"73":{"start":{"line":117,"column":16},"end":{"line":120,"column":17}},"74":{"start":{"line":118,"column":18},"end":{"line":118,"column":37}},"75":{"start":{"line":119,"column":18},"end":{"line":119,"column":24}},"76":{"start":{"line":122,"column":16},"end":{"line":122,"column":35}},"77":{"start":{"line":124,"column":16},"end":{"line":127,"column":17}},"78":{"start":{"line":125,"column":18},"end":{"line":125,"column":37}},"79":{"start":{"line":126,"column":18},"end":{"line":126,"column":24}},"80":{"start":{"line":129,"column":16},"end":{"line":129,"column":76}},"81":{"start":{"line":132,"column":16},"end":{"line":135,"column":17}},"82":{"start":{"line":133,"column":18},"end":{"line":133,"column":37}},"83":{"start":{"line":134,"column":18},"end":{"line":134,"column":24}},"84":{"start":{"line":137,"column":16},"end":{"line":137,"column":73}},"85":{"start":{"line":140,"column":16},"end":{"line":143,"column":17}},"86":{"start":{"line":141,"column":18},"end":{"line":141,"column":37}},"87":{"start":{"line":142,"column":18},"end":{"line":142,"column":24}},"88":{"start":{"line":145,"column":16},"end":{"line":145,"column":73}},"89":{"start":{"line":148,"column":16},"end":{"line":148,"column":31}},"90":{"start":{"line":151,"column":16},"end":{"line":151,"column":49}},"91":{"start":{"line":152,"column":16},"end":{"line":152,"column":34}},"92":{"start":{"line":153,"column":16},"end":{"line":153,"column":22}},"93":{"start":{"line":156,"column":16},"end":{"line":156,"column":35}},"94":{"start":{"line":157,"column":16},"end":{"line":157,"column":22}},"95":{"start":{"line":160,"column":16},"end":{"line":160,"column":35}},"96":{"start":{"line":161,"column":16},"end":{"line":161,"column":51}},"97":{"start":{"line":162,"column":16},"end":{"line":162,"column":41}},"98":{"start":{"line":163,"column":16},"end":{"line":163,"column":45}},"99":{"start":{"line":166,"column":16},"end":{"line":166,"column":35}},"100":{"start":{"line":167,"column":16},"end":{"line":167,"column":35}},"101":{"start":{"line":169,"column":16},"end":{"line":171,"column":17}},"102":{"start":{"line":170,"column":18},"end":{"line":170,"column":37}},"103":{"start":{"line":174,"column":16},"end":{"line":174,"column":35}},"104":{"start":{"line":176,"column":16},"end":{"line":179,"column":17}},"105":{"start":{"line":177,"column":18},"end":{"line":177,"column":37}},"106":{"start":{"line":178,"column":18},"end":{"line":178,"column":24}},"107":{"start":{"line":181,"column":16},"end":{"line":181,"column":37}},"108":{"start":{"line":184,"column":16},"end":{"line":184,"column":43}},"109":{"start":{"line":187,"column":16},"end":{"line":187,"column":43}},"110":{"start":{"line":190,"column":16},"end":{"line":193,"column":17}},"111":{"start":{"line":191,"column":18},"end":{"line":191,"column":37}},"112":{"start":{"line":192,"column":18},"end":{"line":192,"column":24}},"113":{"start":{"line":195,"column":16},"end":{"line":198,"column":17}},"114":{"start":{"line":196,"column":18},"end":{"line":196,"column":37}},"115":{"start":{"line":197,"column":18},"end":{"line":197,"column":24}},"116":{"start":{"line":201,"column":16},"end":{"line":201,"column":74}},"117":{"start":{"line":203,"column":16},"end":{"line":206,"column":17}},"118":{"start":{"line":204,"column":18},"end":{"line":204,"column":37}},"119":{"start":{"line":205,"column":18},"end":{"line":205,"column":24}},"120":{"start":{"line":208,"column":16},"end":{"line":208,"column":82}},"121":{"start":{"line":211,"column":16},"end":{"line":211,"column":35}},"122":{"start":{"line":212,"column":16},"end":{"line":212,"column":35}},"123":{"start":{"line":213,"column":16},"end":{"line":213,"column":64}},"124":{"start":{"line":216,"column":16},"end":{"line":216,"column":41}},"125":{"start":{"line":217,"column":16},"end":{"line":217,"column":35}},"126":{"start":{"line":218,"column":16},"end":{"line":218,"column":22}},"127":{"start":{"line":221,"column":16},"end":{"line":221,"column":35}},"128":{"start":{"line":222,"column":16},"end":{"line":222,"column":52}},"129":{"start":{"line":223,"column":16},"end":{"line":223,"column":84}},"130":{"start":{"line":228,"column":16},"end":{"line":239,"column":18}},"131":{"start":{"line":242,"column":16},"end":{"line":249,"column":19}},"132":{"start":{"line":244,"column":29},"end":{"line":244,"column":43}},"133":{"start":{"line":245,"column":30},"end":{"line":245,"column":50}},"134":{"start":{"line":246,"column":18},"end":{"line":246,"column":99}},"135":{"start":{"line":246,"column":29},"end":{"line":246,"column":99}},"136":{"start":{"line":248,"column":18},"end":{"line":248,"column":66}},"137":{"start":{"line":253,"column":16},"end":{"line":253,"column":39}},"138":{"start":{"line":259,"column":6},"end":{"line":261,"column":8}},"139":{"start":{"line":260,"column":8},"end":{"line":260,"column":45}},"140":{"start":{"line":263,"column":6},"end":{"line":263,"column":44}},"141":{"start":{"line":269,"column":4},"end":{"line":281,"column":7}},"142":{"start":{"line":270,"column":17},"end":{"line":270,"column":31}},"143":{"start":{"line":272,"column":6},"end":{"line":272,"column":87}},"144":{"start":{"line":272,"column":17},"end":{"line":272,"column":87}},"145":{"start":{"line":274,"column":24},"end":{"line":274,"column":88}},"146":{"start":{"line":275,"column":6},"end":{"line":275,"column":94}},"147":{"start":{"line":275,"column":24},"end":{"line":275,"column":94}},"148":{"start":{"line":276,"column":18},"end":{"line":276,"column":38}},"149":{"start":{"line":278,"column":6},"end":{"line":278,"column":87}},"150":{"start":{"line":278,"column":17},"end":{"line":278,"column":87}},"151":{"start":{"line":280,"column":6},"end":{"line":280,"column":37}},"152":{"start":{"line":285,"column":0},"end":{"line":285,"column":34}}},"fnMap":{"0":{"name":"_interopRequireDefault","decl":{"start":{"line":39,"column":9},"end":{"line":39,"column":31}},"loc":{"start":{"line":39,"column":37},"end":{"line":39,"column":95}},"line":39},"1":{"name":"_asyncToGenerator","decl":{"start":{"line":41,"column":9},"end":{"line":41,"column":26}},"loc":{"start":{"line":41,"column":31},"end":{"line":41,"column":458}},"line":41},"2":{"name":"(anonymous_2)","decl":{"start":{"line":41,"column":40},"end":{"line":41,"column":41}},"loc":{"start":{"line":41,"column":52},"end":{"line":41,"column":455}},"line":41},"3":{"name":"(anonymous_3)","decl":{"start":{"line":41,"column":110},"end":{"line":41,"column":111}},"loc":{"start":{"line":41,"column":137},"end":{"line":41,"column":451}},"line":41},"4":{"name":"step","decl":{"start":{"line":41,"column":148},"end":{"line":41,"column":152}},"loc":{"start":{"line":41,"column":163},"end":{"line":41,"column":428}},"line":41},"5":{"name":"(anonymous_5)","decl":{"start":{"line":41,"column":341},"end":{"line":41,"column":342}},"loc":{"start":{"line":41,"column":358},"end":{"line":41,"column":382}},"line":41},"6":{"name":"(anonymous_6)","decl":{"start":{"line":41,"column":384},"end":{"line":41,"column":385}},"loc":{"start":{"line":41,"column":399},"end":{"line":41,"column":422}},"line":41},"7":{"name":"tokenMethod","decl":{"start":{"line":74,"column":27},"end":{"line":74,"column":38}},"loc":{"start":{"line":74,"column":47},"end":{"line":78,"column":1}},"line":74},"8":{"name":"create","decl":{"start":{"line":82,"column":19},"end":{"line":82,"column":25}},"loc":{"start":{"line":82,"column":36},"end":{"line":265,"column":3}},"line":82},"9":{"name":"(anonymous_9)","decl":{"start":{"line":100,"column":24},"end":{"line":100,"column":25}},"loc":{"start":{"line":100,"column":36},"end":{"line":262,"column":5}},"line":100},"10":{"name":"_callee","decl":{"start":{"line":101,"column":84},"end":{"line":101,"column":91}},"loc":{"start":{"line":101,"column":101},"end":{"line":257,"column":7}},"line":101},"11":{"name":"_callee$","decl":{"start":{"line":104,"column":48},"end":{"line":104,"column":56}},"loc":{"start":{"line":104,"column":67},"end":{"line":256,"column":9}},"line":104},"12":{"name":"(anonymous_12)","decl":{"start":{"line":243,"column":22},"end":{"line":243,"column":23}},"loc":{"start":{"line":243,"column":40},"end":{"line":247,"column":17}},"line":243},"13":{"name":"(anonymous_13)","decl":{"start":{"line":247,"column":25},"end":{"line":247,"column":26}},"loc":{"start":{"line":247,"column":42},"end":{"line":249,"column":17}},"line":247},"14":{"name":"(anonymous_14)","decl":{"start":{"line":259,"column":13},"end":{"line":259,"column":14}},"loc":{"start":{"line":259,"column":27},"end":{"line":261,"column":7}},"line":259},"15":{"name":"(anonymous_15)","decl":{"start":{"line":262,"column":15},"end":{"line":262,"column":16}},"loc":{"start":{"line":262,"column":32},"end":{"line":264,"column":5}},"line":262},"16":{"name":"check","decl":{"start":{"line":266,"column":18},"end":{"line":266,"column":23}},"loc":{"start":{"line":266,"column":34},"end":{"line":282,"column":3}},"line":266},"17":{"name":"(anonymous_17)","decl":{"start":{"line":269,"column":66},"end":{"line":269,"column":67}},"loc":{"start":{"line":269,"column":84},"end":{"line":279,"column":5}},"line":269},"18":{"name":"(anonymous_18)","decl":{"start":{"line":279,"column":13},"end":{"line":279,"column":14}},"loc":{"start":{"line":279,"column":26},"end":{"line":281,"column":5}},"line":279}},"branchMap":{"0":{"loc":{"start":{"line":39,"column":46},"end":{"line":39,"column":92}},"type":"cond-expr","locations":[{"start":{"line":39,"column":70},"end":{"line":39,"column":73}},{"start":{"line":39,"column":76},"end":{"line":39,"column":92}}],"line":39},"1":{"loc":{"start":{"line":39,"column":46},"end":{"line":39,"column":67}},"type":"binary-expr","locations":[{"start":{"line":39,"column":46},"end":{"line":39,"column":49}},{"start":{"line":39,"column":53},"end":{"line":39,"column":67}}],"line":39},"2":{"loc":{"start":{"line":41,"column":264},"end":{"line":41,"column":426}},"type":"if","locations":[{"start":{"line":41,"column":264},"end":{"line":41,"column":426}},{"start":{"line":41,"column":264},"end":{"line":41,"column":426}}],"line":41},"3":{"loc":{"start":{"line":87,"column":4},"end":{"line":89,"column":5}},"type":"if","locations":[{"start":{"line":87,"column":4},"end":{"line":89,"column":5}},{"start":{"line":87,"column":4},"end":{"line":89,"column":5}}],"line":87},"4":{"loc":{"start":{"line":87,"column":8},"end":{"line":87,"column":87}},"type":"binary-expr","locations":[{"start":{"line":87,"column":8},"end":{"line":87,"column":26}},{"start":{"line":87,"column":30},"end":{"line":87,"column":48}},{"start":{"line":87,"column":52},"end":{"line":87,"column":67}},{"start":{"line":87,"column":71},"end":{"line":87,"column":87}}],"line":87},"5":{"loc":{"start":{"line":106,"column":12},"end":{"line":254,"column":13}},"type":"switch","locations":[{"start":{"line":107,"column":14},"end":{"line":114,"column":53}},{"start":{"line":116,"column":14},"end":{"line":129,"column":76}},{"start":{"line":131,"column":14},"end":{"line":137,"column":73}},{"start":{"line":139,"column":14},"end":{"line":145,"column":73}},{"start":{"line":147,"column":14},"end":{"line":148,"column":31}},{"start":{"line":150,"column":14},"end":{"line":153,"column":22}},{"start":{"line":155,"column":14},"end":{"line":157,"column":22}},{"start":{"line":159,"column":14},"end":{"line":163,"column":45}},{"start":{"line":165,"column":14},"end":{"line":171,"column":17}},{"start":{"line":173,"column":14},"end":{"line":181,"column":37}},{"start":{"line":183,"column":14},"end":{"line":184,"column":43}},{"start":{"line":186,"column":14},"end":{"line":187,"column":43}},{"start":{"line":189,"column":14},"end":{"line":208,"column":82}},{"start":{"line":210,"column":14},"end":{"line":213,"column":64}},{"start":{"line":215,"column":14},"end":{"line":218,"column":22}},{"start":{"line":220,"column":14},"end":{"line":223,"column":84}},{"start":{"line":225,"column":14},"end":{"line":249,"column":19}},{"start":{"line":251,"column":14},"end":{"line":251,"column":22}},{"start":{"line":252,"column":14},"end":{"line":253,"column":39}}],"line":106},"6":{"loc":{"start":{"line":117,"column":16},"end":{"line":120,"column":17}},"type":"if","locations":[{"start":{"line":117,"column":16},"end":{"line":120,"column":17}},{"start":{"line":117,"column":16},"end":{"line":120,"column":17}}],"line":117},"7":{"loc":{"start":{"line":124,"column":16},"end":{"line":127,"column":17}},"type":"if","locations":[{"start":{"line":124,"column":16},"end":{"line":127,"column":17}},{"start":{"line":124,"column":16},"end":{"line":127,"column":17}}],"line":124},"8":{"loc":{"start":{"line":132,"column":16},"end":{"line":135,"column":17}},"type":"if","locations":[{"start":{"line":132,"column":16},"end":{"line":135,"column":17}},{"start":{"line":132,"column":16},"end":{"line":135,"column":17}}],"line":132},"9":{"loc":{"start":{"line":140,"column":16},"end":{"line":143,"column":17}},"type":"if","locations":[{"start":{"line":140,"column":16},"end":{"line":143,"column":17}},{"start":{"line":140,"column":16},"end":{"line":143,"column":17}}],"line":140},"10":{"loc":{"start":{"line":169,"column":16},"end":{"line":171,"column":17}},"type":"if","locations":[{"start":{"line":169,"column":16},"end":{"line":171,"column":17}},{"start":{"line":169,"column":16},"end":{"line":171,"column":17}}],"line":169},"11":{"loc":{"start":{"line":169,"column":20},"end":{"line":169,"column":66}},"type":"binary-expr","locations":[{"start":{"line":169,"column":20},"end":{"line":169,"column":46}},{"start":{"line":169,"column":50},"end":{"line":169,"column":66}}],"line":169},"12":{"loc":{"start":{"line":176,"column":16},"end":{"line":179,"column":17}},"type":"if","locations":[{"start":{"line":176,"column":16},"end":{"line":179,"column":17}},{"start":{"line":176,"column":16},"end":{"line":179,"column":17}}],"line":176},"13":{"loc":{"start":{"line":190,"column":16},"end":{"line":193,"column":17}},"type":"if","locations":[{"start":{"line":190,"column":16},"end":{"line":193,"column":17}},{"start":{"line":190,"column":16},"end":{"line":193,"column":17}}],"line":190},"14":{"loc":{"start":{"line":195,"column":16},"end":{"line":198,"column":17}},"type":"if","locations":[{"start":{"line":195,"column":16},"end":{"line":198,"column":17}},{"start":{"line":195,"column":16},"end":{"line":198,"column":17}}],"line":195},"15":{"loc":{"start":{"line":203,"column":16},"end":{"line":206,"column":17}},"type":"if","locations":[{"start":{"line":203,"column":16},"end":{"line":206,"column":17}},{"start":{"line":203,"column":16},"end":{"line":206,"column":17}}],"line":203},"16":{"loc":{"start":{"line":246,"column":18},"end":{"line":246,"column":99}},"type":"if","locations":[{"start":{"line":246,"column":18},"end":{"line":246,"column":99}},{"start":{"line":246,"column":18},"end":{"line":246,"column":99}}],"line":246},"17":{"loc":{"start":{"line":272,"column":6},"end":{"line":272,"column":87}},"type":"if","locations":[{"start":{"line":272,"column":6},"end":{"line":272,"column":87}},{"start":{"line":272,"column":6},"end":{"line":272,"column":87}}],"line":272},"18":{"loc":{"start":{"line":275,"column":6},"end":{"line":275,"column":94}},"type":"if","locations":[{"start":{"line":275,"column":6},"end":{"line":275,"column":94}},{"start":{"line":275,"column":6},"end":{"line":275,"column":94}}],"line":275},"19":{"loc":{"start":{"line":278,"column":6},"end"
[...]
ne":44},"7":{"loc":{"start":{"line":68,"column":4},"end":{"line":77,"column":5}},"type":"if","locations":[{"start":{"line":68,"column":4},"end":{"line":77,"column":5}},{"start":{"line":68,"column":4},"end":{"line":77,"column":5}}],"line":68},"8":{"loc":{"start":{"line":68,"column":8},"end":{"line":68,"column":36}},"type":"binary-expr","locations":[{"start":{"line":68,"column":8},"end":{"line":68,"column":22}},{"start":{"line":68,"column":26},"end":{"line":68,"column":36}}],"line":68}},"s":{"0":1,"1":1,"2":1,"3":1,"4":1,"5":0,"6":0,"7":0,"8":0,"9":0,"10":0,"11":0,"12":0,"13":0,"14":0,"15":0,"16":0,"17":0,"18":0,"19":0,"20":0,"21":0,"22":0,"23":0,"24":0,"25":0,"26":1},"f":{"0":1,"1":0,"2":0,"3":0,"4":0},"b":{"0":[1,0],"1":[1,1],"2":[0,0],"3":[0,0],"4":[0,0],"5":[0,0],"6":[0,0],"7":[0,0],"8":[0,0]},"_coverageSchema":"d34fc3e6b8297bcde183f5492bcb8fcb36775295","hash":"9b7b8dfd2c80b4ce4b6dd2df0dc0627ee935af81","contentHash":"9ea645613f96bfff6357700ab96e6227"},"/home/somto/1Projects/mentorship project/StackOverflow-lite/server/server/models/answer.js":{"path":"/home/somto/1Projects/mentorship project/StackOverflow-lite/server/server/models/answer.js","statementMap":{"0":{"start":{"line":3,"column":0},"end":{"line":5,"column":3}},"1":{"start":{"line":7,"column":13},"end":{"line":7,"column":40}},"2":{"start":{"line":9,"column":14},"end":{"line":9,"column":44}},"3":{"start":{"line":11,"column":39},"end":{"line":11,"column":93}},"4":{"start":{"line":13,"column":13},"end":{"line":73,"column":1}},"5":{"start":{"line":16,"column":25},"end":{"line":19,"column":5}},"6":{"start":{"line":22,"column":4},"end":{"line":22,"column":48}},"7":{"start":{"line":26,"column":25},"end":{"line":29,"column":5}},"8":{"start":{"line":32,"column":4},"end":{"line":32,"column":48}},"9":{"start":{"line":36,"column":25},"end":{"line":40,"column":5}},"10":{"start":{"line":43,"column":4},"end":{"line":43,"column":48}},"11":{"start":{"line":46,"column":14},"end":{"line":46,"column":40}},"12":{"start":{"line":47,"column":25},"end":{"line":52,"column":5}},"13":{"start":{"line":55,"column":4},"end":{"line":55,"column":48}},"14":{"start":{"line":58,"column":25},"end":{"line":58,"column":31}},"15":{"start":{"line":59,"column":4},"end":{"line":68,"column":5}},"16":{"start":{"line":60,"column":6},"end":{"line":62,"column":8}},"17":{"start":{"line":64,"column":6},"end":{"line":67,"column":8}},"18":{"start":{"line":71,"column":4},"end":{"line":71,"column":48}},"19":{"start":{"line":75,"column":0},"end":{"line":75,"column":25}}},"fnMap":{"0":{"name":"_interopRequireDefault","decl":{"start":{"line":11,"column":9},"end":{"line":11,"column":31}},"loc":{"start":{"line":11,"column":37},"end":{"line":11,"column":95}},"line":11},"1":{"name":"create","decl":{"start":{"line":14,"column":19},"end":{"line":14,"column":25}},"loc":{"start":{"line":14,"column":32},"end":{"line":23,"column":3}},"line":14},"2":{"name":"update","decl":{"start":{"line":24,"column":19},"end":{"line":24,"column":25}},"loc":{"start":{"line":24,"column":32},"end":{"line":33,"column":3}},"line":24},"3":{"name":"findById","decl":{"start":{"line":34,"column":21},"end":{"line":34,"column":29}},"loc":{"start":{"line":34,"column":34},"end":{"line":44,"column":3}},"line":34},"4":{"name":"findOne","decl":{"start":{"line":45,"column":20},"end":{"line":45,"column":27}},"loc":{"start":{"line":45,"column":34},"end":{"line":56,"column":3}},"line":45},"5":{"name":"destroy","decl":{"start":{"line":57,"column":20},"end":{"line":57,"column":27}},"loc":{"start":{"line":57,"column":34},"end":{"line":72,"column":3}},"line":57}},"branchMap":{"0":{"loc":{"start":{"line":11,"column":46},"end":{"line":11,"column":92}},"type":"cond-expr","locations":[{"start":{"line":11,"column":70},"end":{"line":11,"column":73}},{"start":{"line":11,"column":76},"end":{"line":11,"column":92}}],"line":11},"1":{"loc":{"start":{"line":11,"column":46},"end":{"line":11,"column":67}},"type":"binary-expr","locations":[{"start":{"line":11,"column":46},"end":{"line":11,"column":49}},{"start":{"line":11,"column":53},"end":{"line":11,"column":67}}],"line":11},"2":{"loc":{"start":{"line":59,"column":4},"end":{"line":68,"column":5}},"type":"if","locations":[{"start":{"line":59,"column":4},"end":{"line":68,"column":5}},{"start":{"line":59,"column":4},"end":{"line":68,"column":5}}],"line":59},"3":{"loc":{"start":{"line":59,"column":8},"end":{"line":59,"column":36}},"type":"binary-expr","locations":[{"start":{"line":59,"column":8},"end":{"line":59,"column":22}},{"start":{"line":59,"column":26},"end":{"line":59,"column":36}}],"line":59}},"s":{"0":1,"1":1,"2":1,"3":1,"4":1,"5":0,"6":0,"7":0,"8":0,"9":0,"10":0,"11":0,"12":0,"13":0,"14":0,"15":0,"16":0,"17":0,"18":0,"19":1},"f":{"0":1,"1":0,"2":0,"3":0,"4":0,"5":0},"b":{"0":[1,0],"1":[1,1],"2":[0,0],"3":[0,0]},"_coverageSchema":"d34fc3e6b8297bcde183f5492bcb8fcb36775295","hash":"9cfb231057db73374e29d15b8d1cc260dc043cfb","contentHash":"05fb6a6140a6e70270ce43339a606a03"},"/home/somto/1Projects/mentorship project/StackOverflow-lite/server/server/controllers/utilities/errorHandler.js":{"path":"/home/somto/1Projects/mentorship project/StackOverflow-lite/server/server/controllers/utilities/errorHandler.js","statementMap":{"0":{"start":{"line":3,"column":0},"end":{"line":5,"column":3}},"1":{"start":{"line":7,"column":23},"end":{"line":7,"column":51}},"2":{"start":{"line":9,"column":24},"end":{"line":9,"column":64}},"3":{"start":{"line":11,"column":39},"end":{"line":11,"column":93}},"4":{"start":{"line":13,"column":11},"end":{"line":13,"column":61}},"5":{"start":{"line":14,"column":29},"end":{"line":14,"column":36}},"6":{"start":{"line":18,"column":15},"end":{"line":20,"column":1}},"7":{"start":{"line":19,"column":2},"end":{"line":19,"column":38}},"8":{"start":{"line":22,"column":14},"end":{"line":24,"column":1}},"9":{"start":{"line":23,"column":2},"end":{"line":23,"column":40}},"10":{"start":{"line":26,"column":19},"end":{"line":68,"column":1}},"11":{"start":{"line":28,"column":4},"end":{"line":28,"column":51}},"12":{"start":{"line":28,"column":18},"end":{"line":28,"column":51}},"13":{"start":{"line":29,"column":4},"end":{"line":29,"column":39}},"14":{"start":{"line":32,"column":4},"end":{"line":32,"column":71}},"15":{"start":{"line":35,"column":4},"end":{"line":35,"column":65}},"16":{"start":{"line":39,"column":4},"end":{"line":39,"column":67}},"17":{"start":{"line":42,"column":4},"end":{"line":42,"column":72}},"18":{"start":{"line":45,"column":4},"end":{"line":45,"column":69}},"19":{"start":{"line":48,"column":4},"end":{"line":48,"column":69}},"20":{"start":{"line":51,"column":4},"end":{"line":51,"column":72}},"21":{"start":{"line":54,"column":4},"end":{"line":54,"column":51}},"22":{"start":{"line":54,"column":18},"end":{"line":54,"column":51}},"23":{"start":{"line":55,"column":4},"end":{"line":55,"column":88}},"24":{"start":{"line":58,"column":4},"end":{"line":58,"column":80}},"25":{"start":{"line":61,"column":4},"end":{"line":61,"column":91}},"26":{"start":{"line":64,"column":4},"end":{"line":66,"column":5}},"27":{"start":{"line":65,"column":6},"end":{"line":65,"column":18}},"28":{"start":{"line":66,"column":5},"end":{"line":66,"column":18}},"29":{"start":{"line":70,"column":0},"end":{"line":70,"column":31}}},"fnMap":{"0":{"name":"_interopRequireDefault","decl":{"start":{"line":11,"column":9},"end":{"line":11,"column":31}},"loc":{"start":{"line":11,"column":37},"end":{"line":11,"column":95}},"line":11},"1":{"name":"isNumber","decl":{"start":{"line":18,"column":24},"end":{"line":18,"column":32}},"loc":{"start":{"line":18,"column":36},"end":{"line":20,"column":1}},"line":18},"2":{"name":"isFloat","decl":{"start":{"line":22,"column":23},"end":{"line":22,"column":30}},"loc":{"start":{"line":22,"column":34},"end":{"line":24,"column":1}},"line":22},"3":{"name":"createHandlerError","decl":{"start":{"line":27,"column":31},"end":{"line":27,"column":49}},"loc":{"start":{"line":27,"column":72},"end":{"line":30,"column":3}},"line":27},"4":{"name":"notFoundHandlerError","decl":{"start":{"line":31,"column":33},"end":{"line":31,"column":53}},"loc":{"start":{"line":31,"column":70},"end":{"line":33,"column":3}},"line":31},"5":{"name":"incompleteFieldHandlerError","decl":{"start":{"line":34,"column":40},"end":{"line":34,"column":67}},"loc":{"start":{"line":34,"column":73},"end":{"line":36,"column":3}},"line":34},"6":{"name":"fileHandleError","decl":{"start":{"line":37,"column":28},"end":{"line":37,"column":43}},"loc":{"start":{"line":37,"column":58},"end":{"line":40,"column":3}},"line":37},"7":{"name":"usernameHandlerError","decl":{"start":{"line":41,"column":33},"end":{"line":41,"column":53}},"loc":{"start":{"line":41,"column":59},"end":{"line":43,"column":3}},"line":41},"8":{"name":"emailHandlerError","decl":{"start":{"line":44,"column":30},"end":{"line":44,"column":47}},"loc":{"start":{"line":44,"column":53},"end":{"line":46,"column":3}},"line":44},"9":{"name":"phoneHandlerError","decl":{"start":{"line":47,"column":30},"end":{"line":47,"column":47}},"loc":{"start":{"line":47,"column":53},"end":{"line":49,"column":3}},"line":47},"10":{"name":"questionHandlerError","decl":{"start":{"line":50,"column":33},"end":{"line":50,"column":53}},"loc":{"start":{"line":50,"column":59},"end":{"line":52,"column":3}},"line":50},"11":{"name":"userNotPrestentHandlerError","decl":{"start":{"line":53,"column":40},"end":{"line":53,"column":67}},"loc":{"start":{"line":53,"column":83},"end":{"line":56,"column":3}},"line":53},"12":{"name":"noTokenHandlerError","decl":{"start":{"line":57,"column":32},"end":{"line":57,"column":51}},"loc":{"start":{"line":57,"column":57},"end":{"line":59,"column":3}},"line":57},"13":{"name":"failedAuthHandlerError","decl":{"start":{"line":60,"column":35},"end":{"line":60,"column":57}},"loc":{"start":{"line":60,"column":63},"end":{"line":62,"column":3}},"line":60},"14":{"name":"parametersHandlerError","decl":{"start":{"line":63,"column":35},"end":{"line":63,"column":57}},"loc":{"start":{"line":63,"column":63},"end":{"line":67,"column":3}},"line":63}},"branchMap":{"0":{"loc":{"start":{"line":11,"column":46},"end":{"line":11,"column":92}},"type":"cond-expr","locations":[{"start":{"line":11,"column":70},"end":{"line":11,"column":73}},{"start":{"line":11,"column":76},"end":{"line":11,"column":92}}],"line":11},"1":{"loc":{"start":{"line":11,"column":46},"end":{"line":11,"column":67}},"type":"binary-expr","locations":[{"start":{"line":11,"column":46},"end":{"line":11,"column":49}},{"start":{"line":11,"column":53},"end":{"line":11,"column":67}}],"line":11},"2":{"loc":{"start":{"line":23,"column":9},"end":{"line":23,"column":39}},"type":"binary-expr","locations":[{"start":{"line":23,"column":9},"end":{"line":23,"column":24}},{"start":{"line":23,"column":28},"end":{"line":23,"column":39}}],"line":23},"3":{"loc":{"start":{"line":28,"column":4},"end":{"line":28,"column":51}},"type":"if","locations":[{"start":{"line":28,"column":4},"end":{"line":28,"column":51}},{"start":{"line":28,"column":4},"end":{"line":28,"column":51}}],"line":28},"4":{"loc":{"start":{"line":54,"column":4},"end":{"line":54,"column":51}},"type":"if","locations":[{"start":{"line":54,"column":4},"end":{"line":54,"column":51}},{"start":{"line":54,"column":4},"end":{"line":54,"column":51}}],"line":54},"5":{"loc":{"start":{"line":64,"column":4},"end":{"line":66,"column":5}},"type":"if","locations":[{"start":{"line":64,"column":4},"end":{"line":66,"column":5}},{"start":{"line":64,"column":4},"end":{"line":66,"column":5}}],"line":64},"6":{"loc":{"start":{"line":64,"column":8},"end":{"line":64,"column":182}},"type":"binary-expr","locations":[{"start":{"line":64,"column":8},"end":{"line":64,"column":40}},{"start":{"line":64,"column":44},"end":{"line":64,"column":98}},{"start":{"line":64,"column":102},"end":{"line":64,"column":136}},{"start":{"line":64,"column":140},"end":{"line":64,"column":182}}],"line":64}},"s":{"0":1,"1":1,"2":0,"3":0,"4":0,"5":0,"6":0,"7":0,"8":0,"9":0,"10":0,"11":0,"12":0,"13":0,"14":0,"15":0,"16":0,"17":0,"18":0,"19":0,"20":0,"21":0,"22":0,"23":0,"24":0,"25":0,"26":0,"27":0,"28":0,"29":0},"f":{"0":0,"1":0,"2":0,"3":0,"4":0,"5":0,"6":0,"7":0,"8":0,"9":0,"10":0,"11":0,"12":0,"13":0,"14":0},"b":{"0":[0,0],"1":[0,0],"2":[0,0],"3":[0,0],"4":[0,0],"5":[0,0],"6":[0,0,0,0]},"_coverageSchema":"d34fc3e6b8297bcde183f5492bcb8fcb36775295","hash":"69a4d0bcd640cba2440a6315dd02a27ada1890b0","contentHash":"f1580a099cb30b5d34c6dd69ed67a355"},"/home/somto/1Projects/mentorship project/StackOverflow-lite/server/server/controllers/utilities/filebaseStorage.js":{"path":"/home/somto/1Projects/mentorship project/StackOverflow-lite/server/server/controllers/utilities/filebaseStorage.js","statementMap":{"0":{"start":{"line":3,"column":0},"end":{"line":5,"column":3}},"1":{"start":{"line":7,"column":21},"end":{"line":7,"column":46}},"2":{"start":{"line":9,"column":12},"end":{"line":9,"column":51}},"3":{"start":{"line":11,"column":40},"end":{"line":11,"column":267}},"4":{"start":{"line":11,"column":69},"end":{"line":11,"column":80}},"5":{"start":{"line":11,"column":103},"end":{"line":11,"column":105}},"6":{"start":{"line":11,"column":107},"end":{"line":11,"column":228}},"7":{"start":{"line":11,"column":126},"end":{"line":11,"column":226}},"8":{"start":{"line":11,"column":149},"end":{"line":11,"column":224}},"9":{"start":{"line":11,"column":201},"end":{"line":11,"column":224}},"10":{"start":{"line":11,"column":229},"end":{"line":11,"column":250}},"11":{"start":{"line":11,"column":251},"end":{"line":11,"column":265}},"12":{"start":{"line":13,"column":10},"end":{"line":13,"column":30}},"13":{"start":{"line":16,"column":16},"end":{"line":16,"column":38}},"14":{"start":{"line":17,"column":10},"end":{"line":17,"column":25}},"15":{"start":{"line":18,"column":0},"end":{"line":18,"column":34}},"16":{"start":{"line":19,"column":17},"end":{"line":19,"column":23}},"17":{"start":{"line":21,"column":0},"end":{"line":25,"column":1}},"18":{"start":{"line":22,"column":2},"end":{"line":22,"column":39}},"19":{"start":{"line":24,"column":2},"end":{"line":24,"column":38}},"20":{"start":{"line":28,"column":0},"end":{"line":35,"column":3}},"21":{"start":{"line":37,"column":14},"end":{"line":37,"column":29}},"22":{"start":{"line":39,"column":13},"end":{"line":39,"column":29}},"23":{"start":{"line":41,"column":19},"end":{"line":99,"column":1}},"24":{"start":{"line":49,"column":15},"end":{"line":78,"column":6}},"25":{"start":{"line":50,"column":6},"end":{"line":52,"column":7}},"26":{"start":{"line":51,"column":8},"end":{"line":51,"column":43}},"27":{"start":{"line":53,"column":24},"end":{"line":53,"column":75}},"28":{"start":{"line":55,"column":23},"end":{"line":55,"column":47}},"29":{"start":{"line":57,"column":23},"end":{"line":61,"column":8}},"30":{"start":{"line":63,"column":6},"end":{"line":66,"column":9}},"31":{"start":{"line":64,"column":8},"end":{"line":64,"column":22}},"32":{"start":{"line":68,"column":6},"end":{"line":75,"column":9}},"33":{"start":{"line":69,"column":23},"end":{"line":69,"column":38}},"34":{"start":{"line":72,"column":8},"end":{"line":72,"column":79}},"35":{"start":{"line":74,"column":8},"end":{"line":74,"column":26}},"36":{"start":{"line":77,"column":6},"end":{"line":77,"column":34}},"37":{"start":{"line":80,"column":4},"end":{"line":80,"column":16}},"38":{"start":{"line":83,"column":15},"end":{"line":83,"column":36}},"39":{"start":{"line":85,"column":4},"end":{"line":88,"column":7}},"40":{"start":{"line":86,"column":24},"end":{"line":86,"column":31}},"41":{"start":{"line":87,"column":6},"end":{"line":87,"column":25}},"42":{"start":{"line":91,"column":15},"end":{"line":91,"column":36}},"43":{"start":{"line":93,"column":4},"end":{"line":97,"column":7}},"44":{"start":{"line":94,"column":6},"end":{"line":94,"column":42}},"45":{"start":{"line":96,"column":6},"end":{"line":96,"column":35}},"46":{"start":{"line":102,"column":0},"end":{"line":102,"column":31}}},"fnMap":{"0":{"name":"_interopRequireWildcard","decl":{"start":{"line":11,"column":9},"end":{"line":11,"column":32}},"loc":{"start":{"line":11,"column":38},"end":{"line":11,"column":269}},"line":11},"1":{"name":"uploadImageToStorage","decl":{"start":{"line":48,"column":33},"end":{"line":48,"column":53}},"loc":{"start":{"line":48,"column":68},"end":{"line":81,"column":3}},"line":48},"2":{"name":"(anonymous_2)","decl":{"start":{"line":49,"column":27},"end":{"line":49,"column":28}},"loc":{"start":{"line":49,"column":54},"end":{"line":78,"column":5}},"line":49},"3":{"name":"(anonymous_3)","decl":{"start":{"line":63,"column":29},"end":{"line":63,"column":30}},"loc":{"start":{"line":63,"column":46},"end":{"line":66,"column":7}},"line":63},"4":{"name":"(anonymous_4)","decl":{"start":{"line":68,"column":30},"end":{"line":68,"column":31}},"loc":{"start":{"line":68,"column":42},"end":{"line":75,"column":7}},"line":68},"5":{"name":"(anonymous_5)","decl":{"start":{"line":72,"column":41},"end":{"line":72,"column":42}},"loc":{"start":{"line":72,"column":75},"end":{"line":72,"column":77}},"line":72},"6":{"name":"getImageFromStorage","decl":{"start":{"line":82,"column":32},"end":{"line":82,"column":51}},"loc":{"start":{"line":82,"column":62},"end":{"line":89,"column":3}},"line":82},"7":{"name":"(anonymous_7)","decl":{"start":{"line":85,"column":27},"end":{"line":85,"column":28}},"loc":{"start":{"line":85,"column":43},"end":{"line":88,"column":5}},"line":85},"8":{"name":"deleteImageFromStorage","decl":{"start":{"line":90,"column":35},"end":{"line":90,"column":57}},"loc":{"start":{"line":90,"column":68},"end":{"line":98,"column":3}},"line":90},"9":{"name":"(anonymous_9)","decl":{"start":{"line":93,"column":23},"end":{"line":93,"column":24}},"loc":{"start":{"line":93,"column":35},"end":{"line":95,"column":5}},"line":93},"10":{"name":"(anonymous_10)","decl":{"start":{"line":95,"column":13},"end":{"line":95,"column":14}},"loc":{"start":{"line":95,"column":28},"end":{"line":97,"column":5}},"line":95}},"branchMap":{"0":{"loc":{"start":{"line":11,"column":40},"end":{"line":11,"column":267}},"type":"if","locations":[{"start":{"line":11,"column":40},"end":{"line":11,"column":267}},{"start":{"line":11,"column":40},"end":{"line":11,"column":267}}],"line":11},"1":{"loc":{"start":{"line":11,"column":44},"end":{"line":11,"column":65}},"type":"binary-expr","locations":[{"start":{"line":11,"column":44},"end":{"line":11,"column":47}},{"start":{"line":11,"column":51},"end":{"line":11,"column":65}}],"line":11},"2":{"loc":{"start":{"line":11,"column":107},"end":{"line":11,"column":228}},"type":"if","locations":[{"start":{"line":11,"column":107},"end":{"line":11,"column":228}},{"start":{"line":11,"column":107},"end":{"line":11,"column":228}}],"line":11},"3":{"loc":{"start":{"line":11,"column":149},"end":{"line":11,"column":224}},"type":"if","locations":[{"start":{"line":11,"column":149},"end":{"line":11,"column":224}},{"start":{"line":11,"column":149},"end":{"line":11,"column":224}}],"line":11},"4":{"loc":{"start":{"line":21,"column":0},"end":{"line":25,"column":1}},"type":"if","locations":[{"start":{"line":21,"column":0},"end":{"line":25,"column":1}},{"start":{"line":21,"column":0},"end":{"line":25,"column":1}}],"line":21},"5":{"loc":{"start":{"line":50,"column":6},"end":{"line":52,"column":7}},"type":"if","locations":[{"start":{"line":50,"column":6},"end":{"line":52,"column":7}},{"start":{"line":50,"column":6},"end":{"line":52,"column":7}}],"line":50}},"s":{"0":1,"1":1,"2":1,"3":1,"4":1,"5":0,"6":0,"7":0,"8":0,"9":0,"10":0,"11":0,"12":1,"13":1,"14":1,"15":1,"16":1,"17":1,"18":0,"19":1,"20":1,"21":0,"22":0,"23":0,"24":0,"25":0,"26":0,"27":0,"28":0,"29":0,"30":0,"31":0,"32":0,"33":0,"34":0,"35":0,"36":0,"37":0,"38":0,"39":0,"40":0,"41":0,"42":0,"43":0,"44":0,"45":0,"46":0},"f":{"0":1,"1":0,"2":0,"3":0,"4":0,"5":0,"6":0,"7":0,"8":0,"9":0,"10":0},"b":{"0":[1,0],"1":[1,1],"2":[0,0],"3":[0,0],"4":[0,1],"5":[0,0]},"_coverageSchema":"d34fc3e6b8297bcde183f5492bcb8fcb36775295","hash":"f3632e83e0823b529c0074b668ed488e481d9370","contentHash":"0f146750850678a8a6eb85b421f5e04f"}}