{"/home/somto/1Projects/mentorship project/StackOverflow-lite/server/test/app-spec.js":{"path":"/home/somto/1Projects/mentorship project/StackOverflow-lite/server/test/app-spec.js","statementMap":{"0":{"start":{"line":3,"column":12},"end":{"line":3,"column":27}},"1":{"start":{"line":5,"column":13},"end":{"line":5,"column":42}},"2":{"start":{"line":7,"column":16},"end":{"line":7,"column":36}},"3":{"start":{"line":9,"column":17},"end":{"line":9,"column":50}},"4":{"start":{"line":11,"column":11},"end":{"line":11,"column":28}},"5":{"start":{"line":13,"column":12},"end":{"line":13,"column":40}},"6":{"start":{"line":15,"column":39},"end":{"line":15,"column":93}},"7":{"start":{"line":17,"column":0},"end":{"line":17,"column":30}},"8":{"start":{"line":21,"column":0},"end":{"line":21,"column":24}},"9":{"start":{"line":22,"column":0},"end":{"line":22,"column":39}},"10":{"start":{"line":24,"column":0},"end":{"line":32,"column":3}},"11":{"start":{"line":25,"column":2},"end":{"line":31,"column":5}},"12":{"start":{"line":26,"column":4},"end":{"line":30,"column":7}},"13":{"start":{"line":27,"column":6},"end":{"line":27,"column":34}},"14":{"start":{"line":28,"column":6},"end":{"line":28,"column":81}},"15":{"start":{"line":29,"column":6},"end":{"line":29,"column":13}},"16":{"start":{"line":34,"column":0},"end":{"line":42,"column":3}},"17":{"start":{"line":35,"column":2},"end":{"line":41,"column":5}},"18":{"start":{"line":36,"column":4},"end":{"line":40,"column":7}},"19":{"start":{"line":37,"column":6},"end":{"line":37,"column":34}},"20":{"start":{"line":38,"column":6},"end":{"line":38,"column":65}},"21":{"start":{"line":39,"column":6},"end":{"line":39,"column":13}}},"fnMap":{"0":{"name":"_interopRequireDefault","decl":{"start":{"line":15,"column":9},"end":{"line":15,"column":31}},"loc":{"start":{"line":15,"column":37},"end":{"line":15,"column":95}},"line":15},"1":{"name":"(anonymous_1)","decl":{"start":{"line":24,"column":20},"end":{"line":24,"column":21}},"loc":{"start":{"line":24,"column":32},"end":{"line":32,"column":1}},"line":24},"2":{"name":"(anonymous_2)","decl":{"start":{"line":25,"column":34},"end":{"line":25,"column":35}},"loc":{"start":{"line":25,"column":50},"end":{"line":31,"column":3}},"line":25},"3":{"name":"(anonymous_3)","decl":{"start":{"line":26,"column":63},"end":{"line":26,"column":64}},"loc":{"start":{"line":26,"column":83},"end":{"line":30,"column":5}},"line":26},"4":{"name":"(anonymous_4)","decl":{"start":{"line":34,"column":22},"end":{"line":34,"column":23}},"loc":{"start":{"line":34,"column":34},"end":{"line":42,"column":1}},"line":34},"5":{"name":"(anonymous_5)","decl":{"start":{"line":35,"column":34},"end":{"line":35,"column":35}},"loc":{"start":{"line":35,"column":50},"end":{"line":41,"column":3}},"line":35},"6":{"name":"(anonymous_6)","decl":{"start":{"line":36,"column":58},"end":{"line":36,"column":59}},"loc":{"start":{"line":36,"column":78},"end":{"line":40,"column":5}},"line":36}},"branchMap":{"0":{"loc":{"start":{"line":15,"column":46},"end":{"line":15,"column":92}},"type":"cond-expr","locations":[{"start":{"line":15,"column":70},"end":{"line":15,"column":73}},{"start":{"line":15,"column":76},"end":{"line":15,"column":92}}],"line":15},"1":{"loc":{"start":{"line":15,"column":46},"end":{"line":15,"column":67}},"type":"binary-expr","locations":[{"start":{"line":15,"column":46},"end":{"line":15,"column":49}},{"start":{"line":15,"column":53},"end":{"line":15,"column":67}}],"line":15}},"s":{"0":1,"1":1,"2":1,"3":1,"4":1,"5":1,"6":3,"7":1,"8":1,"9":1,"10":1,"11":1,"12":1,"13":1,"14":1,"15":1,"16":1,"17":1,"18":1,"19":1,"20":1,"21":1},"f":{"0":3,"1":1,"2":1,"3":1,"4":1,"5":1,"6":1},"b":{"0":[1,2],"1":[3,3]},"_coverageSchema":"d34fc3e6b8297bcde183f5492bcb8fcb36775295","hash":"5eab4dfc6baa1ce285486c07a127ff871d4031a5","contentHash":"8b82d1e4006ba53b0552f047521798da"},"/home/somto/1Projects/mentorship project/StackOverflow-lite/server/app.js":{"path":"/home/somto/1Projects/mentorship project/StackOverflow-lite/server/app.js","statementMap":{"0":{"start":{"line":3,"column":0},"end":{"line":5,"column":3}},"1":{"start":{"line":7,"column":15},"end":{"line":7,"column":33}},"2":{"start":{"line":9,"column":16},"end":{"line":9,"column":48}},"3":{"start":{"line":11,"column":14},"end":{"line":11,"column":31}},"4":{"start":{"line":13,"column":15},"end":{"line":13,"column":46}},"5":{"start":{"line":15,"column":18},"end":{"line":15,"column":40}},"6":{"start":{"line":17,"column":19},"end":{"line":17,"column":54}},"7":{"start":{"line":19,"column":14},"end":{"line":19,"column":40}},"8":{"start":{"line":21,"column":15},"end":{"line":21,"column":46}},"9":{"start":{"line":23,"column":39},"end":{"line":23,"column":93}},"10":{"start":{"line":27,"column":10},"end":{"line":27,"column":34}},"11":{"start":{"line":30,"column":0},"end":{"line":30,"column":38}},"12":{"start":{"line":32,"column":0},"end":{"line":32,"column":49}},"13":{"start":{"line":34,"column":0},"end":{"line":34,"column":67}},"14":{"start":{"line":37,"column":0},"end":{"line":37,"column":37}},"15":{"start":{"line":38,"column":0},"end":{"line":38,"column":62}},"16":{"start":{"line":41,"column":0},"end":{"line":41,"column":27}},"17":{"start":{"line":44,"column":0},"end":{"line":48,"column":3}},"18":{"start":{"line":45,"column":2},"end":{"line":47,"column":5}},"19":{"start":{"line":50,"column":0},"end":{"line":50,"column":22}}},"fnMap":{"0":{"name":"_interopRequireDefault","decl":{"start":{"line":23,"column":9},"end":{"line":23,"column":31}},"loc":{"start":{"line":23,"column":37},"end":{"line":23,"column":95}},"line":23},"1":{"name":"(anonymous_1)","decl":{"start":{"line":44,"column":13},"end":{"line":44,"column":14}},"loc":{"start":{"line":44,"column":33},"end":{"line":48,"column":1}},"line":44}},"branchMap":{"0":{"loc":{"start":{"line":23,"column":46},"end":{"line":23,"column":92}},"type":"cond-expr","locations":[{"start":{"line":23,"column":70},"end":{"line":23,"column":73}},{"start":{"line":23,"column":76},"end":{"line":23,"column":92}}],"line":23},"1":{"loc":{"start":{"line":23,"column":46},"end":{"line":23,"column":67}},"type":"binary-expr","locations":[{"start":{"line":23,"column":46},"end":{"line":23,"column":49}},{"start":{"line":23,"column":53},"end":{"line":23,"column":67}}],"line":23}},"s":{"0":1,"1":1,"2":1,"3":1,"4":1,"5":1,"6":1,"7":1,"8":1,"9":4,"10":1,"11":1,"12":1,"13":1,"14":1,"15":1,"16":1,"17":1,"18":1,"19":1},"f":{"0":4,"1":1},"b":{"0":[1,3],"1":[4,4]},"_coverageSchema":"d34fc3e6b8297bcde183f5492bcb8fcb36775295","hash":"22080fa7c5de44f8ab9a5056830149f2d442fc63","contentHash":"6a77777506409911e4bacd827835bf3b"},"/home/somto/1Projects/mentorship project/StackOverflow-lite/server/server/routes/index.js":{"path":"/home/somto/1Projects/mentorship project/StackOverflow-lite/server/server/routes/index.js","statementMap":{"0":{"start":{"line":3,"column":0},"end":{"line":5,"column":3}},"1":{"start":{"line":7,"column":19},"end":{"line":7,"column":44}},"2":{"start":{"line":9,"column":20},"end":{"line":9,"column":56}},"3":{"start":{"line":11,"column":39},"end":{"line":11,"column":93}},"4":{"start":{"line":13,"column":11},"end":{"line":13,"column":50}},"5":{"start":{"line":14,"column":22},"end":{"line":14,"column":29}},"6":{"start":{"line":16,"column":12},"end":{"line":16,"column":55}},"7":{"start":{"line":17,"column":26},"end":{"line":17,"column":34}},"8":{"start":{"line":20,"column":13},"end":{"line":32,"column":1}},"9":{"start":{"line":21,"column":2},"end":{"line":25,"column":5}},"10":{"start":{"line":22,"column":4},"end":{"line":24,"column":7}},"11":{"start":{"line":27,"column":2},"end":{"line":27,"column":78}},"12":{"start":{"line":28,"column":2},"end":{"line":28,"column":52}},"13":{"start":{"line":30,"column":2},"end":{"line":30,"column":84}},"14":{"start":{"line":31,"column":2},"end":{"line":31,"column":53}},"15":{"start":{"line":34,"column":0},"end":{"line":34,"column":25}}},"fnMap":{"0":{"name":"_interopRequireDefault","decl":{"start":{"line":11,"column":9},"end":{"line":11,"column":31}},"loc":{"start":{"line":11,"column":37},"end":{"line":11,"column":95}},"line":11},"1":{"name":"routes","decl":{"start":{"line":20,"column":22},"end":{"line":20,"column":28}},"loc":{"start":{"line":20,"column":34},"end":{"line":32,"column":1}},"line":20},"2":{"name":"(anonymous_2)","decl":{"start":{"line":21,"column":18},"end":{"line":21,"column":19}},"loc":{"start":{"line":21,"column":38},"end":{"line":25,"column":3}},"line":21}},"branchMap":{"0":{"loc":{"start":{"line":11,"column":46},"end":{"line":11,"column":92}},"type":"cond-expr","locations":[{"start":{"line":11,"column":70},"end":{"line":11,"column":73}},{"start":{"line":11,"column":76},"end":{"line":11,"column":92}}],"line":11},"1":{"loc":{"start":{"line":11,"column":46},"end":{"line":11,"column":67}},"type":"binary-expr","locations":[{"start":{"line":11,"column":46},"end":{"line":11,"column":49}},{"start":{"line":11,"column":53},"end":{"line":11,"column":67}}],"line":11}},"s":{"0":1,"1":1,"2":1,"3":1,"4":1,"5":1,"6":1,"7":1,"8":1,"9":1,"10":1,"11":1,"12":1,"13":1,"14":1,"15":1},"f":{"0":1,"1":1,"2":1},"b":{"0":[1,0],"1":[1,1]},"_coverageSchema":"d34fc3e6b8297bcde183f5492bcb8fcb36775295","hash":"67bf0ead6b9e0bf98054b1452a59b6851442208c","contentHash":"c992c21b48c121587957b5fc85bb34e3"},"/home/somto/1Projects/mentorship project/StackOverflow-lite/server/server/controllers/index.js":{"path":"/home/somto/1Projects/mentorship project/StackOverflow-lite/server/server/controllers/index.js","statementMap":{"0":{"start":{"line":3,"column":0},"end":{"line":5,"column":3}},"1":{"start":{"line":7,"column":13},"end":{"line":7,"column":31}},"2":{"start":{"line":9,"column":14},"end":{"line":9,"column":44}},"3":{"start":{"line":11,"column":17},"end":{"line":11,"column":39}},"4":{"start":{"line":13,"column":18},"end":{"line":13,"column":52}},"5":{"start":{"line":15,"column":39},"end":{"line":15,"column":93}},"6":{"start":{"line":18,"column":18},"end":{"line":18,"column":96}},"7":{"start":{"line":20,"column":0},"end":{"line":20,"column":30}}},"fnMap":{"0":{"name":"_interopRequireDefault","decl":{"start":{"line":15,"column":9},"end":{"line":15,"column":31}},"loc":{"start":{"line":15,"column":37},"end":{"line":15,"column":95}},"line":15}},"branchMap":{"0":{"loc":{"start":{"line":15,"column":46},"end":{"line":15,"column":92}},"type":"cond-expr","locations":[{"start":{"line":15,"column":70},"end":{"line":15,"column":73}},{"start":{"line":15,"column":76},"end":{"line":15,"column":92}}],"line":15},"1":{"loc":{"start":{"line":15,"column":46},"end":{"line":15,"column":67}},"type":"binary-expr","locations":[{"start":{"line":15,"column":46},"end":{"line":15,"column":49}},{"start":{"line":15,"column":53},"end":{"line":15,"column":67}}],"line":15}},"s":{"0":1,"1":1,"2":1,"3":1,"4":1,"5":2,"6":1,"7":1},"f":{"0":2},"b":{"0":[2,0],"1":[2,2]},"_coverageSchema":"d34fc3e6b8297bcde183f5492bcb8fcb36775295","hash":"235b2781b0d60225c452836e82cdd644b70cd584","contentHash":"b5e8971107ee43c49069b686ab666098"},"/home/somto/1Projects/mentorship project/StackOverflow-lite/server/server/controllers/users.js":{"path":"/home/somto/1Projects/mentorship project/StackOverflow-lite/server/server/controllers/users.js","statementMap":{"0":{"start":{"line":3,"column":0},"end":{"line":5,"column":3}},"1":{"start":{"line":7,"column":21},"end":{"line":7,"column":663}},"2":{"start":{"line":7,"column":79},"end":{"line":7,"column":81}},"3":{"start":{"line":7,"column":92},"end":{"line":7,"column":96}},"4":{"start":{"line":7,"column":107},"end":{"line":7,"column":112}},"5":{"start":{"line":7,"column":123},"end":{"line":7,"column":132}},"6":{"start":{"line":7,"column":134},"end":{"line":7,"column":413}},"7":{"start":{"line":7,"column":140},"end":{"line":7,"column":283}},"8":{"start":{"line":7,"column":226},"end":{"line":7,"column":246}},"9":{"start":{"line":7,"column":247},"end":{"line":7,"column":281}},"10":{"start":{"line":7,"column":275},"end":{"line":7,"column":281}},"11":{"start":{"line":7,"column":300},"end":{"line":7,"column":310}},"12":{"start":{"line":7,"column":311},"end":{"line":7,"column":320}},"13":{"start":{"line":7,"column":333},"end":{"line":7,"column":411}},"14":{"start":{"line":7,"column":339},"end":{"line":7,"column":379}},"15":{"start":{"line":7,"column":364},"end":{"line":7,"column":379}},"16":{"start":{"line":7,"column":392},"end":{"line":7,"column":409}},"17":{"start":{"line":7,"column":400},"end":{"line":7,"column":409}},"18":{"start":{"line":7,"column":414},"end":{"line":7,"column":426}},"19":{"start":{"line":7,"column":429},"end":{"line":7,"column":659}},"20":{"start":{"line":7,"column":456},"end":{"line":7,"column":656}},"21":{"start":{"line":7,"column":482},"end":{"line":7,"column":493}},"22":{"start":{"line":7,"column":501},"end":{"line":7,"column":656}},"23":{"start":{"line":7,"column":539},"end":{"line":7,"column":568}},"24":{"start":{"line":7,"column":578},"end":{"line":7,"column":654}},"25":{"start":{"line":11,"column":14},"end":{"line":11,"column":31}},"26":{"start":{"line":13,"column":15},"end":{"line":13,"column":46}},"27":{"start":{"line":15,"column":20},"end":{"line":15,"column":43}},"28":{"start":{"line":17,"column":21},"end":{"line":17,"column":58}},"29":{"start":{"line":19,"column":16},"end":{"line":19,"column":35}},"30":{"start":{"line":21,"column":17},"end":{"line":21,"column":50}},"31":{"start":{"line":23,"column":14},"end":{"line":23,"column":34}},"32":{"start":{"line":25,"column":15},"end":{"line":25,"column":46}},"33":{"start":{"line":27,"column":11},"end":{"line":27,"column":31}},"34":{"start":{"line":29,"column":12},"end":{"line":29,"column":40}},"35":{"start":{"line":31,"column":20},"end":{"line":31,"column":55}},"36":{"start":{"line":33,"column":21},"end":{"line":33,"column":58}},"37":{"start":{"line":35,"column":18},"end":{"line":35,"column":51}},"38":{"start":{"line":37,"column":19},"end":{"line":37,"column":54}},"39":{"start":{"line":39,"column":39},"end":{"line":39,"column":93}},"40":{"start":{"line":41,"column":11},"end":{"line":41,"column":34}},"41":{"start":{"line":42,"column":11},"end":{"line":42,"column":18}},"42":{"start":{"line":45,"column":25},"end":{"line":45,"column":66}},"43":{"start":{"line":46,"column":34},"end":{"line":46,"column":84}},"44":{"start":{"line":47,"column":26},"end":{"line":47,"column":68}},"45":{"start":{"line":48,"column":26},"end":{"line":48,"column":68}},"46":{"start":{"line":49,"column":27},"end":{"line":49,"column":70}},"47":{"start":{"line":50,"column":24},"end":{"line":50,"column":64}},"48":{"start":{"line":51,"column":24},"end":{"line":51,"column":64}},"49":{"start":{"line":53,"column":13},"end":{"line":55,"column":2}},"50":{"start":{"line":57,"column":20},"end":{"line":57,"column":35}},"51":{"start":{"line":60,"column":18},"end":{"line":64,"column":1}},"52":{"start":{"line":61,"column":14},"end":{"line":62,"column":4}},"53":{"start":{"line":63,"column":2},"end":{"line":63,"column":15}},"54":{"start":{"line":66,"column":22},"end":{"line":161,"column":1}},"55":{"start":{"line":71,"column":28},"end":{"line":71,"column":89}},"56":{"start":{"line":72,"column":29},"end":{"line":72,"column":65}},"57":{"start":{"line":73,"column":24},"end":{"line":73,"column":45}},"58":{"start":{"line":74,"column":24},"end":{"line":74,"column":45}},"59":{"start":{"line":75,"column":19},"end":{"line":75,"column":40}},"60":{"start":{"line":77,"column":4},"end":{"line":77,"column":55}},"61":{"start":{"line":77,"column":23},"end":{"line":77,"column":55}},"62":{"start":{"line":78,"column":4},"end":{"line":78,"column":55}},"63":{"start":{"line":78,"column":23},"end":{"line":78,"column":55}},"64":{"start":{"line":80,"column":4},"end":{"line":80,"column":139}},"65":{"start":{"line":80,"column":89},"end":{"line":80,"column":139}},"66":{"start":{"line":82,"column":25},"end":{"line":82,"column":74}},"67":{"start":{"line":84,"column":15},"end":{"line":95,"column":5}},"68":{"start":{"line":98,"column":4},"end":{"line":142,"column":7}},"69":{"start":{"line":99,"column":18},"end":{"line":99,"column":30}},"70":{"start":{"line":100,"column":22},"end":{"line":100,"column":23}},"71":{"start":{"line":101,"column":38},"end":{"line":101,"column":42}},"72":{"start":{"line":102,"column":30},"end":{"line":102,"column":35}},"73":{"start":{"line":103,"column":27},"end":{"line":103,"column":36}},"74":{"start":{"line":105,"column":6},"end":{"line":127,"column":7}},"75":{"start":{"line":106,"column":8},"end":{"line":113,"column":9}},"76":{"start":{"line":107,"column":21},"end":{"line":107,"column":32}},"77":{"start":{"line":109,"column":10},"end":{"line":109,"column":90}},"78":{"start":{"line":109,"column":47},"end":{"line":109,"column":90}},"79":{"start":{"line":110,"column":10},"end":{"line":110,"column":81}},"80":{"start":{"line":110,"column":41},"end":{"line":110,"column":81}},"81":{"start":{"line":111,"column":10},"end":{"line":111,"column":81}},"82":{"start":{"line":111,"column":41},"end":{"line":111,"column":81}},"83":{"start":{"line":112,"column":10},"end":{"line":112,"column":25}},"84":{"start":{"line":115,"column":8},"end":{"line":115,"column":33}},"85":{"start":{"line":116,"column":8},"end":{"line":116,"column":29}},"86":{"start":{"line":118,"column":8},"end":{"line":126,"column":9}},"87":{"start":{"line":119,"column":10},"end":{"line":121,"column":11}},"88":{"start":{"line":120,"column":12},"end":{"line":120,"column":31}},"89":{"start":{"line":123,"column":10},"end":{"line":125,"column":11}},"90":{"start":{"line":124,"column":12},"end":{"line":124,"column":33}},"91":{"start":{"line":129,"column":6},"end":{"line":139,"column":7}},"92":{"start":{"line":131,"column":8},"end":{"line":138,"column":11}},"93":{"start":{"line":133,"column":21},"end":{"line":133,"column":35}},"94":{"start":{"line":134,"column":22},"end":{"line":134,"column":42}},"95":{"start":{"line":135,"column":10},"end":{"line":135,"column":91}},"96":{"start":{"line":135,"column":21},"end":{"line":135,"column":91}},"97":{"start":{"line":137,"column":10},"end":{"line":137,"column":58}},"98":{"start":{"line":141,"column":6},"end":{"line":141,"column":54}},"99":{"start":{"line":147,"column":4},"end":{"line":159,"column":7}},"100":{"start":{"line":148,"column":17},"end":{"line":148,"column":31}},"101":{"start":{"line":150,"column":6},"end":{"line":150,"column":87}},"102":{"start":{"line":150,"column":17},"end":{"line":150,"column":87}},"103":{"start":{"line":152,"column":24},"end":{"line":152,"column":88}},"104":{"start":{"line":153,"column":6},"end":{"line":153,"column":94}},"105":{"start":{"line":153,"column":24},"end":{"line":153,"column":94}},"106":{"start":{"line":154,"column":18},"end":{"line":154,"column":38}},"107":{"start":{"line":156,"column":6},"end":{"line":156,"column":87}},"108":{"start":{"line":156,"column":17},"end":{"line":156,"column":87}},"109":{"start":{"line":158,"column":6},"end":{"line":158,"column":37}},"110":{"start":{"line":163,"column":0},"end":{"line":163,"column":34}}},"fnMap":{"0":{"name":"(anonymous_0)","decl":{"start":{"line":7,"column":21},"end":{"line":7,"column":22}},"loc":{"start":{"line":7,"column":33},"end":{"line":7,"column":661}},"line":7},"1":{"name":"sliceIterator","decl":{"start":{"line":7,"column":44},"end":{"line":7,"column":57}},"loc":{"start":{"line":7,"column":66},"end":{"line":7,"column":428}},"line":7},"2":{"name":"(anonymous_2)","decl":{"start":{"line":7,"column":436},"end":{"line":7,"column":437}},"loc":{"start":{"line":7,"column":454},"end":{"line":7,"column":658}},"line":7},"3":{"name":"_interopRequireDefault","decl":{"start":{"line":39,"column":9},"end":{"line":39,"column":31}},"loc":{"start":{"line":39,"column":37},"end":{"line":39,"column":95}},"line":39},"4":{"name":"tokenMethod","decl":{"start":{"line":60,"column":27},"end":{"line":60,"column":38}},"loc":{"start":{"line":60,"column":47},"end":{"line":64,"column":1}},"line":60},"5":{"name":"create","decl":{"start":{"line":68,"column":19},"end":{"line":68,"column":25}},"loc":{"start":{"line":68,"column":36},"end":{"line":143,"column":3}},"line":68},"6":{"name":"(anonymous_6)","decl":{"start":{"line":98,"column":24},"end":{"line":98,"column":25}},"loc":{"start":{"line":98,"column":43},"end":{"line":140,"column":5}},"line":98},"7":{"name":"(anonymous_7)","decl":{"start":{"line":132,"column":14},"end":{"line":132,"column":15}},"loc":{"start":{"line":132,"column":32},"end":{"line":136,"column":9}},"line":132},"8":{"name":"(anonymous_8)","decl":{"start":{"line":136,"column":17},"end":{"line":136,"column":18}},"loc":{"start":{"line":136,"column":30},"end":{"line":138,"column":9}},"line":136},"9":{"name":"(anonymous_9)","decl":{"start":{"line":140,"column":13},"end":{"line":140,"column":14}},"loc":{"start":{"line":140,"column":26},"end":{"line":142,"column":5}},"line":140},"10":{"name":"check","decl":{"start":{"line":144,"column":18},"end":{"line":144,"column":23}},"loc":{"start":{"line":144,"column":34},"end":{"line":160,"column":3}},"line":144},"11":{"name":"(anonymous_11)","decl":{"start":{"line":147,"column":66},"end":{"line":147,"column":67}},"loc":{"start":{"line":147,"column":84},"end":{"line":157,"column":5}},"line":147},"12":{"name":"(anonymous_12)","decl":{"start":{"line":157,"column":13},"end":{"line":157,"column":14}},"loc":{"start":{"line":157,"column":26},"end":{"line":159,"column":5}},"line":157}},"branchMap":{"0":{"loc":{"start":{"line":7,"column":247},"end":{"line":7,"column":281}},"type":"if","locations":[{"start":{"line":7,"column":247},"end":{"line":7,"column":281}},{"start":{"line":7,"column":247},"end":{"line":7,"column":281}}],"line":7},"1":{"loc":{"start":{"line":7,"column":251},"end":{"line":7,"column":273}},"type":"binary-expr","locations":[{"start":{"line":7,"column":251},"end":{"line":7,"column":252}},{"start":{"line":7,"column":256},"end":{"line":7,"column":273}}],"line":7},"2":{"loc":{"start":{"line":7,"column":339},"end":{"line":7,"column":379}},"type":"if","locations":[{"start":{"line":7,"column":339},"end":{"line":7,"column":379}},{"start":{"line":7,"column":339},"end":{"line":7,"column":379}}],"line":7},"3":{"loc":{"start":{"line":7,"column":343},"end":{"line":7,"column":362}},"type":"binary-expr","locations":[{"start":{"line":7,"column":343},"end":{"line":7,"column":346}},{"start":{"line":7,"column":350},"end":{"line":7,"column":362}}],"line":7},"4":{"loc":{"start":{"line":7,"column":392},"end":{"line":7,"column":409}},"type":"if","locations":[{"start":{"line":7,"column":392},"end":{"line":7,"column":409}},{"start":{"line":7,"column":392},"end":{"line":7,"column":409}}],"line":7},"5":{"loc":{"start":{"line":7,"column":456},"end":{"line":7,"column":656}},"type":"if","locations":[{"start":{"line":7,"column":456},"end":{"line":7,"column":656}},{"start":{"line":7,"column":456},"end":{"line":7,"column":656}}],"line":7},"6":{"loc":{"start":{"line":7,"column":501},"end":{"line":7,"column":656}},"type":"if","locations":[{"start":{"line":7,"column":501},"end":{"line":7,"column":656}},{"start":{"line":7,"column":501},"end":{"line":7,"column":656}}],"line":7},"7":{"loc":{"start":{"line":39,"column":46},"end":{"line":39,"column":92}},"type":"cond-expr","locations":[{"start":{"line":39,"column":70},"end":{"line":39,"column":73}},{"start":{"line":39,"column":76},"end":{"line":39,"column":92}}],"line":39},"8":{"loc":{"start":{"line":39,"column":46},"end":{"line":39,"column":67}},"type":"binary-expr","locations":[{"start":{"line":39,"column":46},"end":{"line":39,"column":49}},{"start":{"line":39,"column":53},"end":{"line":39,"column":67}}],"line":39},"9":{"loc":{"start":{"line":77,"column":4},"end":{"line":77,"column":55}},"type":"if","locations":[{"start":{"line":77,"column":4},"end":{"line":77,"column":55}},{"start":{"line":77,"column":4},"end":{"line":77,"column":55}}],"line":77},"10":{"loc":{"start":{"line":78,"column":4},"end":{"line":78,"column":55}},"type":"if","locations":[{"start":{"line":78,"column":4},"end":{"line":78,"column":55}},{"start":{"line":78,"column":4},"end":{"line":78,"column":55}}],"line":78},"11":{"loc":{"start":{"line":80,"column":4},"end":{"line":80,"column":139}},"type":"if","locations":[{"start":{"line":80,"column":4},"end":{"line":80,"column":139}},{"start":{"line":80,"column":4},"end":{"line":80,"column":139}}],"line":80},"12":{"loc":{"start":{"line":80,"column":8},"end":{"line":80,"column":87}},"type":"binary-expr","locations":[{"start":{"line":80,"column":8},"end":{"line":80,"column":26}},{"start":{"line":80,"column":30},"end":{"line":80,"column":48}},{"start":{"line":80,"column":52},"end":{"line":80,"column":67}},{"start":{"line":80,"column":71},"end":{"line":80,"column":87}}],"line":80},"13":{"loc":{"start":{"line":109,"column":10},"end":{"line":109,"column":90}},"type":"if","locations":[{"start":{"line":109,"column":10},"end":{"line":109,"column":90}},{"start":{"line":109,"column":10},"end":{"line":109,"column":90}}],"line":109},"14":{"loc":{"start":{"line":110,"column":10},"end":{"line":110,"column":81}},"type":"if","locations":[{"start":{"line":110,"column":10},"end":{"line":110,"column":81}},{"start":{"line":110,"column":10},"end":{"line":110,"column":81}}],"line":110},"15":{"loc":{"start":{"line":111,"column":10},"end":{"line":111,"column":81}},"type":"if","locations":[{"start":{"line":111,"column":10},"end":{"line":111,"column":81}},{"start":{"line":111,"column":10},"end":{"line":111,"column":81}}],"line":111},"16":{"loc":{"start":{"line":119,"column":10},"end":{"line":121,"column":11}},"type":"if","locations":[{"start":{"line":119,"column":10},"end":{"line":121,"column":11}},{"start":{"line":119,"column":10},"end":{"line":121,"column":11}}],"line":119},"17":{"loc":{"start":{"line":119,"column":14},"end":{"line":119,"column":60}},"type":"binary-expr","locations":[{"start":{"line":119,"column":14},"end":{"line":119,"column":40}},{"start":{"line":119,"column":44},"end":{"line":119,"column":60}}],"line":119},"18":{"loc":{"start":{"line":123,"column":10},"end":{"line":125,"column":11}},"type":"if","locations":[{"start":{"line":123,"column":10},"end":{"line":125,"column":11}},{"start":{"line":123,"column":10},"end":{"line":125,"column":11}}],"line":123},"19":{"loc":{"start":{"line":129,"column":6},"end":{"line":139,"column":7}},"type":"if","locations":[{"start":{"line":129,"column":6},"end":{"line":139,"column":7}},{"start":{"line":129,"column":6},"end":{"line":139,"column":7}}],"line":129},"20":{"loc":{"start":{"line":135,"column":10},"end":{"line":135,"column":91}},"type":"if","locations":[{"start":{"line":135,"column":10},"end":{"line":135,"column":91}},{"start":{"line":135,"column":10},"end":{"line":135,"column":91}}],"line":135},"21":{"loc":{"start":{"line":150,"column":6},"end":{"line":150,"column":87}},"type":"if","locations":[{"start":{"line":150,"column":6},"end":{"line":150,"column":87}},{"start":{"line":150,"column":6},"end":{"line":150,"column":87}}],"line":150},"22":{"loc":{"start":{"line":153,"column":6},"end":{"line":153,"column":94}},"type":"if","locations":[{"start":{"line":153,"column":6},"end":{"line":153,"column":94}},{"start":{"line":153,"column":6},"end":{"line":153,"column":94}}],"line":153},"23":{"loc":{"start":{"line":156,"column":6},"end":{"line":156,"column":87}},"type":"if","locations":[{"start":{"line":156,"column":6},"end":{"line":156,"column":87}},{"start":{"line":156,"column":6},"end":{"line":156,"column":87}}],"line":156}},"s":{"0":1,"1":1,"2":0,"3":0,"4":0,"5":0,"6":0,"7":0,"8":0,"9":0,"10":0,"11":0,"12":0,"13":0,"14":0,"15":0,"16":0,"17":0,"18":0,"19":1,"20":18,"21":18,"22":0,"23":0,"24":0,"25":1,"26":1,"27":1,"28":1,"29":1,"30":1,"31":1,"32":1,"33":1,"34":1,"35":1,"36":1,"37":1,"38":1,"39":7,"40":1,"41":1,"42":1,"43":1,"44":1,"45":1,"46":1,"47":1,"48":1,"49":1,"50":1,"51":1,"52":13,"53":13,"54":1,"55":18,"56":18,"57":18,"58":18,"59":18,"60":18,"61":1,"62":17,"63":1,"64":16,"65":1,"66":15,"67":15,"68":15,"69":15,"70":15,"71":15,"72":15,"73":15,"74":15,"75":15,"76":3,"77":3,"78":3,"79":0,"80":0,"81":0,"82":0,"83":0,"84":0,"85":0,"86":15,"87":15,"88":0,"89":15,"90":0,"91":12,"92":12,"93":12,"94":12,"95":12,"96":12,"97":0,"98":0,"99":3,"100":3,"101":3,"102":2,"103":1,"104":1,"105":0,"106":1,"107":1,"108":1,"109":0,"110":1},"f":{"0":1,"1":0,"2":18,"3":7,"4":13,"5":18,"6":15,"7":12,"8":0,"9":0,"10":3,"11":3,"12":0},"b":{"0":[0,0],"1":[0,0],"2":[0,0],"3":[0,0],"4":[0,0],"5":[18,0],"6":[0,0],"7":[4,3],"8":[7,7],"9":[1,17],"10":[1,16],"11":[1,15],"12":[16,15,15,15],"13":[3,0],"14":[0,0],"15":[0,0],"16":[0,15],"17":[15,3],"18":[0,15],"19":[12,0],"20":[12,0],"21":[2,1],"22":[0,1],"23":[1,0]},"_coverageSchema":"d34fc3e6b8297bcde183f5492bcb8fcb36775295","hash":"ec9259e912da9a22f24270047446c58609f2f185","contentHash":"7213755fac2ad2f3bfe90ca16978fdf6"},"/home/somto/1Projects/mentorship project/StackOverflow-lite/server/server/models/index.js":{"path":"/home/somto/1Projects/mentorship project/StackOverflow-lite/server/server/models/index.js","statementMap":{"0":{"start":{"line":3,"column":0},"end":{"line":5,"column":3}},"1":{"start":{"line":7,"column":12},"end":{"line":7,"column":29}},"2":{"start":{"line":9,"column":13},"end":{"line":9,"column":42}},"3":{"start":{"line":11,"column":16},"end":{"line":11,"column":37}},"4":{"start":{"line":13,"column":17},"end":{"line":13,"column":50}},"5":{"start":{"line":15,"column":39},"end":{"line":15,"column":93}},"6":{"start":{"line":17,"column":13},"end":{"line":17,"column":67}},"7":{"start":{"line":19,"column":0},"end":{"line":19,"column":25}}},"fnMap":{"0":{"name":"_interopRequireDefault","decl":{"start":{"line":15,"column":9},"end":{"line":15,"column":31}},"loc":{"start":{"line":15,"column":37},"end":{"line":15,"column":95}},"line":15}},"branchMap":{"0":{"loc":{"start":{"line":15,"column":46},"end":{"line":15,"column":92}},"type":"cond-expr","locations":[{"start":{"line":15,"column":70},"end":{"line":15,"column":73}},{"start":{"line":15,"column":76},"end":{"line":15,"column":92}}],"line":15},"1":{"loc":{"start":{"line":15,"column":46},"end":{"line":15,"column":67}},"type":"binary-expr","locations":[{"start":{"line":15,"column":46},"end":{"line":15,"column":49}},{"start":{"line":15,"column":53},"end":{"line":15,"column":67}}],"line":15}},"s":{"0":1,"1":1,"2":1,"3":1,"4":1,"5":2,"6":1,"7":1},"f":{"0":2},"b":{"0":[2,0],"1":[2,2]},"_coverageSchema":"d34fc3e6b8297bcde183f5492bcb8fcb36775295","hash":"9d4df5a8c9afde6586d42cc36f5258101b2c371d","contentHash":"0b568fe5639e002d508687e3f44683bf"},"/home/somto/1Projects/mentorship project/StackOverflow-lite/server/server/models/user.js":{"path":"/home/somto/1Projects/mentorship project/StackOverflow-lite/server/server/models/user.js","statementMap":{"0":{"start":{"line":3,"column":0},"end":{"line":5,"column":3}},"1":{"start":{"line":7,"column":13},"end":{"line":7,"column":40}},"2":{"start":{"line":9,"column":14},"end":{"line":9,"column":44}},"3":{"start":{"line":11,"column":39},"end":{"line":11,"column":93}},"4":{"start":{"line":13,"column":11},"end":{"line":61,"column":1}},"5":{"start":{"line":16,"column":25},"end":{"line":19,"column":5}},"6":{"start":{"line":22,"column":4},"end":{"line":22,"column":48}},"7":{"start":{"line":26,"column":25},"end":{"line":29,"column":5}},"8":{"start":{"line":32,"column":4},"end":{"line":32,"column":48}},"9":{"start":{"line":35,"column":25},"end":{"line":40,"column":5}},"10":{"start":{"line":43,"column":4},"end":{"line":43,"column":48}},"11":{"start":{"line":46,"column":25},"end":{"line":46,"column":31}},"12":{"start":{"line":47,"column":4},"end":{"line":56,"column":5}},"13":{"start":{"line":48,"column":6},"end":{"line":50,"column":8}},"14":{"start":{"line":52,"column":6},"end":{"line":55,"column":8}},"15":{"start":{"line":59,"column":4},"end":{"line":59,"column":48}},"16":{"start":{"line":63,"column":0},"end":{"line":63,"column":23}}},"fnMap":{"0":{"name":"_interopRequireDefault","decl":{"start":{"line":11,"column":9},"end":{"line":11,"column":31}},"loc":{"start":{"line":11,"column":37},"end":{"line":11,"column":95}},"line":11},"1":{"name":"create","decl":{"start":{"line":14,"column":19},"end":{"line":14,"column":25}},"loc":{"start":{"line":14,"column":32},"end":{"line":23,"column":3}},"line":14},"2":{"name":"findAll","decl":{"start":{"line":24,"column":20},"end":{"line":24,"column":27}},"loc":{"start":{"line":24,"column":30},"end":{"line":33,"column":3}},"line":24},"3":{"name":"findOne","decl":{"start":{"line":34,"column":20},"end":{"line":34,"column":27}},"loc":{"start":{"line":34,"column":34},"end":{"line":44,"column":3}},"line":34},"4":{"name":"destroy","decl":{"start":{"line":45,"column":20},"end":{"line":45,"column":27}},"loc":{"start":{"line":45,"column":34},"end":{"line":60,"column":3}},"line":45}},"branchMap":{"0":{"loc":{"start":{"line":11,"column":46},"end":{"line":11,"column":92}},"type":"cond-expr","locations":[{"start":{"line":11,"column":70},"end":{"line":11,"column":73}},{"start":{"line":11,"column":76},"end":{"line":11,"column":92}}],"line":11},"1":{"loc":{"start":{"line":11,"column":46},"end":{"line":11,"column":67}},"type":"binary-expr","locations":[{"start":{"line":11,"column":46},"end":{"line":11,"column":49}},{"start":{"line":11,"column":53},"end":{"line":11,"column":67}}],"line":11},"2":{"loc":{"start":{"line":47,"column":4},"end":{"line":56,"column":5}},"type":"if","locations":[{"start":{"line":47,"column":4},"end":{"line":56,"column":5}},{"start":{"line":47,"column":4},"end":{"line":56,"column":5}}],"line":47},"3":{"loc":{"start":{"line":47,"column":8},"end":{"line":47,"column":36}},"type":"binary-expr","locations":[{"start":{"line":47,"column":8},"end":{"line":47,"column":22}},{"start":{"line":47,"column":26},"end":{"line":47,"column":36}}],"line":47}},"s":{"0":1,"1":1,"2":1,"3":1,"4":1,"5":17,"6":17,"7":15,"8":15,"9":3,"10":3,"11":22,"12":22,"13":21,"14":1,"15":22,"16":1},"f":{"0":1,"1":17,"2":15,"3":3,"4":22},"b":{"0":[1,0],"1":[1,1],"2":[21,1],"3":[22,21]},"_coverageSchema":"d34fc3e6b8297bcde183f5492bcb8fcb36775295","hash":"c17b97f6c96a556f825d5989196ef97e72b4846e","contentHash":"7605dbea1ad38c3483584574dec4642b"},"/home/somto/1Projects/mentorship project/StackOverflow-lite/server/server/models/database/query.js":{"path":"/home/somto/1Projects/mentorship project/StackOverflow-lite/server/server/models/database/query.js","statementMap":{"0":{"start":{"line":3,"column":0},"end":{"line":5,"column":3}},"1":{"start":{"line":7,"column":20},"end":{"line":7,"column":45}},"2":{"start":{"line":9,"column":21},"end":{"line":9,"column":58}},"3":{"start":{"line":11,"column":39},"end":{"line":11,"column":93}},"4":{"start":{"line":13,"column":11},"end":{"line":13,"column":40}},"5":{"start":{"line":14,"column":11},"end":{"line":14,"column":18}},"6":{"start":{"line":17,"column":12},"end":{"line":19,"column":1}},"7":{"start":{"line":18,"column":2},"end":{"line":18,"column":36}},"8":{"start":{"line":21,"column":0},"end":{"line":21,"column":24}}},"fnMap":{"0":{"name":"_interopRequireDefault","decl":{"start":{"line":11,"column":9},"end":{"line":11,"column":31}},"loc":{"start":{"line":11,"column":37},"end":{"line":11,"column":95}},"line":11},"1":{"name":"query","decl":{"start":{"line":17,"column":21},"end":{"line":17,"column":26}},"loc":{"start":{"line":17,"column":43},"end":{"line":19,"column":1}},"line":17}},"branchMap":{"0":{"loc":{"start":{"line":11,"column":46},"end":{"line":11,"column":92}},"type":"cond-expr","locations":[{"start":{"line":11,"column":70},"end":{"line":11,"column":73}},{"start":{"line":11,"column":76},"end":{"line":11,"column":92}}],"line":11},"1":{"loc":{"start":{"line":11,"column":46},"end":{"line":11,"column":67}},"type":"binary-expr","locations":[{"start":{"line":11,"column":46},"end":{"line":11,"column":49}},{"start":{"line":11,"column":53},"end":{"line":11,"column":67}}],"line":11}},"s":{"0":1,"1":1,"2":1,"3":1,"4":1,"5":1,"6":1,"7":76,"8":1},"f":{"0":1,"1":76},"b":{"0":[1,0],"1":[1,1]},"_coverageSchema":"d34fc3e6b8297bcde183f5492bcb8fcb36775295","hash":"370028b8fe21ef3ec5ae231384ae2204eb13023e","contentHash":"6a6ad65b9c0928ba65641eaeb1ea1f5b"},"/home/somto/1Projects/mentorship project/StackOverflow-lite/server/server/models/database/dbConnection.js":{"path":"/home/somto/1Projects/mentorship project/StackOverflow-lite/server/server/models/database/dbConnection.js","statementMap":{"0":{"start":{"line":3,"column":0},"end":{"line":5,"column":3}},"1":{"start":{"line":7,"column":10},"end":{"line":7,"column":23}},"2":{"start":{"line":9,"column":11},"end":{"line":9,"column":38}},"3":{"start":{"line":11,"column":14},"end":{"line":11,"column":49}},"4":{"start":{"line":13,"column":15},"end":{"line":13,"column":46}},"5":{"start":{"line":15,"column":39},"end":{"line":15,"column":93}},"6":{"start":{"line":17,"column":10},"end":{"line":17,"column":30}},"7":{"start":{"line":18,"column":11},"end":{"line":18,"column":28}},"8":{"start":{"line":19,"column":13},"end":{"line":19,"column":32}},"9":{"start":{"line":22,"column":23},"end":{"line":22,"column":29}},"10":{"start":{"line":24,"column":0},"end":{"line":30,"column":1}},"11":{"start":{"line":25,"column":2},"end":{"line":25,"column":73}},"12":{"start":{"line":26,"column":7},"end":{"line":30,"column":1}},"13":{"start":{"line":27,"column":2},"end":{"line":27,"column":79}},"14":{"start":{"line":29,"column":2},"end":{"line":29,"column":80}},"15":{"start":{"line":35,"column":11},"end":{"line":35,"column":59}},"16":{"start":{"line":41,"column":13},"end":{"line":41,"column":63}},"17":{"start":{"line":43,"column":18},"end":{"line":43,"column":48}},"18":{"start":{"line":45,"column":0},"end":{"line":45,"column":30}}},"fnMap":{"0":{"name":"_interopRequireDefault","decl":{"start":{"line":15,"column":9},"end":{"line":15,"column":31}},"loc":{"start":{"line":15,"column":37},"end":{"line":15,"column":95}},"line":15}},"branchMap":{"0":{"loc":{"start":{"line":15,"column":46},"end":{"line":15,"column":92}},"type":"cond-expr","locations":[{"start":{"line":15,"column":70},"end":{"line":15,"column":73}},{"start":{"line":15,"column":76},"end":{"line":15,"column":92}}],"line":15},"1":{"loc":{"start":{"line":15,"column":46},"end":{"line":15,"column":67}},"type":"binary-expr","locations":[{"start":{"line":15,"column":46},"end":{"line":15,"column":49}},{"start":{"line":15,"column":53},"end":{"line":15,"column":67}}],"line":15},"2":{"loc":{"start":{"line":24,"column":0},"end":{"line":30,"column":1}},"type":"if","locations":[{"start":{"line":24,"column":0},"end":{"line":30,"column":1}},{"start":{"line":24,"column":0},"end":{"line":30,"column":1}}],"line":24},"3":{"loc":{"start":{"line":26,"column":7},"end":{"line":30,"column":1}},"type":"if","locations":[{"start":{"line":26,"column":7},"end":{"line":30,"column":1}},{"start":{"line":26,"column":7},"end":{"line":30,"column":1}}],"line":26}},"s":{"0":1,"1":1,"2":1,"3":1,"4":1,"5":2,"6":1,"7":1,"8":1,"9":1,"10":1,"11":1,"12":0,"13":0,"14":0,"15":1,"16":1,"17":1,"18":1},"f":{"0":2},"b":{"0":[0,2],"1":[2,2],"2":[1,0],"3":[0,0]},"_coverageSchema":"d34fc3e6b8297bcde183f5492bcb8fcb36775295","hash":"4ec52daa1c5f632737b8e4df8e859863674e3ba8","contentHash":"d0fac12c29590a45415d2c408c56b51c"},"/home/somto/1Projects/mentorship project/StackOverflow-lite/server/server/models/question.js":{"path":"/home/somto/1Projects/mentorship project/StackOverflow-lite/server/server/models/question.js","statementMap":{"0":{"start":{"line":3,"column":0},"end":{"line":5,"column":3}},"1":{"start":{"line":7,"column":13},"end":{"line":7,"column":40}},"2":{"start":{"line":9,"column":14},"end":{"line":9,"column":44}},"3":{"start":{"line":11,"column":39},"end":{"line":11,"column":93}},"4":{"start":{"line":13,"column":15},"end":{"line":50,"column":1}},"5":{"start":{"line":16,"column":25},"end":{"line":19,"column":5}},"6":{"start":{"line":22,"column":4},"end":{"line":22,"column":48}},"7":{"start":{"line":26,"column":25},"end":{"line":29,"column":5}},"8":{"start":{"line":32,"column":4},"end":{"line":32,"column":48}},"9":{"start":{"line":35,"column":25},"end":{"line":35,"column":31}},"10":{"start":{"line":36,"column":4},"end":{"line":45,"column":5}},"11":{"start":{"line":37,"column":6},"end":{"line":39,"column":8}},"12":{"start":{"line":41,"column":6},"end":{"line":44,"column":8}},"13":{"start":{"line":48,"column":4},"end":{"line":48,"column":48}},"14":{"start":{"line":52,"column":0},"end":{"line":52,"column":27}}},"fnMap":{"0":{"name":"_interopRequireDefault","decl":{"start":{"line":11,"column":9},"end":{"line":11,"column":31}},"loc":{"start":{"line":11,"column":37},"end":{"line":11,"column":95}},"line":11},"1":{"name":"create","decl":{"start":{"line":14,"column":19},"end":{"line":14,"column":25}},"loc":{"start":{"line":14,"column":32},"end":{"line":23,"column":3}},"line":14},"2":{"name":"findAll","decl":{"start":{"line":24,"column":20},"end":{"line":24,"column":27}},"loc":{"start":{"line":24,"column":30},"end":{"line":33,"column":3}},"line":24},"3":{"name":"destroy","decl":{"start":{"line":34,"column":20},"end":{"line":34,"column":27}},"loc":{"start":{"line":34,"column":34},"end":{"line":49,"column":3}},"line":34}},"branchMap":{"0":{"loc":{"start":{"line":11,"column":46},"end":{"line":11,"column":92}},"type":"cond-expr","locations":[{"start":{"line":11,"column":70},"end":{"line":11,"column":73}},{"start":{"line":11,"column":76},"end":{"line":11,"column":92}}],"line":11},"1":{"loc":{"start":{"line":11,"column":46},"end":{"line":11,"column":67}},"type":"binary-expr","locations":[{"start":{"line":11,"column":46},"end":{"line":11,"column":49}},{"start":{"line":11,"column":53},"end":{"line":11,"column":67}}],"line":11},"2":{"loc":{"start":{"line":36,"column":4},"end":{"line":45,"column":5}},"type":"if","locations":[{"start":{"line":36,"column":4},"end":{"line":45,"column":5}},{"start":{"line":36,"column":4},"end":{"line":45,"column":5}}],"line":36},"3":{"loc":{"start":{"line":36,"column":8},"end":{"line":36,"column":36}},"type":"binary-expr","locations":[{"start":{"line":36,"column":8},"end":{"line":36,"column":22}},{"start":{"line":36,"column":26},"end":{"line":36,"column":36}}],"line":36}},"s":{"0":1,"1":1,"2":1,"3":1,"4":1,"5":4,"6":4,"7":5,"8":5,"9":10,"10":10,"11":10,"12":0,"13":10,"14":1},"f":{"0":1,"1":4,"2":5,"3":10},"b":{"0":[1,0],"1":[1,1],"2":[10,0],"3":[10,10]},"_coverageSchema":"d34fc3e6b8297bcde183f5492bcb8fcb36775295","hash":"3a0f89d36e9ca2a531dde35031909542fcdd37d2","contentHash":"cff3daf60298f19ceed71289cf1483aa"},"/home/somto/1Projects/mentorship project/StackOverflow-lite/server/server/controllers/utilities/errorHandler.js":{"path":"/home/somto/1Projects/mentorship project/StackOverflow-lite/server/server/controllers/utilities/errorHandler.js","statementMap":{"0":{"start":{"line":3,"column":0},"end":{"line":5,"column":3}},"1":{"start":{"line":7,"column":18},"end":{"line":7,"column":58}},"2":{"start":{"line":9,"column":19},"end":{"line":9,"column":54}},"3":{"start":{"line":11,"column":39},"end":{"line":11,"column":93}},"4":{"start":{"line":13,"column":17},"end":{"line":13,"column":48}},"5":{"start":{"line":15,"column":19},"end":{"line":58,"column":1}},"6":{"start":{"line":17,"column":4},"end":{"line":17,"column":46}},"7":{"start":{"line":17,"column":18},"end":{"line":17,"column":46}},"8":{"start":{"line":18,"column":4},"end":{"line":18,"column":35}},"9":{"start":{"line":21,"column":4},"end":{"line":21,"column":46}},"10":{"start":{"line":21,"column":18},"end":{"line":21,"column":46}},"11":{"start":{"line":22,"column":4},"end":{"line":22,"column":65}},"12":{"start":{"line":26,"column":4},"end":{"line":26,"column":92}},"13":{"start":{"line":30,"column":4},"end":{"line":30,"column":88}},"14":{"start":{"line":33,"column":4},"end":{"line":33,"column":46}},"15":{"start":{"line":33,"column":18},"end":{"line":33,"column":46}},"16":{"start":{"line":34,"column":4},"end":{"line":34,"column":72}},"17":{"start":{"line":37,"column":4},"end":{"line":37,"column":46}},"18":{"start":{"line":37,"column":18},"end":{"line":37,"column":46}},"19":{"start":{"line":38,"column":4},"end":{"line":38,"column":69}},"20":{"start":{"line":41,"column":4},"end":{"line":41,"column":46}},"21":{"start":{"line":41,"column":18},"end":{"line":41,"column":46}},"22":{"start":{"line":42,"column":4},"end":{"line":42,"column":69}},"23":{"start":{"line":45,"column":4},"end":{"line":45,"column":46}},"24":{"start":{"line":45,"column":18},"end":{"line":45,"column":46}},"25":{"start":{"line":46,"column":4},"end":{"line":46,"column":72}},"26":{"start":{"line":49,"column":4},"end":{"line":49,"column":46}},"27":{"start":{"line":49,"column":18},"end":{"line":49,"column":46}},"28":{"start":{"line":50,"column":4},"end":{"line":50,"column":88}},"29":{"start":{"line":53,"column":4},"end":{"line":53,"column":80}},"30":{"start":{"line":56,"column":4},"end":{"line":56,"column":91}},"31":{"start":{"line":60,"column":0},"end":{"line":60,"column":31}}},"fnMap":{"0":{"name":"_interopRequireDefault","decl":{"start":{"line":11,"column":9},"end":{"line":11,"column":31}},"loc":{"start":{"line":11,"column":37},"end":{"line":11,"column":95}},"line":11},"1":{"name":"createHandlerError","decl":{"start":{"line":16,"column":31},"end":{"line":16,"column":49}},"loc":{"start":{"line":16,"column":72},"end":{"line":19,"column":3}},"line":16},"2":{"name":"incompleteFieldHandlerError","decl":{"start":{"line":20,"column":40},"end":{"line":20,"column":67}},"loc":{"start":{"line":20,"column":83},"end":{"line":23,"column":3}},"line":20},"3":{"name":"fileTypeHandleError","decl":{"start":{"line":24,"column":32},"end":{"line":24,"column":51}},"loc":{"start":{"line":24,"column":57},"end":{"line":27,"column":3}},"line":24},"4":{"name":"fileSizeHandleError","decl":{"start":{"line":28,"column":32},"end":{"line":28,"column":51}},"loc":{"start":{"line":28,"column":57},"end":{"line":31,"column":3}},"line":28},"5":{"name":"usernameHandlerError","decl":{"start":{"line":32,"column":33},"end":{"line":32,"column":53}},"loc":{"start":{"line":32,"column":69},"end":{"line":35,"column":3}},"line":32},"6":{"name":"emailHandlerError","decl":{"start":{"line":36,"column":30},"end":{"line":36,"column":47}},"loc":{"start":{"line":36,"column":63},"end":{"line":39,"column":3}},"line":36},"7":{"name":"phoneHandlerError","decl":{"start":{"line":40,"column":30},"end":{"line":40,"column":47}},"loc":{"start":{"line":40,"column":63},"end":{"line":43,"column":3}},"line":40},"8":{"name":"questionHandlerError","decl":{"start":{"line":44,"column":33},"end":{"line":44,"column":53}},"loc":{"start":{"line":44,"column":69},"end":{"line":47,"column":3}},"line":44},"9":{"name":"userNotPrestentHandlerError","decl":{"start":{"line":48,"column":40},"end":{"line":48,"column":67}},"loc":{"start":{"line":48,"column":83},"end":{"line":51,"column":3}},"line":48},"10":{"name":"noTokenHandlerError","decl":{"start":{"line":52,"column":32},"end":{"line":52,"column":51}},"loc":{"start":{"line":52,"column":57},"end":{"line":54,"column":3}},"line":52},"11":{"name":"failedAuthHandlerError","decl":{"start":{"line":55,"column":35},"end":{"line":55,"column":57}},"loc":{"start":{"line":55,"column":63},"end":{"line":57,"column":3}},"line":55}},"branchMap":{"0":{"loc":{"start":{"line":11,"column":46},"end":{"line":11,"column":92}},"type":"cond-expr","locations":[{"start":{"line":11,"column":70},"end":{"line":11,"column":73}},{"start":{"line":11,"column":76},"end":{"line":11,"column":92}}],"line":11},"1":{"loc":{"start":{"line":11,"column":46},"end":{"line":11,"column":67}},"type":"binary-expr","locations":[{"start":{"line":11,"column":46},"end":{"line":11,"column":49}},{"start":{"line":11,"column":53},"end":{"line":11,"column":67}}],"line":11},"2":{"loc":{"start":{"line":17,"column":4},"end":{"line":17,"column":46}},"type":"if","locations":[{"start":{"line":17,"column":4},"end":{"line":17,"column":46}},{"start":{"line":17,"column":4},"end":{"line":17,"column":46}}],"line":17},"3":{"loc":{"start":{"line":21,"column":4},"end":{"line":21,"column":46}},"type":"if","locations":[{"start":{"line":21,"column":4},"end":{"line":21,"column":46}},{"start":{"line":21,"column":4},"end":{"line":21,"column":46}}],"line":21},"4":{"loc":{"start":{"line":33,"column":4},"end":{"line":33,"column":46}},"type":"if","locations":[{"start":{"line":33,"column":4},"end":{"line":33,"column":46}},{"start":{"line":33,"column":4},"end":{"line":33,"column":46}}],"line":33},"5":{"loc":{"start":{"line":37,"column":4},"end":{"line":37,"column":46}},"type":"if","locations":[{"start":{"line":37,"column":4},"end":{"line":37,"column":46}},{"start":{"line":37,"column":4},"end":{"line":37,"column":46}}],"line":37},"6":{"loc":{"start":{"line":41,"column":4},"end":{"line":41,"column":46}},"type":"if","locations":[{"start":{"line":41,"column":4},"end":{"line":41,"column":46}},{"start":{"line":41,"column":4},"end":{"line":41,"column":46}}],"line":41},"7":{"loc":{"start":{"line":45,"column":4},"end":{"line":45,"column":46}},"type":"if","locations":[{"start":{"line":45,"column":4},"end":{"line":45,"column":46}},{"start":{"line":45,"column":4},"end":{"line":45,"column":46}}],"line":45},"8":{"loc":{"start":{"line":49,"column":4},"end":{"line":49,"column":46}},"type":"if","locations":[{"start":{"line":49,"column":4},"end":{"line":49,"column":46}},{"start":{"line":49,"column":4},"end":{"line":49,"column":46}}],"line":49}},"s":{"0":1,"1":1,"2":1,"3":1,"4":1,"5":1,"6":0,"7":0,"8":0,"9":2,"10":2,"11":2,"12":2,"13":2,"14":3,"15":0,"16":3,"17":0,"18":0,"19":0,"20":0,"21":0,"22":0,"23":0,"24":0,"25":0,"26":1,"27":1,"28":1,"29":1,"30":1,"31":1},"f":{"0":1,"1":0,"2":2,"3":2,"4":2,"5":3,"6":0,"7":0,"8":0,"9":1,"10":1,"11":1},"b":{"0":[1,0],"1":[1,1],"2":[0,0],"3":[2,0],"4":[0,3],"5":[0,0],"6":[0,0],"7":[0,0],"8":[1,0]},"_coverageSchema":"d34fc3e6b8297bcde183f5492bcb8fcb36775295","hash":"fc13b86855aef6b9e52aaa5950d4a09b1ba973fc","contentHash":"31659ea0e23d47504d7f003b27679cc5"},"/home/somto/1Projects/mentorship project/StackOverflow-lite/server/utilities/fileSystem.js":{"path":"/home/somto/1Projects/mentorship project/StackOverflow-lite/server/utilities/fileSystem.js","statementMap":{"0":{"start":{"line":3,"column":0},"end":{"line":5,"column":3}},"1":{"start":{"line":7,"column":18},"end":{"line":7,"column":40}},"2":{"start":{"line":9,"column":19},"end":{"line":9,"column":54}},"3":{"start":{"line":11,"column":39},"end":{"line":11,"column":93}},"4":{"start":{"line":19,"column":17},"end":{"line":23,"column":1}},"5":{"start":{"line":20,"column":2},"end":{"line":22,"column":5}},"6":{"start":{"line":21,"column":4},"end":{"line":21,"column":23}},"7":{"start":{"line":21,"column":13},"end":{"line":21,"column":23}},"8":{"start":{"line":30,"column":17},"end":{"line":34,"column":1}},"9":{"start":{"line":31,"column":2},"end":{"line":33,"column":5}},"10":{"start":{"line":32,"column":4},"end":{"line":32,"column":23}},"11":{"start":{"line":32,"column":13},"end":{"line":32,"column":23}},"12":{"start":{"line":36,"column":15},"end":{"line":36,"column":65}},"13":{"start":{"line":38,"column":0},"end":{"line":38,"column":27}}},"fnMap":{"0":{"name":"_interopRequireDefault","decl":{"start":{"line":11,"column":9},"end":{"line":11,"column":31}},"loc":{"start":{"line":11,"column":37},"end":{"line":11,"column":95}},"line":11},"1":{"name":"renameFile","decl":{"start":{"line":19,"column":26},"end":{"line":19,"column":36}},"loc":{"start":{"line":19,"column":59},"end":{"line":23,"column":1}},"line":19},"2":{"name":"(anonymous_2)","decl":{"start":{"line":20,"column":52},"end":{"line":20,"column":53}},"loc":{"start":{"line":20,"column":67},"end":{"line":22,"column":3}},"line":20},"3":{"name":"deleteFile","decl":{"start":{"line":30,"column":26},"end":{"line":30,"column":36}},"loc":{"start":{"line":30,"column":49},"end":{"line":34,"column":1}},"line":30},"4":{"name":"(anonymous_4)","decl":{"start":{"line":31,"column":42},"end":{"line":31,"column":43}},"loc":{"start":{"line":31,"column":57},"end":{"line":33,"column":3}},"line":31}},"branchMap":{"0":{"loc":{"start":{"line":11,"column":46},"end":{"line":11,"column":92}},"type":"cond-expr","locations":[{"start":{"line":11,"column":70},"end":{"line":11,"column":73}},{"start":{"line":11,"column":76},"end":{"line":11,"column":92}}],"line":11},"1":{"loc":{"start":{"line":11,"column":46},"end":{"line":11,"column":67}},"type":"binary-expr","locations":[{"start":{"line":11,"column":46},"end":{"line":11,"column":49}},{"start":{"line":11,"column":53},"end":{"line":11,"column":67}}],"line":11},"2":{"loc":{"start":{"line":21,"column":4},"end":{"line":21,"column":23}},"type":"if","locations":[{"start":{"line":21,"column":4},"end":{"line":21,"column":23}},{"start":{"line":21,"column":4},"end":{"line":21,"column":23}}],"line":21},"3":{"loc":{"start":{"line":32,"column":4},"end":{"line":32,"column":23}},"type":"if","locations":[{"start":{"line":32,"column":4},"end":{"line":32,"column":23}},{"start":{"line":32,"column":4},"end":{"line":32,"column":23}}],"line":32}},"s":{"0":1,"1":1,"2":1,"3":1,"4":1,"5":5,"6":5,"7":0,"8":1,"9":11,"10":11,"11":0,"12":1,"13":1},"f":{"0":1,"1":5,"2":5,"3":11,"4":11},"b":{"0":[0,1],"1":[1,1],"2":[0,5],"3":[0,11]},"_coverageSchema":"d34fc3e6b8297bcde183f5492bcb8fcb36775295","hash":"6e7dccf40c14bd86d98312b4bf43104de9cec3db","contentHash":"1c833f1acc87b1d96d4449b95eee4c59"},"/home/somto/1Projects/mentorship project/StackOverflow-lite/server/server/controllers/utilities/fileFilter.js":{"path":"/home/somto/1Projects/mentorship project/StackOverflow-lite/server/server/controllers/utilities/fileFilter.js","statementMap":{"0":{"start":{"line":3,"column":0},"end":{"line":5,"column":3}},"1":{"start":{"line":7,"column":18},"end":{"line":7,"column":58}},"2":{"start":{"line":9,"column":19},"end":{"line":9,"column":54}},"3":{"start":{"line":11,"column":39},"end":{"line":11,"column":93}},"4":{"start":{"line":13,"column":17},"end":{"line":13,"column":48}},"5":{"start":{"line":14,"column":17},"end":{"line":14,"column":48}},"6":{"start":{"line":17,"column":23},"end":{"line":42,"column":1}},"7":{"start":{"line":18,"column":23},"end":{"line":18,"column":25}},"8":{"start":{"line":19,"column":22},"end":{"line":19,"column":27}},"9":{"start":{"line":20,"column":22},"end":{"line":20,"column":27}},"10":{"start":{"line":21,"column":17},"end":{"line":21,"column":19}},"11":{"start":{"line":23,"column":2},"end":{"line":37,"column":3}},"12":{"start":{"line":24,"column":19},"end":{"line":24,"column":39}},"13":{"start":{"line":25,"column":21},"end":{"line":25,"column":97}},"14":{"start":{"line":26,"column":4},"end":{"line":36,"column":5}},"15":{"start":{"line":27,"column":6},"end":{"line":33,"column":7}},"16":{"start":{"line":28,"column":8},"end":{"line":28,"column":41}},"17":{"start":{"line":30,"column":8},"end":{"line":30,"column":62}},"18":{"start":{"line":32,"column":8},"end":{"line":32,"column":29}},"19":{"start":{"line":32,"column":29},"end":{"line":32,"column":50}},"20":{"start":{"line":35,"column":6},"end":{"line":35,"column":27}},"21":{"start":{"line":35,"column":27},"end":{"line":35,"column":48}},"22":{"start":{"line":38,"column":2},"end":{"line":38,"column":36}},"23":{"start":{"line":38,"column":36},"end":{"line":38,"column":70}},"24":{"start":{"line":39,"column":2},"end":{"line":39,"column":31}},"25":{"start":{"line":41,"column":2},"end":{"line":41,"column":24}},"26":{"start":{"line":44,"column":0},"end":{"line":44,"column":35}}},"fnMap":{"0":{"name":"_interopRequireDefault","decl":{"start":{"line":11,"column":9},"end":{"line":11,"column":31}},"loc":{"start":{"line":11,"column":37},"end":{"line":11,"column":95}},"line":11},"1":{"name":"fileFilterMethod","decl":{"start":{"line":17,"column":32},"end":{"line":17,"column":48}},"loc":{"start":{"line":17,"column":81},"end":{"line":42,"column":1}},"line":17}},"branchMap":{"0":{"loc":{"start":{"line":11,"column":46},"end":{"line":11,"column":92}},"type":"cond-expr","locations":[{"start":{"line":11,"column":70},"end":{"line":11,"column":73}},{"start":{"line":11,"column":76},"end":{"line":11,"column":92}}],"line":11},"1":{"loc":{"start":{"line":11,"column":46},"end":{"line":11,"column":67}},"type":"binary-expr","locations":[{"start":{"line":11,"column":46},"end":{"line":11,"column":49}},{"start":{"line":11,"column":53},"end":{"line":11,"column":67}}],"line":11},"2":{"loc":{"start":{"line":23,"column":2},"end":{"line":37,"column":3}},"type":"if","locations":[{"start":{"line":23,"column":2},"end":{"line":37,"column":3}},{"start":{"line":23,"column":2},"end":{"line":37,"column":3}}],"line":23},"3":{"loc":{"start":{"line":26,"column":4},"end":{"line":36,"column":5}},"type":"if","locations":[{"start":{"line":26,"column":4},"end":{"line":36,"column":5}},{"start":{"line":26,"column":4},"end":{"line":36,"column":5}}],"line":26},"4":{"loc":{"start":{"line":26,"column":8},"end":{"line":26,"column":79}},"type":"binary-expr","locations":[{"start":{"line":26,"column":8},"end":{"line":26,"column":42}},{"start":{"line":26,"column":46},"end":{"line":26,"column":79}}],"line":26},"5":{"loc":{"start":{"line":27,"column":6},"end":{"line":33,"column":7}},"type":"if","locations":[{"start":{"line":27,"column":6},"end":{"line":33,"column":7}},{"start":{"line":27,"column":6},"end":{"line":33,"column":7}}],"line":27}},"s":{"0":1,"1":1,"2":1,"3":1,"4":1,"5":1,"6":1,"7":24,"8":24,"9":24,"10":24,"11":24,"12":9,"13":9,"14":9,"15":7,"16":5,"17":5,"18":2,"19":2,"20":2,"21":2,"22":24,"23":24,"24":24,"25":24,"26":1},"f":{"0":1,"1":24},"b":{"0":[1,0],"1":[1,1],"2":[9,15],"3":[7,2],"4":[9,7],"5":[5,2]},"_coverageSchema":"d34fc3e6b8297bcde183f5492bcb8fcb36775295","hash":"298c5e7f3c6d158104a074ae422e14862a316816","contentHash":"37367e1f1d3ae2f2e0b1acfc9e62cdf3"},"/home/somto/1Projects/mentorship project/StackOverflow-lite/server/server/controllers/questions.js":{"path":"/home/somto/1Projects/mentorship project/StackOverflow-lite/server/server/controllers/questions.js","statementMap":{"0":{"start":{"line":3,"column":0},"end":{"line":5,"column":3}},"1":{"start":{"line":7,"column":21},"end":{"line":7,"column":663}},"2":{"start":{"line":7,"column":79},"end":{"line":7,"column":81}},"3":{"start":{"line":7,"column":92},"end":{"line":7,"column":96}},"4":{"start":{"line":7,"column":107},"end":{"line":7,"column":112}},"5":{"start":{"line":7,"column":123},"end":{"line":7,"column":132}},"6":{"start":{"line":7,"column":134},"end":{"line":7,"column":413}},"7":{"start":{"line":7,"column":140},"end":{"line":7,"column":283}},"8":{"start":{"line":7,"column":226},"end":{"line":7,"column":246}},"9":{"start":{"line":7,"column":247},"end":{"line":7,"column":281}},"10":{"start":{"line":7,"column":275},"end":{"line":7,"column":281}},"11":{"start":{"line":7,"column":300},"end":{"line":7,"column":310}},"12":{"start":{"line":7,"column":311},"end":{"line":7,"column":320}},"13":{"start":{"line":7,"column":333},"end":{"line":7,"column":411}},"14":{"start":{"line":7,"column":339},"end":{"line":7,"column":379}},"15":{"start":{"line":7,"column":364},"end":{"line":7,"column":379}},"16":{"start":{"line":7,"column":392},"end":{"line":7,"column":409}},"17":{"start":{"line":7,"column":400},"end":{"line":7,"column":409}},"18":{"start":{"line":7,"column":414},"end":{"line":7,"column":426}},"19":{"start":{"line":7,"column":429},"end":{"line":7,"column":659}},"20":{"start":{"line":7,"column":456},"end":{"line":7,"column":656}},"21":{"start":{"line":7,"column":482},"end":{"line":7,"column":493}},"22":{"start":{"line":7,"column":501},"end":{"line":7,"column":656}},"23":{"start":{"line":7,"column":539},"end":{"line":7,"column":568}},"24":{"start":{"line":7,"column":578},"end":{"line":7,"column":654}},"25":{"start":{"line":11,"column":14},"end":{"line":11,"column":31}},"26":{"start":{"line":13,"column":15},"end":{"line":13,"column":46}},"27":{"start":{"line":15,"column":14},"end":{"line":15,"column":34}},"28":{"start":{"line":17,"column":15},"end":{"line":17,"column":46}},"29":{"start":{"line":19,"column":20},"end":{"line":19,"column":55}},"30":{"start":{"line":21,"column":21},"end":{"line":21,"column":58}},"31":{"start":{"line":23,"column":18},"end":{"line":23,"column":51}},"32":{"start":{"line":25,"column":19},"end":{"line":25,"column":54}},"33":{"start":{"line":27,"column":19},"end":{"line":27,"column":53}},"34":{"start":{"line":29,"column":20},"end":{"line":29,"column":56}},"35":{"start":{"line":31,"column":39},"end":{"line":31,"column":93}},"36":{"start":{"line":33,"column":11},"end":{"line":33,"column":38}},"37":{"start":{"line":34,"column":15},"end":{"line":34,"column":22}},"38":{"start":{"line":35,"column":12},"end":{"line":35,"column":55}},"39":{"start":{"line":36,"column":25},"end":{"line":36,"column":33}},"40":{"start":{"line":39,"column":12},"end":{"line":39,"column":64}},"41":{"start":{"line":40,"column":34},"end":{"line":40,"column":42}},"42":{"start":{"line":41,"column":12},"end":{"line":41,"column":56}},"43":{"start":{"line":42,"column":26},"end":{"line":42,"column":34}},"44":{"start":{"line":44,"column":12},"end":{"line":44,"column":56}},"45":{"start":{"line":45,"column":26},"end":{"line":45,"column":34}},"46":{"start":{"line":47,"column":12},"end":{"line":47,"column":57}},"47":{"start":{"line":48,"column":27},"end":{"line":48,"column":35}},"48":{"start":{"line":51,"column":12},"end":{"line":51,"column":64}},"49":{"start":{"line":52,"column":34},"end":{"line":52,"column":42}},"50":{"start":{"line":53,"column":12},"end":{"line":53,"column":56}},"51":{"start":{"line":54,"column":26},"end":{"line":54,"column":34}},"52":{"start":{"line":57,"column":12},"end":{"line":57,"column":59}},"53":{"start":{"line":58,"column":29},"end":{"line":58,"column":37}},"54":{"start":{"line":61,"column":13},"end":{"line":63,"column":2}},"55":{"start":{"line":65,"column":20},"end":{"line":65,"column":35}},"56":{"start":{"line":67,"column":26},"end":{"line":154,"column":1}},"57":{"start":{"line":71,"column":20},"end":{"line":71,"column":26}},"58":{"start":{"line":72,"column":21},"end":{"line":72,"column":52}},"59":{"start":{"line":73,"column":31},"end":{"line":73,"column":44}},"60":{"start":{"line":74,"column":26},"end":{"line":74,"column":39}},"61":{"start":{"line":75,"column":30},"end":{"line":75,"column":43}},"62":{"start":{"line":77,"column":4},"end":{"line":77,"column":62}},"63":{"start":{"line":77,"column":30},"end":{"line":77,"column":62}},"64":{"start":{"line":78,"column":4},"end":{"line":78,"column":60}},"65":{"start":{"line":78,"column":25},"end":{"line":78,"column":60}},"66":{"start":{"line":79,"column":4},"end":{"line":79,"column":61}},"67":{"start":{"line":79,"column":29},"end":{"line":79,"column":61}},"68":{"start":{"line":82,"column":28},"end":{"line":82,"column":93}},"69":{"start":{"line":83,"column":29},"end":{"line":83,"column":65}},"70":{"start":{"line":84,"column":24},"end":{"line":84,"column":45}},"71":{"start":{"line":85,"column":24},"end":{"line":85,"column":45}},"72":{"start":{"line":86,"column":19},"end":{"line":86,"column":40}},"73":{"start":{"line":88,"column":4},"end":{"line":88,"column":55}},"74":{"start":{"line":88,"column":23},"end":{"line":88,"column":55}},"75":{"start":{"line":89,"column":4},"end":{"line":89,"column":55}},"76":{"start":{"line":89,"column":23},"end":{"line":89,"column":55}},"77":{"start":{"line":91,"column":4},"end":{"line":91,"column":115}},"78":{"start":{"line":91,"column":65},"end":{"line":91,"column":115}},"79":{"start":{"line":93,"column":15},"end":{"line":99,"column":5}},"80":{"start":{"line":102,"column":4},"end":{"line":143,"column":7}},"81":{"start":{"line":103,"column":22},"end":{"line":103,"column":34}},"82":{"start":{"line":103,"column":55},"end":{"line":103,"column":56}},"83":{"start":{"line":104,"column":38},"end":{"line":104,"column":42}},"84":{"start":{"line":105,"column":30},"end":{"line":105,"column":35}},"85":{"start":{"line":106,"column":27},"end":{"line":106,"column":36}},"86":{"start":{"line":108,"column":6},"end":{"line":128,"column":7}},"87":{"start":{"line":109,"column":8},"end":{"line":114,"column":9}},"88":{"start":{"line":110,"column":25},"end":{"line":110,"column":36}},"89":{"start":{"line":112,"column":10},"end":{"line":112,"column":81}},"90":{"start":{"line":112,"column":45},"end":{"line":112,"column":81}},"91":{"start":{"line":113,"column":10},"end":{"line":113,"column":29}},"92":{"start":{"line":116,"column":8},"end":{"line":116,"column":33}},"93":{"start":{"line":117,"column":8},"end":{"line":117,"column":29}},"94":{"start":{"line":119,"column":8},"end":{"line":127,"column":9}},"95":{"start":{"line":120,"column":10},"end":{"line":122,"column":11}},"96":{"start":{"line":121,"column":12},"end":{"line":121,"column":31}},"97":{"start":{"line":124,"column":10},"end":{"line":126,"column":11}},"98":{"start":{"line":125,"column":12},"end":{"line":125,"column":33}},"99":{"start":{"line":130,"column":6},"end":{"line":140,"column":7}},"100":{"start":{"line":132,"column":8},"end":{"line":139,"column":11}},"101":{"start":{"line":134,"column":25},"end":{"line":134,"column":39}},"102":{"start":{"line":135,"column":10},"end":{"line":135,"column":48}},"103":{"start":{"line":137,"column":10},"end":{"line":137,"column":136}},"104":{"start":{"line":137,"column":86},"end":{"line":137,"column":136}},"105":{"start":{"line":138,"column":10},"end":{"line":138,"column":58}},"106":{"start":{"line":142,"column":6},"end":{"line":142,"column":54}},"107":{"start":{"line":146,"column":4},"end":{"line":151,"column":7}},"108":{"start":{"line":147,"column":22},"end":{"line":147,"column":34}},"109":{"start":{"line":148,"column":6},"end":{"line":148,"column":45}},"110":{"start":{"line":150,"column":6},"end":{"line":150,"column":37}},"111":{"start":{"line":156,"column":0},"end":{"line":156,"column":38}}},"fnMap":{"0":{"name":"(anonymous_0)","decl":{"start":{"line":7,"column":21},"end":{"line":7,"column":22}},"loc":{"start":{"line":7,"column":33},"end":{"line":7,"column":661}},"line":7},"1":{"name":"sliceIterator","decl":{"start":{"line":7,"column":44},"end":{"line":7,"column":57}},"loc":{"start":{"line":7,"column":66},"end":{"line":7,"column":428}},"line":7},"2":{"name":"(anonymous_2)","decl":{"start":{"line":7,"column":436},"end":{"line":7,"column":437}},"loc":{"start":{"line":7,"column":454},"end":{"line":7,"column":658}},"line":7},"3":{"name":"_interopRequireDefault","decl":{"start":{"line":31,"column":9},"end":{"line":31,"column":31}},"loc":{"start":{"line":31,"column":37},"end":{"line":31,"column":95}},"line":31},"4":{"name":"create","decl":{"start":{"line":69,"column":19},"end":{"line":69,"column":25}},"loc":{"start":{"line":69,"column":36},"end":{"line":144,"column":3}},"line":69},"5":{"name":"(anonymous_5)","decl":{"start":{"line":102,"column":28},"end":{"line":102,"column":29}},"loc":{"start":{"line":102,"column":47},"end":{"line":141,"column":5}},"line":102},"6":{"name":"(anonymous_6)","decl":{"start":{"line":133,"column":14},"end":{"line":133,"column":15}},"loc":{"start":{"line":133,"column":32},"end":{"line":136,"column":9}},"line":133},"7":{"name":"(anonymous_7)","decl":{"start":{"line":136,"column":17},"end":{"line":136,"column":18}},"loc":{"start":{"line":136,"column":34},"end":{"line":139,"column":9}},"line":136},"8":{"name":"(anonymous_8)","decl":{"start":{"line":141,"column":13},"end":{"line":141,"column":14}},"loc":{"start":{"line":141,"column":30},"end":{"line":143,"column":5}},"line":141},"9":{"name":"list","decl":{"start":{"line":145,"column":17},"end":{"line":145,"column":21}},"loc":{"start":{"line":145,"column":32},"end":{"line":152,"column":3}},"line":145},"10":{"name":"(anonymous_10)","decl":{"start":{"line":146,"column":28},"end":{"line":146,"column":29}},"loc":{"start":{"line":146,"column":47},"end":{"line":149,"column":5}},"line":146},"11":{"name":"(anonymous_11)","decl":{"start":{"line":149,"column":13},"end":{"line":149,"column":14}},"loc":{"start":{"line":149,"column":26},"end":{"line":151,"column":5}},"line":149},"12":{"name":"retrieve","decl":{"start":{"line":153,"column":21},"end":{"line":153,"column":29}},"loc":{"start":{"line":153,"column":32},"end":{"line":153,"column":34}},"line":153}},"branchMap":{"0":{"loc":{"start":{"line":7,"column":247},"end":{"line":7,"column":281}},"type":"if","locations":[{"start":{"line":7,"column":247},"end":{"line":7,"column":281}},{"start":{"line":7,"column":247},"end":{"line":7,"column":281}}],"line":7},"1":{"loc":{"start":{"line":7,"column":251},"end":{"line":7,"column":273}},"type":"binary-expr","locations":[{"start":{"line":7,"column":251},"end":{"line":7,"column":252}},{"start":{"line":7,"column":256},"end":{"line":7,"column":273}}],"line":7},"2":{"loc":{"start":{"line":7,"column":339},"end":{"line":7,"column":379}},"type":"if","locations":[{"start":{"line":7,"column":339},"end":{"line":7,"column":379}},{"start":{"line":7,"column":339},"end":{"line":7,"column":379}}],"line":7},"3":{"loc":{"start":{"line":7,"column":343},"end":{"line":7,"column":362}},"type":"binary-expr","locations":[{"start":{"line":7,"column":343},"end":{"line":7,"column":346}},{"start":{"line":7,"column":350},"end":{"line":7,"column":362}}],"line":7},"4":{"loc":{"start":{"line":7,"column":392},"end":{"line":7,"column":409}},"type":"if","locations":[{"start":{"line":7,"column":392},"end":{"line":7,"column":409}},{"start":{"line":7,"column":392},"end":{"line":7,"column":409}}],"line":7},"5":{"loc":{"start":{"line":7,"column":456},"end":{"line":7,"column":656}},"type":"if","locations":[{"start":{"line":7,"column":456},"end":{"line":7,"column":656}},{"start":{"line":7,"column":456},"end":{"line":7,"column":656}}],"line":7},"6":{"loc":{"start":{"line":7,"column":501},"end":{"line":7,"column":656}},"type":"if","locations":[{"start":{"line":7,"column":501},"end":{"line":7,"column":656}},{"start":{"line":7,"column":501},"end":{"line":7,"column":656}}],"line":7},"7":{"loc":{"start":{"line":31,"column":46},"end":{"line":31,"column":92}},"type":"cond-expr","locations":[{"start":{"line":31,"column":70},"end":{"line":31,"column":73}},{"start":{"line":31,"column":76},"end":{"line":31,"column":92}}],"line":31},"8":{"loc":{"start":{"line":31,"column":46},"end":{"line":31,"column":67}},"type":"binary-expr","locations":[{"start":{"line":31,"column":46},"end":{"line":31,"column":49}},{"start":{"line":31,"column":53},"end":{"line":31,"column":67}}],"line":31},"9":{"loc":{"start":{"line":77,"column":4},"end":{"line":77,"column":62}},"type":"if","locations":[{"start":{"line":77,"column":4},"end":{"line":77,"column":62}},{"start":{"line":77,"column":4},"end":{"line":77,"column":62}}],"line":77},"10":{"loc":{"start":{"line":78,"column":4},"end":{"line":78,"column":60}},"type":"if","locations":[{"start":{"line":78,"column":4},"end":{"line":78,"column":60}},{"start":{"line":78,"column":4},"end":{"line":78,"column":60}}],"line":78},"11":{"loc":{"start":{"line":79,"column":4},"end":{"line":79,"column":61}},"type":"if","locations":[{"start":{"line":79,"column":4},"end":{"line":79,"column":61}},{"start":{"line":79,"column":4},"end":{"line":79,"column":61}}],"line":79},"12":{"loc":{"start":{"line":88,"column":4},"end":{"line":88,"column":55}},"type":"if","locations":[{"start":{"line":88,"column":4},"end":{"line":88,"column":55}},{"start":{"line":88,"column":4},"end":{"line":88,"column":55}}],"line":88},"13":{"loc":{"start":{"line":89,"column":4},"end":{"line":89,"column":55}},"type":"if","locations":[{"start":{"line":89,"column":4},"end":{"line":89,"column":55}},{"start":{"line":89,"column":4},"end":{"line":89,"column":55}}],"line":89},"14":{"loc":{"start":{"line":91,"column":4},"end":{"line":91,"column":115}},"type":"if","locations":[{"start":{"line":91,"column":4},"end":{"line":91,"column":115}},{"start":{"line":91,"column":4},"end":{"line":91,"column":115}}],"line":91},"15":{"loc":{"start":{"line":91,"column":8},"end":{"line":91,"column":63}},"type":"binary-expr","locations":[{"start":{"line":91,"column":8},"end":{"line":91,"column":23}},{"start":{"line":91,"column":27},"end":{"line":91,"column":45}},{"start":{"line":91,"column":49},"end":{"line":91,"column":63}}],"line":91},"16":{"loc":{"start":{"line":112,"column":10},"end":{"line":112,"column":81}},"type":"if","locations":[{"start":{"line":112,"column":10},"end":{"line":112,"column":81}},{"start":{"line":112,"column":10},"end":{"line":112,"column":81}}],"line":112},"17":{"loc":{"start":{"line":120,"column":10},"end":{"line":122,"column":11}},"type":"if","locations":[{"start":{"line":120,"column":10},"end":{"line":122,"column":11}},{"start":{"line":120,"column":10},"end":{"line":122,"column":11}}],"line":120},"18":{"loc":{"start":{"line":120,"column":14},"end":{"line":120,"column":60}},"type":"binary-expr","locations":[{"start":{"line":120,"column":14},"end":{"line":120,"column":40}},{"start":{"line":120,"column":44},"end":{"line":120,"column":60}}],"line":120},"19":{"loc":{"start":{"line":124,"column":10},"end":{"line":126,"column":11}},"type":"if","locations":[{"start":{"line":124,"column":10},"end":{"line":126,"column":11}},{"start":{"line":124,"column":10},"end":{"line":126,"column":11}}],"line":124},"20":{"loc":{"start":{"line":130,"column":6},"end":{"line":140,"column":7}},"type":"if","locations":[{"start":{"line":130,"column":6},"end":{"line":140,"column":7}},{"start":{"line":130,"column":6},"end":{"line":140,"column":7}}],"line":130},"21":{"loc":{"start":{"line":137,"column":10},"end":{"line":137,"column":136}},"type":"if","locations":[{"start":{"line":137,"column":10},"end":{"line":137,"column":136}},{"start":{"line":137,"column":10},"end":{"line":137,"column":136}}],"line":137},"22":{"loc":{"start":{"line":137,"column":14},"end":{"line":137,"column":84}},"type":"binary-expr","locations":[{"start":{"line":137,"column":14},"end":{"line":137,"column":36}},{"start":{"line":137,"column":40},"end":{"line":137,"column":84}}],"line":137}},"s":{"0":1,"1":1,"2":0,"3":0,"4":0,"5":0,"6":0,"7":0,"8":0,"9":0,"10":0,"11":0,"12":0,"13":0,"14":0,"15":0,"16":0,"17":0,"18":0,"19":1,"20":6,"21":6,"22":0,"23":0,"24":0,"25":1,"26":1,"27":1,"28":1,"29":1,"30":1,"31":1,"32":1,"33":1,"34":1,"35":5,"36":1,"37":1,"38":1,"39":1,"40":1,"41":1,"42":1,"43":1,"44":1,"45":1,"46":1,"47":1,"48":1,"49":1,"50":1,"51":1,"52":1,"53":1,"54":1,"55":1,"56":1,"57":8,"58":8,"59":8,"60":8,"61":8,"62":8,"63":1,"64":7,"65":1,"66":6,"67":6,"68":6,"69":6,"70":6,"71":6,"72":6,"73":6,"74":1,"75":5,"76":1,"77":4,"78":1,"79":3,"80":3,"81":3,"82":3,"83":3,"84":3,"85":3,"86":3,"87":3,"88":0,"89":0,"90":0,"91":0,"92":0,"93":0,"94":3,"95":3,"96":0,"97":3,"98":0,"99":3,"100":3,"101":2,"102":2,"103":1,"104":1,"105":0,"106":0,"107":2,"108":2,"109":2,"110":0,"111":1},"f":{"0":1,"1":0,"2":6,"3":5,"4":8,"5":3,"6":2,"7":1,"8":0,"9":2,"10":2,"11":0,"12":0},"b":{"0":[0,0],"1":[0,0],"2":[0,0],"3":[0,0],"4":[0,0],"5":[6,0],"6":[0,0],"7":[4,1],"8":[5,5],"9":[1,7],"10":[1,6],"11":[6,0],"12":[1,5],"13":[1,4],"14":[1,3],"15":[4,3,3],"16":[0,0],"17":[0,3],"18":[3,0],"19":[0,3],"20":[3,0],"21":[1,0],"22":[1,1]},"_coverageSchema":"d34fc3e6b8297bcde183f5492bcb8fcb36775295","hash":"eaabdd8a90716b74c666f7344a72351f48cbc9d6","contentHash":"c61ae0a94245bc4dae7093649e8fdda6"},"/home/somto/1Projects/mentorship project/StackOverflow-lite/server/server/controllers/utilities/authHandler.js":{"path":"/home/somto/1Projects/mentorship project/StackOverflow-lite/server/server/controllers/utilities/authHandler.js","statementMap":{"0":{"start":{"line":3,"column":0},"end":{"line":5,"column":3}},"1":{"start":{"line":7,"column":20},"end":{"line":7,"column":43}},"2":{"start":{"line":9,"column":21},"end":{"line":9,"column":58}},"3":{"start":{"line":11,"column":11},"end":{"line":11,"column":34}},"4":{"start":{"line":13,"column":12},"end":{"line":13,"column":40}},"5":{"start":{"line":15,"column":18},"end":{"line":15,"column":58}},"6":{"start":{"line":17,"column":19},"end":{"line":17,"column":54}},"7":{"start":{"line":19,"column":39},"end":{"line":19,"column":93}},"8":{"start":{"line":21,"column":17},"end":{"line":21,"column":48}},"9":{"start":{"line":24,"column":17},"end":{"line":52,"column":1}},"10":{"start":{"line":25,"column":24},"end":{"line":25,"column":26}},"11":{"start":{"line":26,"column":29},"end":{"line":26,"column":34}},"12":{"start":{"line":27,"column":19},"end":{"line":27,"column":24}},"13":{"start":{"line":28,"column":18},"end":{"line":28,"column":24}},"14":{"start":{"line":31,"column":14},"end":{"line":31,"column":80}},"15":{"start":{"line":32,"column":2},"end":{"line":35,"column":3}},"16":{"start":{"line":33,"column":4},"end":{"line":33,"column":51}},"17":{"start":{"line":33,"column":18},"end":{"line":33,"column":51}},"18":{"start":{"line":34,"column":4},"end":{"line":34,"column":32}},"19":{"start":{"line":38,"column":2},"end":{"line":45,"column":5}},"20":{"start":{"line":39,"column":4},"end":{"line":44,"column":34}},"21":{"start":{"line":40,"column":6},"end":{"line":43,"column":7}},"22":{"start":{"line":41,"column":8},"end":{"line":41,"column":55}},"23":{"start":{"line":41,"column":22},"end":{"line":41,"column":55}},"24":{"start":{"line":42,"column":8},"end":{"line":42,"column":26}},"25":{"start":{"line":44,"column":11},"end":{"line":44,"column":34}},"26":{"start":{"line":47,"column":2},"end":{"line":47,"column":44}},"27":{"start":{"line":48,"column":2},"end":{"line":48,"column":34}},"28":{"start":{"line":49,"column":2},"end":{"line":49,"column":33}},"29":{"start":{"line":51,"column":2},"end":{"line":51,"column":25}},"30":{"start":{"line":54,"column":0},"end":{"line":54,"column":29}}},"fnMap":{"0":{"name":"_interopRequireDefault","decl":{"start":{"line":19,"column":9},"end":{"line":19,"column":31}},"loc":{"start":{"line":19,"column":37},"end":{"line":19,"column":95}},"line":19},"1":{"name":"authMethod","decl":{"start":{"line":24,"column":26},"end":{"line":24,"column":36}},"loc":{"start":{"line":24,"column":42},"end":{"line":52,"column":1}},"line":24},"2":{"name":"(anonymous_2)","decl":{"start":{"line":38,"column":73},"end":{"line":38,"column":74}},"loc":{"start":{"line":38,"column":97},"end":{"line":45,"column":3}},"line":38}},"branchMap":{"0":{"loc":{"start":{"line":19,"column":46},"end":{"line":19,"column":92}},"type":"cond-expr","locations":[{"start":{"line":19,"column":70},"end":{"line":19,"column":73}},{"start":{"line":19,"column":76},"end":{"line":19,"column":92}}],"line":19},"1":{"loc":{"start":{"line":19,"column":46},"end":{"line":19,"column":67}},"type":"binary-expr","locations":[{"start":{"line":19,"column":46},"end":{"line":19,"column":49}},{"start":{"line":19,"column":53},"end":{"line":19,"column":67}}],"line":19},"2":{"loc":{"start":{"line":31,"column":14},"end":{"line":31,"column":80}},"type":"binary-expr","locations":[{"start":{"line":31,"column":14},"end":{"line":31,"column":28}},{"start":{"line":31,"column":32},"end":{"line":31,"column":47}},{"start":{"line":31,"column":51},"end":{"line":31,"column":80}}],"line":31},"3":{"loc":{"start":{"line":32,"column":2},"end":{"line":35,"column":3}},"type":"if","locations":[{"start":{"line":32,"column":2},"end":{"line":35,"column":3}},{"start":{"line":32,"column":2},"end":{"line":35,"column":3}}],"line":32},"4":{"loc":{"start":{"line":33,"column":4},"end":{"line":33,"column":51}},"type":"if","locations":[{"start":{"line":33,"column":4},"end":{"line":33,"column":51}},{"start":{"line":33,"column":4},"end":{"line":33,"column":51}}],"line":33},"5":{"loc":{"start":{"line":39,"column":4},"end":{"line":44,"column":34}},"type":"if","locations":[{"start":{"line":39,"column":4},"end":{"line":44,"column":34}},{"start":{"line":39,"column":4},"end":{"line":44,"column":34}}],"line":39},"6":{"loc":{"start":{"line":40,"column":6},"end":{"line":43,"column":7}},"type":"if","locations":[{"start":{"line":40,"column":6},"end":{"line":43,"column":7}},{"start":{"line":40,"column":6},"end":{"line":43,"column":7}}],"line":40},"7":{"loc":{"start":{"line":41,"column":8},"end":{"line":41,"column":55}},"type":"if","locations":[{"start":{"line":41,"column":8},"end":{"line":41,"column":55}},{"start":{"line":41,"column":8},"end":{"line":41,"column":55}}],"line":41}},"s":{"0":1,"1":1,"2":1,"3":1,"4":1,"5":1,"6":1,"7":3,"8":1,"9":1,"10":8,"11":8,"12":8,"13":8,"14":8,"15":8,"16":1,"17":1,"18":1,"19":8,"20":8,"21":2,"22":1,"23":1,"24":1,"25":6,"26":8,"27":8,"28":8,"29":8,"30":1},"f":{"0":3,"1":8,"2":8},"b":{"0":[2,1],"1":[3,3],"2":[8,8,8],"3":[1,7],"4":[1,0],"5":[2,6],"6":[1,1],"7":[1,0]},"_coverageSchema":"d34fc3e6b8297bcde183f5492bcb8fcb3677529
[...]
}},"line":194},"35":{"name":"(anonymous_35)","decl":{"start":{"line":195,"column":63},"end":{"line":195,"column":64}},"loc":{"start":{"line":195,"column":75},"end":{"line":202,"column":9}},"line":195},"36":{"name":"(anonymous_36)","decl":{"start":{"line":196,"column":231},"end":{"line":196,"column":232}},"loc":{"start":{"line":196,"column":251},"end":{"line":201,"column":11}},"line":196}},"branchMap":{"0":{"loc":{"start":{"line":35,"column":46},"end":{"line":35,"column":92}},"type":"cond-expr","locations":[{"start":{"line":35,"column":70},"end":{"line":35,"column":73}},{"start":{"line":35,"column":76},"end":{"line":35,"column":92}}],"line":35},"1":{"loc":{"start":{"line":35,"column":46},"end":{"line":35,"column":67}},"type":"binary-expr","locations":[{"start":{"line":35,"column":46},"end":{"line":35,"column":49}},{"start":{"line":35,"column":53},"end":{"line":35,"column":67}}],"line":35},"2":{"loc":{"start":{"line":127,"column":10},"end":{"line":129,"column":11}},"type":"if","locations":[{"start":{"line":127,"column":10},"end":{"line":129,"column":11}},{"start":{"line":127,"column":10},"end":{"line":129,"column":11}}],"line":127}},"s":{"0":1,"1":1,"2":1,"3":1,"4":1,"5":1,"6":1,"7":1,"8":1,"9":1,"10":1,"11":1,"12":1,"13":1,"14":1,"15":1,"16":8,"17":1,"18":1,"19":1,"20":1,"21":1,"22":1,"23":1,"24":1,"25":1,"26":1,"27":1,"28":10,"29":10,"30":10,"31":1,"32":1,"33":1,"34":1,"35":1,"36":1,"37":1,"38":1,"39":1,"40":1,"41":1,"42":1,"43":1,"44":1,"45":1,"46":1,"47":1,"48":1,"49":1,"50":1,"51":1,"52":1,"53":1,"54":1,"55":1,"56":1,"57":1,"58":1,"59":1,"60":1,"61":1,"62":1,"63":1,"64":1,"65":1,"66":1,"67":1,"68":1,"69":1,"70":1,"71":1,"72":1,"73":1,"74":1,"75":1,"76":1,"77":1,"78":1,"79":1,"80":1,"81":1,"82":1,"83":1,"84":1,"85":1,"86":1,"87":1,"88":1,"89":1,"90":1,"91":1,"92":1,"93":1,"94":1,"95":1,"96":1,"97":1,"98":1,"99":1,"100":1,"101":1,"102":1,"103":1,"104":1,"105":1,"106":1,"107":1,"108":1,"109":1,"110":1,"111":1,"112":1,"113":1,"114":1,"115":1,"116":1,"117":1,"118":1,"119":1,"120":1,"121":1},"f":{"0":8,"1":1,"2":10,"3":10,"4":1,"5":1,"6":1,"7":1,"8":1,"9":1,"10":1,"11":1,"12":1,"13":1,"14":1,"15":1,"16":1,"17":1,"18":1,"19":1,"20":1,"21":1,"22":1,"23":1,"24":1,"25":1,"26":1,"27":1,"28":1,"29":1,"30":1,"31":1,"32":1,"33":1,"34":1,"35":1,"36":1},"b":{"0":[3,5],"1":[8,8],"2":[1,0]},"_coverageSchema":"d34fc3e6b8297bcde183f5492bcb8fcb36775295","hash":"2c353061b9b9459620a40d782829d8033463a6a2","contentHash":"fc52fa0f79907d922dfb7d30f93bf353"},"/home/somto/1Projects/mentorship project/StackOverflow-lite/server/test/users-spec.js":{"path":"/home/somto/1Projects/mentorship project/StackOverflow-lite/server/test/users-spec.js","statementMap":{"0":{"start":{"line":3,"column":12},"end":{"line":3,"column":27}},"1":{"start":{"line":5,"column":13},"end":{"line":5,"column":42}},"2":{"start":{"line":7,"column":17},"end":{"line":7,"column":37}},"3":{"start":{"line":9,"column":18},"end":{"line":9,"column":52}},"4":{"start":{"line":11,"column":12},"end":{"line":11,"column":27}},"5":{"start":{"line":13,"column":13},"end":{"line":13,"column":42}},"6":{"start":{"line":15,"column":16},"end":{"line":15,"column":36}},"7":{"start":{"line":17,"column":17},"end":{"line":17,"column":50}},"8":{"start":{"line":19,"column":11},"end":{"line":19,"column":28}},"9":{"start":{"line":21,"column":12},"end":{"line":21,"column":40}},"10":{"start":{"line":23,"column":14},"end":{"line":23,"column":41}},"11":{"start":{"line":25,"column":15},"end":{"line":25,"column":46}},"12":{"start":{"line":27,"column":18},"end":{"line":27,"column":52}},"13":{"start":{"line":29,"column":19},"end":{"line":29,"column":54}},"14":{"start":{"line":31,"column":39},"end":{"line":31,"column":93}},"15":{"start":{"line":33,"column":0},"end":{"line":33,"column":30}},"16":{"start":{"line":35,"column":0},"end":{"line":35,"column":24}},"17":{"start":{"line":36,"column":0},"end":{"line":36,"column":39}},"18":{"start":{"line":37,"column":14},"end":{"line":37,"column":53}},"19":{"start":{"line":38,"column":11},"end":{"line":38,"column":34}},"20":{"start":{"line":39,"column":11},"end":{"line":39,"column":18}},"21":{"start":{"line":43,"column":17},"end":{"line":43,"column":48}},"22":{"start":{"line":45,"column":0},"end":{"line":245,"column":3}},"23":{"start":{"line":46,"column":2},"end":{"line":51,"column":5}},"24":{"start":{"line":48,"column":4},"end":{"line":50,"column":7}},"25":{"start":{"line":49,"column":6},"end":{"line":49,"column":20}},"26":{"start":{"line":53,"column":2},"end":{"line":244,"column":5}},"27":{"start":{"line":54,"column":4},"end":{"line":61,"column":7}},"28":{"start":{"line":55,"column":6},"end":{"line":60,"column":9}},"29":{"start":{"line":56,"column":8},"end":{"line":56,"column":36}},"30":{"start":{"line":57,"column":8},"end":{"line":57,"column":39}},"31":{"start":{"line":58,"column":8},"end":{"line":58,"column":73}},"32":{"start":{"line":59,"column":8},"end":{"line":59,"column":15}},"33":{"start":{"line":63,"column":4},"end":{"line":85,"column":7}},"34":{"start":{"line":64,"column":6},"end":{"line":84,"column":9}},"35":{"start":{"line":65,"column":8},"end":{"line":65,"column":36}},"36":{"start":{"line":66,"column":8},"end":{"line":66,"column":39}},"37":{"start":{"line":67,"column":8},"end":{"line":67,"column":71}},"38":{"start":{"line":68,"column":8},"end":{"line":68,"column":70}},"39":{"start":{"line":69,"column":8},"end":{"line":69,"column":70}},"40":{"start":{"line":70,"column":8},"end":{"line":70,"column":70}},"41":{"start":{"line":71,"column":8},"end":{"line":71,"column":76}},"42":{"start":{"line":72,"column":8},"end":{"line":72,"column":83}},"43":{"start":{"line":73,"column":8},"end":{"line":73,"column":65}},"44":{"start":{"line":74,"column":8},"end":{"line":74,"column":69}},"45":{"start":{"line":75,"column":8},"end":{"line":75,"column":85}},"46":{"start":{"line":76,"column":8},"end":{"line":76,"column":56}},"47":{"start":{"line":77,"column":8},"end":{"line":77,"column":67}},"48":{"start":{"line":80,"column":8},"end":{"line":82,"column":9}},"49":{"start":{"line":81,"column":10},"end":{"line":81,"column":53}},"50":{"start":{"line":83,"column":8},"end":{"line":83,"column":15}},"51":{"start":{"line":87,"column":4},"end":{"line":105,"column":7}},"52":{"start":{"line":88,"column":6},"end":{"line":104,"column":9}},"53":{"start":{"line":89,"column":8},"end":{"line":89,"column":36}},"54":{"start":{"line":90,"column":8},"end":{"line":90,"column":39}},"55":{"start":{"line":91,"column":8},"end":{"line":91,"column":71}},"56":{"start":{"line":92,"column":8},"end":{"line":92,"column":70}},"57":{"start":{"line":93,"column":8},"end":{"line":93,"column":70}},"58":{"start":{"line":94,"column":8},"end":{"line":94,"column":71}},"59":{"start":{"line":95,"column":8},"end":{"line":95,"column":77}},"60":{"start":{"line":96,"column":8},"end":{"line":96,"column":83}},"61":{"start":{"line":97,"column":8},"end":{"line":97,"column":65}},"62":{"start":{"line":98,"column":8},"end":{"line":98,"column":69}},"63":{"start":{"line":99,"column":8},"end":{"line":99,"column":64}},"64":{"start":{"line":100,"column":8},"end":{"line":100,"column":56}},"65":{"start":{"line":101,"column":8},"end":{"line":101,"column":67}},"66":{"start":{"line":103,"column":8},"end":{"line":103,"column":15}},"67":{"start":{"line":107,"column":4},"end":{"line":115,"column":7}},"68":{"start":{"line":108,"column":6},"end":{"line":114,"column":9}},"69":{"start":{"line":109,"column":8},"end":{"line":109,"column":36}},"70":{"start":{"line":110,"column":8},"end":{"line":110,"column":39}},"71":{"start":{"line":111,"column":8},"end":{"line":111,"column":94}},"72":{"start":{"line":112,"column":8},"end":{"line":112,"column":57}},"73":{"start":{"line":113,"column":8},"end":{"line":113,"column":15}},"74":{"start":{"line":117,"column":4},"end":{"line":125,"column":7}},"75":{"start":{"line":118,"column":6},"end":{"line":124,"column":9}},"76":{"start":{"line":119,"column":8},"end":{"line":119,"column":36}},"77":{"start":{"line":120,"column":8},"end":{"line":120,"column":39}},"78":{"start":{"line":121,"column":8},"end":{"line":121,"column":90}},"79":{"start":{"line":122,"column":8},"end":{"line":122,"column":57}},"80":{"start":{"line":123,"column":8},"end":{"line":123,"column":15}},"81":{"start":{"line":127,"column":4},"end":{"line":147,"column":7}},"82":{"start":{"line":128,"column":6},"end":{"line":146,"column":9}},"83":{"start":{"line":140,"column":8},"end":{"line":145,"column":11}},"84":{"start":{"line":141,"column":10},"end":{"line":141,"column":38}},"85":{"start":{"line":142,"column":10},"end":{"line":142,"column":41}},"86":{"start":{"line":143,"column":10},"end":{"line":143,"column":82}},"87":{"start":{"line":144,"column":10},"end":{"line":144,"column":17}},"88":{"start":{"line":149,"column":4},"end":{"line":169,"column":7}},"89":{"start":{"line":150,"column":6},"end":{"line":168,"column":9}},"90":{"start":{"line":162,"column":8},"end":{"line":167,"column":11}},"91":{"start":{"line":163,"column":10},"end":{"line":163,"column":38}},"92":{"start":{"line":164,"column":10},"end":{"line":164,"column":41}},"93":{"start":{"line":165,"column":10},"end":{"line":165,"column":82}},"94":{"start":{"line":166,"column":10},"end":{"line":166,"column":17}},"95":{"start":{"line":171,"column":4},"end":{"line":191,"column":7}},"96":{"start":{"line":172,"column":6},"end":{"line":190,"column":9}},"97":{"start":{"line":184,"column":8},"end":{"line":189,"column":11}},"98":{"start":{"line":185,"column":10},"end":{"line":185,"column":38}},"99":{"start":{"line":186,"column":10},"end":{"line":186,"column":41}},"100":{"start":{"line":187,"column":10},"end":{"line":187,"column":82}},"101":{"start":{"line":188,"column":10},"end":{"line":188,"column":17}},"102":{"start":{"line":193,"column":4},"end":{"line":213,"column":7}},"103":{"start":{"line":194,"column":6},"end":{"line":212,"column":9}},"104":{"start":{"line":206,"column":8},"end":{"line":211,"column":11}},"105":{"start":{"line":207,"column":10},"end":{"line":207,"column":38}},"106":{"start":{"line":208,"column":10},"end":{"line":208,"column":41}},"107":{"start":{"line":209,"column":10},"end":{"line":209,"column":70}},"108":{"start":{"line":210,"column":10},"end":{"line":210,"column":17}},"109":{"start":{"line":215,"column":4},"end":{"line":224,"column":7}},"110":{"start":{"line":216,"column":6},"end":{"line":223,"column":9}},"111":{"start":{"line":217,"column":8},"end":{"line":222,"column":11}},"112":{"start":{"line":218,"column":10},"end":{"line":218,"column":38}},"113":{"start":{"line":219,"column":10},"end":{"line":219,"column":41}},"114":{"start":{"line":220,"column":10},"end":{"line":220,"column":70}},"115":{"start":{"line":221,"column":10},"end":{"line":221,"column":17}},"116":{"start":{"line":226,"column":4},"end":{"line":243,"column":7}},"117":{"start":{"line":227,"column":6},"end":{"line":242,"column":9}},"118":{"start":{"line":228,"column":8},"end":{"line":241,"column":11}},"119":{"start":{"line":229,"column":10},"end":{"line":229,"column":38}},"120":{"start":{"line":230,"column":10},"end":{"line":230,"column":41}},"121":{"start":{"line":231,"column":10},"end":{"line":231,"column":51}},"122":{"start":{"line":232,"column":10},"end":{"line":232,"column":72}},"123":{"start":{"line":233,"column":10},"end":{"line":233,"column":72}},"124":{"start":{"line":234,"column":10},"end":{"line":234,"column":73}},"125":{"start":{"line":235,"column":10},"end":{"line":235,"column":78}},"126":{"start":{"line":236,"column":10},"end":{"line":236,"column":85}},"127":{"start":{"line":237,"column":10},"end":{"line":237,"column":66}},"128":{"start":{"line":238,"column":10},"end":{"line":238,"column":58}},"129":{"start":{"line":239,"column":10},"end":{"line":239,"column":69}},"130":{"start":{"line":240,"column":10},"end":{"line":240,"column":17}}},"fnMap":{"0":{"name":"_interopRequireDefault","decl":{"start":{"line":31,"column":9},"end":{"line":31,"column":31}},"loc":{"start":{"line":31,"column":37},"end":{"line":31,"column":95}},"line":31},"1":{"name":"(anonymous_1)","decl":{"start":{"line":45,"column":18},"end":{"line":45,"column":19}},"loc":{"start":{"line":45,"column":30},"end":{"line":245,"column":1}},"line":45},"2":{"name":"(anonymous_2)","decl":{"start":{"line":46,"column":13},"end":{"line":46,"column":14}},"loc":{"start":{"line":46,"column":29},"end":{"line":51,"column":3}},"line":46},"3":{"name":"(anonymous_3)","decl":{"start":{"line":48,"column":50},"end":{"line":48,"column":51}},"loc":{"start":{"line":48,"column":62},"end":{"line":50,"column":5}},"line":48},"4":{"name":"(anonymous_4)","decl":{"start":{"line":53,"column":25},"end":{"line":53,"column":26}},"loc":{"start":{"line":53,"column":37},"end":{"line":244,"column":3}},"line":53},"5":{"name":"(anonymous_5)","decl":{"start":{"line":54,"column":86},"end":{"line":54,"column":87}},"loc":{"start":{"line":54,"column":102},"end":{"line":61,"column":5}},"line":54},"6":{"name":"(anonymous_6)","decl":{"start":{"line":55,"column":269},"end":{"line":55,"column":270}},"loc":{"start":{"line":55,"column":289},"end":{"line":60,"column":7}},"line":55},"7":{"name":"(anonymous_7)","decl":{"start":{"line":63,"column":34},"end":{"line":63,"column":35}},"loc":{"start":{"line":63,"column":50},"end":{"line":85,"column":5}},"line":63},"8":{"name":"(anonymous_8)","decl":{"start":{"line":64,"column":327},"end":{"line":64,"column":328}},"loc":{"start":{"line":64,"column":347},"end":{"line":84,"column":7}},"line":64},"9":{"name":"(anonymous_9)","decl":{"start":{"line":87,"column":48},"end":{"line":87,"column":49}},"loc":{"start":{"line":87,"column":64},"end":{"line":105,"column":5}},"line":87},"10":{"name":"(anonymous_10)","decl":{"start":{"line":88,"column":316},"end":{"line":88,"column":317}},"loc":{"start":{"line":88,"column":336},"end":{"line":104,"column":7}},"line":88},"11":{"name":"(anonymous_11)","decl":{"start":{"line":107,"column":71},"end":{"line":107,"column":72}},"loc":{"start":{"line":107,"column":87},"end":{"line":115,"column":5}},"line":107},"12":{"name":"(anonymous_12)","decl":{"start":{"line":108,"column":333},"end":{"line":108,"column":334}},"loc":{"start":{"line":108,"column":353},"end":{"line":114,"column":7}},"line":108},"13":{"name":"(anonymous_13)","decl":{"start":{"line":117,"column":85},"end":{"line":117,"column":86}},"loc":{"start":{"line":117,"column":101},"end":{"line":125,"column":5}},"line":117},"14":{"name":"(anonymous_14)","decl":{"start":{"line":118,"column":334},"end":{"line":118,"column":335}},"loc":{"start":{"line":118,"column":354},"end":{"line":124,"column":7}},"line":118},"15":{"name":"(anonymous_15)","decl":{"start":{"line":127,"column":64},"end":{"line":127,"column":65}},"loc":{"start":{"line":127,"column":80},"end":{"line":147,"column":5}},"line":127},"16":{"name":"(anonymous_16)","decl":{"start":{"line":139,"column":14},"end":{"line":139,"column":15}},"loc":{"start":{"line":139,"column":26},"end":{"line":146,"column":7}},"line":139},"17":{"name":"(anonymous_17)","decl":{"start":{"line":140,"column":318},"end":{"line":140,"column":319}},"loc":{"start":{"line":140,"column":338},"end":{"line":145,"column":9}},"line":140},"18":{"name":"(anonymous_18)","decl":{"start":{"line":149,"column":61},"end":{"line":149,"column":62}},"loc":{"start":{"line":149,"column":77},"end":{"line":169,"column":5}},"line":149},"19":{"name":"(anonymous_19)","decl":{"start":{"line":161,"column":14},"end":{"line":161,"column":15}},"loc":{"start":{"line":161,"column":26},"end":{"line":168,"column":7}},"line":161},"20":{"name":"(anonymous_20)","decl":{"start":{"line":162,"column":319},"end":{"line":162,"column":320}},"loc":{"start":{"line":162,"column":339},"end":{"line":167,"column":9}},"line":162},"21":{"name":"(anonymous_21)","decl":{"start":{"line":171,"column":61},"end":{"line":171,"column":62}},"loc":{"start":{"line":171,"column":77},"end":{"line":191,"column":5}},"line":171},"22":{"name":"(anonymous_22)","decl":{"start":{"line":183,"column":14},"end":{"line":183,"column":15}},"loc":{"start":{"line":183,"column":26},"end":{"line":190,"column":7}},"line":183},"23":{"name":"(anonymous_23)","decl":{"start":{"line":184,"column":318},"end":{"line":184,"column":319}},"loc":{"start":{"line":184,"column":338},"end":{"line":189,"column":9}},"line":184},"24":{"name":"(anonymous_24)","decl":{"start":{"line":193,"column":71},"end":{"line":193,"column":72}},"loc":{"start":{"line":193,"column":87},"end":{"line":213,"column":5}},"line":193},"25":{"name":"(anonymous_25)","decl":{"start":{"line":205,"column":14},"end":{"line":205,"column":15}},"loc":{"start":{"line":205,"column":26},"end":{"line":212,"column":7}},"line":205},"26":{"name":"(anonymous_26)","decl":{"start":{"line":206,"column":87},"end":{"line":206,"column":88}},"loc":{"start":{"line":206,"column":107},"end":{"line":211,"column":9}},"line":206},"27":{"name":"(anonymous_27)","decl":{"start":{"line":215,"column":71},"end":{"line":215,"column":72}},"loc":{"start":{"line":215,"column":87},"end":{"line":224,"column":5}},"line":215},"28":{"name":"(anonymous_28)","decl":{"start":{"line":216,"column":315},"end":{"line":216,"column":316}},"loc":{"start":{"line":216,"column":327},"end":{"line":223,"column":7}},"line":216},"29":{"name":"(anonymous_29)","decl":{"start":{"line":217,"column":87},"end":{"line":217,"column":88}},"loc":{"start":{"line":217,"column":107},"end":{"line":222,"column":9}},"line":217},"30":{"name":"(anonymous_30)","decl":{"start":{"line":226,"column":74},"end":{"line":226,"column":75}},"loc":{"start":{"line":226,"column":90},"end":{"line":243,"column":5}},"line":226},"31":{"name":"(anonymous_31)","decl":{"start":{"line":227,"column":315},"end":{"line":227,"column":316}},"loc":{"start":{"line":227,"column":327},"end":{"line":242,"column":7}},"line":227},"32":{"name":"(anonymous_32)","decl":{"start":{"line":228,"column":91},"end":{"line":228,"column":92}},"loc":{"start":{"line":228,"column":111},"end":{"line":241,"column":9}},"line":228}},"branchMap":{"0":{"loc":{"start":{"line":31,"column":46},"end":{"line":31,"column":92}},"type":"cond-expr","locations":[{"start":{"line":31,"column":70},"end":{"line":31,"column":73}},{"start":{"line":31,"column":76},"end":{"line":31,"column":92}}],"line":31},"1":{"loc":{"start":{"line":31,"column":46},"end":{"line":31,"column":67}},"type":"binary-expr","locations":[{"start":{"line":31,"column":46},"end":{"line":31,"column":49}},{"start":{"line":31,"column":53},"end":{"line":31,"column":67}}],"line":31},"2":{"loc":{"start":{"line":80,"column":8},"end":{"line":82,"column":9}},"type":"if","locations":[{"start":{"line":80,"column":8},"end":{"line":82,"column":9}},{"start":{"line":80,"column":8},"end":{"line":82,"column":9}}],"line":80}},"s":{"0":1,"1":1,"2":1,"3":1,"4":1,"5":1,"6":1,"7":1,"8":1,"9":1,"10":1,"11":1,"12":1,"13":1,"14":7,"15":1,"16":1,"17":1,"18":1,"19":1,"20":1,"21":1,"22":1,"23":1,"24":11,"25":11,"26":1,"27":1,"28":1,"29":1,"30":1,"31":1,"32":1,"33":1,"34":1,"35":1,"36":1,"37":1,"38":1,"39":1,"40":1,"41":1,"42":1,"43":1,"44":1,"45":1,"46":1,"47":1,"48":1,"49":1,"50":1,"51":1,"52":1,"53":1,"54":1,"55":1,"56":1,"57":1,"58":1,"59":1,"60":1,"61":1,"62":1,"63":1,"64":1,"65":1,"66":1,"67":1,"68":1,"69":1,"70":1,"71":1,"72":1,"73":1,"74":1,"75":1,"76":1,"77":1,"78":1,"79":1,"80":1,"81":1,"82":1,"83":1,"84":1,"85":1,"86":1,"87":1,"88":1,"89":1,"90":1,"91":1,"92":1,"93":1,"94":1,"95":1,"96":1,"97":1,"98":1,"99":1,"100":1,"101":1,"102":1,"103":1,"104":1,"105":1,"106":1,"107":1,"108":1,"109":1,"110":1,"111":1,"112":1,"113":1,"114":1,"115":1,"116":1,"117":1,"118":1,"119":1,"120":1,"121":1,"122":1,"123":1,"124":1,"125":1,"126":1,"127":1,"128":1,"129":1,"130":1},"f":{"0":7,"1":1,"2":11,"3":11,"4":1,"5":1,"6":1,"7":1,"8":1,"9":1,"10":1,"11":1,"12":1,"13":1,"14":1,"15":1,"16":1,"17":1,"18":1,"19":1,"20":1,"21":1,"22":1,"23":1,"24":1,"25":1,"26":1,"27":1,"28":1,"29":1,"30":1,"31":1,"32":1},"b":{"0":[3,4],"1":[7,7],"2":[1,0]},"_coverageSchema":"d34fc3e6b8297bcde183f5492bcb8fcb36775295","hash":"0b97c868cfde03ca35d5f523c95d52b5c7c7d760","contentHash":"334a7adefde0de2c5f55644979c6ed19"}}