TN:
SF:/home/somto/1Projects/mentorship project/StackOverflow-lite/server/app.js
FN:25,(anonymous_1)
FNF:1
FNH:1
FNDA:1,(anonymous_1)
DA:2,1
DA:3,1
DA:4,1
DA:5,1
DA:8,1
DA:11,1
DA:15,1
DA:18,1
DA:19,1
DA:22,1
DA:25,1
LF:11
LH:11
BRF:0
BRH:0
end_of_record
TN:
SF:/home/somto/1Projects/mentorship project/StackOverflow-lite/server/server/controllers/index.js
FNF:0
FNH:0
DA:2,1
LF:1
LH:1
BRF:0
BRH:0
end_of_record
TN:
SF:/home/somto/1Projects/mentorship project/StackOverflow-lite/server/server/controllers/users.js
FN:24,renameFile
FN:25,(anonymous_5)
FN:35,deleteFile
FN:36,(anonymous_7)
FN:42,fileTypeHandleError
FN:47,fileSizeHandleError
FN:52,tokenMethod
FN:61,fileFilterMethod
FN:92,create
FN:115,(anonymous_13)
FN:133,(anonymous_14)
FN:136,(anonymous_15)
FN:137,(anonymous_16)
FN:92,check
FN:142,(anonymous_18)
FN:151,(anonymous_19)
FNF:16
FNH:13
FNDA:2,renameFile
FNDA:2,(anonymous_5)
FNDA:3,deleteFile
FNDA:3,(anonymous_7)
FNDA:1,fileTypeHandleError
FNDA:1,fileSizeHandleError
FNDA:5,tokenMethod
FNDA:10,fileFilterMethod
FNDA:10,create
FNDA:7,(anonymous_13)
FNDA:4,(anonymous_14)
FNDA:0,(anonymous_15)
FNDA:0,(anonymous_16)
FNDA:3,check
FNDA:3,(anonymous_18)
FNDA:0,(anonymous_19)
DA:3,1
DA:4,1
DA:5,1
DA:6,1
DA:7,1
DA:8,1
DA:12,1
DA:16,1
DA:24,1
DA:25,2
DA:26,2
DA:35,1
DA:36,3
DA:37,3
DA:42,1
DA:43,1
DA:47,1
DA:48,1
DA:52,1
DA:53,5
DA:57,5
DA:61,1
DA:62,10
DA:63,10
DA:64,10
DA:65,10
DA:67,10
DA:68,4
DA:69,4
DA:70,4
DA:71,3
DA:72,2
DA:74,2
DA:76,1
DA:77,1
DA:80,1
DA:81,1
DA:84,10
DA:85,10
DA:86,10
DA:88,10
DA:92,1
DA:94,40
DA:96,10
DA:98,10
DA:99,9
DA:101,8
DA:102,1
DA:103,1
DA:106,7
DA:108,7
DA:115,49
DA:116,7
DA:117,7
DA:118,7
DA:119,3
DA:120,3
DA:121,3
DA:122,0
DA:123,0
DA:124,0
DA:125,0
DA:126,0
DA:127,0
DA:128,0
DA:131,4
DA:132,4
DA:133,4
DA:134,4
DA:135,4
DA:136,0
DA:137,0
DA:141,3
DA:142,3
DA:144,3
DA:146,1
DA:147,1
DA:148,1
DA:150,1
DA:151,0
LF:80
LH:70
BRDA:26,0,0,0
BRDA:26,0,1,2
BRDA:37,1,0,0
BRDA:37,1,1,3
BRDA:67,2,0,4
BRDA:67,2,1,6
BRDA:70,3,0,3
BRDA:70,3,1,1
BRDA:70,4,0,4
BRDA:70,4,1,3
BRDA:71,5,0,2
BRDA:71,5,1,1
BRDA:98,6,0,1
BRDA:98,6,1,9
BRDA:99,7,0,1
BRDA:99,7,1,8
BRDA:101,8,0,1
BRDA:101,8,1,7
BRDA:101,9,0,8
BRDA:101,9,1,7
BRDA:101,9,2,7
BRDA:101,9,3,7
BRDA:102,10,0,1
BRDA:102,10,1,0
BRDA:119,11,0,3
BRDA:119,11,1,0
BRDA:120,12,0,0
BRDA:120,12,1,3
BRDA:122,13,0,0
BRDA:122,13,1,0
BRDA:123,14,0,0
BRDA:123,14,1,0
BRDA:125,15,0,0
BRDA:125,15,1,0
BRDA:126,16,0,0
BRDA:126,16,1,0
BRDA:115,17,0,7
BRDA:115,17,1,17
BRDA:131,18,0,4
BRDA:131,18,1,0
BRDA:135,19,0,4
BRDA:135,19,1,0
BRDA:144,20,0,2
BRDA:144,20,1,1
BRDA:147,21,0,0
BRDA:147,21,1,1
BRDA:150,22,0,1
BRDA:150,22,1,0
BRF:48
BRH:31
end_of_record
TN:
SF:/home/somto/1Projects/mentorship project/StackOverflow-lite/server/server/models/index.js
FNF:0
FNH:0
DA:1,1
DA:3,1
LF:2
LH:2
BRF:0
BRH:0
end_of_record
TN:
SF:/home/somto/1Projects/mentorship project/StackOverflow-lite/server/server/models/user.js
FN:3,create
FN:3,findAll
FN:3,findOne
FN:3,destroy
FNF:4
FNH:4
FNDA:8,create
FNDA:7,findAll
FNDA:3,findOne
FNDA:11,destroy
DA:1,1
DA:3,1
DA:6,8
DA:14,8
DA:18,7
DA:24,7
DA:27,3
DA:35,3
DA:38,11
DA:39,11
DA:40,11
DA:44,0
DA:51,11
LF:13
LH:12
BRDA:39,0,0,11
BRDA:39,0,1,0
BRDA:39,1,0,11
BRDA:39,1,1,11
BRF:4
BRH:3
end_of_record
TN:
SF:/home/somto/1Projects/mentorship project/StackOverflow-lite/server/server/models/database/dbConnection.js
FNF:0
FNH:0
DA:1,1
DA:2,1
DA:4,1
DA:7,1
DA:9,1
DA:10,1
DA:11,0
DA:12,0
DA:14,0
DA:20,1
DA:26,1
DA:28,1
LF:12
LH:9
BRDA:9,0,0,1
BRDA:9,0,1,0
BRDA:11,1,0,0
BRDA:11,1,1,0
BRF:4
BRH:1
end_of_record
TN:
SF:/home/somto/1Projects/mentorship project/StackOverflow-lite/server/server/models/database/query.js
FN:5,query
FNF:1
FNH:1
FNDA:29,query
DA:1,1
DA:5,29
LF:2
LH:2
BRF:0
BRH:0
end_of_record
TN:
SF:/home/somto/1Projects/mentorship project/StackOverflow-lite/server/server/routes/index.js
FN:4,routes
FN:5,(anonymous_2)
FNF:2
FNH:2
FNDA:1,routes
FNDA:1,(anonymous_2)
DA:2,1
DA:4,1
DA:5,1
DA:9,1
DA:10,1
LF:5
LH:5
BRF:0
BRH:0
end_of_record
TN:
SF:/home/somto/1Projects/mentorship project/StackOverflow-lite/server/test/app-spec.js
FN:14,(anonymous_1)
FN:15,(anonymous_2)
FN:18,(anonymous_3)
FN:26,(anonymous_4)
FN:27,(anonymous_5)
FN:30,(anonymous_6)
FNF:6
FNH:6
FNDA:1,(anonymous_1)
FNDA:1,(anonymous_2)
FNDA:1,(anonymous_3)
FNDA:1,(anonymous_4)
FNDA:1,(anonymous_5)
FNDA:1,(anonymous_6)
DA:3,1
DA:4,1
DA:6,1
DA:10,1
DA:11,1
DA:14,1
DA:15,1
DA:16,1
DA:19,1
DA:20,1
DA:21,1
DA:26,1
DA:27,1
DA:28,1
DA:31,1
DA:32,1
DA:33,1
LF:17
LH:17
BRF:0
BRH:0
end_of_record
TN:
SF:/home/somto/1Projects/mentorship project/StackOverflow-lite/server/test/users-spec.js
FN:22,deleteFile
FN:23,(anonymous_2)
FN:28,(anonymous_3)
FN:29,(anonymous_4)
FN:30,(anonymous_5)
FN:33,(anonymous_6)
FN:35,(anonymous_7)
FN:48,(anonymous_8)
FN:56,(anonymous_9)
FN:70,(anonymous_10)
FN:93,(anonymous_11)
FN:106,(anonymous_12)
FN:126,(anonymous_13)
FN:139,(anonymous_14)
FN:149,(anonymous_15)
FN:162,(anonymous_16)
FN:172,(anonymous_17)
FN:184,(anonymous_18)
FN:197,(anonymous_19)
FN:206,(anonymous_20)
FN:218,(anonymous_21)
FN:231,(anonymous_22)
FN:240,(anonymous_23)
FN:252,(anonymous_24)
FN:265,(anonymous_25)
FN:274,(anonymous_26)
FN:286,(anonymous_27)
FN:290,(anonymous_28)
FN:299,(anonymous_29)
FN:312,(anonymous_30)
FN:316,(anonymous_31)
FN:325,(anonymous_32)
FN:338,(anonymous_33)
FN:342,(anonymous_34)
FNF:34
FNH:34
FNDA:1,deleteFile
FNDA:1,(anonymous_2)
FNDA:1,(anonymous_3)
FNDA:11,(anonymous_4)
FNDA:11,(anonymous_5)
FNDA:1,(anonymous_6)
FNDA:1,(anonymous_7)
FNDA:1,(anonymous_8)
FNDA:1,(anonymous_9)
FNDA:1,(anonymous_10)
FNDA:1,(anonymous_11)
FNDA:1,(anonymous_12)
FNDA:1,(anonymous_13)
FNDA:1,(anonymous_14)
FNDA:1,(anonymous_15)
FNDA:1,(anonymous_16)
FNDA:1,(anonymous_17)
FNDA:1,(anonymous_18)
FNDA:1,(anonymous_19)
FNDA:1,(anonymous_20)
FNDA:1,(anonymous_21)
FNDA:1,(anonymous_22)
FNDA:1,(anonymous_23)
FNDA:1,(anonymous_24)
FNDA:1,(anonymous_25)
FNDA:1,(anonymous_26)
FNDA:1,(anonymous_27)
FNDA:1,(anonymous_28)
FNDA:1,(anonymous_29)
FNDA:1,(anonymous_30)
FNDA:1,(anonymous_31)
FNDA:1,(anonymous_32)
FNDA:1,(anonymous_33)
FNDA:1,(anonymous_34)
DA:1,1
DA:2,1
DA:3,1
DA:4,1
DA:5,1
DA:7,1
DA:8,1
DA:10,1
DA:12,1
DA:13,1
DA:14,1
DA:22,1
DA:23,1
DA:24,1
DA:28,1
DA:29,1
DA:30,11
DA:33,1
DA:34,1
DA:36,1
DA:49,1
DA:50,1
DA:51,1
DA:52,1
DA:56,1
DA:57,1
DA:71,1
DA:72,1
DA:73,1
DA:74,1
DA:75,1
DA:76,1
DA:77,1
DA:78,1
DA:79,1
DA:80,1
DA:81,1
DA:82,1
DA:83,1
DA:86,1
DA:87,1
DA:89,1
DA:93,1
DA:94,1
DA:107,1
DA:108,1
DA:109,1
DA:110,1
DA:111,1
DA:112,1
DA:113,1
DA:114,1
DA:115,1
DA:116,1
DA:117,1
DA:118,1
DA:119,1
DA:121,1
DA:126,1
DA:127,1
DA:140,1
DA:141,1
DA:142,1
DA:143,1
DA:144,1
DA:148,1
DA:150,1
DA:163,1
DA:164,1
DA:165,1
DA:167,1
DA:168,1
DA:172,1
DA:173,1
DA:185,1
DA:198,1
DA:199,1
DA:200,1
DA:201,1
DA:206,1
DA:207,1
DA:219,1
DA:232,1
DA:233,1
DA:234,1
DA:235,1
DA:240,1
DA:241,1
DA:253,1
DA:266,1
DA:267,1
DA:268,1
DA:269,1
DA:274,1
DA:275,1
DA:287,1
DA:291,1
DA:292,1
DA:293,1
DA:294,1
DA:299,1
DA:300,1
DA:313,1
DA:317,1
DA:318,1
DA:319,1
DA:320,1
DA:325,1
DA:326,1
DA:339,1
DA:343,1
DA:344,1
DA:345,1
DA:346,1
DA:347,1
DA:348,1
DA:349,1
DA:350,1
DA:351,1
DA:352,1
DA:353,1
DA:354,1
LF:122
LH:122
BRDA:24,0,0,0
BRDA:24,0,1,1
BRDA:86,1,0,1
BRDA:86,1,1,0
BRF:4
BRH:2
end_of_record
