TN:
SF:/home/somto/1Projects/mentorship project/StackOverflow-lite/server/app.js
FN:33,(anonymous_1)
FNF:1
FNH:1
FNDA:1,(anonymous_1)
DA:2,1
DA:3,1
DA:4,1
DA:5,1
DA:8,1
DA:12,1
DA:17,1
DA:18,1
DA:19,1
DA:26,1
DA:27,1
DA:30,1
DA:33,1
LF:13
LH:13
BRF:0
BRH:0
end_of_record
TN:
SF:/home/somto/1Projects/mentorship project/StackOverflow-lite/server/server/controllers/answers.js
FN:31,(anonymous_7)
FN:31,_callee
FN:66,(anonymous_10)
FN:69,(anonymous_11)
FN:31,update
FN:87,(anonymous_14)
FN:90,(anonymous_15)
FN:90,_callee3
FN:90,_callee3$
FN:101,(anonymous_18)
FN:102,(anonymous_19)
FN:122,(anonymous_20)
FN:128,_callee2
FN:128,_callee2$
FN:140,(anonymous_24)
FN:143,(anonymous_26)
FN:144,(anonymous_27)
FNF:17
FNH:13
FNDA:46,(anonymous_7)
FNDA:18,_callee
FNDA:12,(anonymous_10)
FNDA:1,(anonymous_11)
FNDA:11,update
FNDA:9,(anonymous_14)
FNDA:16,(anonymous_15)
FNDA:8,_callee3
FNDA:18,_callee3$
FNDA:1,(anonymous_18)
FNDA:0,(anonymous_19)
FNDA:6,(anonymous_20)
FNDA:3,_callee2
FNDA:7,_callee2$
FNDA:0,(anonymous_24)
FNDA:0,(anonymous_26)
FNDA:0,(anonymous_27)
DA:3,1
DA:4,1
DA:5,1
DA:6,1
DA:7,1
DA:8,1
DA:25,1
DA:29,1
DA:31,409
DA:34,18
DA:35,18
DA:36,18
DA:37,18
DA:38,18
DA:41,16
DA:46,15
DA:50,6
DA:53,4
DA:59,13
DA:65,13
DA:67,12
DA:68,12
DA:70,1
DA:71,1
DA:73,0
DA:76,11
DA:77,11
DA:78,11
DA:79,11
DA:80,11
DA:81,11
DA:83,11
DA:84,10
DA:85,9
DA:87,9
DA:88,9
DA:89,9
DA:90,158
DA:91,8
DA:101,1
DA:102,0
DA:106,5
DA:109,5
DA:113,4
DA:116,2
DA:122,9
DA:128,40
DA:140,0
DA:143,0
DA:144,0
LF:50
LH:45
BRDA:31,0,0,18
BRDA:31,0,1,17
BRDA:31,0,2,16
BRDA:31,0,3,15
BRDA:31,0,4,4
BRDA:31,0,5,4
BRDA:31,0,6,0
BRDA:31,0,7,13
BRDA:31,0,8,13
BRDA:31,0,9,18
BRDA:31,1,0,61
BRDA:31,1,1,11
BRDA:41,2,0,16
BRDA:41,2,1,0
BRDA:70,3,0,1
BRDA:70,3,1,0
BRDA:70,4,0,1
BRDA:70,4,1,1
BRDA:83,5,0,1
BRDA:83,5,1,10
BRDA:84,6,0,1
BRDA:84,6,1,9
BRDA:85,7,0,9
BRDA:85,7,1,0
BRDA:89,8,0,1
BRDA:89,8,1,8
BRDA:90,9,0,8
BRDA:90,9,1,7
BRDA:90,9,2,6
BRDA:90,9,3,2
BRDA:90,9,4,2
BRDA:90,9,5,0
BRDA:90,9,6,3
BRDA:90,9,7,1
BRDA:90,9,8,0
BRDA:90,9,9,8
BRDA:90,10,0,17
BRDA:90,10,1,13
BRDA:94,11,0,7
BRDA:94,11,1,7
BRDA:98,12,0,1
BRDA:98,12,1,0
BRDA:124,13,0,3
BRDA:124,13,1,2
BRDA:127,14,0,3
BRDA:127,14,1,1
BRDA:128,15,0,3
BRDA:128,15,1,1
BRDA:128,15,2,0
BRDA:128,15,3,3
BRDA:128,15,4,0
BRDA:128,15,5,3
BRDA:128,16,0,2
BRDA:128,16,1,3
BRF:54
BRH:45
end_of_record
TN:
SF:/home/somto/1Projects/mentorship project/StackOverflow-lite/server/server/controllers/index.js
FNF:0
FNH:0
DA:2,1
DA:3,1
DA:4,1
DA:6,1
LF:4
LH:4
BRF:0
BRH:0
end_of_record
TN:
SF:/home/somto/1Projects/mentorship project/StackOverflow-lite/server/server/controllers/questions.js
FN:34,create
FN:56,(anonymous_8)
FN:56,_callee
FN:56,_callee$
FN:83,(anonymous_11)
FN:86,(anonymous_12)
FN:93,(anonymous_14)
FN:34,list
FN:119,(anonymous_16)
FN:119,_callee3
FN:119,_callee3$
FN:122,(anonymous_19)
FN:122,_callee2
FN:122,_callee2$
FN:133,(anonymous_24)
FN:34,retrieve
FN:156,(anonymous_26)
FN:160,(anonymous_27)
FN:160,_callee5
FN:160,_callee5$
FN:172,(anonymous_30)
FN:172,_callee4
FN:172,_callee4$
FN:186,(anonymous_35)
FN:187,(anonymous_36)
FN:34,destroy
FN:204,(anonymous_38)
FN:210,_callee6
FN:220,(anonymous_41)
FNF:29
FNH:21
FNDA:32,create
FNDA:56,(anonymous_8)
FNDA:28,_callee
FNDA:89,_callee$
FNDA:25,(anonymous_11)
FNDA:1,(anonymous_12)
FNDA:0,(anonymous_14)
FNDA:3,list
FNDA:6,(anonymous_16)
FNDA:3,_callee3
FNDA:9,_callee3$
FNDA:5,(anonymous_19)
FNDA:2,_callee2
FNDA:4,_callee2$
FNDA:0,(anonymous_24)
FNDA:2,retrieve
FNDA:2,(anonymous_26)
FNDA:2,(anonymous_27)
FNDA:1,_callee5
FNDA:2,_callee5$
FNDA:0,(anonymous_30)
FNDA:0,_callee4
FNDA:0,_callee4$
FNDA:0,(anonymous_35)
FNDA:0,(anonymous_36)
FNDA:5,destroy
FNDA:3,(anonymous_38)
FNDA:4,_callee6
FNDA:0,(anonymous_41)
DA:3,1
DA:4,1
DA:5,1
DA:6,1
DA:7,1
DA:8,1
DA:28,1
DA:32,1
DA:34,1
DA:36,60
DA:37,32
DA:38,32
DA:39,32
DA:40,32
DA:41,32
DA:43,32
DA:44,30
DA:45,29
DA:48,29
DA:49,1
DA:52,28
DA:53,28
DA:56,1009
DA:57,28
DA:58,0
DA:60,0
DA:65,5
DA:68,3
DA:75,26
DA:82,26
DA:84,25
DA:85,25
DA:87,1
DA:88,1
DA:90,0
DA:93,0
DA:95,3
DA:96,3
DA:97,3
DA:98,3
DA:100,3
DA:101,3
DA:102,3
DA:105,3
DA:106,2
DA:107,1
DA:108,1
DA:110,3
DA:112,3
DA:113,3
DA:114,0
DA:117,3
DA:119,33
DA:120,3
DA:122,24
DA:124,2
DA:125,2
DA:133,0
DA:135,2
DA:136,2
DA:137,2
DA:138,2
DA:140,2
DA:141,2
DA:142,2
DA:145,2
DA:146,2
DA:147,0
DA:148,0
DA:150,2
DA:152,2
DA:153,0
DA:156,2
DA:157,2
DA:158,2
DA:160,11
DA:161,1
DA:162,1
DA:163,1
DA:164,1
DA:167,0
DA:168,0
DA:172,0
DA:175,0
DA:176,0
DA:186,0
DA:187,0
DA:189,5
DA:190,5
DA:191,5
DA:192,5
DA:193,5
DA:194,5
DA:196,5
DA:197,4
DA:198,3
DA:200,3
DA:201,0
DA:204,3
DA:205,3
DA:206,3
DA:207,2
DA:208,1
DA:210,16
DA:220,0
LF:105
LH:87
BRDA:43,0,0,2
BRDA:43,0,1,30
BRDA:44,1,0,1
BRDA:44,1,1,29
BRDA:45,2,0,29
BRDA:45,2,1,0
BRDA:48,3,0,1
BRDA:48,3,1,28
BRDA:48,4,0,29
BRDA:48,4,1,28
BRDA:48,4,2,28
BRDA:56,5,0,28
BRDA:56,5,1,28
BRDA:56,5,2,0
BRDA:56,5,3,0
BRDA:56,5,4,28
BRDA:56,5,5,0
BRDA:56,5,6,28
BRDA:56,5,7,28
BRDA:56,5,8,28
BRDA:56,5,9,28
BRDA:56,5,10,28
BRDA:56,5,11,3
BRDA:56,5,12,3
BRDA:56,5,13,0
BRDA:56,5,14,26
BRDA:56,5,15,26
BRDA:56,5,16,28
BRDA:56,6,0,110
BRDA:56,6,1,63
BRDA:87,7,0,1
BRDA:87,7,1,0
BRDA:87,8,0,1
BRDA:87,8,1,1
BRDA:105,9,0,2
BRDA:105,9,1,1
BRDA:107,10,0,0
BRDA:107,10,1,1
BRDA:110,11,0,1
BRDA:110,11,1,2
BRDA:113,12,0,0
BRDA:113,12,1,3
BRDA:119,13,0,3
BRDA:119,13,1,3
BRDA:119,13,2,0
BRDA:119,13,3,3
BRDA:122,14,0,2
BRDA:122,14,1,2
BRDA:122,14,2,0
BRDA:122,14,3,2
BRDA:122,14,4,2
BRDA:145,15,0,2
BRDA:145,15,1,0
BRDA:147,16,0,0
BRDA:147,16,1,0
BRDA:150,17,0,0
BRDA:150,17,1,2
BRDA:152,18,0,0
BRDA:152,18,1,2
BRDA:158,19,0,1
BRDA:158,19,1,1
BRDA:160,20,0,1
BRDA:160,20,1,0
BRDA:160,20,2,0
BRDA:160,20,3,0
BRDA:160,20,4,1
BRDA:160,20,5,0
BRDA:160,20,6,1
BRDA:161,21,0,0
BRDA:161,21,1,1
BRDA:160,22,0,1
BRDA:160,22,1,0
BRDA:172,23,0,0
BRDA:172,23,1,0
BRDA:172,23,2,0
BRDA:172,23,3,0
BRDA:172,23,4,0
BRDA:172,24,0,0
BRDA:172,24,1,0
BRDA:196,25,0,1
BRDA:196,25,1,4
BRDA:197,26,0,1
BRDA:197,26,1,3
BRDA:198,27,0,3
BRDA:198,27,1,0
BRDA:200,28,0,0
BRDA:200,28,1,3
BRDA:206,29,0,1
BRDA:206,29,1,2
BRDA:207,30,0,1
BRDA:207,30,1,1
BRDA:210,31,0,1
BRDA:210,31,1,1
BRDA:210,31,2,0
BRDA:210,31,3,1
BRDA:210,31,4,0
BRDA:210,31,5,1
BRDA:210,32,0,0
BRDA:210,32,1,1
BRF:99
BRH:66
end_of_record
TN:
SF:/home/somto/1Projects/mentorship project/StackOverflow-lite/server/server/controllers/users.js
FN:29,tokenMethod
FN:37,create
FN:52,(anonymous_9)
FN:52,_callee
FN:52,_callee$
FN:88,(anonymous_12)
FN:92,(anonymous_13)
FN:94,(anonymous_15)
FN:37,check
FN:99,(anonymous_17)
FN:109,(anonymous_18)
FNF:11
FNH:8
FNDA:38,tokenMethod
FNDA:43,create
FNDA:84,(anonymous_9)
FNDA:42,_callee
FNDA:132,_callee$
FNDA:37,(anonymous_12)
FNDA:0,(anonymous_13)
FNDA:0,(anonymous_15)
FNDA:3,check
FNDA:3,(anonymous_17)
FNDA:0,(anonymous_18)
DA:3,1
DA:4,1
DA:5,1
DA:6,1
DA:7,1
DA:8,1
DA:9,1
DA:10,1
DA:22,1
DA:26,1
DA:29,1
DA:30,38
DA:34,38
DA:37,1
DA:39,85
DA:41,43
DA:42,1
DA:45,42
DA:47,42
DA:48,42
DA:52,1460
DA:53,42
DA:54,42
DA:55,3
DA:59,0
DA:64,3
DA:67,1
DA:74,37
DA:87,37
DA:89,37
DA:90,37
DA:91,37
DA:92,0
DA:94,0
DA:98,3
DA:100,3
DA:102,3
DA:104,1
DA:105,1
DA:106,1
DA:108,1
DA:109,0
LF:42
LH:38
BRDA:41,0,0,1
BRDA:41,0,1,42
BRDA:41,1,0,43
BRDA:41,1,1,42
BRDA:41,1,2,42
BRDA:41,1,3,42
BRDA:52,2,0,42
BRDA:52,2,1,42
BRDA:52,2,2,0
BRDA:52,2,3,0
BRDA:52,2,4,0
BRDA:52,2,5,0
BRDA:52,2,6,39
BRDA:52,2,7,0
BRDA:52,2,8,42
BRDA:52,2,9,42
BRDA:52,2,10,42
BRDA:52,2,11,42
BRDA:52,2,12,39
BRDA:52,2,13,1
BRDA:52,2,14,1
BRDA:52,2,15,0
BRDA:52,2,16,37
BRDA:52,2,17,37
BRDA:52,2,18,42
BRDA:52,3,0,160
BRDA:52,3,1,95
BRDA:91,4,0,37
BRDA:91,4,1,0
BRDA:102,5,0,2
BRDA:102,5,1,1
BRDA:105,6,0,0
BRDA:105,6,1,1
BRDA:108,7,0,1
BRDA:108,7,1,0
BRF:35
BRH:26
end_of_record
TN:
SF:/home/somto/1Projects/mentorship project/StackOverflow-lite/server/server/controllers/utilities/authHandler.js
FN:6,authMethod
FN:19,(anonymous_2)
FNF:2
FNH:2
FNDA:71,authMethod
FNDA:71,(anonymous_2)
DA:2,1
DA:3,1
DA:6,1
DA:7,71
DA:8,71
DA:9,71
DA:10,71
DA:13,71
DA:14,71
DA:15,9
DA:19,71
DA:20,71
DA:21,13
DA:22,4
DA:24,58
DA:27,71
DA:28,71
DA:29,71
DA:31,71
LF:19
LH:19
BRDA:13,0,0,71
BRDA:13,0,1,71
BRDA:13,0,2,71
BRDA:14,1,0,9
BRDA:14,1,1,62
BRDA:20,2,0,13
BRDA:20,2,1,58
BRDA:21,3,0,4
BRDA:21,3,1,9
BRF:9
BRH:9
end_of_record
TN:
SF:/home/somto/1Projects/mentorship project/StackOverflow-lite/server/server/controllers/utilities/errorHandler.js
FN:6,isNumber
FN:8,isFloat
FN:10,createHandlerError
FN:10,notFoundHandlerError
FN:10,incompleteFieldHandlerError
FN:10,fileHandleError
FN:10,usernameHandlerError
FN:10,emailHandlerError
FN:10,phoneHandlerError
FN:10,questionHandlerError
FN:10,userNotPrestentHandlerError
FN:10,noTokenHandlerError
FN:10,failedAuthHandlerError
FN:10,parametersHandlerError
FNF:14
FNH:10
FNDA:5,isNumber
FNDA:5,isFloat
FNDA:0,createHandlerError
FNDA:2,notFoundHandlerError
FNDA:3,incompleteFieldHandlerError
FNDA:8,fileHandleError
FNDA:3,usernameHandlerError
FNDA:0,emailHandlerError
FNDA:0,phoneHandlerError
FNDA:0,questionHandlerError
FNDA:2,userNotPrestentHandlerError
FNDA:5,noTokenHandlerError
FNDA:4,failedAuthHandlerError
FNDA:5,parametersHandlerError
DA:1,1
DA:6,5
DA:8,5
DA:10,1
DA:12,0
DA:13,0
DA:16,2
DA:19,3
DA:22,8
DA:25,3
DA:28,0
DA:31,0
DA:34,0
DA:37,2
DA:38,2
DA:41,5
DA:44,4
DA:47,5
DA:49,0
DA:50,5
LF:20
LH:14
BRDA:8,0,0,5
BRDA:8,0,1,5
BRDA:12,1,0,0
BRDA:12,1,1,0
BRDA:37,2,0,2
BRDA:37,2,1,0
BRDA:47,3,0,0
BRDA:47,3,1,5
BRDA:47,4,0,5
BRDA:47,4,1,5
BRDA:47,4,2,5
BRDA:47,4,3,5
BRF:12
BRH:8
end_of_record
TN:
SF:/home/somto/1Projects/mentorship project/StackOverflow-lite/server/server/controllers/utilities/fileFilter.js
FN:2,fileFilterMethod
FNF:1
FNH:1
FNDA:18,fileFilterMethod
DA:2,1
DA:3,18
DA:4,18
DA:5,4
DA:7,14
DA:8,4
LF:6
LH:6
BRDA:3,0,0,18
BRDA:3,0,1,0
BRDA:4,1,0,4
BRDA:4,1,1,14
BRDA:4,2,0,18
BRDA:4,2,1,14
BRDA:7,3,0,4
BRDA:7,3,1,10
BRF:8
BRH:7
end_of_record
TN:
SF:/home/somto/1Projects/mentorship project/StackOverflow-lite/server/server/controllers/utilities/filebaseStorage.js
FN:31,uploadImageToStorage
FN:39,(anonymous_2)
FN:53,(anonymous_3)
FN:58,(anonymous_4)
FN:62,(anonymous_5)
FN:31,getImageFromStorage
FN:75,(anonymous_7)
FN:31,deleteImageFromStorage
FN:83,(anonymous_9)
FN:86,(anonymous_10)
FNF:10
FNH:6
FNDA:10,uploadImageToStorage
FNDA:10,(anonymous_2)
FNDA:0,(anonymous_3)
FNDA:10,(anonymous_4)
FNDA:10,(anonymous_5)
FNDA:0,getImageFromStorage
FNDA:0,(anonymous_7)
FNDA:10,deleteImageFromStorage
FNDA:10,(anonymous_9)
FNDA:0,(anonymous_10)
DA:2,1
DA:4,1
DA:6,1
DA:7,1
DA:8,1
DA:9,1
DA:11,1
DA:12,0
DA:14,1
DA:18,1
DA:27,1
DA:29,1
DA:31,1
DA:39,10
DA:40,10
DA:41,0
DA:43,10
DA:45,10
DA:47,10
DA:53,10
DA:54,0
DA:58,10
DA:59,10
DA:62,10
DA:64,10
DA:67,10
DA:70,10
DA:73,0
DA:75,0
DA:76,0
DA:77,0
DA:81,10
DA:83,10
DA:84,10
DA:87,0
LF:35
LH:27
BRDA:11,0,0,0
BRDA:11,0,1,1
BRDA:40,1,0,0
BRDA:40,1,1,10
BRF:4
BRH:2
end_of_record
TN:
SF:/home/somto/1Projects/mentorship project/StackOverflow-lite/server/server/models/answer.js
FN:3,create
FN:3,update
FN:3,findById
FN:3,findOne
FN:3,destroy
FNF:5
FNH:5
FNDA:14,create
FNDA:4,update
FNDA:8,findById
FNDA:3,findOne
FNDA:19,destroy
DA:1,1
DA:3,1
DA:6,14
DA:13,14
DA:17,4
DA:24,4
DA:28,8
DA:35,8
DA:38,3
DA:39,3
DA:48,3
DA:51,19
DA:52,19
DA:53,19
DA:57,0
DA:64,19
LF:16
LH:15
BRDA:52,0,0,19
BRDA:52,0,1,0
BRDA:52,1,0,19
BRDA:52,1,1,19
BRF:4
BRH:3
end_of_record
TN:
SF:/home/somto/1Projects/mentorship project/StackOverflow-lite/server/server/models/index.js
FNF:0
FNH:0
DA:1,1
DA:2,1
DA:3,1
DA:5,1
LF:4
LH:4
BRF:0
BRH:0
end_of_record
TN:
SF:/home/somto/1Projects/mentorship project/StackOverflow-lite/server/server/models/question.js
FN:3,create
FN:3,findAll
FN:3,findById
FN:3,destroy
FNF:4
FNH:4
FNDA:30,create
FNDA:31,findAll
FNDA:14,findById
FNDA:38,destroy
DA:1,1
DA:3,1
DA:6,30
DA:13,30
DA:16,31
DA:17,31
DA:18,28
DA:22,3
DA:23,0
DA:25,0
DA:31,3
DA:32,3
DA:36,0
DA:37,0
DA:38,0
DA:45,31
DA:49,14
DA:56,14
DA:59,38
DA:60,38
DA:61,37
DA:65,1
DA:72,38
LF:23
LH:18
BRDA:17,0,0,28
BRDA:17,0,1,3
BRDA:22,1,0,0
BRDA:22,1,1,3
BRDA:22,2,0,3
BRDA:22,2,1,0
BRDA:31,3,0,3
BRDA:31,3,1,0
BRDA:36,4,0,0
BRDA:36,4,1,0
BRDA:60,5,0,37
BRDA:60,5,1,1
BRDA:60,6,0,38
BRDA:60,6,1,37
BRF:14
BRH:9
end_of_record
TN:
SF:/home/somto/1Projects/mentorship project/StackOverflow-lite/server/server/models/user.js
FN:3,create
FN:3,findAll
FN:3,findOne
FN:3,destroy
FNF:4
FNH:4
FNDA:45,create
FNDA:42,findAll
FNDA:3,findOne
FNDA:50,destroy
DA:1,1
DA:3,1
DA:6,45
DA:14,45
DA:18,42
DA:24,42
DA:27,3
DA:28,3
DA:36,3
DA:39,50
DA:40,50
DA:41,48
DA:45,2
DA:52,50
LF:14
LH:14
BRDA:40,0,0,48
BRDA:40,0,1,2
BRDA:40,1,0,50
BRDA:40,1,1,48
BRF:4
BRH:4
end_of_record
TN:
SF:/home/somto/1Projects/mentorship project/StackOverflow-lite/server/server/models/database/dbConnection.js
FNF:0
FNH:0
DA:1,1
DA:2,1
DA:4,1
DA:7,1
DA:9,1
DA:10,1
DA:11,0
DA:12,0
DA:14,0
DA:20,1
DA:26,1
DA:28,1
LF:12
LH:9
BRDA:9,0,0,1
BRDA:9,0,1,0
BRDA:11,1,0,0
BRDA:11,1,1,0
BRF:4
BRH:1
end_of_record
TN:
SF:/home/somto/1Projects/mentorship project/StackOverflow-lite/server/server/models/database/query.js
FN:5,query
FNF:1
FNH:1
FNDA:301,query
DA:1,1
DA:5,301
LF:2
LH:2
BRF:0
BRH:0
end_of_record
TN:
SF:/home/somto/1Projects/mentorship project/StackOverflow-lite/server/server/routes/index.js
FN:8,routes
FN:9,(anonymous_2)
FN:19,(anonymous_3)
FNF:3
FNH:3
FNDA:1,routes
FNDA:119,(anonymous_2)
FNDA:1,(anonymous_3)
DA:2,1
DA:8,1
DA:9,1
DA:10,119
DA:11,119
DA:12,119
DA:16,119
DA:19,1
DA:23,1
DA:24,1
DA:26,1
DA:27,1
DA:28,1
DA:29,1
DA:31,1
DA:32,1
LF:16
LH:16
BRF:0
BRH:0
end_of_record
TN:
SF:/home/somto/1Projects/mentorship project/StackOverflow-lite/server/test/answers-spec.js
FN:21,(anonymous_7)
FN:22,(anonymous_8)
FN:25,(anonymous_9)
FN:28,(anonymous_10)
FN:29,(anonymous_11)
FN:42,(anonymous_12)
FN:50,(anonymous_13)
FN:56,(anonymous_14)
FN:66,(anonymous_15)
FN:79,(anonymous_16)
FN:87,(anonymous_17)
FN:88,(anonymous_18)
FN:93,_callee
FN:93,_callee$
FN:115,(anonymous_22)
FN:128,(anonymous_23)
FN:136,(anonymous_24)
FN:142,(anonymous_25)
FN:156,(anonymous_26)
FN:169,(anonymous_27)
FN:177,(anonymous_28)
FN:183,(anonymous_29)
FN:194,(anonymous_30)
FN:207,(anonymous_31)
FN:215,(anonymous_32)
FN:221,(anonymous_33)
FN:233,(anonymous_34)
FN:246,(anonymous_35)
FN:254,(anonymous_36)
FN:259,(anonymous_37)
FN:270,(anonymous_38)
FN:283,(anonymous_39)
FN:291,(anonymous_40)
FN:297,(anonymous_41)
FN:308,(anonymous_42)
FN:321,(anonymous_43)
FN:329,(anonymous_44)
FN:330,(anonymous_45)
FN:336,(anonymous_46)
FN:352,(anonymous_47)
FN:353,(anonymous_48)
FN:366,(anonymous_49)
FN:374,(anonymous_50)
FN:380,(anonymous_51)
FN:385,(anonymous_52)
FN:400,(anonymous_53)
FN:413,(anonymous_54)
FN:421,(anonymous_55)
FN:427,(anonymous_56)
FN:428,(anonymous_57)
FN:433,_callee2
FN:433,_callee2$
FN:457,(anonymous_61)
FN:470,(anonymous_62)
FN:478,(anonymous_63)
FN:484,(anonymous_64)
FN:490,(anonymous_65)
FN:501,(anonymous_66)
FN:514,(anonymous_67)
FN:522,(anonymous_68)
FN:528,(anonymous_69)
FN:534,(anonymous_70)
FN:546,(anonymous_71)
FN:559,(anonymous_72)
FN:567,(anonymous_73)
FN:573,(anonymous_74)
FN:574,(anonymous_75)
FN:579,_callee3
FN:579,_callee3$
FN:602,(anonymous_79)
FN:615,(anonymous_80)
FN:623,(anonymous_81)
FN:629,(anonymous_82)
FN:630,(anonymous_83)
FN:635,_callee4
FN:635,_callee4$
FN:658,(anonymous_87)
FN:671,(anonymous_88)
FN:679,(anonymous_89)
FN:685,(anonymous_90)
FN:691,(anonymous_91)
FN:704,(anonymous_92)
FN:717,(anonymous_93)
FN:725,(anonymous_94)
FN:731,(anonymous_95)
FN:737,(anonymous_96)
FN:749,(anonymous_97)
FN:762,(anonymous_98)
FN:770,(anonymous_99)
FN:776,(anonymous_100)
FN:781,(anonymous_101)
FN:793,(anonymous_102)
FN:806,(anonymous_103)
FN:814,(anonymous_104)
FN:820,(anonymous_105)
FN:826,(anonymous_106)
FN:838,(anonymous_107)
FN:851,(anonymous_108)
FN:859,(anonymous_109)
FN:860,(anonymous_110)
FN:866,(anonymous_111)
FNF:101
FNH:101
FNDA:1,(anonymous_7)
FNDA:19,(anonymous_8)
FNDA:19,(anonymous_9)
FNDA:1,(anonymous_10)
FNDA:1,(anonymous_11)
FNDA:1,(anonymous_12)
FNDA:1,(anonymous_13)
FNDA:1,(anonymous_14)
FNDA:1,(anonymous_15)
FNDA:1,(anonymous_16)
FNDA:1,(anonymous_17)
FNDA:2,(anonymous_18)
FNDA:1,_callee
FNDA:2,_callee$
FNDA:1,(anonymous_22)
FNDA:1,(anonymous_23)
FNDA:1,(anonymous_24)
FNDA:1,(anonymous_25)
FNDA:1,(anonymous_26)
FNDA:1,(anonymous_27)
FNDA:1,(anonymous_28)
FNDA:1,(anonymous_29)
FNDA:1,(anonymous_30)
FNDA:1,(anonymous_31)
FNDA:1,(anonymous_32)
FNDA:1,(anonymous_33)
FNDA:1,(anonymous_34)
FNDA:1,(anonymous_35)
FNDA:1,(anonymous_36)
FNDA:1,(anonymous_37)
FNDA:1,(anonymous_38)
FNDA:1,(anonymous_39)
FNDA:1,(anonymous_40)
FNDA:1,(anonymous_41)
FNDA:1,(anonymous_42)
FNDA:1,(anonymous_43)
FNDA:1,(anonymous_44)
FNDA:1,(anonymous_45)
FNDA:1,(anonymous_46)
FNDA:1,(anonymous_47)
FNDA:1,(anonymous_48)
FNDA:1,(anonymous_49)
FNDA:1,(anonymous_50)
FNDA:1,(anonymous_51)
FNDA:1,(anonymous_52)
FNDA:1,(anonymous_53)
FNDA:1,(anonymous_54)
FNDA:1,(anonymous_55)
FNDA:1,(anonymous_56)
FNDA:2,(anonymous_57)
FNDA:1,_callee2
FNDA:2,_callee2$
FNDA:1,(anonymous_61)
FNDA:1,(anonymous_62)
FNDA:1,(anonymous_63)
FNDA:1,(anonymous_64)
FNDA:1,(anonymous_65)
FNDA:1,(anonymous_66)
FNDA:1,(anonymous_67)
FNDA:1,(anonymous_68)
FNDA:1,(anonymous_69)
FNDA:1,(anonymous_70)
FNDA:1,(anonymous_71)
FNDA:1,(anonymous_72)
FNDA:1,(anonymous_73)
FNDA:1,(anonymous_74)
FNDA:2,(anonymous_75)
FNDA:1,_callee3
FNDA:2,_callee3$
FNDA:1,(anonymous_79)
FNDA:1,(anonymous_80)
FNDA:1,(anonymous_81)
FNDA:1,(anonymous_82)
FNDA:2,(anonymous_83)
FNDA:1,_callee4
FNDA:2,_callee4$
FNDA:1,(anonymous_87)
FNDA:1,(anonymous_88)
FNDA:1,(anonymous_89)
FNDA:1,(anonymous_90)
FNDA:1,(anonymous_91)
FNDA:1,(anonymous_92)
FNDA:1,(anonymous_93)
FNDA:1,(anonymous_94)
FNDA:1,(anonymous_95)
FNDA:1,(anonymous_96)
FNDA:1,(anonymous_97)
FNDA:1,(anonymous_98)
FNDA:1,(anonymous_99)
FNDA:1,(anonymous_100)
FNDA:1,(anonymous_101)
FNDA:1,(anonymous_102)
FNDA:1,(anonymous_103)
FNDA:1,(anonymous_104)
FNDA:1,(anonymous_105)
FNDA:1,(anonymous_106)
FNDA:1,(anonymous_107)
FNDA:1,(anonymous_108)
FNDA:1,(anonymous_109)
FNDA:1,(anonymous_110)
FNDA:1,(anonymous_111)
DA:2,1
DA:3,1
DA:4,1
DA:6,1
DA:7,1
DA:8,1
DA:10,1
DA:12,1
DA:13,1
DA:14,1
DA:21,1
DA:22,1
DA:23,19
DA:24,19
DA:25,19
DA:28,1
DA:29,1
DA:30,1
DA:43,1
DA:51,1
DA:57,1
DA:58,1
DA:59,1
DA:61,1
DA:66,1
DA:67,1
DA:80,1
DA:88,4
DA:93,13
DA:94,1
DA:95,1
DA:96,1
DA:97,1
DA:98,1
DA:99,1
DA:100,1
DA:107,0
DA:110,1
DA:115,1
DA:116,1
DA:129,1
DA:137,1
DA:143,1
DA:144,1
DA:145,1
DA:146,1
DA:147,1
DA:148,1
DA:149,1
DA:151,1
DA:156,1
DA:157,1
DA:170,1
DA:178,1
DA:184,1
DA:185,1
DA:186,1
DA:187,1
DA:189,1
DA:194,1
DA:195,1
DA:208,1
DA:216,1
DA:222,1
DA:223,1
DA:224,1
DA:226,1
DA:228,1
DA:233,1
DA:234,1
DA:247,1
DA:255,1
DA:260,1
DA:261,1
DA:262,1
DA:263,1
DA:265,1
DA:270,1
DA:271,1
DA:284,1
DA:292,1
DA:298,1
DA:299,1
DA:300,1
DA:301,1
DA:303,1
DA:308,1
DA:309,1
DA:322,1
DA:330,1
DA:331,1
DA:337,1
DA:338,1
DA:339,1
DA:341,1
DA:352,1
DA:353,1
DA:354,1
DA:367,1
DA:375,1
DA:381,1
DA:386,1
DA:387,1
DA:388,1
DA:389,1
DA:390,1
DA:391,1
DA:392,1
DA:393,1
DA:400,1
DA:401,1
DA:414,1
DA:422,1
DA:428,4
DA:433,13
DA:434,1
DA:435,1
DA:436,1
DA:437,1
DA:438,1
DA:439,1
DA:440,1
DA:447,0
DA:451,1
DA:457,1
DA:458,1
DA:471,1
DA:479,1
DA:485,1
DA:491,1
DA:492,1
DA:493,1
DA:495,1
DA:501,1
DA:502,1
DA:515,1
DA:523,1
DA:529,1
DA:535,1
DA:536,1
DA:537,1
DA:539,1
DA:545,1
DA:547,1
DA:560,1
DA:568,1
DA:574,4
DA:579,13
DA:580,1
DA:581,1
DA:582,1
DA:583,1
DA:584,1
DA:585,1
DA:586,1
DA:593,0
DA:596,1
DA:602,1
DA:603,1
DA:616,1
DA:624,1
DA:630,4
DA:635,13
DA:636,1
DA:637,1
DA:638,1
DA:639,1
DA:640,1
DA:641,1
DA:642,1
DA:649,0
DA:652,1
DA:658,1
DA:659,1
DA:672,1
DA:680,1
DA:686,1
DA:692,1
DA:693,1
DA:694,1
DA:695,1
DA:697,1
DA:703,1
DA:705,1
DA:718,1
DA:726,1
DA:732,1
DA:738,1
DA:739,1
DA:740,1
DA:741,1
DA:743,1
DA:749,1
DA:750,1
DA:763,1
DA:771,1
DA:777,1
DA:782,1
DA:783,1
DA:784,1
DA:785,1
DA:787,1
DA:793,1
DA:794,1
DA:807,1
DA:815,1
DA:821,1
DA:827,1
DA:828,1
DA:829,1
DA:830,1
DA:832,1
DA:838,1
DA:839,1
DA:852,1
DA:860,1
DA:861,1
DA:867,1
DA:868,1
DA:869,1
DA:870,1
DA:872,1
LF:222
LH:218
BRDA:93,0,0,1
BRDA:93,0,1,1
BRDA:93,0,2,0
BRDA:93,0,3,1
BRDA:93,0,4,1
BRDA:93,0,5,1
BRDA:93,1,0,0
BRDA:93,1,1,1
BRDA:433,2,0,1
BRDA:433,2,1,1
BRDA:433,2,2,0
BRDA:433,2,3,1
BRDA:433,2,4,1
BRDA:433,2,5,1
BRDA:433,3,0,0
BRDA:433,3,1,1
BRDA:579,4,0,1
BRDA:579,4,1,1
BRDA:579,4,2,0
BRDA:579,4,3,1
BRDA:579,4,4,1
BRDA:579,4,5,1
BRDA:579,5,0,0
BRDA:579,5,1,1
BRDA:635,6,0,1
BRDA:635,6,1,1
BRDA:635,6,2,0
BRDA:635,6,3,1
BRDA:635,6,4,1
BRDA:635,6,5,1
BRDA:635,7,0,0
BRDA:635,7,1,1
BRF:32
BRH:24
end_of_record
TN:
SF:/home/somto/1Projects/mentorship project/StackOverflow-lite/server/test/app-spec.js
FN:14,(anonymous_1)
FN:15,(anonymous_2)
FN:18,(anonymous_3)
FN:26,(anonymous_4)
FN:27,(anonymous_5)
FN:30,(anonymous_6)
FNF:6
FNH:6
FNDA:1,(anonymous_1)
FNDA:1,(anonymous_2)
FNDA:1,(anonymous_3)
FNDA:1,(anonymous_4)
FNDA:1,(anonymous_5)
FNDA:1,(anonymous_6)
DA:3,1
DA:4,1
DA:6,1
DA:10,1
DA:11,1
DA:14,1
DA:15,1
DA:16,1
DA:19,1
DA:20,1
DA:21,1
DA:26,1
DA:27,1
DA:28,1
DA:31,1
DA:32,1
DA:33,1
LF:17
LH:17
BRF:0
BRH:0
end_of_record
TN:
SF:/home/somto/1Projects/mentorship project/StackOverflow-lite/server/test/questions-spec.js
FN:19,(anonymous_7)
FN:20,(anonymous_8)
FN:22,(anonymous_9)
FN:25,(anonymous_10)
FN:26,(anonymous_11)
FN:29,(anonymous_12)
FN:38,(anonymous_13)
FN:50,(anonymous_14)
FN:57,(anonymous_15)
FN:60,(anonymous_16)
FN:75,(anonymous_17)
FN:88,(anonymous_18)
FN:96,(anonymous_19)
FN:100,(anonymous_20)
FN:115,(anonymous_21)
FN:127,(anonymous_22)
FN:134,(anonymous_23)
FN:137,(anonymous_24)
FN:146,(anonymous_25)
FN:158,(anonymous_26)
FN:165,(anonymous_27)
FN:168,(anonymous_28)
FN:184,(anonymous_29)
FN:185,(anonymous_30)
FN:198,(anonymous_31)
FN:206,(anonymous_32)
FN:214,(anonymous_33)
FN:227,(anonymous_34)
FN:228,(anonymous_35)
FN:235,_callee
FN:235,_callee$
FN:255,(anonymous_39)
FN:268,(anonymous_40)
FN:276,(anonymous_41)
FN:289,(anonymous_42)
FN:302,(anonymous_43)
FN:310,(anonymous_44)
FN:319,(anonymous_45)
FN:332,(anonymous_46)
FN:340,(anonymous_47)
FN:350,(anonymous_48)
FN:363,(anonymous_49)
FN:370,(anonymous_50)
FN:379,(anonymous_51)
FN:392,(anonymous_52)
FN:400,(anonymous_53)
FN:409,(anonymous_54)
FN:422,(anonymous_55)
FN:423,(anonymous_56)
FN:431,(anonymous_57)
FN:446,(anonymous_58)
FN:447,(anonymous_59)
FN:460,(anonymous_60)
FN:467,(anonymous_61)
FN:471,(anonymous_62)
FN:480,(anonymous_63)
FN:493,(anonymous_64)
FN:501,(anonymous_65)
FN:504,(anonymous_66)
FN:514,(anonymous_67)
FN:527,(anonymous_68)
FN:535,(anonymous_69)
FN:539,(anonymous_70)
FN:549,(anonymous_71)
FN:562,(anonymous_72)
FN:574,(anonymous_73)
FN:581,(anonymous_74)
FN:585,(anonymous_75)
FN:596,(anonymous_76)
FN:609,(anonymous_77)
FN:617,(anonymous_78)
FN:621,(anonymous_79)
FNF:72
FNH:72
FNDA:1,(anonymous_7)
FNDA:18,(anonymous_8)
FNDA:18,(anonymous_9)
FNDA:1,(anonymous_10)
FNDA:1,(anonymous_11)
FNDA:1,(anonymous_12)
FNDA:1,(anonymous_13)
FNDA:1,(anonymous_14)
FNDA:1,(anonymous_15)
FNDA:1,(anonymous_16)
FNDA:1,(anonymous_17)
FNDA:1,(anonymous_18)
FNDA:1,(anonymous_19)
FNDA:1,(anonymous_20)
FNDA:1,(anonymous_21)
FNDA:1,(anonymous_22)
FNDA:1,(anonymous_23)
FNDA:1,(anonymous_24)
FNDA:1,(anonymous_25)
FNDA:1,(anonymous_26)
FNDA:1,(anonymous_27)
FNDA:1,(anonymous_28)
FNDA:1,(anonymous_29)
FNDA:1,(anonymous_30)
FNDA:1,(anonymous_31)
FNDA:1,(anonymous_32)
FNDA:1,(anonymous_33)
FNDA:1,(anonymous_34)
FNDA:2,(anonymous_35)
FNDA:1,_callee
FNDA:2,_callee$
FNDA:1,(anonymous_39)
FNDA:1,(anonymous_40)
FNDA:1,(anonymous_41)
FNDA:1,(anonymous_42)
FNDA:1,(anonymous_43)
FNDA:1,(anonymous_44)
FNDA:1,(anonymous_45)
FNDA:1,(anonymous_46)
FNDA:1,(anonymous_47)
FNDA:1,(anonymous_48)
FNDA:1,(anonymous_49)
FNDA:1,(anonymous_50)
FNDA:1,(anonymous_51)
FNDA:1,(anonymous_52)
FNDA:1,(anonymous_53)
FNDA:1,(anonymous_54)
FNDA:1,(anonymous_55)
FNDA:1,(anonymous_56)
FNDA:1,(anonymous_57)
FNDA:1,(anonymous_58)
FNDA:1,(anonymous_59)
FNDA:1,(anonymous_60)
FNDA:1,(anonymous_61)
FNDA:1,(anonymous_62)
FNDA:1,(anonymous_63)
FNDA:1,(anonymous_64)
FNDA:1,(anonymous_65)
FNDA:1,(anonymous_66)
FNDA:1,(anonymous_67)
FNDA:1,(anonymous_68)
FNDA:1,(anonymous_69)
FNDA:1,(anonymous_70)
FNDA:1,(anonymous_71)
FNDA:1,(anonymous_72)
FNDA:1,(anonymous_73)
FNDA:1,(anonymous_74)
FNDA:1,(anonymous_75)
FNDA:1,(anonymous_76)
FNDA:1,(anonymous_77)
FNDA:1,(anonymous_78)
FNDA:1,(anonymous_79)
DA:2,1
DA:3,1
DA:4,1
DA:6,1
DA:7,1
DA:8,1
DA:10,1
DA:12,1
DA:13,1
DA:14,1
DA:19,1
DA:20,1
DA:21,18
DA:22,18
DA:25,1
DA:26,1
DA:27,1
DA:30,1
DA:31,1
DA:32,1
DA:33,1
DA:34,1
DA:35,1
DA:38,1
DA:39,1
DA:51,1
DA:58,1
DA:61,1
DA:62,1
DA:63,1
DA:64,1
DA:65,1
DA:66,1
DA:67,1
DA:68,1
DA:69,1
DA:75,1
DA:76,1
DA:89,1
DA:97,1
DA:101,1
DA:102,1
DA:103,1
DA:104,1
DA:105,1
DA:106,1
DA:107,1
DA:108,1
DA:109,1
DA:115,1
DA:116,1
DA:128,1
DA:135,1
DA:138,1
DA:139,1
DA:140,1
DA:141,1
DA:146,1
DA:147,1
DA:159,1
DA:166,1
DA:169,1
DA:170,1
DA:171,1
DA:172,1
DA:173,1
DA:174,1
DA:175,1
DA:176,1
DA:177,1
DA:184,1
DA:185,1
DA:186,1
DA:199,1
DA:207,1
DA:208,1
DA:209,1
DA:210,1
DA:214,1
DA:215,1
DA:228,4
DA:235,13
DA:236,1
DA:237,1
DA:238,1
DA:239,1
DA:240,1
DA:241,1
DA:242,1
DA:248,0
DA:251,1
DA:255,1
DA:256,1
DA:269,1
DA:277,1
DA:278,1
DA:279,1
DA:280,1
DA:281,1
DA:282,1
DA:283,1
DA:285,1
DA:289,1
DA:290,1
DA:303,1
DA:311,1
DA:312,1
DA:313,1
DA:314,1
DA:315,1
DA:319,1
DA:320,1
DA:333,1
DA:341,1
DA:342,1
DA:343,1
DA:345,1
DA:346,1
DA:350,1
DA:351,1
DA:364,1
DA:371,1
DA:372,1
DA:373,1
DA:374,1
DA:375,1
DA:379,1
DA:380,1
DA:393,1
DA:401,1
DA:402,1
DA:403,1
DA:404,1
DA:405,1
DA:409,1
DA:410,1
DA:423,1
DA:424,1
DA:432,1
DA:433,1
DA:434,1
DA:436,1
DA:446,1
DA:447,1
DA:448,1
DA:461,1
DA:468,1
DA:472,1
DA:473,1
DA:474,1
DA:475,1
DA:480,1
DA:481,1
DA:494,1
DA:502,1
DA:505,1
DA:506,1
DA:507,1
DA:508,1
DA:509,1
DA:514,1
DA:515,1
DA:528,1
DA:536,1
DA:540,1
DA:541,1
DA:542,1
DA:543,1
DA:544,1
DA:549,1
DA:550,1
DA:563,1
DA:575,1
DA:582,1
DA:586,1
DA:587,1
DA:588,1
DA:589,1
DA:590,1
DA:596,1
DA:597,1
DA:610,1
DA:618,1
DA:622,1
DA:623,1
DA:624,1
LF:186
LH:185
BRDA:235,0,0,1
BRDA:235,0,1,1
BRDA:235,0,2,0
BRDA:235,0,3,1
BRDA:235,0,4,1
BRDA:235,0,5,1
BRDA:235,1,0,0
BRDA:235,1,1,1
BRF:8
BRH:6
end_of_record
TN:
SF:/home/somto/1Projects/mentorship project/StackOverflow-lite/server/test/users-spec.js
FN:18,(anonymous_7)
FN:19,(anonymous_8)
FN:20,(anonymous_9)
FN:23,(anonymous_10)
FN:25,(anonymous_11)
FN:38,(anonymous_12)
FN:46,(anonymous_13)
FN:47,(anonymous_14)
FN:60,_callee
FN:60,_callee$
FN:87,(anonymous_18)
FN:100,(anonymous_19)
FN:120,(anonymous_20)
FN:133,(anonymous_21)
FN:143,(anonymous_22)
FN:156,(anonymous_23)
FN:166,(anonymous_24)
FN:178,(anonymous_25)
FN:191,(anonymous_26)
FN:200,(anonymous_27)
FN:212,(anonymous_28)
FN:225,(anonymous_29)
FN:234,(anonymous_30)
FN:246,(anonymous_31)
FN:259,(anonymous_32)
FN:268,(anonymous_33)
FN:280,(anonymous_34)
FN:284,(anonymous_35)
FN:293,(anonymous_36)
FN:306,(anonymous_37)
FN:310,(anonymous_38)
FN:319,(anonymous_39)
FN:332,(anonymous_40)
FN:336,(anonymous_41)
FNF:34
FNH:34
FNDA:1,(anonymous_7)
FNDA:11,(anonymous_8)
FNDA:11,(anonymous_9)
FNDA:1,(anonymous_10)
FNDA:1,(anonymous_11)
FNDA:1,(anonymous_12)
FNDA:1,(anonymous_13)
FNDA:2,(anonymous_14)
FNDA:1,_callee
FNDA:2,_callee$
FNDA:1,(anonymous_18)
FNDA:1,(anonymous_19)
FNDA:1,(anonymous_20)
FNDA:1,(anonymous_21)
FNDA:1,(anonymous_22)
FNDA:1,(anonymous_23)
FNDA:1,(anonymous_24)
FNDA:1,(anonymous_25)
FNDA:1,(anonymous_26)
FNDA:1,(anonymous_27)
FNDA:1,(anonymous_28)
FNDA:1,(anonymous_29)
FNDA:1,(anonymous_30)
FNDA:1,(anonymous_31)
FNDA:1,(anonymous_32)
FNDA:1,(anonymous_33)
FNDA:1,(anonymous_34)
FNDA:1,(anonymous_35)
FNDA:1,(anonymous_36)
FNDA:1,(anonymous_37)
FNDA:1,(anonymous_38)
FNDA:1,(anonymous_39)
FNDA:1,(anonymous_40)
FNDA:1,(anonymous_41)
DA:2,1
DA:3,1
DA:4,1
DA:5,1
DA:6,1
DA:7,1
DA:9,1
DA:11,1
DA:12,1
DA:13,1
DA:18,1
DA:19,1
DA:20,11
DA:23,1
DA:24,1
DA:26,1
DA:39,1
DA:40,1
DA:41,1
DA:42,1
DA:46,1
DA:47,4
DA:60,13
DA:61,1
DA:62,1
DA:63,1
DA:64,1
DA:65,1
DA:66,1
DA:67,1
DA:68,1
DA:69,1
DA:70,1
DA:71,1
DA:72,1
DA:73,1
DA:80,0
DA:83,1
DA:87,1
DA:88,1
DA:101,1
DA:102,1
DA:103,1
DA:104,1
DA:105,1
DA:106,1
DA:107,1
DA:108,1
DA:109,1
DA:110,1
DA:111,1
DA:112,1
DA:113,1
DA:115,1
DA:120,1
DA:121,1
DA:134,1
DA:135,1
DA:136,1
DA:137,1
DA:138,1
DA:142,1
DA:144,1
DA:157,1
DA:158,1
DA:159,1
DA:161,1
DA:162,1
DA:166,1
DA:167,1
DA:179,1
DA:192,1
DA:193,1
DA:194,1
DA:195,1
DA:200,1
DA:201,1
DA:213,1
DA:226,1
DA:227,1
DA:228,1
DA:229,1
DA:234,1
DA:235,1
DA:247,1
DA:260,1
DA:261,1
DA:262,1
DA:263,1
DA:268,1
DA:269,1
DA:281,1
DA:285,1
DA:286,1
DA:287,1
DA:288,1
DA:293,1
DA:294,1
DA:307,1
DA:311,1
DA:312,1
DA:313,1
DA:314,1
DA:319,1
DA:320,1
DA:333,1
DA:337,1
DA:338,1
DA:339,1
DA:340,1
DA:341,1
DA:342,1
DA:343,1
DA:344,1
DA:345,1
DA:346,1
DA:347,1
DA:348,1
LF:118
LH:117
BRDA:60,0,0,1
BRDA:60,0,1,1
BRDA:60,0,2,0
BRDA:60,0,3,1
BRDA:60,0,4,1
BRDA:60,0,5,1
BRDA:60,1,0,0
BRDA:60,1,1,1
BRF:8
BRH:6
end_of_record
